Welcome to the CBC MILP Solver 
Version: 2.10.3 
Build Date: Dec 15 2019 

command line - ...
At line 2 NAME          MODEL
At line 3 ROWS
At line 3639 COLUMNS
At line 12185 RHS
At line 15820 BOUNDS
At line 16942 ENDATA
Problem MODEL has 3634 rows, 1121 columns and 6304 elements
Coin0008I MODEL read with 0 errors
Option for timeMode changed from cpu to elapsed
Problem is infeasible - 0.00 seconds
Option for printingOptions changed from normal to all
Total time (CPU seconds):       0.01   (Wallclock seconds):       0.01

Welcome to the CBC MILP Solver 
Version: 2.10.3 
Build Date: Dec 15 2019 

command line - ...
At line 2 NAME          MODEL
At line 3 ROWS
At line 5289 COLUMNS
At line 18666 RHS
At line 23951 BOUNDS
At line 25728 ENDATA
Problem MODEL has 5284 rows, 1776 columns and 9760 elements
Coin0008I MODEL read with 0 errors
Option for timeMode changed from cpu to elapsed
Continuous objective value is 0 - 0.01 seconds
Cgl0002I 528 variables fixed
Cgl0003I 0 fixed, 0 tightened bounds, 28 strengthened rows, 0 substitutions
Cgl0004I processed model has 1188 rows, 720 columns (720 integer (720 of which binary)) and 2588 elements
Cutoff increment increased from 1e-05 to 0.9999
Cbc0038I Initial state - 60 integers unsatisfied sum - 30
Cbc0038I Pass   1: suminf.    8.50000 (17) obj. 6 iterations 112
Cbc0038I Pass   2: suminf.    8.50000 (17) obj. 6 iterations 15
Cbc0038I Pass   3: suminf.    5.50000 (11) obj. 6 iterations 66
Cbc0038I Pass   4: suminf.    5.50000 (11) obj. 6 iterations 6
Cbc0038I Pass   5: suminf.    6.50000 (13) obj. 32 iterations 213
Cbc0038I Pass   6: suminf.    6.50000 (13) obj. 32 iterations 105
Cbc0038I Pass   7: suminf.    5.50000 (11) obj. 32 iterations 28
Cbc0038I Pass   8: suminf.    5.50000 (11) obj. 32 iterations 10
Cbc0038I Pass   9: suminf.    0.00000 (0) obj. 43 iterations 148
Cbc0038I Solution found of 43
Cbc0038I Rounding solution of 10 is better than previous of 43

Cbc0038I Before mini branch and bound, 628 integers at bound fixed and 0 continuous
Cbc0038I Full problem 1188 rows 720 columns, reduced to 102 rows 74 columns
Cbc0038I Mini branch and bound did not improve solution (0.07 seconds)
Cbc0038I Round again with cutoff of 8.10009
Cbc0038I Pass  10: suminf.    8.50000 (17) obj. 6 iterations 0
Cbc0038I Pass  11: suminf.    8.50000 (17) obj. 6 iterations 18
Cbc0038I Pass  12: suminf.    5.50000 (11) obj. 6 iterations 65
Cbc0038I Pass  13: suminf.    5.50000 (11) obj. 6 iterations 7
Cbc0038I Pass  14: suminf.    7.30027 (17) obj. 8.10009 iterations 210
Cbc0038I Pass  15: suminf.    7.00000 (14) obj. 8 iterations 131
Cbc0038I Pass  16: suminf.    5.50000 (11) obj. 8 iterations 21
Cbc0038I Pass  17: suminf.    5.50000 (11) obj. 8 iterations 5
Cbc0038I Pass  18: suminf.    5.46224 (18) obj. 8.10009 iterations 179
Cbc0038I Pass  19: suminf.    5.10601 (24) obj. 8.10009 iterations 102
Cbc0038I Pass  20: suminf.    7.33333 (22) obj. 6 iterations 52
Cbc0038I Pass  21: suminf.    5.27480 (12) obj. 8.10009 iterations 77
Cbc0038I Pass  22: suminf.    5.20694 (30) obj. 8.10009 iterations 75
Cbc0038I Pass  23: suminf.    9.63330 (20) obj. 8.10009 iterations 90
Cbc0038I Pass  24: suminf.    7.38330 (22) obj. 8.10009 iterations 38
Cbc0038I Pass  25: suminf.    5.27480 (12) obj. 8.10009 iterations 58
Cbc0038I Pass  26: suminf.    3.71416 (13) obj. 8.10009 iterations 10
Cbc0038I Pass  27: suminf.    6.46664 (13) obj. 8.10009 iterations 42
Cbc0038I Pass  28: suminf.    6.46664 (13) obj. 8.10009 iterations 1
Cbc0038I Pass  29: suminf.    5.50000 (11) obj. 7 iterations 19
Cbc0038I Pass  30: suminf.    5.50000 (11) obj. 7 iterations 40
Cbc0038I Pass  31: suminf.    7.60009 (23) obj. 8.10009 iterations 143
Cbc0038I Pass  32: suminf.    5.56673 (17) obj. 8.10009 iterations 102
Cbc0038I Pass  33: suminf.    5.41242 (13) obj. 8.10009 iterations 38
Cbc0038I Pass  34: suminf.    5.41242 (13) obj. 8.10009 iterations 30
Cbc0038I Pass  35: suminf.    5.41659 (14) obj. 8.10009 iterations 24
Cbc0038I Pass  36: suminf.    5.41659 (14) obj. 8.10009 iterations 27
Cbc0038I Pass  37: suminf.    5.41659 (14) obj. 8.10009 iterations 43
Cbc0038I Pass  38: suminf.    5.41659 (14) obj. 8.10009 iterations 31
Cbc0038I Pass  39: suminf.    5.41659 (14) obj. 8.10009 iterations 55
Cbc0038I No solution found this major pass
Cbc0038I Before mini branch and bound, 621 integers at bound fixed and 0 continuous
Cbc0038I Full problem 1188 rows 720 columns, reduced to 114 rows 90 columns
Cbc0038I Mini branch and bound did not improve solution (0.13 seconds)
Cbc0038I After 0.13 seconds - Feasibility pump exiting with objective of 10 - took 0.08 seconds
Cbc0012I Integer solution of 10 found by feasibility pump after 0 iterations and 0 nodes (0.13 seconds)
Cbc0038I Full problem 1188 rows 720 columns, reduced to 101 rows 69 columns
Cbc0031I 41 added rows had average density of 3.0731707
Cbc0013I At root node, 41 cuts changed objective from 0 to 2 in 10 passes
Cbc0014I Cut generator 0 (Probing) - 31 row cuts average 2.1 elements, 0 column cuts (0 active)  in 0.008 seconds - new frequency is 1
Cbc0014I Cut generator 1 (Gomory) - 103 row cuts average 21.0 elements, 0 column cuts (0 active)  in 0.015 seconds - new frequency is 1
Cbc0014I Cut generator 2 (Knapsack) - 0 row cuts average 0.0 elements, 0 column cuts (0 active)  in 0.003 seconds - new frequency is -100
Cbc0014I Cut generator 3 (Clique) - 0 row cuts average 0.0 elements, 0 column cuts (0 active)  in 0.001 seconds - new frequency is -100
Cbc0014I Cut generator 4 (MixedIntegerRounding2) - 0 row cuts average 0.0 elements, 0 column cuts (0 active)  in 0.003 seconds - new frequency is -100
Cbc0014I Cut generator 5 (FlowCover) - 0 row cuts average 0.0 elements, 0 column cuts (0 active)  in 0.000 seconds - new frequency is -100
Cbc0014I Cut generator 6 (TwoMirCuts) - 83 row cuts average 28.8 elements, 0 column cuts (0 active)  in 0.019 seconds - new frequency is 1
Cbc0010I After 0 nodes, 1 on tree, 10 best solution, best possible 2 (0.43 seconds)
Cbc0001I Search completed - best objective 10, took 1323 iterations and 2 nodes (0.49 seconds)
Cbc0032I Strong branching done 180 times (7041 iterations), fathomed 0 nodes and fixed 0 variables
Cbc0035I Maximum depth 0, 8 variables fixed on reduced cost
Cuts at root node changed objective from 0 to 2
Probing was tried 15 times and created 53 cuts of which 0 were active after adding rounds of cuts (0.010 seconds)
Gomory was tried 15 times and created 187 cuts of which 0 were active after adding rounds of cuts (0.021 seconds)
Knapsack was tried 10 times and created 0 cuts of which 0 were active after adding rounds of cuts (0.003 seconds)
Clique was tried 10 times and created 0 cuts of which 0 were active after adding rounds of cuts (0.001 seconds)
MixedIntegerRounding2 was tried 10 times and created 0 cuts of which 0 were active after adding rounds of cuts (0.003 seconds)
FlowCover was tried 10 times and created 0 cuts of which 0 were active after adding rounds of cuts (0.000 seconds)
TwoMirCuts was tried 15 times and created 182 cuts of which 0 were active after adding rounds of cuts (0.047 seconds)
ZeroHalf was tried 1 times and created 0 cuts of which 0 were active after adding rounds of cuts (0.001 seconds)
ImplicationCuts was tried 5 times and created 50 cuts of which 0 were active after adding rounds of cuts (0.001 seconds)

Result - Optimal solution found

Objective value:                10.00000000
Enumerated nodes:               2
Total iterations:               1323
Time (CPU seconds):             0.49
Time (Wallclock seconds):       0.50

Option for printingOptions changed from normal to all
Total time (CPU seconds):       0.50   (Wallclock seconds):       0.51

python path: ...
[0 - 7f6500da2000]    0.290587 {3}{Mapper}: Enabled Control Replication Optimizations.
[0 - 7f6500da2000]    0.290627 {3}{Mapper}: Enabled Control Replication Optimizations.
[0 - 7f6500da2000]    0.290633 {3}{Mapper}: Enabled Control Replication Optimizations.
[0 - 7f6500da2000]    0.290637 {3}{Mapper}: Enabled Control Replication Optimizations.
Computed and cached schedule .schedule in 6.247 seconds.
Current Layout0: [0, 1, 2, 3, 4, 5, 6, 7, 8, 9, 10, 11, 12, 13, 14, 15, 16, 17, 19, 20, 21, 23, 25, 27, 28, 29, 30, 31, 18, 24, 22, 26, Start fusing gates...
Reset qubit group map
(23, 27) (24, 28) (25, 29) (26, 30) (27, 31) current Layout: [0,1,2,3,4,5,6,7,8,9,10,11,12,13,14,15,16,17,19,20,21,23,25,27,28,29,30,31,18,24,22,26,]
Fusing Kernel (14 gates): qubits [27, 28, 29, 30, 31], gates fusion, qubits [27, 28, 29, 30, 31], gates CircuitSeq {
  Q31 = h(Q31)
  [Q31, Q30] = cp(Q31, Q30, P0)
  [Q31, Q29] = cp(Q31, Q29, P1)
  Q30 = h(Q30)
  [Q30, Q29] = cp(Q30, Q29, P0)
  [Q31, Q28] = cp(Q31, Q28, P2)
  [Q30, Q28] = cp(Q30, Q28, P1)
  Q29 = h(Q29)
  [Q29, Q28] = cp(Q29, Q28, P0)
  [Q31, Q27] = cp(Q31, Q27, P3)
  [Q30, Q27] = cp(Q30, Q27, P2)
  [Q29, Q27] = cp(Q29, Q27, P1)
  Q28 = h(Q28)
  [Q28, Q27] = cp(Q28, Q27, P0)
}

Gate 0: [31, ]
Fusing gate 0(0) for rank 0
t 31
Matrix Multiplication (5, 1), mask 16
Fusing gate 0(0) for rank 1
t 31
Matrix Multiplication (5, 1), mask 16
Fusing gate 0(0) for rank 2
t 31
Matrix Multiplication (5, 1), mask 16
Fusing gate 0(0) for rank 3
t 31
Matrix Multiplication (5, 1), mask 16
Fusing gate 0(0) for rank 4
t 31
Matrix Multiplication (5, 1), mask 16
Fusing gate 0(0) for rank 5
t 31
Matrix Multiplication (5, 1), mask 16
Fusing gate 0(0) for rank 6
t 31
Matrix Multiplication (5, 1), mask 16
Fusing gate 0(0) for rank 7
t 31
Matrix Multiplication (5, 1), mask 16
Fusing gate 0(0) for rank 8
t 31
Matrix Multiplication (5, 1), mask 16
Fusing gate 0(0) for rank 9
t 31
Matrix Multiplication (5, 1), mask 16
Fusing gate 0(0) for rank 10
t 31
Matrix Multiplication (5, 1), mask 16
Fusing gate 0(0) for rank 11
t 31
Matrix Multiplication (5, 1), mask 16
Fusing gate 0(0) for rank 12
t 31
Matrix Multiplication (5, 1), mask 16
Fusing gate 0(0) for rank 13
t 31
Matrix Multiplication (5, 1), mask 16
Fusing gate 0(0) for rank 14
t 31
Matrix Multiplication (5, 1), mask 16
Fusing gate 0(0) for rank 15
t 31
Matrix Multiplication (5, 1), mask 16
Gate 1: [31, 30, ]
Fusing gate 26(1) for rank 0
c,t 31,30
Matrix Multiplication (5, 2), mask 24
Fusing gate 26(1) for rank 1
c,t 31,30
Matrix Multiplication (5, 2), mask 24
Fusing gate 26(1) for rank 2
c,t 31,30
Matrix Multiplication (5, 2), mask 24
Fusing gate 26(1) for rank 3
c,t 31,30
Matrix Multiplication (5, 2), mask 24
Fusing gate 26(1) for rank 4
c,t 31,30
Matrix Multiplication (5, 2), mask 24
Fusing gate 26(1) for rank 5
c,t 31,30
Matrix Multiplication (5, 2), mask 24
Fusing gate 26(1) for rank 6
c,t 31,30
Matrix Multiplication (5, 2), mask 24
Fusing gate 26(1) for rank 7
c,t 31,30
Matrix Multiplication (5, 2), mask 24
Fusing gate 26(1) for rank 8
c,t 31,30
Matrix Multiplication (5, 2), mask 24
Fusing gate 26(1) for rank 9
c,t 31,30
Matrix Multiplication (5, 2), mask 24
Fusing gate 26(1) for rank 10
c,t 31,30
Matrix Multiplication (5, 2), mask 24
Fusing gate 26(1) for rank 11
c,t 31,30
Matrix Multiplication (5, 2), mask 24
Fusing gate 26(1) for rank 12
c,t 31,30
Matrix Multiplication (5, 2), mask 24
Fusing gate 26(1) for rank 13
c,t 31,30
Matrix Multiplication (5, 2), mask 24
Fusing gate 26(1) for rank 14
c,t 31,30
Matrix Multiplication (5, 2), mask 24
Fusing gate 26(1) for rank 15
c,t 31,30
Matrix Multiplication (5, 2), mask 24
Gate 2: [31, 29, ]
Fusing gate 26(1) for rank 0
c,t 31,29
Matrix Multiplication (5, 2), mask 20
Fusing gate 26(1) for rank 1
c,t 31,29
Matrix Multiplication (5, 2), mask 20
Fusing gate 26(1) for rank 2
c,t 31,29
Matrix Multiplication (5, 2), mask 20
Fusing gate 26(1) for rank 3
c,t 31,29
Matrix Multiplication (5, 2), mask 20
Fusing gate 26(1) for rank 4
c,t 31,29
Matrix Multiplication (5, 2), mask 20
Fusing gate 26(1) for rank 5
c,t 31,29
Matrix Multiplication (5, 2), mask 20
Fusing gate 26(1) for rank 6
c,t 31,29
Matrix Multiplication (5, 2), mask 20
Fusing gate 26(1) for rank 7
c,t 31,29
Matrix Multiplication (5, 2), mask 20
Fusing gate 26(1) for rank 8
c,t 31,29
Matrix Multiplication (5, 2), mask 20
Fusing gate 26(1) for rank 9
c,t 31,29
Matrix Multiplication (5, 2), mask 20
Fusing gate 26(1) for rank 10
c,t 31,29
Matrix Multiplication (5, 2), mask 20
Fusing gate 26(1) for rank 11
c,t 31,29
Matrix Multiplication (5, 2), mask 20
Fusing gate 26(1) for rank 12
c,t 31,29
Matrix Multiplication (5, 2), mask 20
Fusing gate 26(1) for rank 13
c,t 31,29
Matrix Multiplication (5, 2), mask 20
Fusing gate 26(1) for rank 14
c,t 31,29
Matrix Multiplication (5, 2), mask 20
Fusing gate 26(1) for rank 15
c,t 31,29
Matrix Multiplication (5, 2), mask 20
Gate 3: [30, ]
Fusing gate 0(0) for rank 0
t 30
Matrix Multiplication (5, 1), mask 8
Fusing gate 0(0) for rank 1
t 30
Matrix Multiplication (5, 1), mask 8
Fusing gate 0(0) for rank 2
t 30
Matrix Multiplication (5, 1), mask 8
Fusing gate 0(0) for rank 3
t 30
Matrix Multiplication (5, 1), mask 8
Fusing gate 0(0) for rank 4
t 30
Matrix Multiplication (5, 1), mask 8
Fusing gate 0(0) for rank 5
t 30
Matrix Multiplication (5, 1), mask 8
Fusing gate 0(0) for rank 6
t 30
Matrix Multiplication (5, 1), mask 8
Fusing gate 0(0) for rank 7
t 30
Matrix Multiplication (5, 1), mask 8
Fusing gate 0(0) for rank 8
t 30
Matrix Multiplication (5, 1), mask 8
Fusing gate 0(0) for rank 9
t 30
Matrix Multiplication (5, 1), mask 8
Fusing gate 0(0) for rank 10
t 30
Matrix Multiplication (5, 1), mask 8
Fusing gate 0(0) for rank 11
t 30
Matrix Multiplication (5, 1), mask 8
Fusing gate 0(0) for rank 12
t 30
Matrix Multiplication (5, 1), mask 8
Fusing gate 0(0) for rank 13
t 30
Matrix Multiplication (5, 1), mask 8
Fusing gate 0(0) for rank 14
t 30
Matrix Multiplication (5, 1), mask 8
Fusing gate 0(0) for rank 15
t 30
Matrix Multiplication (5, 1), mask 8
Gate 4: [30, 29, ]
Fusing gate 26(1) for rank 0
c,t 30,29
Matrix Multiplication (5, 2), mask 12
Fusing gate 26(1) for rank 1
c,t 30,29
Matrix Multiplication (5, 2), mask 12
Fusing gate 26(1) for rank 2
c,t 30,29
Matrix Multiplication (5, 2), mask 12
Fusing gate 26(1) for rank 3
c,t 30,29
Matrix Multiplication (5, 2), mask 12
Fusing gate 26(1) for rank 4
c,t 30,29
Matrix Multiplication (5, 2), mask 12
Fusing gate 26(1) for rank 5
c,t 30,29
Matrix Multiplication (5, 2), mask 12
Fusing gate 26(1) for rank 6
c,t 30,29
Matrix Multiplication (5, 2), mask 12
Fusing gate 26(1) for rank 7
c,t 30,29
Matrix Multiplication (5, 2), mask 12
Fusing gate 26(1) for rank 8
c,t 30,29
Matrix Multiplication (5, 2), mask 12
Fusing gate 26(1) for rank 9
c,t 30,29
Matrix Multiplication (5, 2), mask 12
Fusing gate 26(1) for rank 10
c,t 30,29
Matrix Multiplication (5, 2), mask 12
Fusing gate 26(1) for rank 11
c,t 30,29
Matrix Multiplication (5, 2), mask 12
Fusing gate 26(1) for rank 12
c,t 30,29
Matrix Multiplication (5, 2), mask 12
Fusing gate 26(1) for rank 13
c,t 30,29
Matrix Multiplication (5, 2), mask 12
Fusing gate 26(1) for rank 14
c,t 30,29
Matrix Multiplication (5, 2), mask 12
Fusing gate 26(1) for rank 15
c,t 30,29
Matrix Multiplication (5, 2), mask 12
Gate 5: [31, 28, ]
Fusing gate 26(1) for rank 0
c,t 31,28
Matrix Multiplication (5, 2), mask 18
Fusing gate 26(1) for rank 1
c,t 31,28
Matrix Multiplication (5, 2), mask 18
Fusing gate 26(1) for rank 2
c,t 31,28
Matrix Multiplication (5, 2), mask 18
Fusing gate 26(1) for rank 3
c,t 31,28
Matrix Multiplication (5, 2), mask 18
Fusing gate 26(1) for rank 4
c,t 31,28
Matrix Multiplication (5, 2), mask 18
Fusing gate 26(1) for rank 5
c,t 31,28
Matrix Multiplication (5, 2), mask 18
Fusing gate 26(1) for rank 6
c,t 31,28
Matrix Multiplication (5, 2), mask 18
Fusing gate 26(1) for rank 7
c,t 31,28
Matrix Multiplication (5, 2), mask 18
Fusing gate 26(1) for rank 8
c,t 31,28
Matrix Multiplication (5, 2), mask 18
Fusing gate 26(1) for rank 9
c,t 31,28
Matrix Multiplication (5, 2), mask 18
Fusing gate 26(1) for rank 10
c,t 31,28
Matrix Multiplication (5, 2), mask 18
Fusing gate 26(1) for rank 11
c,t 31,28
Matrix Multiplication (5, 2), mask 18
Fusing gate 26(1) for rank 12
c,t 31,28
Matrix Multiplication (5, 2), mask 18
Fusing gate 26(1) for rank 13
c,t 31,28
Matrix Multiplication (5, 2), mask 18
Fusing gate 26(1) for rank 14
c,t 31,28
Matrix Multiplication (5, 2), mask 18
Fusing gate 26(1) for rank 15
c,t 31,28
Matrix Multiplication (5, 2), mask 18
Gate 6: [30, 28, ]
Fusing gate 26(1) for rank 0
c,t 30,28
Matrix Multiplication (5, 2), mask 10
Fusing gate 26(1) for rank 1
c,t 30,28
Matrix Multiplication (5, 2), mask 10
Fusing gate 26(1) for rank 2
c,t 30,28
Matrix Multiplication (5, 2), mask 10
Fusing gate 26(1) for rank 3
c,t 30,28
Matrix Multiplication (5, 2), mask 10
Fusing gate 26(1) for rank 4
c,t 30,28
Matrix Multiplication (5, 2), mask 10
Fusing gate 26(1) for rank 5
c,t 30,28
Matrix Multiplication (5, 2), mask 10
Fusing gate 26(1) for rank 6
c,t 30,28
Matrix Multiplication (5, 2), mask 10
Fusing gate 26(1) for rank 7
c,t 30,28
Matrix Multiplication (5, 2), mask 10
Fusing gate 26(1) for rank 8
c,t 30,28
Matrix Multiplication (5, 2), mask 10
Fusing gate 26(1) for rank 9
c,t 30,28
Matrix Multiplication (5, 2), mask 10
Fusing gate 26(1) for rank 10
c,t 30,28
Matrix Multiplication (5, 2), mask 10
Fusing gate 26(1) for rank 11
c,t 30,28
Matrix Multiplication (5, 2), mask 10
Fusing gate 26(1) for rank 12
c,t 30,28
Matrix Multiplication (5, 2), mask 10
Fusing gate 26(1) for rank 13
c,t 30,28
Matrix Multiplication (5, 2), mask 10
Fusing gate 26(1) for rank 14
c,t 30,28
Matrix Multiplication (5, 2), mask 10
Fusing gate 26(1) for rank 15
c,t 30,28
Matrix Multiplication (5, 2), mask 10
Gate 7: [29, ]
Fusing gate 0(0) for rank 0
t 29
Matrix Multiplication (5, 1), mask 4
Fusing gate 0(0) for rank 1
t 29
Matrix Multiplication (5, 1), mask 4
Fusing gate 0(0) for rank 2
t 29
Matrix Multiplication (5, 1), mask 4
Fusing gate 0(0) for rank 3
t 29
Matrix Multiplication (5, 1), mask 4
Fusing gate 0(0) for rank 4
t 29
Matrix Multiplication (5, 1), mask 4
Fusing gate 0(0) for rank 5
t 29
Matrix Multiplication (5, 1), mask 4
Fusing gate 0(0) for rank 6
t 29
Matrix Multiplication (5, 1), mask 4
Fusing gate 0(0) for rank 7
t 29
Matrix Multiplication (5, 1), mask 4
Fusing gate 0(0) for rank 8
t 29
Matrix Multiplication (5, 1), mask 4
Fusing gate 0(0) for rank 9
t 29
Matrix Multiplication (5, 1), mask 4
Fusing gate 0(0) for rank 10
t 29
Matrix Multiplication (5, 1), mask 4
Fusing gate 0(0) for rank 11
t 29
Matrix Multiplication (5, 1), mask 4
Fusing gate 0(0) for rank 12
t 29
Matrix Multiplication (5, 1), mask 4
Fusing gate 0(0) for rank 13
t 29
Matrix Multiplication (5, 1), mask 4
Fusing gate 0(0) for rank 14
t 29
Matrix Multiplication (5, 1), mask 4
Fusing gate 0(0) for rank 15
t 29
Matrix Multiplication (5, 1), mask 4
Gate 8: [29, 28, ]
Fusing gate 26(1) for rank 0
c,t 29,28
Matrix Multiplication (5, 2), mask 6
Fusing gate 26(1) for rank 1
c,t 29,28
Matrix Multiplication (5, 2), mask 6
Fusing gate 26(1) for rank 2
c,t 29,28
Matrix Multiplication (5, 2), mask 6
Fusing gate 26(1) for rank 3
c,t 29,28
Matrix Multiplication (5, 2), mask 6
Fusing gate 26(1) for rank 4
c,t 29,28
Matrix Multiplication (5, 2), mask 6
Fusing gate 26(1) for rank 5
c,t 29,28
Matrix Multiplication (5, 2), mask 6
Fusing gate 26(1) for rank 6
c,t 29,28
Matrix Multiplication (5, 2), mask 6
Fusing gate 26(1) for rank 7
c,t 29,28
Matrix Multiplication (5, 2), mask 6
Fusing gate 26(1) for rank 8
c,t 29,28
Matrix Multiplication (5, 2), mask 6
Fusing gate 26(1) for rank 9
c,t 29,28
Matrix Multiplication (5, 2), mask 6
Fusing gate 26(1) for rank 10
c,t 29,28
Matrix Multiplication (5, 2), mask 6
Fusing gate 26(1) for rank 11
c,t 29,28
Matrix Multiplication (5, 2), mask 6
Fusing gate 26(1) for rank 12
c,t 29,28
Matrix Multiplication (5, 2), mask 6
Fusing gate 26(1) for rank 13
c,t 29,28
Matrix Multiplication (5, 2), mask 6
Fusing gate 26(1) for rank 14
c,t 29,28
Matrix Multiplication (5, 2), mask 6
Fusing gate 26(1) for rank 15
c,t 29,28
Matrix Multiplication (5, 2), mask 6
Gate 9: [31, 27, ]
Fusing gate 26(1) for rank 0
c,t 31,27
Matrix Multiplication (5, 2), mask 17
Fusing gate 26(1) for rank 1
c,t 31,27
Matrix Multiplication (5, 2), mask 17
Fusing gate 26(1) for rank 2
c,t 31,27
Matrix Multiplication (5, 2), mask 17
Fusing gate 26(1) for rank 3
c,t 31,27
Matrix Multiplication (5, 2), mask 17
Fusing gate 26(1) for rank 4
c,t 31,27
Matrix Multiplication (5, 2), mask 17
Fusing gate 26(1) for rank 5
c,t 31,27
Matrix Multiplication (5, 2), mask 17
Fusing gate 26(1) for rank 6
c,t 31,27
Matrix Multiplication (5, 2), mask 17
Fusing gate 26(1) for rank 7
c,t 31,27
Matrix Multiplication (5, 2), mask 17
Fusing gate 26(1) for rank 8
c,t 31,27
Matrix Multiplication (5, 2), mask 17
Fusing gate 26(1) for rank 9
c,t 31,27
Matrix Multiplication (5, 2), mask 17
Fusing gate 26(1) for rank 10
c,t 31,27
Matrix Multiplication (5, 2), mask 17
Fusing gate 26(1) for rank 11
c,t 31,27
Matrix Multiplication (5, 2), mask 17
Fusing gate 26(1) for rank 12
c,t 31,27
Matrix Multiplication (5, 2), mask 17
Fusing gate 26(1) for rank 13
c,t 31,27
Matrix Multiplication (5, 2), mask 17
Fusing gate 26(1) for rank 14
c,t 31,27
Matrix Multiplication (5, 2), mask 17
Fusing gate 26(1) for rank 15
c,t 31,27
Matrix Multiplication (5, 2), mask 17
Gate 10: [30, 27, ]
Fusing gate 26(1) for rank 0
c,t 30,27
Matrix Multiplication (5, 2), mask 9
Fusing gate 26(1) for rank 1
c,t 30,27
Matrix Multiplication (5, 2), mask 9
Fusing gate 26(1) for rank 2
c,t 30,27
Matrix Multiplication (5, 2), mask 9
Fusing gate 26(1) for rank 3
c,t 30,27
Matrix Multiplication (5, 2), mask 9
Fusing gate 26(1) for rank 4
c,t 30,27
Matrix Multiplication (5, 2), mask 9
Fusing gate 26(1) for rank 5
c,t 30,27
Matrix Multiplication (5, 2), mask 9
Fusing gate 26(1) for rank 6
c,t 30,27
Matrix Multiplication (5, 2), mask 9
Fusing gate 26(1) for rank 7
c,t 30,27
Matrix Multiplication (5, 2), mask 9
Fusing gate 26(1) for rank 8
c,t 30,27
Matrix Multiplication (5, 2), mask 9
Fusing gate 26(1) for rank 9
c,t 30,27
Matrix Multiplication (5, 2), mask 9
Fusing gate 26(1) for rank 10
c,t 30,27
Matrix Multiplication (5, 2), mask 9
Fusing gate 26(1) for rank 11
c,t 30,27
Matrix Multiplication (5, 2), mask 9
Fusing gate 26(1) for rank 12
c,t 30,27
Matrix Multiplication (5, 2), mask 9
Fusing gate 26(1) for rank 13
c,t 30,27
Matrix Multiplication (5, 2), mask 9
Fusing gate 26(1) for rank 14
c,t 30,27
Matrix Multiplication (5, 2), mask 9
Fusing gate 26(1) for rank 15
c,t 30,27
Matrix Multiplication (5, 2), mask 9
Gate 11: [29, 27, ]
Fusing gate 26(1) for rank 0
c,t 29,27
Matrix Multiplication (5, 2), mask 5
Fusing gate 26(1) for rank 1
c,t 29,27
Matrix Multiplication (5, 2), mask 5
Fusing gate 26(1) for rank 2
c,t 29,27
Matrix Multiplication (5, 2), mask 5
Fusing gate 26(1) for rank 3
c,t 29,27
Matrix Multiplication (5, 2), mask 5
Fusing gate 26(1) for rank 4
c,t 29,27
Matrix Multiplication (5, 2), mask 5
Fusing gate 26(1) for rank 5
c,t 29,27
Matrix Multiplication (5, 2), mask 5
Fusing gate 26(1) for rank 6
c,t 29,27
Matrix Multiplication (5, 2), mask 5
Fusing gate 26(1) for rank 7
c,t 29,27
Matrix Multiplication (5, 2), mask 5
Fusing gate 26(1) for rank 8
c,t 29,27
Matrix Multiplication (5, 2), mask 5
Fusing gate 26(1) for rank 9
c,t 29,27
Matrix Multiplication (5, 2), mask 5
Fusing gate 26(1) for rank 10
c,t 29,27
Matrix Multiplication (5, 2), mask 5
Fusing gate 26(1) for rank 11
c,t 29,27
Matrix Multiplication (5, 2), mask 5
Fusing gate 26(1) for rank 12
c,t 29,27
Matrix Multiplication (5, 2), mask 5
Fusing gate 26(1) for rank 13
c,t 29,27
Matrix Multiplication (5, 2), mask 5
Fusing gate 26(1) for rank 14
c,t 29,27
Matrix Multiplication (5, 2), mask 5
Fusing gate 26(1) for rank 15
c,t 29,27
Matrix Multiplication (5, 2), mask 5
Gate 12: [28, ]
Fusing gate 0(0) for rank 0
t 28
Matrix Multiplication (5, 1), mask 2
Fusing gate 0(0) for rank 1
t 28
Matrix Multiplication (5, 1), mask 2
Fusing gate 0(0) for rank 2
t 28
Matrix Multiplication (5, 1), mask 2
Fusing gate 0(0) for rank 3
t 28
Matrix Multiplication (5, 1), mask 2
Fusing gate 0(0) for rank 4
t 28
Matrix Multiplication (5, 1), mask 2
Fusing gate 0(0) for rank 5
t 28
Matrix Multiplication (5, 1), mask 2
Fusing gate 0(0) for rank 6
t 28
Matrix Multiplication (5, 1), mask 2
Fusing gate 0(0) for rank 7
t 28
Matrix Multiplication (5, 1), mask 2
Fusing gate 0(0) for rank 8
t 28
Matrix Multiplication (5, 1), mask 2
Fusing gate 0(0) for rank 9
t 28
Matrix Multiplication (5, 1), mask 2
Fusing gate 0(0) for rank 10
t 28
Matrix Multiplication (5, 1), mask 2
Fusing gate 0(0) for rank 11
t 28
Matrix Multiplication (5, 1), mask 2
Fusing gate 0(0) for rank 12
t 28
Matrix Multiplication (5, 1), mask 2
Fusing gate 0(0) for rank 13
t 28
Matrix Multiplication (5, 1), mask 2
Fusing gate 0(0) for rank 14
t 28
Matrix Multiplication (5, 1), mask 2
Fusing gate 0(0) for rank 15
t 28
Matrix Multiplication (5, 1), mask 2
Gate 13: [28, 27, ]
Fusing gate 26(1) for rank 0
c,t 28,27
Matrix Multiplication (5, 2), mask 3
Fusing gate 26(1) for rank 1
c,t 28,27
Matrix Multiplication (5, 2), mask 3
Fusing gate 26(1) for rank 2
c,t 28,27
Matrix Multiplication (5, 2), mask 3
Fusing gate 26(1) for rank 3
c,t 28,27
Matrix Multiplication (5, 2), mask 3
Fusing gate 26(1) for rank 4
c,t 28,27
Matrix Multiplication (5, 2), mask 3
Fusing gate 26(1) for rank 5
c,t 28,27
Matrix Multiplication (5, 2), mask 3
Fusing gate 26(1) for rank 6
c,t 28,27
Matrix Multiplication (5, 2), mask 3
Fusing gate 26(1) for rank 7
c,t 28,27
Matrix Multiplication (5, 2), mask 3
Fusing gate 26(1) for rank 8
c,t 28,27
Matrix Multiplication (5, 2), mask 3
Fusing gate 26(1) for rank 9
c,t 28,27
Matrix Multiplication (5, 2), mask 3
Fusing gate 26(1) for rank 10
c,t 28,27
Matrix Multiplication (5, 2), mask 3
Fusing gate 26(1) for rank 11
c,t 28,27
Matrix Multiplication (5, 2), mask 3
Fusing gate 26(1) for rank 12
c,t 28,27
Matrix Multiplication (5, 2), mask 3
Fusing gate 26(1) for rank 13
c,t 28,27
Matrix Multiplication (5, 2), mask 3
Fusing gate 26(1) for rank 14
c,t 28,27
Matrix Multiplication (5, 2), mask 3
Fusing gate 26(1) for rank 15
c,t 28,27
Matrix Multiplication (5, 2), mask 3
SHM Kernel Physical (136): [ 23]
shared_memory, qubits [27], gates CircuitSeq {
  [Q31, Q26] = cp(Q31, Q26, P4)
  [Q31, Q25] = cp(Q31, Q25, P5)
  [Q30, Q26] = cp(Q30, Q26, P3)
  [Q30, Q25] = cp(Q30, Q25, P4)
  [Q29, Q26] = cp(Q29, Q26, P2)
  [Q29, Q25] = cp(Q29, Q25, P3)
  [Q28, Q26] = cp(Q28, Q26, P1)
  [Q28, Q25] = cp(Q28, Q25, P2)
  Q27 = h(Q27)
  [Q27, Q26] = cp(Q27, Q26, P0)
  [Q27, Q25] = cp(Q27, Q25, P1)
  [Q31, Q24] = cp(Q31, Q24, P6)
  [Q31, Q23] = cp(Q31, Q23, P7)
  [Q30, Q24] = cp(Q30, Q24, P5)
  [Q30, Q23] = cp(Q30, Q23, P6)
  [Q29, Q24] = cp(Q29, Q24, P4)
  [Q29, Q23] = cp(Q29, Q23, P5)
  [Q28, Q24] = cp(Q28, Q24, P3)
  [Q28, Q23] = cp(Q28, Q23, P4)
  [Q27, Q24] = cp(Q27, Q24, P2)
  [Q27, Q23] = cp(Q27, Q23, P3)
  [Q31, Q22] = cp(Q31, Q22, P8)
  [Q31, Q21] = cp(Q31, Q21, P9)
  [Q30, Q22] = cp(Q30, Q22, P7)
  [Q30, Q21] = cp(Q30, Q21, P8)
  [Q29, Q22] = cp(Q29, Q22, P6)
  [Q29, Q21] = cp(Q29, Q21, P7)
  [Q28, Q22] = cp(Q28, Q22, P5)
  [Q28, Q21] = cp(Q28, Q21, P6)
  [Q27, Q22] = cp(Q27, Q22, P4)
  [Q27, Q21] = cp(Q27, Q21, P5)
  [Q31, Q20] = cp(Q31, Q20, P10)
  [Q30, Q20] = cp(Q30, Q20, P9)
  [Q29, Q20] = cp(Q29, Q20, P8)
  [Q28, Q20] = cp(Q28, Q20, P7)
  [Q27, Q20] = cp(Q27, Q20, P6)
  [Q31, Q19] = cp(Q31, Q19, P11)
  [Q30, Q19] = cp(Q30, Q19, P10)
  [Q29, Q19] = cp(Q29, Q19, P9)
  [Q28, Q19] = cp(Q28, Q19, P8)
  [Q27, Q19] = cp(Q27, Q19, P7)
  [Q31, Q18] = cp(Q31, Q18, P12)
  [Q31, Q17] = cp(Q31, Q17, P13)
  [Q30, Q18] = cp(Q30, Q18, P11)
  [Q30, Q17] = cp(Q30, Q17, P12)
  [Q29, Q18] = cp(Q29, Q18, P10)
  [Q29, Q17] = cp(Q29, Q17, P11)
  [Q28, Q18] = cp(Q28, Q18, P9)
  [Q28, Q17] = cp(Q28, Q17, P10)
  [Q27, Q18] = cp(Q27, Q18, P8)
  [Q27, Q17] = cp(Q27, Q17, P9)
  [Q31, Q16] = cp(Q31, Q16, P14)
  [Q30, Q16] = cp(Q30, Q16, P13)
  [Q29, Q16] = cp(Q29, Q16, P12)
  [Q28, Q16] = cp(Q28, Q16, P11)
  [Q27, Q16] = cp(Q27, Q16, P10)
  [Q31, Q15] = cp(Q31, Q15, P15)
  [Q30, Q15] = cp(Q30, Q15, P14)
  [Q29, Q15] = cp(Q29, Q15, P13)
  [Q28, Q15] = cp(Q28, Q15, P12)
  [Q27, Q15] = cp(Q27, Q15, P11)
  [Q31, Q14] = cp(Q31, Q14, P16)
  [Q30, Q14] = cp(Q30, Q14, P15)
  [Q29, Q14] = cp(Q29, Q14, P14)
  [Q28, Q14] = cp(Q28, Q14, P13)
  [Q27, Q14] = cp(Q27, Q14, P12)
  [Q31, Q13] = cp(Q31, Q13, P17)
  [Q30, Q13] = cp(Q30, Q13, P16)
  [Q29, Q13] = cp(Q29, Q13, P15)
  [Q28, Q13] = cp(Q28, Q13, P14)
  [Q27, Q13] = cp(Q27, Q13, P13)
  [Q31, Q12] = cp(Q31, Q12, P18)
  [Q30, Q12] = cp(Q30, Q12, P17)
  [Q29, Q12] = cp(Q29, Q12, P16)
  [Q28, Q12] = cp(Q28, Q12, P15)
  [Q27, Q12] = cp(Q27, Q12, P14)
  [Q31, Q11] = cp(Q31, Q11, P19)
  [Q30, Q11] = cp(Q30, Q11, P18)
  [Q29, Q11] = cp(Q29, Q11, P17)
  [Q28, Q11] = cp(Q28, Q11, P16)
  [Q27, Q11] = cp(Q27, Q11, P15)
  [Q31, Q10] = cp(Q31, Q10, P20)
  [Q30, Q10] = cp(Q30, Q10, P19)
  [Q29, Q10] = cp(Q29, Q10, P18)
  [Q28, Q10] = cp(Q28, Q10, P17)
  [Q27, Q10] = cp(Q27, Q10, P16)
  [Q31, Q9] = cp(Q31, Q9, P21)
  [Q30, Q9] = cp(Q30, Q9, P20)
  [Q29, Q9] = cp(Q29, Q9, P19)
  [Q28, Q9] = cp(Q28, Q9, P18)
  [Q27, Q9] = cp(Q27, Q9, P17)
  [Q31, Q8] = cp(Q31, Q8, P22)
  [Q30, Q8] = cp(Q30, Q8, P21)
  [Q29, Q8] = cp(Q29, Q8, P20)
  [Q28, Q8] = cp(Q28, Q8, P19)
  [Q27, Q8] = cp(Q27, Q8, P18)
  [Q31, Q7] = cp(Q31, Q7, P23)
  [Q30, Q7] = cp(Q30, Q7, P22)
  [Q29, Q7] = cp(Q29, Q7, P21)
  [Q28, Q7] = cp(Q28, Q7, P20)
  [Q27, Q7] = cp(Q27, Q7, P19)
  [Q31, Q6] = cp(Q31, Q6, P24)
  [Q30, Q6] = cp(Q30, Q6, P23)
  [Q29, Q6] = cp(Q29, Q6, P22)
  [Q28, Q6] = cp(Q28, Q6, P21)
  [Q27, Q6] = cp(Q27, Q6, P20)
  [Q31, Q5] = cp(Q31, Q5, P25)
  [Q30, Q5] = cp(Q30, Q5, P24)
  [Q29, Q5] = cp(Q29, Q5, P23)
  [Q28, Q5] = cp(Q28, Q5, P22)
  [Q27, Q5] = cp(Q27, Q5, P21)
  [Q31, Q4] = cp(Q31, Q4, P26)
  [Q30, Q4] = cp(Q30, Q4, P25)
  [Q29, Q4] = cp(Q29, Q4, P24)
  [Q28, Q4] = cp(Q28, Q4, P23)
  [Q27, Q4] = cp(Q27, Q4, P22)
  [Q31, Q3] = cp(Q31, Q3, P27)
  [Q30, Q3] = cp(Q30, Q3, P26)
  [Q29, Q3] = cp(Q29, Q3, P25)
  [Q28, Q3] = cp(Q28, Q3, P24)
  [Q27, Q3] = cp(Q27, Q3, P23)
  [Q31, Q2] = cp(Q31, Q2, P28)
  [Q30, Q2] = cp(Q30, Q2, P27)
  [Q29, Q2] = cp(Q29, Q2, P26)
  [Q28, Q2] = cp(Q28, Q2, P25)
  [Q27, Q2] = cp(Q27, Q2, P24)
  [Q31, Q1] = cp(Q31, Q1, P29)
  [Q30, Q1] = cp(Q30, Q1, P28)
  [Q29, Q1] = cp(Q29, Q1, P27)
  [Q28, Q1] = cp(Q28, Q1, P26)
  [Q27, Q1] = cp(Q27, Q1, P25)
  [Q31, Q0] = cp(Q31, Q0, P30)
  [Q30, Q0] = cp(Q30, Q0, P29)
  [Q29, Q0] = cp(Q29, Q0, P28)
  [Q28, Q0] = cp(Q28, Q0, P27)
  [Q27, Q0] = cp(Q27, Q0, P26)
}

Current Layout0: [0, 1, 2, 3, 4, 5, 6, 7, 8, 9, 10, 11, 12, 13, 14, 15, 16, 17, 19, 20, 21, 23, 25, 27, 18, 24, 22, 26, 28, 31, 30, 29, Start fusing gates...
Reset qubit group map
(21, 23) (22, 25) (25, 24) (26, 22) (27, 26) current Layout: [0,1,2,3,4,5,6,7,8,9,10,11,12,13,14,15,16,17,19,20,21,23,25,27,18,24,22,26,28,31,30,29,]
Fusing Kernel (14 gates): qubits [22, 23, 24, 25, 26], gates fusion, qubits [22, 23, 24, 25, 26], gates CircuitSeq {
  Q26 = h(Q26)
  [Q26, Q25] = cp(Q26, Q25, P0)
  [Q26, Q24] = cp(Q26, Q24, P1)
  Q25 = h(Q25)
  [Q25, Q24] = cp(Q25, Q24, P0)
  [Q26, Q23] = cp(Q26, Q23, P2)
  [Q25, Q23] = cp(Q25, Q23, P1)
  Q24 = h(Q24)
  [Q24, Q23] = cp(Q24, Q23, P0)
  [Q26, Q22] = cp(Q26, Q22, P3)
  [Q25, Q22] = cp(Q25, Q22, P2)
  [Q24, Q22] = cp(Q24, Q22, P1)
  Q23 = h(Q23)
  [Q23, Q22] = cp(Q23, Q22, P0)
}

Gate 0: [26, ]
Fusing gate 0(0) for rank 0
t 26
Matrix Multiplication (5, 1), mask 16
Fusing gate 0(0) for rank 1
t 26
Matrix Multiplication (5, 1), mask 16
Fusing gate 0(0) for rank 2
t 26
Matrix Multiplication (5, 1), mask 16
Fusing gate 0(0) for rank 3
t 26
Matrix Multiplication (5, 1), mask 16
Fusing gate 0(0) for rank 4
t 26
Matrix Multiplication (5, 1), mask 16
Fusing gate 0(0) for rank 5
t 26
Matrix Multiplication (5, 1), mask 16
Fusing gate 0(0) for rank 6
t 26
Matrix Multiplication (5, 1), mask 16
Fusing gate 0(0) for rank 7
t 26
Matrix Multiplication (5, 1), mask 16
Fusing gate 0(0) for rank 8
t 26
Matrix Multiplication (5, 1), mask 16
Fusing gate 0(0) for rank 9
t 26
Matrix Multiplication (5, 1), mask 16
Fusing gate 0(0) for rank 10
t 26
Matrix Multiplication (5, 1), mask 16
Fusing gate 0(0) for rank 11
t 26
Matrix Multiplication (5, 1), mask 16
Fusing gate 0(0) for rank 12
t 26
Matrix Multiplication (5, 1), mask 16
Fusing gate 0(0) for rank 13
t 26
Matrix Multiplication (5, 1), mask 16
Fusing gate 0(0) for rank 14
t 26
Matrix Multiplication (5, 1), mask 16
Fusing gate 0(0) for rank 15
t 26
Matrix Multiplication (5, 1), mask 16
Gate 1: [26, 25, ]
Fusing gate 26(1) for rank 0
c,t 26,25
Matrix Multiplication (5, 2), mask 18
Fusing gate 26(1) for rank 1
c,t 26,25
Matrix Multiplication (5, 2), mask 18
Fusing gate 26(1) for rank 2
c,t 26,25
Matrix Multiplication (5, 2), mask 18
Fusing gate 26(1) for rank 3
c,t 26,25
Matrix Multiplication (5, 2), mask 18
Fusing gate 26(1) for rank 4
c,t 26,25
Matrix Multiplication (5, 2), mask 18
Fusing gate 26(1) for rank 5
c,t 26,25
Matrix Multiplication (5, 2), mask 18
Fusing gate 26(1) for rank 6
c,t 26,25
Matrix Multiplication (5, 2), mask 18
Fusing gate 26(1) for rank 7
c,t 26,25
Matrix Multiplication (5, 2), mask 18
Fusing gate 26(1) for rank 8
c,t 26,25
Matrix Multiplication (5, 2), mask 18
Fusing gate 26(1) for rank 9
c,t 26,25
Matrix Multiplication (5, 2), mask 18
Fusing gate 26(1) for rank 10
c,t 26,25
Matrix Multiplication (5, 2), mask 18
Fusing gate 26(1) for rank 11
c,t 26,25
Matrix Multiplication (5, 2), mask 18
Fusing gate 26(1) for rank 12
c,t 26,25
Matrix Multiplication (5, 2), mask 18
Fusing gate 26(1) for rank 13
c,t 26,25
Matrix Multiplication (5, 2), mask 18
Fusing gate 26(1) for rank 14
c,t 26,25
Matrix Multiplication (5, 2), mask 18
Fusing gate 26(1) for rank 15
c,t 26,25
Matrix Multiplication (5, 2), mask 18
Gate 2: [26, 24, ]
Fusing gate 26(1) for rank 0
c,t 26,24
Matrix Multiplication (5, 2), mask 20
Fusing gate 26(1) for rank 1
c,t 26,24
Matrix Multiplication (5, 2), mask 20
Fusing gate 26(1) for rank 2
c,t 26,24
Matrix Multiplication (5, 2), mask 20
Fusing gate 26(1) for rank 3
c,t 26,24
Matrix Multiplication (5, 2), mask 20
Fusing gate 26(1) for rank 4
c,t 26,24
Matrix Multiplication (5, 2), mask 20
Fusing gate 26(1) for rank 5
c,t 26,24
Matrix Multiplication (5, 2), mask 20
Fusing gate 26(1) for rank 6
c,t 26,24
Matrix Multiplication (5, 2), mask 20
Fusing gate 26(1) for rank 7
c,t 26,24
Matrix Multiplication (5, 2), mask 20
Fusing gate 26(1) for rank 8
c,t 26,24
Matrix Multiplication (5, 2), mask 20
Fusing gate 26(1) for rank 9
c,t 26,24
Matrix Multiplication (5, 2), mask 20
Fusing gate 26(1) for rank 10
c,t 26,24
Matrix Multiplication (5, 2), mask 20
Fusing gate 26(1) for rank 11
c,t 26,24
Matrix Multiplication (5, 2), mask 20
Fusing gate 26(1) for rank 12
c,t 26,24
Matrix Multiplication (5, 2), mask 20
Fusing gate 26(1) for rank 13
c,t 26,24
Matrix Multiplication (5, 2), mask 20
Fusing gate 26(1) for rank 14
c,t 26,24
Matrix Multiplication (5, 2), mask 20
Fusing gate 26(1) for rank 15
c,t 26,24
Matrix Multiplication (5, 2), mask 20
Gate 3: [25, ]
Fusing gate 0(0) for rank 0
t 25
Matrix Multiplication (5, 1), mask 2
Fusing gate 0(0) for rank 1
t 25
Matrix Multiplication (5, 1), mask 2
Fusing gate 0(0) for rank 2
t 25
Matrix Multiplication (5, 1), mask 2
Fusing gate 0(0) for rank 3
t 25
Matrix Multiplication (5, 1), mask 2
Fusing gate 0(0) for rank 4
t 25
Matrix Multiplication (5, 1), mask 2
Fusing gate 0(0) for rank 5
t 25
Matrix Multiplication (5, 1), mask 2
Fusing gate 0(0) for rank 6
t 25
Matrix Multiplication (5, 1), mask 2
Fusing gate 0(0) for rank 7
t 25
Matrix Multiplication (5, 1), mask 2
Fusing gate 0(0) for rank 8
t 25
Matrix Multiplication (5, 1), mask 2
Fusing gate 0(0) for rank 9
t 25
Matrix Multiplication (5, 1), mask 2
Fusing gate 0(0) for rank 10
t 25
Matrix Multiplication (5, 1), mask 2
Fusing gate 0(0) for rank 11
t 25
Matrix Multiplication (5, 1), mask 2
Fusing gate 0(0) for rank 12
t 25
Matrix Multiplication (5, 1), mask 2
Fusing gate 0(0) for rank 13
t 25
Matrix Multiplication (5, 1), mask 2
Fusing gate 0(0) for rank 14
t 25
Matrix Multiplication (5, 1), mask 2
Fusing gate 0(0) for rank 15
t 25
Matrix Multiplication (5, 1), mask 2
Gate 4: [25, 24, ]
Fusing gate 26(1) for rank 0
c,t 25,24
Matrix Multiplication (5, 2), mask 6
Fusing gate 26(1) for rank 1
c,t 25,24
Matrix Multiplication (5, 2), mask 6
Fusing gate 26(1) for rank 2
c,t 25,24
Matrix Multiplication (5, 2), mask 6
Fusing gate 26(1) for rank 3
c,t 25,24
Matrix Multiplication (5, 2), mask 6
Fusing gate 26(1) for rank 4
c,t 25,24
Matrix Multiplication (5, 2), mask 6
Fusing gate 26(1) for rank 5
c,t 25,24
Matrix Multiplication (5, 2), mask 6
Fusing gate 26(1) for rank 6
c,t 25,24
Matrix Multiplication (5, 2), mask 6
Fusing gate 26(1) for rank 7
c,t 25,24
Matrix Multiplication (5, 2), mask 6
Fusing gate 26(1) for rank 8
c,t 25,24
Matrix Multiplication (5, 2), mask 6
Fusing gate 26(1) for rank 9
c,t 25,24
Matrix Multiplication (5, 2), mask 6
Fusing gate 26(1) for rank 10
c,t 25,24
Matrix Multiplication (5, 2), mask 6
Fusing gate 26(1) for rank 11
c,t 25,24
Matrix Multiplication (5, 2), mask 6
Fusing gate 26(1) for rank 12
c,t 25,24
Matrix Multiplication (5, 2), mask 6
Fusing gate 26(1) for rank 13
c,t 25,24
Matrix Multiplication (5, 2), mask 6
Fusing gate 26(1) for rank 14
c,t 25,24
Matrix Multiplication (5, 2), mask 6
Fusing gate 26(1) for rank 15
c,t 25,24
Matrix Multiplication (5, 2), mask 6
Gate 5: [26, 23, ]
Fusing gate 26(1) for rank 0
c,t 26,23
Matrix Multiplication (5, 2), mask 17
Fusing gate 26(1) for rank 1
c,t 26,23
Matrix Multiplication (5, 2), mask 17
Fusing gate 26(1) for rank 2
c,t 26,23
Matrix Multiplication (5, 2), mask 17
Fusing gate 26(1) for rank 3
c,t 26,23
Matrix Multiplication (5, 2), mask 17
Fusing gate 26(1) for rank 4
c,t 26,23
Matrix Multiplication (5, 2), mask 17
Fusing gate 26(1) for rank 5
c,t 26,23
Matrix Multiplication (5, 2), mask 17
Fusing gate 26(1) for rank 6
c,t 26,23
Matrix Multiplication (5, 2), mask 17
Fusing gate 26(1) for rank 7
c,t 26,23
Matrix Multiplication (5, 2), mask 17
Fusing gate 26(1) for rank 8
c,t 26,23
Matrix Multiplication (5, 2), mask 17
Fusing gate 26(1) for rank 9
c,t 26,23
Matrix Multiplication (5, 2), mask 17
Fusing gate 26(1) for rank 10
c,t 26,23
Matrix Multiplication (5, 2), mask 17
Fusing gate 26(1) for rank 11
c,t 26,23
Matrix Multiplication (5, 2), mask 17
Fusing gate 26(1) for rank 12
c,t 26,23
Matrix Multiplication (5, 2), mask 17
Fusing gate 26(1) for rank 13
c,t 26,23
Matrix Multiplication (5, 2), mask 17
Fusing gate 26(1) for rank 14
c,t 26,23
Matrix Multiplication (5, 2), mask 17
Fusing gate 26(1) for rank 15
c,t 26,23
Matrix Multiplication (5, 2), mask 17
Gate 6: [25, 23, ]
Fusing gate 26(1) for rank 0
c,t 25,23
Matrix Multiplication (5, 2), mask 3
Fusing gate 26(1) for rank 1
c,t 25,23
Matrix Multiplication (5, 2), mask 3
Fusing gate 26(1) for rank 2
c,t 25,23
Matrix Multiplication (5, 2), mask 3
Fusing gate 26(1) for rank 3
c,t 25,23
Matrix Multiplication (5, 2), mask 3
Fusing gate 26(1) for rank 4
c,t 25,23
Matrix Multiplication (5, 2), mask 3
Fusing gate 26(1) for rank 5
c,t 25,23
Matrix Multiplication (5, 2), mask 3
Fusing gate 26(1) for rank 6
c,t 25,23
Matrix Multiplication (5, 2), mask 3
Fusing gate 26(1) for rank 7
c,t 25,23
Matrix Multiplication (5, 2), mask 3
Fusing gate 26(1) for rank 8
c,t 25,23
Matrix Multiplication (5, 2), mask 3
Fusing gate 26(1) for rank 9
c,t 25,23
Matrix Multiplication (5, 2), mask 3
Fusing gate 26(1) for rank 10
c,t 25,23
Matrix Multiplication (5, 2), mask 3
Fusing gate 26(1) for rank 11
c,t 25,23
Matrix Multiplication (5, 2), mask 3
Fusing gate 26(1) for rank 12
c,t 25,23
Matrix Multiplication (5, 2), mask 3
Fusing gate 26(1) for rank 13
c,t 25,23
Matrix Multiplication (5, 2), mask 3
Fusing gate 26(1) for rank 14
c,t 25,23
Matrix Multiplication (5, 2), mask 3
Fusing gate 26(1) for rank 15
c,t 25,23
Matrix Multiplication (5, 2), mask 3
Gate 7: [24, ]
Fusing gate 0(0) for rank 0
t 24
Matrix Multiplication (5, 1), mask 4
Fusing gate 0(0) for rank 1
t 24
Matrix Multiplication (5, 1), mask 4
Fusing gate 0(0) for rank 2
t 24
Matrix Multiplication (5, 1), mask 4
Fusing gate 0(0) for rank 3
t 24
Matrix Multiplication (5, 1), mask 4
Fusing gate 0(0) for rank 4
t 24
Matrix Multiplication (5, 1), mask 4
Fusing gate 0(0) for rank 5
t 24
Matrix Multiplication (5, 1), mask 4
Fusing gate 0(0) for rank 6
t 24
Matrix Multiplication (5, 1), mask 4
Fusing gate 0(0) for rank 7
t 24
Matrix Multiplication (5, 1), mask 4
Fusing gate 0(0) for rank 8
t 24
Matrix Multiplication (5, 1), mask 4
Fusing gate 0(0) for rank 9
t 24
Matrix Multiplication (5, 1), mask 4
Fusing gate 0(0) for rank 10
t 24
Matrix Multiplication (5, 1), mask 4
Fusing gate 0(0) for rank 11
t 24
Matrix Multiplication (5, 1), mask 4
Fusing gate 0(0) for rank 12
t 24
Matrix Multiplication (5, 1), mask 4
Fusing gate 0(0) for rank 13
t 24
Matrix Multiplication (5, 1), mask 4
Fusing gate 0(0) for rank 14
t 24
Matrix Multiplication (5, 1), mask 4
Fusing gate 0(0) for rank 15
t 24
Matrix Multiplication (5, 1), mask 4
Gate 8: [24, 23, ]
Fusing gate 26(1) for rank 0
c,t 24,23
Matrix Multiplication (5, 2), mask 5
Fusing gate 26(1) for rank 1
c,t 24,23
Matrix Multiplication (5, 2), mask 5
Fusing gate 26(1) for rank 2
c,t 24,23
Matrix Multiplication (5, 2), mask 5
Fusing gate 26(1) for rank 3
c,t 24,23
Matrix Multiplication (5, 2), mask 5
Fusing gate 26(1) for rank 4
c,t 24,23
Matrix Multiplication (5, 2), mask 5
Fusing gate 26(1) for rank 5
c,t 24,23
Matrix Multiplication (5, 2), mask 5
Fusing gate 26(1) for rank 6
c,t 24,23
Matrix Multiplication (5, 2), mask 5
Fusing gate 26(1) for rank 7
c,t 24,23
Matrix Multiplication (5, 2), mask 5
Fusing gate 26(1) for rank 8
c,t 24,23
Matrix Multiplication (5, 2), mask 5
Fusing gate 26(1) for rank 9
c,t 24,23
Matrix Multiplication (5, 2), mask 5
Fusing gate 26(1) for rank 10
c,t 24,23
Matrix Multiplication (5, 2), mask 5
Fusing gate 26(1) for rank 11
c,t 24,23
Matrix Multiplication (5, 2), mask 5
Fusing gate 26(1) for rank 12
c,t 24,23
Matrix Multiplication (5, 2), mask 5
Fusing gate 26(1) for rank 13
c,t 24,23
Matrix Multiplication (5, 2), mask 5
Fusing gate 26(1) for rank 14
c,t 24,23
Matrix Multiplication (5, 2), mask 5
Fusing gate 26(1) for rank 15
c,t 24,23
Matrix Multiplication (5, 2), mask 5
Gate 9: [26, 22, ]
Fusing gate 26(1) for rank 0
c,t 26,22
Matrix Multiplication (5, 2), mask 24
Fusing gate 26(1) for rank 1
c,t 26,22
Matrix Multiplication (5, 2), mask 24
Fusing gate 26(1) for rank 2
c,t 26,22
Matrix Multiplication (5, 2), mask 24
Fusing gate 26(1) for rank 3
c,t 26,22
Matrix Multiplication (5, 2), mask 24
Fusing gate 26(1) for rank 4
c,t 26,22
Matrix Multiplication (5, 2), mask 24
Fusing gate 26(1) for rank 5
c,t 26,22
Matrix Multiplication (5, 2), mask 24
Fusing gate 26(1) for rank 6
c,t 26,22
Matrix Multiplication (5, 2), mask 24
Fusing gate 26(1) for rank 7
c,t 26,22
Matrix Multiplication (5, 2), mask 24
Fusing gate 26(1) for rank 8
c,t 26,22
Matrix Multiplication (5, 2), mask 24
Fusing gate 26(1) for rank 9
c,t 26,22
Matrix Multiplication (5, 2), mask 24
Fusing gate 26(1) for rank 10
c,t 26,22
Matrix Multiplication (5, 2), mask 24
Fusing gate 26(1) for rank 11
c,t 26,22
Matrix Multiplication (5, 2), mask 24
Fusing gate 26(1) for rank 12
c,t 26,22
Matrix Multiplication (5, 2), mask 24
Fusing gate 26(1) for rank 13
c,t 26,22
Matrix Multiplication (5, 2), mask 24
Fusing gate 26(1) for rank 14
c,t 26,22
Matrix Multiplication (5, 2), mask 24
Fusing gate 26(1) for rank 15
c,t 26,22
Matrix Multiplication (5, 2), mask 24
Gate 10: [25, 22, ]
Fusing gate 26(1) for rank 0
c,t 25,22
Matrix Multiplication (5, 2), mask 10
Fusing gate 26(1) for rank 1
c,t 25,22
Matrix Multiplication (5, 2), mask 10
Fusing gate 26(1) for rank 2
c,t 25,22
Matrix Multiplication (5, 2), mask 10
Fusing gate 26(1) for rank 3
c,t 25,22
Matrix Multiplication (5, 2), mask 10
Fusing gate 26(1) for rank 4
c,t 25,22
Matrix Multiplication (5, 2), mask 10
Fusing gate 26(1) for rank 5
c,t 25,22
Matrix Multiplication (5, 2), mask 10
Fusing gate 26(1) for rank 6
c,t 25,22
Matrix Multiplication (5, 2), mask 10
Fusing gate 26(1) for rank 7
c,t 25,22
Matrix Multiplication (5, 2), mask 10
Fusing gate 26(1) for rank 8
c,t 25,22
Matrix Multiplication (5, 2), mask 10
Fusing gate 26(1) for rank 9
c,t 25,22
Matrix Multiplication (5, 2), mask 10
Fusing gate 26(1) for rank 10
c,t 25,22
Matrix Multiplication (5, 2), mask 10
Fusing gate 26(1) for rank 11
c,t 25,22
Matrix Multiplication (5, 2), mask 10
Fusing gate 26(1) for rank 12
c,t 25,22
Matrix Multiplication (5, 2), mask 10
Fusing gate 26(1) for rank 13
c,t 25,22
Matrix Multiplication (5, 2), mask 10
Fusing gate 26(1) for rank 14
c,t 25,22
Matrix Multiplication (5, 2), mask 10
Fusing gate 26(1) for rank 15
c,t 25,22
Matrix Multiplication (5, 2), mask 10
Gate 11: [24, 22, ]
Fusing gate 26(1) for rank 0
c,t 24,22
Matrix Multiplication (5, 2), mask 12
Fusing gate 26(1) for rank 1
c,t 24,22
Matrix Multiplication (5, 2), mask 12
Fusing gate 26(1) for rank 2
c,t 24,22
Matrix Multiplication (5, 2), mask 12
Fusing gate 26(1) for rank 3
c,t 24,22
Matrix Multiplication (5, 2), mask 12
Fusing gate 26(1) for rank 4
c,t 24,22
Matrix Multiplication (5, 2), mask 12
Fusing gate 26(1) for rank 5
c,t 24,22
Matrix Multiplication (5, 2), mask 12
Fusing gate 26(1) for rank 6
c,t 24,22
Matrix Multiplication (5, 2), mask 12
Fusing gate 26(1) for rank 7
c,t 24,22
Matrix Multiplication (5, 2), mask 12
Fusing gate 26(1) for rank 8
c,t 24,22
Matrix Multiplication (5, 2), mask 12
Fusing gate 26(1) for rank 9
c,t 24,22
Matrix Multiplication (5, 2), mask 12
Fusing gate 26(1) for rank 10
c,t 24,22
Matrix Multiplication (5, 2), mask 12
Fusing gate 26(1) for rank 11
c,t 24,22
Matrix Multiplication (5, 2), mask 12
Fusing gate 26(1) for rank 12
c,t 24,22
Matrix Multiplication (5, 2), mask 12
Fusing gate 26(1) for rank 13
c,t 24,22
Matrix Multiplication (5, 2), mask 12
Fusing gate 26(1) for rank 14
c,t 24,22
Matrix Multiplication (5, 2), mask 12
Fusing gate 26(1) for rank 15
c,t 24,22
Matrix Multiplication (5, 2), mask 12
Gate 12: [23, ]
Fusing gate 0(0) for rank 0
t 23
Matrix Multiplication (5, 1), mask 1
Fusing gate 0(0) for rank 1
t 23
Matrix Multiplication (5, 1), mask 1
Fusing gate 0(0) for rank 2
t 23
Matrix Multiplication (5, 1), mask 1
Fusing gate 0(0) for rank 3
t 23
Matrix Multiplication (5, 1), mask 1
Fusing gate 0(0) for rank 4
t 23
Matrix Multiplication (5, 1), mask 1
Fusing gate 0(0) for rank 5
t 23
Matrix Multiplication (5, 1), mask 1
Fusing gate 0(0) for rank 6
t 23
Matrix Multiplication (5, 1), mask 1
Fusing gate 0(0) for rank 7
t 23
Matrix Multiplication (5, 1), mask 1
Fusing gate 0(0) for rank 8
t 23
Matrix Multiplication (5, 1), mask 1
Fusing gate 0(0) for rank 9
t 23
Matrix Multiplication (5, 1), mask 1
Fusing gate 0(0) for rank 10
t 23
Matrix Multiplication (5, 1), mask 1
Fusing gate 0(0) for rank 11
t 23
Matrix Multiplication (5, 1), mask 1
Fusing gate 0(0) for rank 12
t 23
Matrix Multiplication (5, 1), mask 1
Fusing gate 0(0) for rank 13
t 23
Matrix Multiplication (5, 1), mask 1
Fusing gate 0(0) for rank 14
t 23
Matrix Multiplication (5, 1), mask 1
Fusing gate 0(0) for rank 15
t 23
Matrix Multiplication (5, 1), mask 1
Gate 13: [23, 22, ]
Fusing gate 26(1) for rank 0
c,t 23,22
Matrix Multiplication (5, 2), mask 9
Fusing gate 26(1) for rank 1
c,t 23,22
Matrix Multiplication (5, 2), mask 9
Fusing gate 26(1) for rank 2
c,t 23,22
Matrix Multiplication (5, 2), mask 9
Fusing gate 26(1) for rank 3
c,t 23,22
Matrix Multiplication (5, 2), mask 9
Fusing gate 26(1) for rank 4
c,t 23,22
Matrix Multiplication (5, 2), mask 9
Fusing gate 26(1) for rank 5
c,t 23,22
Matrix Multiplication (5, 2), mask 9
Fusing gate 26(1) for rank 6
c,t 23,22
Matrix Multiplication (5, 2), mask 9
Fusing gate 26(1) for rank 7
c,t 23,22
Matrix Multiplication (5, 2), mask 9
Fusing gate 26(1) for rank 8
c,t 23,22
Matrix Multiplication (5, 2), mask 9
Fusing gate 26(1) for rank 9
c,t 23,22
Matrix Multiplication (5, 2), mask 9
Fusing gate 26(1) for rank 10
c,t 23,22
Matrix Multiplication (5, 2), mask 9
Fusing gate 26(1) for rank 11
c,t 23,22
Matrix Multiplication (5, 2), mask 9
Fusing gate 26(1) for rank 12
c,t 23,22
Matrix Multiplication (5, 2), mask 9
Fusing gate 26(1) for rank 13
c,t 23,22
Matrix Multiplication (5, 2), mask 9
Fusing gate 26(1) for rank 14
c,t 23,22
Matrix Multiplication (5, 2), mask 9
Fusing gate 26(1) for rank 15
c,t 23,22
Matrix Multiplication (5, 2), mask 9
SHM Kernel Physical (228): [ 16,17,24,18,19,20,26]
shared_memory, qubits [16, 17, 18, 19, 20, 21, 22], gates CircuitSeq {
  [Q26, Q21] = cp(Q26, Q21, P4)
  [Q25, Q21] = cp(Q25, Q21, P3)
  [Q24, Q21] = cp(Q24, Q21, P2)
  [Q23, Q21] = cp(Q23, Q21, P1)
  Q22 = h(Q22)
  [Q22, Q21] = cp(Q22, Q21, P0)
  [Q26, Q20] = cp(Q26, Q20, P5)
  [Q25, Q20] = cp(Q25, Q20, P4)
  [Q24, Q20] = cp(Q24, Q20, P3)
  [Q23, Q20] = cp(Q23, Q20, P2)
  [Q22, Q20] = cp(Q22, Q20, P1)
  Q21 = h(Q21)
  [Q21, Q20] = cp(Q21, Q20, P0)
  [Q26, Q19] = cp(Q26, Q19, P6)
  [Q25, Q19] = cp(Q25, Q19, P5)
  [Q24, Q19] = cp(Q24, Q19, P4)
  [Q23, Q19] = cp(Q23, Q19, P3)
  [Q22, Q19] = cp(Q22, Q19, P2)
  [Q21, Q19] = cp(Q21, Q19, P1)
  Q20 = h(Q20)
  [Q20, Q19] = cp(Q20, Q19, P0)
  [Q26, Q18] = cp(Q26, Q18, P7)
  [Q25, Q18] = cp(Q25, Q18, P6)
  [Q24, Q18] = cp(Q24, Q18, P5)
  [Q23, Q18] = cp(Q23, Q18, P4)
  [Q22, Q18] = cp(Q22, Q18, P3)
  [Q21, Q18] = cp(Q21, Q18, P2)
  [Q20, Q18] = cp(Q20, Q18, P1)
  Q19 = h(Q19)
  [Q19, Q18] = cp(Q19, Q18, P0)
  [Q26, Q17] = cp(Q26, Q17, P8)
  [Q25, Q17] = cp(Q25, Q17, P7)
  [Q24, Q17] = cp(Q24, Q17, P6)
  [Q23, Q17] = cp(Q23, Q17, P5)
  [Q22, Q17] = cp(Q22, Q17, P4)
  [Q21, Q17] = cp(Q21, Q17, P3)
  [Q20, Q17] = cp(Q20, Q17, P2)
  [Q19, Q17] = cp(Q19, Q17, P1)
  Q18 = h(Q18)
  [Q18, Q17] = cp(Q18, Q17, P0)
  [Q26, Q16] = cp(Q26, Q16, P9)
  [Q25, Q16] = cp(Q25, Q16, P8)
  [Q24, Q16] = cp(Q24, Q16, P7)
  [Q23, Q16] = cp(Q23, Q16, P6)
  [Q22, Q16] = cp(Q22, Q16, P5)
  [Q21, Q16] = cp(Q21, Q16, P4)
  [Q20, Q16] = cp(Q20, Q16, P3)
  [Q19, Q16] = cp(Q19, Q16, P2)
  [Q18, Q16] = cp(Q18, Q16, P1)
  Q17 = h(Q17)
  [Q17, Q16] = cp(Q17, Q16, P0)
  [Q26, Q15] = cp(Q26, Q15, P10)
  [Q25, Q15] = cp(Q25, Q15, P9)
  [Q24, Q15] = cp(Q24, Q15, P8)
  [Q23, Q15] = cp(Q23, Q15, P7)
  [Q22, Q15] = cp(Q22, Q15, P6)
  [Q21, Q15] = cp(Q21, Q15, P5)
  [Q20, Q15] = cp(Q20, Q15, P4)
  [Q19, Q15] = cp(Q19, Q15, P3)
  [Q18, Q15] = cp(Q18, Q15, P2)
  [Q17, Q15] = cp(Q17, Q15, P1)
  Q16 = h(Q16)
  [Q16, Q15] = cp(Q16, Q15, P0)
  [Q26, Q14] = cp(Q26, Q14, P11)
  [Q25, Q14] = cp(Q25, Q14, P10)
  [Q24, Q14] = cp(Q24, Q14, P9)
  [Q23, Q14] = cp(Q23, Q14, P8)
  [Q22, Q14] = cp(Q22, Q14, P7)
  [Q21, Q14] = cp(Q21, Q14, P6)
  [Q20, Q14] = cp(Q20, Q14, P5)
  [Q19, Q14] = cp(Q19, Q14, P4)
  [Q18, Q14] = cp(Q18, Q14, P3)
  [Q17, Q14] = cp(Q17, Q14, P2)
  [Q16, Q14] = cp(Q16, Q14, P1)
  [Q26, Q13] = cp(Q26, Q13, P12)
  [Q25, Q13] = cp(Q25, Q13, P11)
  [Q24, Q13] = cp(Q24, Q13, P10)
  [Q23, Q13] = cp(Q23, Q13, P9)
  [Q22, Q13] = cp(Q22, Q13, P8)
  [Q21, Q13] = cp(Q21, Q13, P7)
  [Q20, Q13] = cp(Q20, Q13, P6)
  [Q19, Q13] = cp(Q19, Q13, P5)
  [Q18, Q13] = cp(Q18, Q13, P4)
  [Q17, Q13] = cp(Q17, Q13, P3)
  [Q16, Q13] = cp(Q16, Q13, P2)
  [Q26, Q12] = cp(Q26, Q12, P13)
  [Q25, Q12] = cp(Q25, Q12, P12)
  [Q24, Q12] = cp(Q24, Q12, P11)
  [Q23, Q12] = cp(Q23, Q12, P10)
  [Q22, Q12] = cp(Q22, Q12, P9)
  [Q21, Q12] = cp(Q21, Q12, P8)
  [Q20, Q12] = cp(Q20, Q12, P7)
  [Q19, Q12] = cp(Q19, Q12, P6)
  [Q18, Q12] = cp(Q18, Q12, P5)
  [Q17, Q12] = cp(Q17, Q12, P4)
  [Q16, Q12] = cp(Q16, Q12, P3)
  [Q26, Q11] = cp(Q26, Q11, P14)
  [Q25, Q11] = cp(Q25, Q11, P13)
  [Q24, Q11] = cp(Q24, Q11, P12)
  [Q23, Q11] = cp(Q23, Q11, P11)
  [Q22, Q11] = cp(Q22, Q11, P10)
  [Q21, Q11] = cp(Q21, Q11, P9)
  [Q20, Q11] = cp(Q20, Q11, P8)
  [Q19, Q11] = cp(Q19, Q11, P7)
  [Q18, Q11] = cp(Q18, Q11, P6)
  [Q17, Q11] = cp(Q17, Q11, P5)
  [Q16, Q11] = cp(Q16, Q11, P4)
  [Q26, Q10] = cp(Q26, Q10, P15)
  [Q25, Q10] = cp(Q25, Q10, P14)
  [Q24, Q10] = cp(Q24, Q10, P13)
  [Q23, Q10] = cp(Q23, Q10, P12)
  [Q22, Q10] = cp(Q22, Q10, P11)
  [Q21, Q10] = cp(Q21, Q10, P10)
  [Q20, Q10] = cp(Q20, Q10, P9)
  [Q19, Q10] = cp(Q19, Q10, P8)
  [Q18, Q10] = cp(Q18, Q10, P7)
  [Q17, Q10] = cp(Q17, Q10, P6)
  [Q16, Q10] = cp(Q16, Q10, P5)
  [Q26, Q9] = cp(Q26, Q9, P16)
  [Q25, Q9] = cp(Q25, Q9, P15)
  [Q24, Q9] = cp(Q24, Q9, P14)
  [Q23, Q9] = cp(Q23, Q9, P13)
  [Q22, Q9] = cp(Q22, Q9, P12)
  [Q21, Q9] = cp(Q21, Q9, P11)
  [Q20, Q9] = cp(Q20, Q9, P10)
  [Q19, Q9] = cp(Q19, Q9, P9)
  [Q18, Q9] = cp(Q18, Q9, P8)
  [Q17, Q9] = cp(Q17, Q9, P7)
  [Q16, Q9] = cp(Q16, Q9, P6)
  [Q26, Q8] = cp(Q26, Q8, P17)
  [Q25, Q8] = cp(Q25, Q8, P16)
  [Q24, Q8] = cp(Q24, Q8, P15)
  [Q23, Q8] = cp(Q23, Q8, P14)
  [Q22, Q8] = cp(Q22, Q8, P13)
  [Q21, Q8] = cp(Q21, Q8, P12)
  [Q20, Q8] = cp(Q20, Q8, P11)
  [Q19, Q8] = cp(Q19, Q8, P10)
  [Q18, Q8] = cp(Q18, Q8, P9)
  [Q17, Q8] = cp(Q17, Q8, P8)
  [Q16, Q8] = cp(Q16, Q8, P7)
  [Q26, Q7] = cp(Q26, Q7, P18)
  [Q25, Q7] = cp(Q25, Q7, P17)
  [Q24, Q7] = cp(Q24, Q7, P16)
  [Q23, Q7] = cp(Q23, Q7, P15)
  [Q22, Q7] = cp(Q22, Q7, P14)
  [Q21, Q7] = cp(Q21, Q7, P13)
  [Q20, Q7] = cp(Q20, Q7, P12)
  [Q19, Q7] = cp(Q19, Q7, P11)
  [Q18, Q7] = cp(Q18, Q7, P10)
  [Q17, Q7] = cp(Q17, Q7, P9)
  [Q16, Q7] = cp(Q16, Q7, P8)
  [Q26, Q6] = cp(Q26, Q6, P19)
  [Q25, Q6] = cp(Q25, Q6, P18)
  [Q24, Q6] = cp(Q24, Q6, P17)
  [Q23, Q6] = cp(Q23, Q6, P16)
  [Q22, Q6] = cp(Q22, Q6, P15)
  [Q21, Q6] = cp(Q21, Q6, P14)
  [Q20, Q6] = cp(Q20, Q6, P13)
  [Q19, Q6] = cp(Q19, Q6, P12)
  [Q18, Q6] = cp(Q18, Q6, P11)
  [Q17, Q6] = cp(Q17, Q6, P10)
  [Q16, Q6] = cp(Q16, Q6, P9)
  [Q26, Q5] = cp(Q26, Q5, P20)
  [Q25, Q5] = cp(Q25, Q5, P19)
  [Q24, Q5] = cp(Q24, Q5, P18)
  [Q23, Q5] = cp(Q23, Q5, P17)
  [Q22, Q5] = cp(Q22, Q5, P16)
  [Q21, Q5] = cp(Q21, Q5, P15)
  [Q20, Q5] = cp(Q20, Q5, P14)
  [Q19, Q5] = cp(Q19, Q5, P13)
  [Q18, Q5] = cp(Q18, Q5, P12)
  [Q17, Q5] = cp(Q17, Q5, P11)
  [Q16, Q5] = cp(Q16, Q5, P10)
  [Q26, Q4] = cp(Q26, Q4, P21)
  [Q25, Q4] = cp(Q25, Q4, P20)
  [Q24, Q4] = cp(Q24, Q4, P19)
  [Q23, Q4] = cp(Q23, Q4, P18)
  [Q22, Q4] = cp(Q22, Q4, P17)
  [Q21, Q4] = cp(Q21, Q4, P16)
  [Q20, Q4] = cp(Q20, Q4, P15)
  [Q19, Q4] = cp(Q19, Q4, P14)
  [Q18, Q4] = cp(Q18, Q4, P13)
  [Q17, Q4] = cp(Q17, Q4, P12)
  [Q16, Q4] = cp(Q16, Q4, P11)
  [Q26, Q3] = cp(Q26, Q3, P22)
  [Q25, Q3] = cp(Q25, Q3, P21)
  [Q24, Q3] = cp(Q24, Q3, P20)
  [Q23, Q3] = cp(Q23, Q3, P19)
  [Q22, Q3] = cp(Q22, Q3, P18)
  [Q21, Q3] = cp(Q21, Q3, P17)
  [Q20, Q3] = cp(Q20, Q3, P16)
  [Q19, Q3] = cp(Q19, Q3, P15)
  [Q18, Q3] = cp(Q18, Q3, P14)
  [Q17, Q3] = cp(Q17, Q3, P13)
  [Q16, Q3] = cp(Q16, Q3, P12)
  [Q26, Q2] = cp(Q26, Q2, P23)
  [Q25, Q2] = cp(Q25, Q2, P22)
  [Q24, Q2] = cp(Q24, Q2, P21)
  [Q23, Q2] = cp(Q23, Q2, P20)
  [Q22, Q2] = cp(Q22, Q2, P19)
  [Q21, Q2] = cp(Q21, Q2, P18)
  [Q20, Q2] = cp(Q20, Q2, P17)
  [Q19, Q2] = cp(Q19, Q2, P16)
  [Q18, Q2] = cp(Q18, Q2, P15)
  [Q17, Q2] = cp(Q17, Q2, P14)
  [Q16, Q2] = cp(Q16, Q2, P13)
  [Q26, Q1] = cp(Q26, Q1, P24)
  [Q25, Q1] = cp(Q25, Q1, P23)
  [Q24, Q1] = cp(Q24, Q1, P22)
  [Q23, Q1] = cp(Q23, Q1, P21)
  [Q22, Q1] = cp(Q22, Q1, P20)
  [Q21, Q1] = cp(Q21, Q1, P19)
  [Q20, Q1] = cp(Q20, Q1, P18)
  [Q19, Q1] = cp(Q19, Q1, P17)
  [Q18, Q1] = cp(Q18, Q1, P16)
  [Q17, Q1] = cp(Q17, Q1, P15)
  [Q16, Q1] = cp(Q16, Q1, P14)
  [Q26, Q0] = cp(Q26, Q0, P25)
  [Q25, Q0] = cp(Q25, Q0, P24)
  [Q24, Q0] = cp(Q24, Q0, P23)
  [Q23, Q0] = cp(Q23, Q0, P22)
  [Q22, Q0] = cp(Q22, Q0, P21)
  [Q21, Q0] = cp(Q21, Q0, P20)
  [Q20, Q0] = cp(Q20, Q0, P19)
  [Q19, Q0] = cp(Q19, Q0, P18)
  [Q18, Q0] = cp(Q18, Q0, P17)
  [Q17, Q0] = cp(Q17, Q0, P16)
  [Q16, Q0] = cp(Q16, Q0, P15)
}

Start fusing gates...
Reset qubit group map
(11, 11) (12, 12) (13, 13) (14, 14) (15, 15) current Layout: [0,1,2,3,4,5,6,7,8,9,10,11,12,13,14,15,16,17,19,20,21,23,25,27,18,24,22,26,28,31,30,29,]
Fusing Kernel (14 gates): qubits [11, 12, 13, 14, 15], gates fusion, qubits [11, 12, 13, 14, 15], gates CircuitSeq {
  Q15 = h(Q15)
  [Q15, Q14] = cp(Q15, Q14, P0)
  [Q15, Q13] = cp(Q15, Q13, P1)
  Q14 = h(Q14)
  [Q14, Q13] = cp(Q14, Q13, P0)
  [Q15, Q12] = cp(Q15, Q12, P2)
  [Q14, Q12] = cp(Q14, Q12, P1)
  Q13 = h(Q13)
  [Q13, Q12] = cp(Q13, Q12, P0)
  [Q15, Q11] = cp(Q15, Q11, P3)
  [Q14, Q11] = cp(Q14, Q11, P2)
  [Q13, Q11] = cp(Q13, Q11, P1)
  Q12 = h(Q12)
  [Q12, Q11] = cp(Q12, Q11, P0)
}

Gate 0: [15, ]
Fusing gate 0(0) for rank 0
t 15
Matrix Multiplication (5, 1), mask 16
Fusing gate 0(0) for rank 1
t 15
Matrix Multiplication (5, 1), mask 16
Fusing gate 0(0) for rank 2
t 15
Matrix Multiplication (5, 1), mask 16
Fusing gate 0(0) for rank 3
t 15
Matrix Multiplication (5, 1), mask 16
Fusing gate 0(0) for rank 4
t 15
Matrix Multiplication (5, 1), mask 16
Fusing gate 0(0) for rank 5
t 15
Matrix Multiplication (5, 1), mask 16
Fusing gate 0(0) for rank 6
t 15
Matrix Multiplication (5, 1), mask 16
Fusing gate 0(0) for rank 7
t 15
Matrix Multiplication (5, 1), mask 16
Fusing gate 0(0) for rank 8
t 15
Matrix Multiplication (5, 1), mask 16
Fusing gate 0(0) for rank 9
t 15
Matrix Multiplication (5, 1), mask 16
Fusing gate 0(0) for rank 10
t 15
Matrix Multiplication (5, 1), mask 16
Fusing gate 0(0) for rank 11
t 15
Matrix Multiplication (5, 1), mask 16
Fusing gate 0(0) for rank 12
t 15
Matrix Multiplication (5, 1), mask 16
Fusing gate 0(0) for rank 13
t 15
Matrix Multiplication (5, 1), mask 16
Fusing gate 0(0) for rank 14
t 15
Matrix Multiplication (5, 1), mask 16
Fusing gate 0(0) for rank 15
t 15
Matrix Multiplication (5, 1), mask 16
Gate 1: [15, 14, ]
Fusing gate 26(1) for rank 0
c,t 15,14
Matrix Multiplication (5, 2), mask 24
Fusing gate 26(1) for rank 1
c,t 15,14
Matrix Multiplication (5, 2), mask 24
Fusing gate 26(1) for rank 2
c,t 15,14
Matrix Multiplication (5, 2), mask 24
Fusing gate 26(1) for rank 3
c,t 15,14
Matrix Multiplication (5, 2), mask 24
Fusing gate 26(1) for rank 4
c,t 15,14
Matrix Multiplication (5, 2), mask 24
Fusing gate 26(1) for rank 5
c,t 15,14
Matrix Multiplication (5, 2), mask 24
Fusing gate 26(1) for rank 6
c,t 15,14
Matrix Multiplication (5, 2), mask 24
Fusing gate 26(1) for rank 7
c,t 15,14
Matrix Multiplication (5, 2), mask 24
Fusing gate 26(1) for rank 8
c,t 15,14
Matrix Multiplication (5, 2), mask 24
Fusing gate 26(1) for rank 9
c,t 15,14
Matrix Multiplication (5, 2), mask 24
Fusing gate 26(1) for rank 10
c,t 15,14
Matrix Multiplication (5, 2), mask 24
Fusing gate 26(1) for rank 11
c,t 15,14
Matrix Multiplication (5, 2), mask 24
Fusing gate 26(1) for rank 12
c,t 15,14
Matrix Multiplication (5, 2), mask 24
Fusing gate 26(1) for rank 13
c,t 15,14
Matrix Multiplication (5, 2), mask 24
Fusing gate 26(1) for rank 14
c,t 15,14
Matrix Multiplication (5, 2), mask 24
Fusing gate 26(1) for rank 15
c,t 15,14
Matrix Multiplication (5, 2), mask 24
Gate 2: [15, 13, ]
Fusing gate 26(1) for rank 0
c,t 15,13
Matrix Multiplication (5, 2), mask 20
Fusing gate 26(1) for rank 1
c,t 15,13
Matrix Multiplication (5, 2), mask 20
Fusing gate 26(1) for rank 2
c,t 15,13
Matrix Multiplication (5, 2), mask 20
Fusing gate 26(1) for rank 3
c,t 15,13
Matrix Multiplication (5, 2), mask 20
Fusing gate 26(1) for rank 4
c,t 15,13
Matrix Multiplication (5, 2), mask 20
Fusing gate 26(1) for rank 5
c,t 15,13
Matrix Multiplication (5, 2), mask 20
Fusing gate 26(1) for rank 6
c,t 15,13
Matrix Multiplication (5, 2), mask 20
Fusing gate 26(1) for rank 7
c,t 15,13
Matrix Multiplication (5, 2), mask 20
Fusing gate 26(1) for rank 8
c,t 15,13
Matrix Multiplication (5, 2), mask 20
Fusing gate 26(1) for rank 9
c,t 15,13
Matrix Multiplication (5, 2), mask 20
Fusing gate 26(1) for rank 10
c,t 15,13
Matrix Multiplication (5, 2), mask 20
Fusing gate 26(1) for rank 11
c,t 15,13
Matrix Multiplication (5, 2), mask 20
Fusing gate 26(1) for rank 12
c,t 15,13
Matrix Multiplication (5, 2), mask 20
Fusing gate 26(1) for rank 13
c,t 15,13
Matrix Multiplication (5, 2), mask 20
Fusing gate 26(1) for rank 14
c,t 15,13
Matrix Multiplication (5, 2), mask 20
Fusing gate 26(1) for rank 15
c,t 15,13
Matrix Multiplication (5, 2), mask 20
Gate 3: [14, ]
Fusing gate 0(0) for rank 0
t 14
Matrix Multiplication (5, 1), mask 8
Fusing gate 0(0) for rank 1
t 14
Matrix Multiplication (5, 1), mask 8
Fusing gate 0(0) for rank 2
t 14
Matrix Multiplication (5, 1), mask 8
Fusing gate 0(0) for rank 3
t 14
Matrix Multiplication (5, 1), mask 8
Fusing gate 0(0) for rank 4
t 14
Matrix Multiplication (5, 1), mask 8
Fusing gate 0(0) for rank 5
t 14
Matrix Multiplication (5, 1), mask 8
Fusing gate 0(0) for rank 6
t 14
Matrix Multiplication (5, 1), mask 8
Fusing gate 0(0) for rank 7
t 14
Matrix Multiplication (5, 1), mask 8
Fusing gate 0(0) for rank 8
t 14
Matrix Multiplication (5, 1), mask 8
Fusing gate 0(0) for rank 9
t 14
Matrix Multiplication (5, 1), mask 8
Fusing gate 0(0) for rank 10
t 14
Matrix Multiplication (5, 1), mask 8
Fusing gate 0(0) for rank 11
t 14
Matrix Multiplication (5, 1), mask 8
Fusing gate 0(0) for rank 12
t 14
Matrix Multiplication (5, 1), mask 8
Fusing gate 0(0) for rank 13
t 14
Matrix Multiplication (5, 1), mask 8
Fusing gate 0(0) for rank 14
t 14
Matrix Multiplication (5, 1), mask 8
Fusing gate 0(0) for rank 15
t 14
Matrix Multiplication (5, 1), mask 8
Gate 4: [14, 13, ]
Fusing gate 26(1) for rank 0
c,t 14,13
Matrix Multiplication (5, 2), mask 12
Fusing gate 26(1) for rank 1
c,t 14,13
Matrix Multiplication (5, 2), mask 12
Fusing gate 26(1) for rank 2
c,t 14,13
Matrix Multiplication (5, 2), mask 12
Fusing gate 26(1) for rank 3
c,t 14,13
Matrix Multiplication (5, 2), mask 12
Fusing gate 26(1) for rank 4
c,t 14,13
Matrix Multiplication (5, 2), mask 12
Fusing gate 26(1) for rank 5
c,t 14,13
Matrix Multiplication (5, 2), mask 12
Fusing gate 26(1) for rank 6
c,t 14,13
Matrix Multiplication (5, 2), mask 12
Fusing gate 26(1) for rank 7
c,t 14,13
Matrix Multiplication (5, 2), mask 12
Fusing gate 26(1) for rank 8
c,t 14,13
Matrix Multiplication (5, 2), mask 12
Fusing gate 26(1) for rank 9
c,t 14,13
Matrix Multiplication (5, 2), mask 12
Fusing gate 26(1) for rank 10
c,t 14,13
Matrix Multiplication (5, 2), mask 12
Fusing gate 26(1) for rank 11
c,t 14,13
Matrix Multiplication (5, 2), mask 12
Fusing gate 26(1) for rank 12
c,t 14,13
Matrix Multiplication (5, 2), mask 12
Fusing gate 26(1) for rank 13
c,t 14,13
Matrix Multiplication (5, 2), mask 12
Fusing gate 26(1) for rank 14
c,t 14,13
Matrix Multiplication (5, 2), mask 12
Fusing gate 26(1) for rank 15
c,t 14,13
Matrix Multiplication (5, 2), mask 12
Gate 5: [15, 12, ]
Fusing gate 26(1) for rank 0
c,t 15,12
Matrix Multiplication (5, 2), mask 18
Fusing gate 26(1) for rank 1
c,t 15,12
Matrix Multiplication (5, 2), mask 18
Fusing gate 26(1) for rank 2
c,t 15,12
Matrix Multiplication (5, 2), mask 18
Fusing gate 26(1) for rank 3
c,t 15,12
Matrix Multiplication (5, 2), mask 18
Fusing gate 26(1) for rank 4
c,t 15,12
Matrix Multiplication (5, 2), mask 18
Fusing gate 26(1) for rank 5
c,t 15,12
Matrix Multiplication (5, 2), mask 18
Fusing gate 26(1) for rank 6
c,t 15,12
Matrix Multiplication (5, 2), mask 18
Fusing gate 26(1) for rank 7
c,t 15,12
Matrix Multiplication (5, 2), mask 18
Fusing gate 26(1) for rank 8
c,t 15,12
Matrix Multiplication (5, 2), mask 18
Fusing gate 26(1) for rank 9
c,t 15,12
Matrix Multiplication (5, 2), mask 18
Fusing gate 26(1) for rank 10
c,t 15,12
Matrix Multiplication (5, 2), mask 18
Fusing gate 26(1) for rank 11
c,t 15,12
Matrix Multiplication (5, 2), mask 18
Fusing gate 26(1) for rank 12
c,t 15,12
Matrix Multiplication (5, 2), mask 18
Fusing gate 26(1) for rank 13
c,t 15,12
Matrix Multiplication (5, 2), mask 18
Fusing gate 26(1) for rank 14
c,t 15,12
Matrix Multiplication (5, 2), mask 18
Fusing gate 26(1) for rank 15
c,t 15,12
Matrix Multiplication (5, 2), mask 18
Gate 6: [14, 12, ]
Fusing gate 26(1) for rank 0
c,t 14,12
Matrix Multiplication (5, 2), mask 10
Fusing gate 26(1) for rank 1
c,t 14,12
Matrix Multiplication (5, 2), mask 10
Fusing gate 26(1) for rank 2
c,t 14,12
Matrix Multiplication (5, 2), mask 10
Fusing gate 26(1) for rank 3
c,t 14,12
Matrix Multiplication (5, 2), mask 10
Fusing gate 26(1) for rank 4
c,t 14,12
Matrix Multiplication (5, 2), mask 10
Fusing gate 26(1) for rank 5
c,t 14,12
Matrix Multiplication (5, 2), mask 10
Fusing gate 26(1) for rank 6
c,t 14,12
Matrix Multiplication (5, 2), mask 10
Fusing gate 26(1) for rank 7
c,t 14,12
Matrix Multiplication (5, 2), mask 10
Fusing gate 26(1) for rank 8
c,t 14,12
Matrix Multiplication (5, 2), mask 10
Fusing gate 26(1) for rank 9
c,t 14,12
Matrix Multiplication (5, 2), mask 10
Fusing gate 26(1) for rank 10
c,t 14,12
Matrix Multiplication (5, 2), mask 10
Fusing gate 26(1) for rank 11
c,t 14,12
Matrix Multiplication (5, 2), mask 10
Fusing gate 26(1) for rank 12
c,t 14,12
Matrix Multiplication (5, 2), mask 10
Fusing gate 26(1) for rank 13
c,t 14,12
Matrix Multiplication (5, 2), mask 10
Fusing gate 26(1) for rank 14
c,t 14,12
Matrix Multiplication (5, 2), mask 10
Fusing gate 26(1) for rank 15
c,t 14,12
Matrix Multiplication (5, 2), mask 10
Gate 7: [13, ]
Fusing gate 0(0) for rank 0
t 13
Matrix Multiplication (5, 1), mask 4
Fusing gate 0(0) for rank 1
t 13
Matrix Multiplication (5, 1), mask 4
Fusing gate 0(0) for rank 2
t 13
Matrix Multiplication (5, 1), mask 4
Fusing gate 0(0) for rank 3
t 13
Matrix Multiplication (5, 1), mask 4
Fusing gate 0(0) for rank 4
t 13
Matrix Multiplication (5, 1), mask 4
Fusing gate 0(0) for rank 5
t 13
Matrix Multiplication (5, 1), mask 4
Fusing gate 0(0) for rank 6
t 13
Matrix Multiplication (5, 1), mask 4
Fusing gate 0(0) for rank 7
t 13
Matrix Multiplication (5, 1), mask 4
Fusing gate 0(0) for rank 8
t 13
Matrix Multiplication (5, 1), mask 4
Fusing gate 0(0) for rank 9
t 13
Matrix Multiplication (5, 1), mask 4
Fusing gate 0(0) for rank 10
t 13
Matrix Multiplication (5, 1), mask 4
Fusing gate 0(0) for rank 11
t 13
Matrix Multiplication (5, 1), mask 4
Fusing gate 0(0) for rank 12
t 13
Matrix Multiplication (5, 1), mask 4
Fusing gate 0(0) for rank 13
t 13
Matrix Multiplication (5, 1), mask 4
Fusing gate 0(0) for rank 14
t 13
Matrix Multiplication (5, 1), mask 4
Fusing gate 0(0) for rank 15
t 13
Matrix Multiplication (5, 1), mask 4
Gate 8: [13, 12, ]
Fusing gate 26(1) for rank 0
c,t 13,12
Matrix Multiplication (5, 2), mask 6
Fusing gate 26(1) for rank 1
c,t 13,12
Matrix Multiplication (5, 2), mask 6
Fusing gate 26(1) for rank 2
c,t 13,12
Matrix Multiplication (5, 2), mask 6
Fusing gate 26(1) for rank 3
c,t 13,12
Matrix Multiplication (5, 2), mask 6
Fusing gate 26(1) for rank 4
c,t 13,12
Matrix Multiplication (5, 2), mask 6
Fusing gate 26(1) for rank 5
c,t 13,12
Matrix Multiplication (5, 2), mask 6
Fusing gate 26(1) for rank 6
c,t 13,12
Matrix Multiplication (5, 2), mask 6
Fusing gate 26(1) for rank 7
c,t 13,12
Matrix Multiplication (5, 2), mask 6
Fusing gate 26(1) for rank 8
c,t 13,12
Matrix Multiplication (5, 2), mask 6
Fusing gate 26(1) for rank 9
c,t 13,12
Matrix Multiplication (5, 2), mask 6
Fusing gate 26(1) for rank 10
c,t 13,12
Matrix Multiplication (5, 2), mask 6
Fusing gate 26(1) for rank 11
c,t 13,12
Matrix Multiplication (5, 2), mask 6
Fusing gate 26(1) for rank 12
c,t 13,12
Matrix Multiplication (5, 2), mask 6
Fusing gate 26(1) for rank 13
c,t 13,12
Matrix Multiplication (5, 2), mask 6
Fusing gate 26(1) for rank 14
c,t 13,12
Matrix Multiplication (5, 2), mask 6
Fusing gate 26(1) for rank 15
c,t 13,12
Matrix Multiplication (5, 2), mask 6
Gate 9: [15, 11, ]
Fusing gate 26(1) for rank 0
c,t 15,11
Matrix Multiplication (5, 2), mask 17
Fusing gate 26(1) for rank 1
c,t 15,11
Matrix Multiplication (5, 2), mask 17
Fusing gate 26(1) for rank 2
c,t 15,11
Matrix Multiplication (5, 2), mask 17
Fusing gate 26(1) for rank 3
c,t 15,11
Matrix Multiplication (5, 2), mask 17
Fusing gate 26(1) for rank 4
c,t 15,11
Matrix Multiplication (5, 2), mask 17
Fusing gate 26(1) for rank 5
c,t 15,11
Matrix Multiplication (5, 2), mask 17
Fusing gate 26(1) for rank 6
c,t 15,11
Matrix Multiplication (5, 2), mask 17
Fusing gate 26(1) for rank 7
c,t 15,11
Matrix Multiplication (5, 2), mask 17
Fusing gate 26(1) for rank 8
c,t 15,11
Matrix Multiplication (5, 2), mask 17
Fusing gate 26(1) for rank 9
c,t 15,11
Matrix Multiplication (5, 2), mask 17
Fusing gate 26(1) for rank 10
c,t 15,11
Matrix Multiplication (5, 2), mask 17
Fusing gate 26(1) for rank 11
c,t 15,11
Matrix Multiplication (5, 2), mask 17
Fusing gate 26(1) for rank 12
c,t 15,11
Matrix Multiplication (5, 2), mask 17
Fusing gate 26(1) for rank 13
c,t 15,11
Matrix Multiplication (5, 2), mask 17
Fusing gate 26(1) for rank 14
c,t 15,11
Matrix Multiplication (5, 2), mask 17
Fusing gate 26(1) for rank 15
c,t 15,11
Matrix Multiplication (5, 2), mask 17
Gate 10: [14, 11, ]
Fusing gate 26(1) for rank 0
c,t 14,11
Matrix Multiplication (5, 2), mask 9
Fusing gate 26(1) for rank 1
c,t 14,11
Matrix Multiplication (5, 2), mask 9
Fusing gate 26(1) for rank 2
c,t 14,11
Matrix Multiplication (5, 2), mask 9
Fusing gate 26(1) for rank 3
c,t 14,11
Matrix Multiplication (5, 2), mask 9
Fusing gate 26(1) for rank 4
c,t 14,11
Matrix Multiplication (5, 2), mask 9
Fusing gate 26(1) for rank 5
c,t 14,11
Matrix Multiplication (5, 2), mask 9
Fusing gate 26(1) for rank 6
c,t 14,11
Matrix Multiplication (5, 2), mask 9
Fusing gate 26(1) for rank 7
c,t 14,11
Matrix Multiplication (5, 2), mask 9
Fusing gate 26(1) for rank 8
c,t 14,11
Matrix Multiplication (5, 2), mask 9
Fusing gate 26(1) for rank 9
c,t 14,11
Matrix Multiplication (5, 2), mask 9
Fusing gate 26(1) for rank 10
c,t 14,11
Matrix Multiplication (5, 2), mask 9
Fusing gate 26(1) for rank 11
c,t 14,11
Matrix Multiplication (5, 2), mask 9
Fusing gate 26(1) for rank 12
c,t 14,11
Matrix Multiplication (5, 2), mask 9
Fusing gate 26(1) for rank 13
c,t 14,11
Matrix Multiplication (5, 2), mask 9
Fusing gate 26(1) for rank 14
c,t 14,11
Matrix Multiplication (5, 2), mask 9
Fusing gate 26(1) for rank 15
c,t 14,11
Matrix Multiplication (5, 2), mask 9
Gate 11: [13, 11, ]
Fusing gate 26(1) for rank 0
c,t 13,11
Matrix Multiplication (5, 2), mask 5
Fusing gate 26(1) for rank 1
c,t 13,11
Matrix Multiplication (5, 2), mask 5
Fusing gate 26(1) for rank 2
c,t 13,11
Matrix Multiplication (5, 2), mask 5
Fusing gate 26(1) for rank 3
c,t 13,11
Matrix Multiplication (5, 2), mask 5
Fusing gate 26(1) for rank 4
c,t 13,11
Matrix Multiplication (5, 2), mask 5
Fusing gate 26(1) for rank 5
c,t 13,11
Matrix Multiplication (5, 2), mask 5
Fusing gate 26(1) for rank 6
c,t 13,11
Matrix Multiplication (5, 2), mask 5
Fusing gate 26(1) for rank 7
c,t 13,11
Matrix Multiplication (5, 2), mask 5
Fusing gate 26(1) for rank 8
c,t 13,11
Matrix Multiplication (5, 2), mask 5
Fusing gate 26(1) for rank 9
c,t 13,11
Matrix Multiplication (5, 2), mask 5
Fusing gate 26(1) for rank 10
c,t 13,11
Matrix Multiplication (5, 2), mask 5
Fusing gate 26(1) for rank 11
c,t 13,11
Matrix Multiplication (5, 2), mask 5
Fusing gate 26(1) for rank 12
c,t 13,11
Matrix Multiplication (5, 2), mask 5
Fusing gate 26(1) for rank 13
c,t 13,11
Matrix Multiplication (5, 2), mask 5
Fusing gate 26(1) for rank 14
c,t 13,11
Matrix Multiplication (5, 2), mask 5
Fusing gate 26(1) for rank 15
c,t 13,11
Matrix Multiplication (5, 2), mask 5
Gate 12: [12, ]
Fusing gate 0(0) for rank 0
t 12
Matrix Multiplication (5, 1), mask 2
Fusing gate 0(0) for rank 1
t 12
Matrix Multiplication (5, 1), mask 2
Fusing gate 0(0) for rank 2
t 12
Matrix Multiplication (5, 1), mask 2
Fusing gate 0(0) for rank 3
t 12
Matrix Multiplication (5, 1), mask 2
Fusing gate 0(0) for rank 4
t 12
Matrix Multiplication (5, 1), mask 2
Fusing gate 0(0) for rank 5
t 12
Matrix Multiplication (5, 1), mask 2
Fusing gate 0(0) for rank 6
t 12
Matrix Multiplication (5, 1), mask 2
Fusing gate 0(0) for rank 7
t 12
Matrix Multiplication (5, 1), mask 2
Fusing gate 0(0) for rank 8
t 12
Matrix Multiplication (5, 1), mask 2
Fusing gate 0(0) for rank 9
t 12
Matrix Multiplication (5, 1), mask 2
Fusing gate 0(0) for rank 10
t 12
Matrix Multiplication (5, 1), mask 2
Fusing gate 0(0) for rank 11
t 12
Matrix Multiplication (5, 1), mask 2
Fusing gate 0(0) for rank 12
t 12
Matrix Multiplication (5, 1), mask 2
Fusing gate 0(0) for rank 13
t 12
Matrix Multiplication (5, 1), mask 2
Fusing gate 0(0) for rank 14
t 12
Matrix Multiplication (5, 1), mask 2
Fusing gate 0(0) for rank 15
t 12
Matrix Multiplication (5, 1), mask 2
Gate 13: [12, 11, ]
Fusing gate 26(1) for rank 0
c,t 12,11
Matrix Multiplication (5, 2), mask 3
Fusing gate 26(1) for rank 1
c,t 12,11
Matrix Multiplication (5, 2), mask 3
Fusing gate 26(1) for rank 2
c,t 12,11
Matrix Multiplication (5, 2), mask 3
Fusing gate 26(1) for rank 3
c,t 12,11
Matrix Multiplication (5, 2), mask 3
Fusing gate 26(1) for rank 4
c,t 12,11
Matrix Multiplication (5, 2), mask 3
Fusing gate 26(1) for rank 5
c,t 12,11
Matrix Multiplication (5, 2), mask 3
Fusing gate 26(1) for rank 6
c,t 12,11
Matrix Multiplication (5, 2), mask 3
Fusing gate 26(1) for rank 7
c,t 12,11
Matrix Multiplication (5, 2), mask 3
Fusing gate 26(1) for rank 8
c,t 12,11
Matrix Multiplication (5, 2), mask 3
Fusing gate 26(1) for rank 9
c,t 12,11
Matrix Multiplication (5, 2), mask 3
Fusing gate 26(1) for rank 10
c,t 12,11
Matrix Multiplication (5, 2), mask 3
Fusing gate 26(1) for rank 11
c,t 12,11
Matrix Multiplication (5, 2), mask 3
Fusing gate 26(1) for rank 12
c,t 12,11
Matrix Multiplication (5, 2), mask 3
Fusing gate 26(1) for rank 13
c,t 12,11
Matrix Multiplication (5, 2), mask 3
Fusing gate 26(1) for rank 14
c,t 12,11
Matrix Multiplication (5, 2), mask 3
Fusing gate 26(1) for rank 15
c,t 12,11
Matrix Multiplication (5, 2), mask 3
SHM Kernel Physical (107): [ 5,6,7,8,9,10,11]
shared_memory, qubits [5, 6, 7, 8, 9, 10, 11], gates CircuitSeq {
  [Q15, Q10] = cp(Q15, Q10, P4)
  [Q14, Q10] = cp(Q14, Q10, P3)
  [Q13, Q10] = cp(Q13, Q10, P2)
  [Q12, Q10] = cp(Q12, Q10, P1)
  Q11 = h(Q11)
  [Q11, Q10] = cp(Q11, Q10, P0)
  [Q15, Q9] = cp(Q15, Q9, P5)
  [Q14, Q9] = cp(Q14, Q9, P4)
  [Q13, Q9] = cp(Q13, Q9, P3)
  [Q12, Q9] = cp(Q12, Q9, P2)
  [Q11, Q9] = cp(Q11, Q9, P1)
  Q10 = h(Q10)
  [Q10, Q9] = cp(Q10, Q9, P0)
  [Q15, Q8] = cp(Q15, Q8, P6)
  [Q14, Q8] = cp(Q14, Q8, P5)
  [Q13, Q8] = cp(Q13, Q8, P4)
  [Q12, Q8] = cp(Q12, Q8, P3)
  [Q11, Q8] = cp(Q11, Q8, P2)
  [Q10, Q8] = cp(Q10, Q8, P1)
  [Q15, Q7] = cp(Q15, Q7, P7)
  [Q14, Q7] = cp(Q14, Q7, P6)
  [Q13, Q7] = cp(Q13, Q7, P5)
  [Q12, Q7] = cp(Q12, Q7, P4)
  [Q11, Q7] = cp(Q11, Q7, P3)
  [Q10, Q7] = cp(Q10, Q7, P2)
  [Q15, Q6] = cp(Q15, Q6, P8)
  [Q14, Q6] = cp(Q14, Q6, P7)
  [Q13, Q6] = cp(Q13, Q6, P6)
  [Q12, Q6] = cp(Q12, Q6, P5)
  [Q11, Q6] = cp(Q11, Q6, P4)
  [Q10, Q6] = cp(Q10, Q6, P3)
  [Q15, Q5] = cp(Q15, Q5, P9)
  [Q14, Q5] = cp(Q14, Q5, P8)
  [Q13, Q5] = cp(Q13, Q5, P7)
  [Q12, Q5] = cp(Q12, Q5, P6)
  [Q11, Q5] = cp(Q11, Q5, P5)
  [Q10, Q5] = cp(Q10, Q5, P4)
  [Q15, Q4] = cp(Q15, Q4, P10)
  [Q14, Q4] = cp(Q14, Q4, P9)
  [Q13, Q4] = cp(Q13, Q4, P8)
  [Q12, Q4] = cp(Q12, Q4, P7)
  [Q11, Q4] = cp(Q11, Q4, P6)
  [Q10, Q4] = cp(Q10, Q4, P5)
  [Q15, Q3] = cp(Q15, Q3, P11)
  [Q14, Q3] = cp(Q14, Q3, P10)
  [Q13, Q3] = cp(Q13, Q3, P9)
  [Q12, Q3] = cp(Q12, Q3, P8)
  [Q11, Q3] = cp(Q11, Q3, P7)
  [Q10, Q3] = cp(Q10, Q3, P6)
  [Q15, Q2] = cp(Q15, Q2, P12)
  [Q14, Q2] = cp(Q14, Q2, P11)
  [Q13, Q2] = cp(Q13, Q2, P10)
  [Q12, Q2] = cp(Q12, Q2, P9)
  [Q11, Q2] = cp(Q11, Q2, P8)
  [Q10, Q2] = cp(Q10, Q2, P7)
  [Q15, Q1] = cp(Q15, Q1, P13)
  [Q14, Q1] = cp(Q14, Q1, P12)
  [Q13, Q1] = cp(Q13, Q1, P11)
  [Q12, Q1] = cp(Q12, Q1, P10)
  [Q11, Q1] = cp(Q11, Q1, P9)
  [Q10, Q1] = cp(Q10, Q1, P8)
  [Q15, Q0] = cp(Q15, Q0, P14)
  [Q14, Q0] = cp(Q14, Q0, P13)
  [Q13, Q0] = cp(Q13, Q0, P12)
  [Q12, Q0] = cp(Q12, Q0, P11)
  [Q11, Q0] = cp(Q11, Q0, P10)
  [Q10, Q0] = cp(Q10, Q0, P9)
  Q9 = h(Q9)
  [Q9, Q8] = cp(Q9, Q8, P0)
  [Q9, Q7] = cp(Q9, Q7, P1)
  Q8 = h(Q8)
  [Q8, Q7] = cp(Q8, Q7, P0)
  [Q9, Q6] = cp(Q9, Q6, P2)
  [Q8, Q6] = cp(Q8, Q6, P1)
  Q7 = h(Q7)
  [Q7, Q6] = cp(Q7, Q6, P0)
  [Q9, Q5] = cp(Q9, Q5, P3)
  [Q8, Q5] = cp(Q8, Q5, P2)
  [Q7, Q5] = cp(Q7, Q5, P1)
  Q6 = h(Q6)
  [Q6, Q5] = cp(Q6, Q5, P0)
  [Q9, Q4] = cp(Q9, Q4, P4)
  [Q8, Q4] = cp(Q8, Q4, P3)
  [Q7, Q4] = cp(Q7, Q4, P2)
  [Q6, Q4] = cp(Q6, Q4, P1)
  Q5 = h(Q5)
  [Q5, Q4] = cp(Q5, Q4, P0)
  [Q9, Q3] = cp(Q9, Q3, P5)
  [Q8, Q3] = cp(Q8, Q3, P4)
  [Q7, Q3] = cp(Q7, Q3, P3)
  [Q6, Q3] = cp(Q6, Q3, P2)
  [Q5, Q3] = cp(Q5, Q3, P1)
  [Q9, Q2] = cp(Q9, Q2, P6)
  [Q8, Q2] = cp(Q8, Q2, P5)
  [Q7, Q2] = cp(Q7, Q2, P4)
  [Q6, Q2] = cp(Q6, Q2, P3)
  [Q5, Q2] = cp(Q5, Q2, P2)
  [Q9, Q1] = cp(Q9, Q1, P7)
  [Q8, Q1] = cp(Q8, Q1, P6)
  [Q7, Q1] = cp(Q7, Q1, P5)
  [Q6, Q1] = cp(Q6, Q1, P4)
  [Q5, Q1] = cp(Q5, Q1, P3)
  [Q9, Q0] = cp(Q9, Q0, P8)
  [Q8, Q0] = cp(Q8, Q0, P7)
  [Q7, Q0] = cp(Q7, Q0, P6)
  [Q6, Q0] = cp(Q6, Q0, P5)
  [Q5, Q0] = cp(Q5, Q0, P4)
}

Start fusing gates...
Reset qubit group map
(0, 0) (1, 1) (2, 2) (3, 3) (4, 4) current Layout: [0,1,2,3,4,5,6,7,8,9,10,11,12,13,14,15,16,17,19,20,21,23,25,27,18,24,22,26,28,31,30,29,]
Fusing Kernel (15 gates): qubits [0, 1, 2, 3, 4], gates fusion, qubits [0, 1, 2, 3, 4], gates CircuitSeq {
  Q4 = h(Q4)
  [Q4, Q3] = cp(Q4, Q3, P0)
  [Q4, Q2] = cp(Q4, Q2, P1)
  Q3 = h(Q3)
  [Q3, Q2] = cp(Q3, Q2, P0)
  [Q4, Q1] = cp(Q4, Q1, P2)
  [Q3, Q1] = cp(Q3, Q1, P1)
  Q2 = h(Q2)
  [Q2, Q1] = cp(Q2, Q1, P0)
  [Q4, Q0] = cp(Q4, Q0, P3)
  [Q3, Q0] = cp(Q3, Q0, P2)
  [Q2, Q0] = cp(Q2, Q0, P1)
  Q1 = h(Q1)
  [Q1, Q0] = cp(Q1, Q0, P0)
  Q0 = h(Q0)
}

Gate 0: [4, ]
Fusing gate 0(0) for rank 0
t 4
Matrix Multiplication (5, 1), mask 16
Fusing gate 0(0) for rank 1
t 4
Matrix Multiplication (5, 1), mask 16
Fusing gate 0(0) for rank 2
t 4
Matrix Multiplication (5, 1), mask 16
Fusing gate 0(0) for rank 3
t 4
Matrix Multiplication (5, 1), mask 16
Fusing gate 0(0) for rank 4
t 4
Matrix Multiplication (5, 1), mask 16
Fusing gate 0(0) for rank 5
t 4
Matrix Multiplication (5, 1), mask 16
Fusing gate 0(0) for rank 6
t 4
Matrix Multiplication (5, 1), mask 16
Fusing gate 0(0) for rank 7
t 4
Matrix Multiplication (5, 1), mask 16
Fusing gate 0(0) for rank 8
t 4
Matrix Multiplication (5, 1), mask 16
Fusing gate 0(0) for rank 9
t 4
Matrix Multiplication (5, 1), mask 16
Fusing gate 0(0) for rank 10
t 4
Matrix Multiplication (5, 1), mask 16
Fusing gate 0(0) for rank 11
t 4
Matrix Multiplication (5, 1), mask 16
Fusing gate 0(0) for rank 12
t 4
Matrix Multiplication (5, 1), mask 16
Fusing gate 0(0) for rank 13
t 4
Matrix Multiplication (5, 1), mask 16
Fusing gate 0(0) for rank 14
t 4
Matrix Multiplication (5, 1), mask 16
Fusing gate 0(0) for rank 15
t 4
Matrix Multiplication (5, 1), mask 16
Gate 1: [4, 3, ]
Fusing gate 26(1) for rank 0
c,t 4,3
Matrix Multiplication (5, 2), mask 24
Fusing gate 26(1) for rank 1
c,t 4,3
Matrix Multiplication (5, 2), mask 24
Fusing gate 26(1) for rank 2
c,t 4,3
Matrix Multiplication (5, 2), mask 24
Fusing gate 26(1) for rank 3
c,t 4,3
Matrix Multiplication (5, 2), mask 24
Fusing gate 26(1) for rank 4
c,t 4,3
Matrix Multiplication (5, 2), mask 24
Fusing gate 26(1) for rank 5
c,t 4,3
Matrix Multiplication (5, 2), mask 24
Fusing gate 26(1) for rank 6
c,t 4,3
Matrix Multiplication (5, 2), mask 24
Fusing gate 26(1) for rank 7
c,t 4,3
Matrix Multiplication (5, 2), mask 24
Fusing gate 26(1) for rank 8
c,t 4,3
Matrix Multiplication (5, 2), mask 24
Fusing gate 26(1) for rank 9
c,t 4,3
Matrix Multiplication (5, 2), mask 24
Fusing gate 26(1) for rank 10
c,t 4,3
Matrix Multiplication (5, 2), mask 24
Fusing gate 26(1) for rank 11
c,t 4,3
Matrix Multiplication (5, 2), mask 24
Fusing gate 26(1) for rank 12
c,t 4,3
Matrix Multiplication (5, 2), mask 24
Fusing gate 26(1) for rank 13
c,t 4,3
Matrix Multiplication (5, 2), mask 24
Fusing gate 26(1) for rank 14
c,t 4,3
Matrix Multiplication (5, 2), mask 24
Fusing gate 26(1) for rank 15
c,t 4,3
Matrix Multiplication (5, 2), mask 24
Gate 2: [4, 2, ]
Fusing gate 26(1) for rank 0
c,t 4,2
Matrix Multiplication (5, 2), mask 20
Fusing gate 26(1) for rank 1
c,t 4,2
Matrix Multiplication (5, 2), mask 20
Fusing gate 26(1) for rank 2
c,t 4,2
Matrix Multiplication (5, 2), mask 20
Fusing gate 26(1) for rank 3
c,t 4,2
Matrix Multiplication (5, 2), mask 20
Fusing gate 26(1) for rank 4
c,t 4,2
Matrix Multiplication (5, 2), mask 20
Fusing gate 26(1) for rank 5
c,t 4,2
Matrix Multiplication (5, 2), mask 20
Fusing gate 26(1) for rank 6
c,t 4,2
Matrix Multiplication (5, 2), mask 20
Fusing gate 26(1) for rank 7
c,t 4,2
Matrix Multiplication (5, 2), mask 20
Fusing gate 26(1) for rank 8
c,t 4,2
Matrix Multiplication (5, 2), mask 20
Fusing gate 26(1) for rank 9
c,t 4,2
Matrix Multiplication (5, 2), mask 20
Fusing gate 26(1) for rank 10
c,t 4,2
Matrix Multiplication (5, 2), mask 20
Fusing gate 26(1) for rank 11
c,t 4,2
Matrix Multiplication (5, 2), mask 20
Fusing gate 26(1) for rank 12
c,t 4,2
Matrix Multiplication (5, 2), mask 20
Fusing gate 26(1) for rank 13
c,t 4,2
Matrix Multiplication (5, 2), mask 20
Fusing gate 26(1) for rank 14
c,t 4,2
Matrix Multiplication (5, 2), mask 20
Fusing gate 26(1) for rank 15
c,t 4,2
Matrix Multiplication (5, 2), mask 20
Gate 3: [3, ]
Fusing gate 0(0) for rank 0
t 3
Matrix Multiplication (5, 1), mask 8
Fusing gate 0(0) for rank 1
t 3
Matrix Multiplication (5, 1), mask 8
Fusing gate 0(0) for rank 2
t 3
Matrix Multiplication (5, 1), mask 8
Fusing gate 0(0) for rank 3
t 3
Matrix Multiplication (5, 1), mask 8
Fusing gate 0(0) for rank 4
t 3
Matrix Multiplication (5, 1), mask 8
Fusing gate 0(0) for rank 5
t 3
Matrix Multiplication (5, 1), mask 8
Fusing gate 0(0) for rank 6
t 3
Matrix Multiplication (5, 1), mask 8
Fusing gate 0(0) for rank 7
t 3
Matrix Multiplication (5, 1), mask 8
Fusing gate 0(0) for rank 8
t 3
Matrix Multiplication (5, 1), mask 8
Fusing gate 0(0) for rank 9
t 3
Matrix Multiplication (5, 1), mask 8
Fusing gate 0(0) for rank 10
t 3
Matrix Multiplication (5, 1), mask 8
Fusing gate 0(0) for rank 11
t 3
Matrix Multiplication (5, 1), mask 8
Fusing gate 0(0) for rank 12
t 3
Matrix Multiplication (5, 1), mask 8
Fusing gate 0(0) for rank 13
t 3
Matrix Multiplication (5, 1), mask 8
Fusing gate 0(0) for rank 14
t 3
Matrix Multiplication (5, 1), mask 8
Fusing gate 0(0) for rank 15
t 3
Matrix Multiplication (5, 1), mask 8
Gate 4: [3, 2, ]
Fusing gate 26(1) for rank 0
c,t 3,2
Matrix Multiplication (5, 2), mask 12
Fusing gate 26(1) for rank 1
c,t 3,2
Matrix Multiplication (5, 2), mask 12
Fusing gate 26(1) for rank 2
c,t 3,2
Matrix Multiplication (5, 2), mask 12
Fusing gate 26(1) for rank 3
c,t 3,2
Matrix Multiplication (5, 2), mask 12
Fusing gate 26(1) for rank 4
c,t 3,2
Matrix Multiplication (5, 2), mask 12
Fusing gate 26(1) for rank 5
c,t 3,2
Matrix Multiplication (5, 2), mask 12
Fusing gate 26(1) for rank 6
c,t 3,2
Matrix Multiplication (5, 2), mask 12
Fusing gate 26(1) for rank 7
c,t 3,2
Matrix Multiplication (5, 2), mask 12
Fusing gate 26(1) for rank 8
c,t 3,2
Matrix Multiplication (5, 2), mask 12
Fusing gate 26(1) for rank 9
c,t 3,2
Matrix Multiplication (5, 2), mask 12
Fusing gate 26(1) for rank 10
c,t 3,2
Matrix Multiplication (5, 2), mask 12
Fusing gate 26(1) for rank 11
c,t 3,2
Matrix Multiplication (5, 2), mask 12
Fusing gate 26(1) for rank 12
c,t 3,2
Matrix Multiplication (5, 2), mask 12
Fusing gate 26(1) for rank 13
c,t 3,2
Matrix Multiplication (5, 2), mask 12
Fusing gate 26(1) for rank 14
c,t 3,2
Matrix Multiplication (5, 2), mask 12
Fusing gate 26(1) for rank 15
c,t 3,2
Matrix Multiplication (5, 2), mask 12
Gate 5: [4, 1, ]
Fusing gate 26(1) for rank 0
c,t 4,1
Matrix Multiplication (5, 2), mask 18
Fusing gate 26(1) for rank 1
c,t 4,1
Matrix Multiplication (5, 2), mask 18
Fusing gate 26(1) for rank 2
c,t 4,1
Matrix Multiplication (5, 2), mask 18
Fusing gate 26(1) for rank 3
c,t 4,1
Matrix Multiplication (5, 2), mask 18
Fusing gate 26(1) for rank 4
c,t 4,1
Matrix Multiplication (5, 2), mask 18
Fusing gate 26(1) for rank 5
c,t 4,1
Matrix Multiplication (5, 2), mask 18
Fusing gate 26(1) for rank 6
c,t 4,1
Matrix Multiplication (5, 2), mask 18
Fusing gate 26(1) for rank 7
c,t 4,1
Matrix Multiplication (5, 2), mask 18
Fusing gate 26(1) for rank 8
c,t 4,1
Matrix Multiplication (5, 2), mask 18
Fusing gate 26(1) for rank 9
c,t 4,1
Matrix Multiplication (5, 2), mask 18
Fusing gate 26(1) for rank 10
c,t 4,1
Matrix Multiplication (5, 2), mask 18
Fusing gate 26(1) for rank 11
c,t 4,1
Matrix Multiplication (5, 2), mask 18
Fusing gate 26(1) for rank 12
c,t 4,1
Matrix Multiplication (5, 2), mask 18
Fusing gate 26(1) for rank 13
c,t 4,1
Matrix Multiplication (5, 2), mask 18
Fusing gate 26(1) for rank 14
c,t 4,1
Matrix Multiplication (5, 2), mask 18
Fusing gate 26(1) for rank 15
c,t 4,1
Matrix Multiplication (5, 2), mask 18
Gate 6: [3, 1, ]
Fusing gate 26(1) for rank 0
c,t 3,1
Matrix Multiplication (5, 2), mask 10
Fusing gate 26(1) for rank 1
c,t 3,1
Matrix Multiplication (5, 2), mask 10
Fusing gate 26(1) for rank 2
c,t 3,1
Matrix Multiplication (5, 2), mask 10
Fusing gate 26(1) for rank 3
c,t 3,1
Matrix Multiplication (5, 2), mask 10
Fusing gate 26(1) for rank 4
c,t 3,1
Matrix Multiplication (5, 2), mask 10
Fusing gate 26(1) for rank 5
c,t 3,1
Matrix Multiplication (5, 2), mask 10
Fusing gate 26(1) for rank 6
c,t 3,1
Matrix Multiplication (5, 2), mask 10
Fusing gate 26(1) for rank 7
c,t 3,1
Matrix Multiplication (5, 2), mask 10
Fusing gate 26(1) for rank 8
c,t 3,1
Matrix Multiplication (5, 2), mask 10
Fusing gate 26(1) for rank 9
c,t 3,1
Matrix Multiplication (5, 2), mask 10
Fusing gate 26(1) for rank 10
c,t 3,1
Matrix Multiplication (5, 2), mask 10
Fusing gate 26(1) for rank 11
c,t 3,1
Matrix Multiplication (5, 2), mask 10
Fusing gate 26(1) for rank 12
c,t 3,1
Matrix Multiplication (5, 2), mask 10
Fusing gate 26(1) for rank 13
c,t 3,1
Matrix Multiplication (5, 2), mask 10
Fusing gate 26(1) for rank 14
c,t 3,1
Matrix Multiplication (5, 2), mask 10
Fusing gate 26(1) for rank 15
c,t 3,1
Matrix Multiplication (5, 2), mask 10
Gate 7: [2, ]
Fusing gate 0(0) for rank 0
t 2
Matrix Multiplication (5, 1), mask 4
Fusing gate 0(0) for rank 1
t 2
Matrix Multiplication (5, 1), mask 4
Fusing gate 0(0) for rank 2
t 2
Matrix Multiplication (5, 1), mask 4
Fusing gate 0(0) for rank 3
t 2
Matrix Multiplication (5, 1), mask 4
Fusing gate 0(0) for rank 4
t 2
Matrix Multiplication (5, 1), mask 4
Fusing gate 0(0) for rank 5
t 2
Matrix Multiplication (5, 1), mask 4
Fusing gate 0(0) for rank 6
t 2
Matrix Multiplication (5, 1), mask 4
Fusing gate 0(0) for rank 7
t 2
Matrix Multiplication (5, 1), mask 4
Fusing gate 0(0) for rank 8
t 2
Matrix Multiplication (5, 1), mask 4
Fusing gate 0(0) for rank 9
t 2
Matrix Multiplication (5, 1), mask 4
Fusing gate 0(0) for rank 10
t 2
Matrix Multiplication (5, 1), mask 4
Fusing gate 0(0) for rank 11
t 2
Matrix Multiplication (5, 1), mask 4
Fusing gate 0(0) for rank 12
t 2
Matrix Multiplication (5, 1), mask 4
Fusing gate 0(0) for rank 13
t 2
Matrix Multiplication (5, 1), mask 4
Fusing gate 0(0) for rank 14
t 2
Matrix Multiplication (5, 1), mask 4
Fusing gate 0(0) for rank 15
t 2
Matrix Multiplication (5, 1), mask 4
Gate 8: [2, 1, ]
Fusing gate 26(1) for rank 0
c,t 2,1
Matrix Multiplication (5, 2), mask 6
Fusing gate 26(1) for rank 1
c,t 2,1
Matrix Multiplication (5, 2), mask 6
Fusing gate 26(1) for rank 2
c,t 2,1
Matrix Multiplication (5, 2), mask 6
Fusing gate 26(1) for rank 3
c,t 2,1
Matrix Multiplication (5, 2), mask 6
Fusing gate 26(1) for rank 4
c,t 2,1
Matrix Multiplication (5, 2), mask 6
Fusing gate 26(1) for rank 5
c,t 2,1
Matrix Multiplication (5, 2), mask 6
Fusing gate 26(1) for rank 6
c,t 2,1
Matrix Multiplication (5, 2), mask 6
Fusing gate 26(1) for rank 7
c,t 2,1
Matrix Multiplication (5, 2), mask 6
Fusing gate 26(1) for rank 8
c,t 2,1
Matrix Multiplication (5, 2), mask 6
Fusing gate 26(1) for rank 9
c,t 2,1
Matrix Multiplication (5, 2), mask 6
Fusing gate 26(1) for rank 10
c,t 2,1
Matrix Multiplication (5, 2), mask 6
Fusing gate 26(1) for rank 11
c,t 2,1
Matrix Multiplication (5, 2), mask 6
Fusing gate 26(1) for rank 12
c,t 2,1
Matrix Multiplication (5, 2), mask 6
Fusing gate 26(1) for rank 13
c,t 2,1
Matrix Multiplication (5, 2), mask 6
Fusing gate 26(1) for rank 14
c,t 2,1
Matrix Multiplication (5, 2), mask 6
Fusing gate 26(1) for rank 15
c,t 2,1
Matrix Multiplication (5, 2), mask 6
Gate 9: [4, 0, ]
Fusing gate 26(1) for rank 0
c,t 4,0
Matrix Multiplication (5, 2), mask 17
Fusing gate 26(1) for rank 1
c,t 4,0
Matrix Multiplication (5, 2), mask 17
Fusing gate 26(1) for rank 2
c,t 4,0
Matrix Multiplication (5, 2), mask 17
Fusing gate 26(1) for rank 3
c,t 4,0
Matrix Multiplication (5, 2), mask 17
Fusing gate 26(1) for rank 4
c,t 4,0
Matrix Multiplication (5, 2), mask 17
Fusing gate 26(1) for rank 5
c,t 4,0
Matrix Multiplication (5, 2), mask 17
Fusing gate 26(1) for rank 6
c,t 4,0
Matrix Multiplication (5, 2), mask 17
Fusing gate 26(1) for rank 7
c,t 4,0
Matrix Multiplication (5, 2), mask 17
Fusing gate 26(1) for rank 8
c,t 4,0
Matrix Multiplication (5, 2), mask 17
Fusing gate 26(1) for rank 9
c,t 4,0
Matrix Multiplication (5, 2), mask 17
Fusing gate 26(1) for rank 10
c,t 4,0
Matrix Multiplication (5, 2), mask 17
Fusing gate 26(1) for rank 11
c,t 4,0
Matrix Multiplication (5, 2), mask 17
Fusing gate 26(1) for rank 12
c,t 4,0
Matrix Multiplication (5, 2), mask 17
Fusing gate 26(1) for rank 13
c,t 4,0
Matrix Multiplication (5, 2), mask 17
Fusing gate 26(1) for rank 14
c,t 4,0
Matrix Multiplication (5, 2), mask 17
Fusing gate 26(1) for rank 15
c,t 4,0
Matrix Multiplication (5, 2), mask 17
Gate 10: [3, 0, ]
Fusing gate 26(1) for rank 0
c,t 3,0
Matrix Multiplication (5, 2), mask 9
Fusing gate 26(1) for rank 1
c,t 3,0
Matrix Multiplication (5, 2), mask 9
Fusing gate 26(1) for rank 2
c,t 3,0
Matrix Multiplication (5, 2), mask 9
Fusing gate 26(1) for rank 3
c,t 3,0
Matrix Multiplication (5, 2), mask 9
Fusing gate 26(1) for rank 4
c,t 3,0
Matrix Multiplication (5, 2), mask 9
Fusing gate 26(1) for rank 5
c,t 3,0
Matrix Multiplication (5, 2), mask 9
Fusing gate 26(1) for rank 6
c,t 3,0
Matrix Multiplication (5, 2), mask 9
Fusing gate 26(1) for rank 7
c,t 3,0
Matrix Multiplication (5, 2), mask 9
Fusing gate 26(1) for rank 8
c,t 3,0
Matrix Multiplication (5, 2), mask 9
Fusing gate 26(1) for rank 9
c,t 3,0
Matrix Multiplication (5, 2), mask 9
Fusing gate 26(1) for rank 10
c,t 3,0
Matrix Multiplication (5, 2), mask 9
Fusing gate 26(1) for rank 11
c,t 3,0
Matrix Multiplication (5, 2), mask 9
Fusing gate 26(1) for rank 12
c,t 3,0
Matrix Multiplication (5, 2), mask 9
Fusing gate 26(1) for rank 13
c,t 3,0
Matrix Multiplication (5, 2), mask 9
Fusing gate 26(1) for rank 14
c,t 3,0
Matrix Multiplication (5, 2), mask 9
Fusing gate 26(1) for rank 15
c,t 3,0
Matrix Multiplication (5, 2), mask 9
Gate 11: [2, 0, ]
Fusing gate 26(1) for rank 0
c,t 2,0
Matrix Multiplication (5, 2), mask 5
Fusing gate 26(1) for rank 1
c,t 2,0
Matrix Multiplication (5, 2), mask 5
Fusing gate 26(1) for rank 2
c,t 2,0
Matrix Multiplication (5, 2), mask 5
Fusing gate 26(1) for rank 3
c,t 2,0
Matrix Multiplication (5, 2), mask 5
Fusing gate 26(1) for rank 4
c,t 2,0
Matrix Multiplication (5, 2), mask 5
Fusing gate 26(1) for rank 5
c,t 2,0
Matrix Multiplication (5, 2), mask 5
Fusing gate 26(1) for rank 6
c,t 2,0
Matrix Multiplication (5, 2), mask 5
Fusing gate 26(1) for rank 7
c,t 2,0
Matrix Multiplication (5, 2), mask 5
Fusing gate 26(1) for rank 8
c,t 2,0
Matrix Multiplication (5, 2), mask 5
Fusing gate 26(1) for rank 9
c,t 2,0
Matrix Multiplication (5, 2), mask 5
Fusing gate 26(1) for rank 10
c,t 2,0
Matrix Multiplication (5, 2), mask 5
Fusing gate 26(1) for rank 11
c,t 2,0
Matrix Multiplication (5, 2), mask 5
Fusing gate 26(1) for rank 12
c,t 2,0
Matrix Multiplication (5, 2), mask 5
Fusing gate 26(1) for rank 13
c,t 2,0
Matrix Multiplication (5, 2), mask 5
Fusing gate 26(1) for rank 14
c,t 2,0
Matrix Multiplication (5, 2), mask 5
Fusing gate 26(1) for rank 15
c,t 2,0
Matrix Multiplication (5, 2), mask 5
Gate 12: [1, ]
Fusing gate 0(0) for rank 0
t 1
Matrix Multiplication (5, 1), mask 2
Fusing gate 0(0) for rank 1
t 1
Matrix Multiplication (5, 1), mask 2
Fusing gate 0(0) for rank 2
t 1
Matrix Multiplication (5, 1), mask 2
Fusing gate 0(0) for rank 3
t 1
Matrix Multiplication (5, 1), mask 2
Fusing gate 0(0) for rank 4
t 1
Matrix Multiplication (5, 1), mask 2
Fusing gate 0(0) for rank 5
t 1
Matrix Multiplication (5, 1), mask 2
Fusing gate 0(0) for rank 6
t 1
Matrix Multiplication (5, 1), mask 2
Fusing gate 0(0) for rank 7
t 1
Matrix Multiplication (5, 1), mask 2
Fusing gate 0(0) for rank 8
t 1
Matrix Multiplication (5, 1), mask 2
Fusing gate 0(0) for rank 9
t 1
Matrix Multiplication (5, 1), mask 2
Fusing gate 0(0) for rank 10
t 1
Matrix Multiplication (5, 1), mask 2
Fusing gate 0(0) for rank 11
t 1
Matrix Multiplication (5, 1), mask 2
Fusing gate 0(0) for rank 12
t 1
Matrix Multiplication (5, 1), mask 2
Fusing gate 0(0) for rank 13
t 1
Matrix Multiplication (5, 1), mask 2
Fusing gate 0(0) for rank 14
t 1
Matrix Multiplication (5, 1), mask 2
Fusing gate 0(0) for rank 15
t 1
Matrix Multiplication (5, 1), mask 2
Gate 13: [1, 0, ]
Fusing gate 26(1) for rank 0
c,t 1,0
Matrix Multiplication (5, 2), mask 3
Fusing gate 26(1) for rank 1
c,t 1,0
Matrix Multiplication (5, 2), mask 3
Fusing gate 26(1) for rank 2
c,t 1,0
Matrix Multiplication (5, 2), mask 3
Fusing gate 26(1) for rank 3
c,t 1,0
Matrix Multiplication (5, 2), mask 3
Fusing gate 26(1) for rank 4
c,t 1,0
Matrix Multiplication (5, 2), mask 3
Fusing gate 26(1) for rank 5
c,t 1,0
Matrix Multiplication (5, 2), mask 3
Fusing gate 26(1) for rank 6
c,t 1,0
Matrix Multiplication (5, 2), mask 3
Fusing gate 26(1) for rank 7
c,t 1,0
Matrix Multiplication (5, 2), mask 3
Fusing gate 26(1) for rank 8
c,t 1,0
Matrix Multiplication (5, 2), mask 3
Fusing gate 26(1) for rank 9
c,t 1,0
Matrix Multiplication (5, 2), mask 3
Fusing gate 26(1) for rank 10
c,t 1,0
Matrix Multiplication (5, 2), mask 3
Fusing gate 26(1) for rank 11
c,t 1,0
Matrix Multiplication (5, 2), mask 3
Fusing gate 26(1) for rank 12
c,t 1,0
Matrix Multiplication (5, 2), mask 3
Fusing gate 26(1) for rank 13
c,t 1,0
Matrix Multiplication (5, 2), mask 3
Fusing gate 26(1) for rank 14
c,t 1,0
Matrix Multiplication (5, 2), mask 3
Fusing gate 26(1) for rank 15
c,t 1,0
Matrix Multiplication (5, 2), mask 3
Gate 14: [0, ]
Fusing gate 0(0) for rank 0
t 0
Matrix Multiplication (5, 1), mask 1
Fusing gate 0(0) for rank 1
t 0
Matrix Multiplication (5, 1), mask 1
Fusing gate 0(0) for rank 2
t 0
Matrix Multiplication (5, 1), mask 1
Fusing gate 0(0) for rank 3
t 0
Matrix Multiplication (5, 1), mask 1
Fusing gate 0(0) for rank 4
t 0
Matrix Multiplication (5, 1), mask 1
Fusing gate 0(0) for rank 5
t 0
Matrix Multiplication (5, 1), mask 1
Fusing gate 0(0) for rank 6
t 0
Matrix Multiplication (5, 1), mask 1
Fusing gate 0(0) for rank 7
t 0
Matrix Multiplication (5, 1), mask 1
Fusing gate 0(0) for rank 8
t 0
Matrix Multiplication (5, 1), mask 1
Fusing gate 0(0) for rank 9
t 0
Matrix Multiplication (5, 1), mask 1
Fusing gate 0(0) for rank 10
t 0
Matrix Multiplication (5, 1), mask 1
Fusing gate 0(0) for rank 11
t 0
Matrix Multiplication (5, 1), mask 1
Fusing gate 0(0) for rank 12
t 0
Matrix Multiplication (5, 1), mask 1
Fusing gate 0(0) for rank 13
t 0
Matrix Multiplication (5, 1), mask 1
Fusing gate 0(0) for rank 14
t 0
Matrix Multiplication (5, 1), mask 1
Fusing gate 0(0) for rank 15
t 0
Matrix Multiplication (5, 1), mask 1
Compilation Done! 
Num Shuffles: 1
Num FUSION Kernel: 4
Num SHM Kernel: 3
Start Simulating...
Simulator (offloading) is running...
Creating regions...
num_state_vectors: 8
Num_local_qubits = 28
Num_local_qubits = 28
Init done..
sizeof FusedGate: 40 Bytes
batch id 0
fused: 0
shm: 0
Apply gates batch 0
batch id 1
fused: 1
shm: 136
fused: 2
shm: 364
fused: 3
Apply gates batch 1
my chunk id 0, num_sv_cpu 8, at 0[0]
ok
my chunk id 1, num_sv_cpu 8, at 0[1]
ok
my chunk id 2, num_sv_cpu 8, at 1[0]
ok
my chunk id 3, num_sv_cpu 8, at 1[1]
ok
my chunk id 4, num_sv_cpu 8, at 2[0]
ok
my chunk id 5, num_sv_cpu 8, at 2[1]
ok
my chunk id 6, num_sv_cpu 8, at 3[0]
ok
my chunk id 7, num_sv_cpu 8, at 3[1]
ok
my chunk id 8, num_sv_cpu 8, at 4[0]
ok
my chunk id 9, num_sv_cpu 8, at 4[1]
ok
my chunk id 10, num_sv_cpu 8, at 5[0]
ok
my chunk id 11, num_sv_cpu 8, at 5[1]
ok
my chunk id 12, num_sv_cpu 8, at 6[0]
ok
my chunk id 13, num_sv_cpu 8, at 6[1]
ok
my chunk id 14, num_sv_cpu 8, at 7[0]
ok
my chunk id 15, num_sv_cpu 8, at 7[1]
ok
Solving ILP for num_qubits=32, num_local_qubits=28, num_global_qubits=2, num_iterations=1...
Available solvers: ['PULP_CBC_CMD']
Solving ILP for num_qubits=32, num_local_qubits=28, num_global_qubits=2, num_iterations=2...
Available solvers: ['PULP_CBC_CMD']
ELAPSED TIME = 4.4184s
