Logger[61]: Local GPU: 4
Logger[61]: [0] NVIDIA A100-SXM4-80GB
Logger[61]: [1] NVIDIA A100-SXM4-80GB
Logger[61]: [2] NVIDIA A100-SXM4-80GB
Logger[61]: [3] NVIDIA A100-SXM4-80GB
Logger[61]: Compile Time: 30823 us + 12544 us = 43367 us
Logger[61]: Time Cost: 10044956 us
Logger[62]: Local GPU: 4
Logger[62]: [0] NVIDIA A100-SXM4-80GB
Logger[62]: [1] NVIDIA A100-SXM4-80GB
Logger[62]: [2] NVIDIA A100-SXM4-80GB
Logger[62]: [3] NVIDIA A100-SXM4-80GB
Logger[62]: Compile Time: 179 us + 12172 us = 12351 us
Logger[62]: Time Cost: 10041283 us
Logger[63]: Local GPU: 4
Logger[63]: [0] NVIDIA A100-SXM4-80GB
Logger[63]: [1] NVIDIA A100-SXM4-80GB
Logger[63]: [2] NVIDIA A100-SXM4-80GB
Logger[63]: [3] NVIDIA A100-SXM4-80GB
Logger[63]: Compile Time: 64591 us + 12116 us = 76707 us
Logger[63]: Time Cost: 10041187 us
Logger[10]: Local GPU: 4
Logger[10]: [0] NVIDIA A100-SXM4-40GB
Logger[10]: [1] NVIDIA A100-SXM4-40GB
Logger[10]: [2] NVIDIA A100-SXM4-40GB
Logger[10]: [3] NVIDIA A100-SXM4-40GB
Logger[10]: Compile Time: 28808 us + 15286 us = 44094 us
Logger[10]: Time Cost: 9997145 us
Logger[60]: Local GPU: 4
Logger[60]: [0] NVIDIA A100-SXM4-40GB
Logger[60]: [1] NVIDIA A100-SXM4-40GB
Logger[60]: [2] NVIDIA A100-SXM4-40GB
Logger[60]: [3] NVIDIA A100-SXM4-40GB
Logger[60]: Compile Time: 49534 us + 12387 us = 61921 us
Logger[60]: Time Cost: 10029356 us
Logger[6]: Local GPU: 4
Logger[6]: [0] NVIDIA A100-SXM4-40GB
Logger[6]: [1] NVIDIA A100-SXM4-40GB
Logger[6]: [2] NVIDIA A100-SXM4-40GB
Logger[6]: [3] NVIDIA A100-SXM4-40GB
Logger[6]: Compile Time: 207 us + 12102 us = 12309 us
Logger[6]: Time Cost: 10031530 us
Logger[55]: Local GPU: 4
Logger[55]: [0] NVIDIA A100-SXM4-40GB
Logger[55]: [1] NVIDIA A100-SXM4-40GB
Logger[55]: [2] NVIDIA A100-SXM4-40GB
Logger[55]: [3] NVIDIA A100-SXM4-40GB
Logger[55]: Compile Time: 44908 us + 12353 us = 57261 us
Logger[55]: Time Cost: 10026482 us
Logger[49]: Local GPU: 4
Logger[49]: [0] NVIDIA A100-SXM4-40GB
Logger[49]: [1] NVIDIA A100-SXM4-40GB
Logger[49]: [2] NVIDIA A100-SXM4-40GB
Logger[49]: [3] NVIDIA A100-SXM4-40GB
Logger[49]: Compile Time: 148 us + 12281 us = 12429 us
Logger[49]: Time Cost: 10028748 us
Logger[9]: Local GPU: 4
Logger[9]: [0] NVIDIA A100-SXM4-40GB
Logger[9]: [1] NVIDIA A100-SXM4-40GB
Logger[9]: [2] NVIDIA A100-SXM4-40GB
Logger[9]: [3] NVIDIA A100-SXM4-40GB
Logger[9]: Compile Time: 155 us + 12462 us = 12617 us
Logger[9]: Time Cost: 10018563 us
Logger[13]: Local GPU: 4
Logger[13]: [0] NVIDIA A100-SXM4-40GB
Logger[13]: [1] NVIDIA A100-SXM4-40GB
Logger[13]: [2] NVIDIA A100-SXM4-40GB
Logger[13]: [3] NVIDIA A100-SXM4-40GB
Logger[13]: Compile Time: 147 us + 13432 us = 13579 us
Logger[13]: Time Cost: 10002027 us
Logger[8]: Local GPU: 4
Logger[8]: [0] NVIDIA A100-SXM4-40GB
Logger[8]: [1] NVIDIA A100-SXM4-40GB
Logger[8]: [2] NVIDIA A100-SXM4-40GB
Logger[8]: [3] NVIDIA A100-SXM4-40GB
Logger[8]: Compile Time: 60332 us + 13533 us = 73865 us
Logger[8]: Time Cost: 10006618 us
Logger[14]: Local GPU: 4
Logger[14]: [0] NVIDIA A100-SXM4-40GB
Logger[14]: [1] NVIDIA A100-SXM4-40GB
Logger[14]: [2] NVIDIA A100-SXM4-40GB
Logger[14]: [3] NVIDIA A100-SXM4-40GB
Logger[14]: Compile Time: 180 us + 12265 us = 12445 us
Logger[14]: Time Cost: 9994251 us
Logger[1]: Local GPU: 4
Logger[1]: [0] NVIDIA A100-SXM4-40GB
Logger[1]: [1] NVIDIA A100-SXM4-40GB
Logger[1]: [2] NVIDIA A100-SXM4-40GB
Logger[1]: [3] NVIDIA A100-SXM4-40GB
Logger[1]: Compile Time: 4790 us + 16250 us = 21040 us
Logger[1]: Time Cost: 10032258 us
Logger[24]: Local GPU: 4
Logger[24]: [0] NVIDIA A100-SXM4-40GB
Logger[24]: [1] NVIDIA A100-SXM4-40GB
Logger[24]: [2] NVIDIA A100-SXM4-40GB
Logger[24]: [3] NVIDIA A100-SXM4-40GB
Logger[24]: Compile Time: 62019 us + 16810 us = 78829 us
Logger[24]: Time Cost: 10031166 us
Logger[56]: Local GPU: 4
Logger[56]: [0] NVIDIA A100-SXM4-40GB
Logger[56]: [1] NVIDIA A100-SXM4-40GB
Logger[56]: [2] NVIDIA A100-SXM4-40GB
Logger[56]: [3] NVIDIA A100-SXM4-40GB
Logger[56]: Compile Time: 48298 us + 18269 us = 66567 us
Logger[56]: Time Cost: 9989089 us
Logger[58]: Local GPU: 4
Logger[58]: [0] NVIDIA A100-SXM4-40GB
Logger[58]: [1] NVIDIA A100-SXM4-40GB
Logger[58]: [2] NVIDIA A100-SXM4-40GB
Logger[58]: [3] NVIDIA A100-SXM4-40GB
Logger[58]: Compile Time: 172 us + 12649 us = 12821 us
Logger[58]: Time Cost: 9993912 us
Logger[48]: Local GPU: 4
Logger[48]: [0] NVIDIA A100-SXM4-40GB
Logger[48]: [1] NVIDIA A100-SXM4-40GB
Logger[48]: [2] NVIDIA A100-SXM4-40GB
Logger[48]: [3] NVIDIA A100-SXM4-40GB
Logger[48]: Compile Time: 48210 us + 12433 us = 60643 us
Logger[48]: Time Cost: 10009595 us
Logger[34]: Local GPU: 4
Logger[34]: [0] NVIDIA A100-SXM4-40GB
Logger[34]: [1] NVIDIA A100-SXM4-40GB
Logger[34]: [2] NVIDIA A100-SXM4-40GB
Logger[34]: [3] NVIDIA A100-SXM4-40GB
Logger[34]: Compile Time: 191 us + 12201 us = 12392 us
Logger[34]: Time Cost: 9996438 us
Logger[23]: Local GPU: 4
Logger[23]: [0] NVIDIA A100-SXM4-40GB
Logger[23]: [1] NVIDIA A100-SXM4-40GB
Logger[23]: [2] NVIDIA A100-SXM4-40GB
Logger[23]: [3] NVIDIA A100-SXM4-40GB
Logger[23]: Compile Time: 38113 us + 15325 us = 53438 us
Logger[23]: Time Cost: 10029933 us
Logger[5]: Local GPU: 4
Logger[5]: [0] NVIDIA A100-SXM4-40GB
Logger[5]: [1] NVIDIA A100-SXM4-40GB
Logger[5]: [2] NVIDIA A100-SXM4-40GB
Logger[5]: [3] NVIDIA A100-SXM4-40GB
Logger[5]: Compile Time: 27077 us + 12442 us = 39519 us
Logger[5]: Time Cost: 10041324 us
Logger[33]: Local GPU: 4
Logger[33]: [0] NVIDIA A100-SXM4-40GB
Logger[33]: [1] NVIDIA A100-SXM4-40GB
Logger[33]: [2] NVIDIA A100-SXM4-40GB
Logger[33]: [3] NVIDIA A100-SXM4-40GB
Logger[33]: Compile Time: 7763 us + 15815 us = 23578 us
Logger[33]: Time Cost: 9981516 us
Logger[25]: Local GPU: 4
Logger[25]: [0] NVIDIA A100-SXM4-40GB
Logger[25]: [1] NVIDIA A100-SXM4-40GB
Logger[25]: [2] NVIDIA A100-SXM4-40GB
Logger[25]: [3] NVIDIA A100-SXM4-40GB
Logger[25]: Compile Time: 39287 us + 12412 us = 51699 us
Logger[25]: Time Cost: 10041556 us
Logger[31]: Local GPU: 4
Logger[31]: [0] NVIDIA A100-SXM4-40GB
Logger[31]: [1] NVIDIA A100-SXM4-40GB
Logger[31]: [2] NVIDIA A100-SXM4-40GB
Logger[31]: [3] NVIDIA A100-SXM4-40GB
Logger[31]: Compile Time: 78561 us + 18246 us = 96807 us
Logger[31]: Time Cost: 10028167 us
Logger[3]: Local GPU: 4
Logger[3]: [0] NVIDIA A100-SXM4-40GB
Logger[3]: [1] NVIDIA A100-SXM4-40GB
Logger[3]: [2] NVIDIA A100-SXM4-40GB
Logger[3]: [3] NVIDIA A100-SXM4-40GB
Logger[3]: Compile Time: 61797 us + 12469 us = 74266 us
Logger[3]: Time Cost: 10020044 us
Logger[42]: Local GPU: 4
Logger[42]: [0] NVIDIA A100-SXM4-40GB
Logger[42]: [1] NVIDIA A100-SXM4-40GB
Logger[42]: [2] NVIDIA A100-SXM4-40GB
Logger[42]: [3] NVIDIA A100-SXM4-40GB
Logger[42]: Compile Time: 1534 us + 12780 us = 14314 us
Logger[42]: Time Cost: 10042291 us
Logger[50]: Local GPU: 4
Logger[50]: [0] NVIDIA A100-SXM4-40GB
Logger[50]: [1] NVIDIA A100-SXM4-40GB
Logger[50]: [2] NVIDIA A100-SXM4-40GB
Logger[50]: [3] NVIDIA A100-SXM4-40GB
Logger[50]: Compile Time: 169 us + 19147 us = 19316 us
Logger[50]: Time Cost: 9991095 us
Logger[57]: Local GPU: 4
Logger[57]: [0] NVIDIA A100-SXM4-40GB
Logger[57]: [1] NVIDIA A100-SXM4-40GB
Logger[57]: [2] NVIDIA A100-SXM4-40GB
Logger[57]: [3] NVIDIA A100-SXM4-40GB
Logger[57]: Compile Time: 13858 us + 12482 us = 26340 us
Logger[57]: Time Cost: 9994659 us
Logger[27]: Local GPU: 4
Logger[27]: [0] NVIDIA A100-SXM4-40GB
Logger[27]: [1] NVIDIA A100-SXM4-40GB
Logger[27]: [2] NVIDIA A100-SXM4-40GB
Logger[27]: [3] NVIDIA A100-SXM4-40GB
Logger[27]: Compile Time: 43577 us + 12504 us = 56081 us
Logger[27]: Time Cost: 10042407 us
Logger[4]: Local GPU: 4
Logger[4]: [0] NVIDIA A100-SXM4-40GB
Logger[4]: [1] NVIDIA A100-SXM4-40GB
Logger[4]: [2] NVIDIA A100-SXM4-40GB
Logger[4]: [3] NVIDIA A100-SXM4-40GB
Logger[4]: Compile Time: 37382 us + 12194 us = 49576 us
Logger[4]: Time Cost: 10029893 us
Logger[37]: Local GPU: 4
Logger[37]: [0] NVIDIA A100-SXM4-40GB
Logger[37]: [1] NVIDIA A100-SXM4-40GB
Logger[37]: [2] NVIDIA A100-SXM4-40GB
Logger[37]: [3] NVIDIA A100-SXM4-40GB
Logger[37]: Compile Time: 5147 us + 12282 us = 17429 us
Logger[37]: Time Cost: 10041837 us
Logger[35]: Local GPU: 4
Logger[35]: [0] NVIDIA A100-SXM4-40GB
Logger[35]: [1] NVIDIA A100-SXM4-40GB
Logger[35]: [2] NVIDIA A100-SXM4-40GB
Logger[35]: [3] NVIDIA A100-SXM4-40GB
Logger[35]: Compile Time: 15404 us + 12285 us = 27689 us
Logger[35]: Time Cost: 9996271 us
Logger[45]: Local GPU: 4
Logger[45]: [0] NVIDIA A100-SXM4-40GB
Logger[45]: [1] NVIDIA A100-SXM4-40GB
Logger[45]: [2] NVIDIA A100-SXM4-40GB
Logger[45]: [3] NVIDIA A100-SXM4-40GB
Logger[45]: Compile Time: 63498 us + 12336 us = 75834 us
Logger[45]: Time Cost: 10043177 us
Logger[20]: Local GPU: 4
Logger[20]: [0] NVIDIA A100-SXM4-40GB
Logger[20]: [1] NVIDIA A100-SXM4-40GB
Logger[20]: [2] NVIDIA A100-SXM4-40GB
Logger[20]: [3] NVIDIA A100-SXM4-40GB
Logger[20]: Compile Time: 34842 us + 12111 us = 46953 us
Logger[20]: Time Cost: 10043409 us
Logger[40]: Local GPU: 4
Logger[40]: [0] NVIDIA A100-SXM4-40GB
Logger[40]: [1] NVIDIA A100-SXM4-40GB
Logger[40]: [2] NVIDIA A100-SXM4-40GB
Logger[40]: [3] NVIDIA A100-SXM4-40GB
Logger[40]: Compile Time: 71950 us + 12642 us = 84592 us
Logger[40]: Time Cost: 10007199 us
Logger[47]: Local GPU: 4
Logger[47]: [0] NVIDIA A100-SXM4-40GB
Logger[47]: [1] NVIDIA A100-SXM4-40GB
Logger[47]: [2] NVIDIA A100-SXM4-40GB
Logger[47]: [3] NVIDIA A100-SXM4-40GB
Logger[47]: Compile Time: 83096 us + 12584 us = 95680 us
Logger[47]: Time Cost: 10041999 us
Logger[28]: Local GPU: 4
Logger[28]: [0] NVIDIA A100-SXM4-40GB
Logger[28]: [1] NVIDIA A100-SXM4-40GB
Logger[28]: [2] NVIDIA A100-SXM4-40GB
Logger[28]: [3] NVIDIA A100-SXM4-40GB
Logger[28]: Compile Time: 19122 us + 12343 us = 31465 us
Logger[28]: Time Cost: 10042443 us
Logger[43]: Local GPU: 4
Logger[43]: [0] NVIDIA A100-SXM4-40GB
Logger[43]: [1] NVIDIA A100-SXM4-40GB
Logger[43]: [2] NVIDIA A100-SXM4-40GB
Logger[43]: [3] NVIDIA A100-SXM4-40GB
Logger[43]: Compile Time: 10283 us + 16064 us = 26347 us
Logger[43]: Time Cost: 10038704 us
Logger[51]: Local GPU: 4
Logger[51]: [0] NVIDIA A100-SXM4-40GB
Logger[51]: [1] NVIDIA A100-SXM4-40GB
Logger[51]: [2] NVIDIA A100-SXM4-40GB
Logger[51]: [3] NVIDIA A100-SXM4-40GB
Logger[51]: Compile Time: 49331 us + 12381 us = 61712 us
Logger[51]: Time Cost: 10009699 us
Logger[18]: Local GPU: 4
Logger[18]: [0] NVIDIA A100-SXM4-40GB
Logger[18]: [1] NVIDIA A100-SXM4-40GB
Logger[18]: [2] NVIDIA A100-SXM4-40GB
Logger[18]: [3] NVIDIA A100-SXM4-40GB
Logger[18]: Compile Time: 5418 us + 13605 us = 19023 us
Logger[18]: Time Cost: 10042167 us
Logger[16]: Local GPU: 4
Logger[16]: [0] NVIDIA A100-SXM4-40GB
Logger[16]: [1] NVIDIA A100-SXM4-40GB
Logger[16]: [2] NVIDIA A100-SXM4-40GB
Logger[16]: [3] NVIDIA A100-SXM4-40GB
Logger[16]: Compile Time: 56211 us + 13001 us = 69212 us
Logger[16]: Time Cost: 10038443 us
Logger[26]: Local GPU: 4
Logger[26]: [0] NVIDIA A100-SXM4-40GB
Logger[26]: [1] NVIDIA A100-SXM4-40GB
Logger[26]: [2] NVIDIA A100-SXM4-40GB
Logger[26]: [3] NVIDIA A100-SXM4-40GB
Logger[26]: Compile Time: 37759 us + 12299 us = 50058 us
Logger[26]: Time Cost: 10043167 us
Logger[19]: Local GPU: 4
Logger[19]: [0] NVIDIA A100-SXM4-40GB
Logger[19]: [1] NVIDIA A100-SXM4-40GB
Logger[19]: [2] NVIDIA A100-SXM4-40GB
Logger[19]: [3] NVIDIA A100-SXM4-40GB
Logger[19]: Compile Time: 46842 us + 12888 us = 59730 us
Logger[19]: Time Cost: 10029333 us
Logger[36]: Local GPU: 4
Logger[36]: [0] NVIDIA A100-SXM4-40GB
Logger[36]: [1] NVIDIA A100-SXM4-40GB
Logger[36]: [2] NVIDIA A100-SXM4-40GB
Logger[36]: [3] NVIDIA A100-SXM4-40GB
Logger[36]: Compile Time: 39597 us + 12361 us = 51958 us
Logger[36]: Time Cost: 10011213 us
Logger[22]: Local GPU: 4
Logger[22]: [0] NVIDIA A100-SXM4-40GB
Logger[22]: [1] NVIDIA A100-SXM4-40GB
Logger[22]: [2] NVIDIA A100-SXM4-40GB
Logger[22]: [3] NVIDIA A100-SXM4-40GB
Logger[22]: Compile Time: 39588 us + 15890 us = 55478 us
Logger[22]: Time Cost: 10028322 us
Logger[46]: Local GPU: 4
Logger[46]: [0] NVIDIA A100-SXM4-40GB
Logger[46]: [1] NVIDIA A100-SXM4-40GB
Logger[46]: [2] NVIDIA A100-SXM4-40GB
Logger[46]: [3] NVIDIA A100-SXM4-40GB
Logger[46]: Compile Time: 34093 us + 12943 us = 47036 us
Logger[46]: Time Cost: 10041990 us
Logger[38]: Local GPU: 4
Logger[38]: [0] NVIDIA A100-SXM4-40GB
Logger[38]: [1] NVIDIA A100-SXM4-40GB
Logger[38]: [2] NVIDIA A100-SXM4-40GB
Logger[38]: [3] NVIDIA A100-SXM4-40GB
Logger[38]: Compile Time: 172 us + 12006 us = 12178 us
Logger[38]: Time Cost: 10006267 us
Logger[44]: Local GPU: 4
Logger[44]: [0] NVIDIA A100-SXM4-40GB
Logger[44]: [1] NVIDIA A100-SXM4-40GB
Logger[44]: [2] NVIDIA A100-SXM4-40GB
Logger[44]: [3] NVIDIA A100-SXM4-40GB
Logger[44]: Compile Time: 60222 us + 12165 us = 72387 us
Logger[44]: Time Cost: 10038752 us
Logger[53]: Local GPU: 4
Logger[53]: [0] NVIDIA A100-SXM4-40GB
Logger[53]: [1] NVIDIA A100-SXM4-40GB
Logger[53]: [2] NVIDIA A100-SXM4-40GB
Logger[53]: [3] NVIDIA A100-SXM4-40GB
Logger[53]: Compile Time: 154 us + 12618 us = 12772 us
Logger[53]: Time Cost: 10032967 us
Logger[15]: Local GPU: 4
Logger[15]: [0] NVIDIA A100-SXM4-40GB
Logger[15]: [1] NVIDIA A100-SXM4-40GB
Logger[15]: [2] NVIDIA A100-SXM4-40GB
Logger[15]: [3] NVIDIA A100-SXM4-40GB
Logger[15]: Compile Time: 2408 us + 12407 us = 14815 us
Logger[15]: Time Cost: 9994156 us
Logger[59]: Local GPU: 4
Logger[59]: [0] NVIDIA A100-SXM4-40GB
Logger[59]: [1] NVIDIA A100-SXM4-40GB
Logger[59]: [2] NVIDIA A100-SXM4-40GB
Logger[59]: [3] NVIDIA A100-SXM4-40GB
Logger[59]: Compile Time: 49474 us + 12230 us = 61704 us
Logger[59]: Time Cost: 9994675 us
Logger[0]: Local GPU: 4
Logger[0]: [0] NVIDIA A100-SXM4-40GB
Logger[0]: [1] NVIDIA A100-SXM4-40GB
Logger[0]: [2] NVIDIA A100-SXM4-40GB
Logger[0]: [3] NVIDIA A100-SXM4-40GB
Logger[0]: Total Gates 806
Logger[0]: Total Groups: 3 15 589 217
Logger[0]: Compile Time: 28946 us + 15449 us = 44395 us
Logger[0]: Time Cost: 10016847 us
Logger[12]: Local GPU: 4
Logger[12]: [0] NVIDIA A100-SXM4-40GB
Logger[12]: [1] NVIDIA A100-SXM4-40GB
Logger[12]: [2] NVIDIA A100-SXM4-40GB
Logger[12]: [3] NVIDIA A100-SXM4-40GB
Logger[12]: Compile Time: 35457 us + 12297 us = 47754 us
Logger[12]: Time Cost: 9993752 us
Logger[54]: Local GPU: 4
Logger[54]: [0] NVIDIA A100-SXM4-40GB
Logger[54]: [1] NVIDIA A100-SXM4-40GB
Logger[54]: [2] NVIDIA A100-SXM4-40GB
Logger[54]: [3] NVIDIA A100-SXM4-40GB
Logger[54]: Compile Time: 172 us + 12002 us = 12174 us
Logger[54]: Time Cost: 10027187 us
Logger[30]: Local GPU: 4
Logger[30]: [0] NVIDIA A100-SXM4-40GB
Logger[30]: [1] NVIDIA A100-SXM4-40GB
Logger[30]: [2] NVIDIA A100-SXM4-40GB
Logger[30]: [3] NVIDIA A100-SXM4-40GB
Logger[30]: Compile Time: 14936 us + 12298 us = 27234 us
Logger[30]: Time Cost: 10042363 us
Logger[39]: Local GPU: 4
Logger[39]: [0] NVIDIA A100-SXM4-40GB
Logger[39]: [1] NVIDIA A100-SXM4-40GB
Logger[39]: [2] NVIDIA A100-SXM4-40GB
Logger[39]: [3] NVIDIA A100-SXM4-40GB
Logger[39]: Compile Time: 64922 us + 12388 us = 77310 us
Logger[39]: Time Cost: 10011356 us
Logger[2]: Local GPU: 4
Logger[2]: [0] NVIDIA A100-SXM4-40GB
Logger[2]: [1] NVIDIA A100-SXM4-40GB
Logger[2]: [2] NVIDIA A100-SXM4-40GB
Logger[2]: [3] NVIDIA A100-SXM4-40GB
Logger[2]: Compile Time: 203 us + 12927 us = 13130 us
Logger[2]: Time Cost: 10020087 us
Logger[29]: Local GPU: 4
Logger[29]: [0] NVIDIA A100-SXM4-40GB
Logger[29]: [1] NVIDIA A100-SXM4-40GB
Logger[29]: [2] NVIDIA A100-SXM4-40GB
Logger[29]: [3] NVIDIA A100-SXM4-40GB
Logger[29]: Compile Time: 12759 us + 12255 us = 25014 us
Logger[29]: Time Cost: 10042678 us
Logger[11]: Local GPU: 4
Logger[11]: [0] NVIDIA A100-SXM4-40GB
Logger[11]: [1] NVIDIA A100-SXM4-40GB
Logger[11]: [2] NVIDIA A100-SXM4-40GB
Logger[11]: [3] NVIDIA A100-SXM4-40GB
Logger[11]: Compile Time: 154 us + 12972 us = 13126 us
Logger[11]: Time Cost: 10001667 us
Logger[41]: Local GPU: 4
Logger[41]: [0] NVIDIA A100-SXM4-40GB
Logger[41]: [1] NVIDIA A100-SXM4-40GB
Logger[41]: [2] NVIDIA A100-SXM4-40GB
Logger[41]: [3] NVIDIA A100-SXM4-40GB
Logger[41]: Compile Time: 145 us + 12437 us = 12582 us
Logger[41]: Time Cost: 10007544 us
Logger[17]: Local GPU: 4
Logger[17]: [0] NVIDIA A100-SXM4-40GB
Logger[17]: [1] NVIDIA A100-SXM4-40GB
Logger[17]: [2] NVIDIA A100-SXM4-40GB
Logger[17]: [3] NVIDIA A100-SXM4-40GB
Logger[17]: Compile Time: 31252 us + 12194 us = 43446 us
Logger[17]: Time Cost: 10038280 us
Logger[32]: Local GPU: 4
Logger[32]: [0] NVIDIA A100-SXM4-40GB
Logger[32]: [1] NVIDIA A100-SXM4-40GB
Logger[32]: [2] NVIDIA A100-SXM4-40GB
Logger[32]: [3] NVIDIA A100-SXM4-40GB
Logger[32]: Compile Time: 46571 us + 12118 us = 58689 us
Logger[32]: Time Cost: 9996520 us
Logger[21]: Local GPU: 4
Logger[21]: [0] NVIDIA A100-SXM4-40GB
Logger[21]: [1] NVIDIA A100-SXM4-40GB
Logger[21]: [2] NVIDIA A100-SXM4-40GB
Logger[21]: [3] NVIDIA A100-SXM4-40GB
Logger[21]: Compile Time: 52548 us + 12175 us = 64723 us
Logger[21]: Time Cost: 10037655 us
Logger[52]: Local GPU: 4
Logger[52]: [0] NVIDIA A100-SXM4-40GB
Logger[52]: [1] NVIDIA A100-SXM4-40GB
Logger[52]: [2] NVIDIA A100-SXM4-40GB
Logger[52]: [3] NVIDIA A100-SXM4-40GB
Logger[52]: Compile Time: 44434 us + 15471 us = 59905 us
Logger[52]: Time Cost: 10021902 us
Logger[7]: Local GPU: 4
Logger[7]: [0] NVIDIA A100-SXM4-40GB
Logger[7]: [1] NVIDIA A100-SXM4-40GB
Logger[7]: [2] NVIDIA A100-SXM4-40GB
Logger[7]: [3] NVIDIA A100-SXM4-40GB
Logger[7]: Compile Time: 95409 us + 17830 us = 113239 us
Logger[7]: Time Cost: 10015645 us
