Logger[4]: Local GPU: 4
Logger[4]: [0] NVIDIA A100-SXM4-40GB
Logger[4]: [1] NVIDIA A100-SXM4-40GB
Logger[4]: [2] NVIDIA A100-SXM4-40GB
Logger[4]: [3] NVIDIA A100-SXM4-40GB
Logger[4]: Compile Time: 47136 us + 10889 us = 58025 us
Logger[4]: Time Cost: 5881214 us
Logger[27]: Local GPU: 4
Logger[27]: [0] NVIDIA A100-SXM4-40GB
Logger[27]: [1] NVIDIA A100-SXM4-40GB
Logger[27]: [2] NVIDIA A100-SXM4-40GB
Logger[27]: [3] NVIDIA A100-SXM4-40GB
Logger[27]: Compile Time: 82057 us + 11165 us = 93222 us
Logger[27]: Time Cost: 5880688 us
Logger[26]: Local GPU: 4
Logger[26]: [0] NVIDIA A100-SXM4-40GB
Logger[26]: [1] NVIDIA A100-SXM4-40GB
Logger[26]: [2] NVIDIA A100-SXM4-40GB
Logger[26]: [3] NVIDIA A100-SXM4-40GB
Logger[26]: Compile Time: 23213 us + 11373 us = 34586 us
Logger[26]: Time Cost: 5880315 us
Logger[3]: Local GPU: 4
Logger[3]: [0] NVIDIA A100-SXM4-40GB
Logger[3]: [1] NVIDIA A100-SXM4-40GB
Logger[3]: [2] NVIDIA A100-SXM4-40GB
Logger[3]: [3] NVIDIA A100-SXM4-40GB
Logger[3]: Compile Time: 693629 us + 11309 us = 704938 us
Logger[3]: Time Cost: 5163623 us
Logger[31]: Local GPU: 4
Logger[31]: [0] NVIDIA A100-SXM4-80GB
Logger[31]: [1] NVIDIA A100-SXM4-80GB
Logger[31]: [2] NVIDIA A100-SXM4-80GB
Logger[31]: [3] NVIDIA A100-SXM4-80GB
Logger[31]: Compile Time: 47424 us + 10997 us = 58421 us
Logger[31]: Time Cost: 5885776 us
Logger[2]: Local GPU: 4
Logger[2]: [0] NVIDIA A100-SXM4-40GB
Logger[2]: [1] NVIDIA A100-SXM4-40GB
Logger[2]: [2] NVIDIA A100-SXM4-40GB
Logger[2]: [3] NVIDIA A100-SXM4-40GB
Logger[2]: Compile Time: 221 us + 16780 us = 17001 us
Logger[2]: Time Cost: 5152751 us
Logger[28]: Local GPU: 4
Logger[28]: [0] NVIDIA A100-SXM4-40GB
Logger[28]: [1] NVIDIA A100-SXM4-40GB
Logger[28]: [2] NVIDIA A100-SXM4-40GB
Logger[28]: [3] NVIDIA A100-SXM4-40GB
Logger[28]: Compile Time: 40870 us + 11087 us = 51957 us
Logger[28]: Time Cost: 5874876 us
Logger[25]: Local GPU: 4
Logger[25]: [0] NVIDIA A100-SXM4-40GB
Logger[25]: [1] NVIDIA A100-SXM4-40GB
Logger[25]: [2] NVIDIA A100-SXM4-40GB
Logger[25]: [3] NVIDIA A100-SXM4-40GB
Logger[25]: Compile Time: 52304 us + 11259 us = 63563 us
Logger[25]: Time Cost: 5880369 us
Logger[29]: Local GPU: 4
Logger[29]: [0] NVIDIA A100-SXM4-40GB
Logger[29]: [1] NVIDIA A100-SXM4-40GB
Logger[29]: [2] NVIDIA A100-SXM4-40GB
Logger[29]: [3] NVIDIA A100-SXM4-40GB
Logger[29]: Compile Time: 169 us + 10949 us = 11118 us
Logger[29]: Time Cost: 5874967 us
Logger[0]: Local GPU: 4
Logger[0]: [0] NVIDIA A100-SXM4-40GB
Logger[0]: [1] NVIDIA A100-SXM4-40GB
Logger[0]: [2] NVIDIA A100-SXM4-40GB
Logger[0]: [3] NVIDIA A100-SXM4-40GB
Logger[0]: Total Gates 766
Logger[0]: Total Groups: 3 12 576 190
Logger[0]: Compile Time: 721091 us + 11217 us = 732308 us
Logger[0]: Time Cost: 5162901 us
Logger[7]: Local GPU: 4
Logger[7]: [0] NVIDIA A100-SXM4-40GB
Logger[7]: [1] NVIDIA A100-SXM4-40GB
Logger[7]: [2] NVIDIA A100-SXM4-40GB
Logger[7]: [3] NVIDIA A100-SXM4-40GB
Logger[7]: Compile Time: 81164 us + 11228 us = 92392 us
Logger[7]: Time Cost: 5880969 us
Logger[5]: Local GPU: 4
Logger[5]: [0] NVIDIA A100-SXM4-40GB
Logger[5]: [1] NVIDIA A100-SXM4-40GB
Logger[5]: [2] NVIDIA A100-SXM4-40GB
Logger[5]: [3] NVIDIA A100-SXM4-40GB
Logger[5]: Compile Time: 11658 us + 11055 us = 22713 us
Logger[5]: Time Cost: 5880453 us
Logger[20]: Local GPU: 4
Logger[20]: [0] NVIDIA A100-SXM4-40GB
Logger[20]: [1] NVIDIA A100-SXM4-40GB
Logger[20]: [2] NVIDIA A100-SXM4-40GB
Logger[20]: [3] NVIDIA A100-SXM4-40GB
Logger[20]: Compile Time: 44413 us + 11100 us = 55513 us
Logger[20]: Time Cost: 5866891 us
Logger[14]: Local GPU: 4
Logger[14]: [0] NVIDIA A100-SXM4-40GB
Logger[14]: [1] NVIDIA A100-SXM4-40GB
Logger[14]: [2] NVIDIA A100-SXM4-40GB
Logger[14]: [3] NVIDIA A100-SXM4-40GB
Logger[14]: Compile Time: 25300 us + 10887 us = 36187 us
Logger[14]: Time Cost: 5883510 us
Logger[15]: Local GPU: 4
Logger[15]: [0] NVIDIA A100-SXM4-40GB
Logger[15]: [1] NVIDIA A100-SXM4-40GB
Logger[15]: [2] NVIDIA A100-SXM4-40GB
Logger[15]: [3] NVIDIA A100-SXM4-40GB
Logger[15]: Compile Time: 67175 us + 11054 us = 78229 us
Logger[15]: Time Cost: 5883658 us
Logger[23]: Local GPU: 4
Logger[23]: [0] NVIDIA A100-SXM4-40GB
Logger[23]: [1] NVIDIA A100-SXM4-40GB
Logger[23]: [2] NVIDIA A100-SXM4-40GB
Logger[23]: [3] NVIDIA A100-SXM4-40GB
Logger[23]: Compile Time: 93349 us + 11288 us = 104637 us
Logger[23]: Time Cost: 5866601 us
Logger[8]: Local GPU: 4
Logger[8]: [0] NVIDIA A100-SXM4-40GB
Logger[8]: [1] NVIDIA A100-SXM4-40GB
Logger[8]: [2] NVIDIA A100-SXM4-40GB
Logger[8]: [3] NVIDIA A100-SXM4-40GB
Logger[8]: Compile Time: 88050 us + 10992 us = 99042 us
Logger[8]: Time Cost: 5882999 us
Logger[18]: Local GPU: 4
Logger[18]: [0] NVIDIA A100-SXM4-40GB
Logger[18]: [1] NVIDIA A100-SXM4-40GB
Logger[18]: [2] NVIDIA A100-SXM4-40GB
Logger[18]: [3] NVIDIA A100-SXM4-40GB
Logger[18]: Compile Time: 33882 us + 12249 us = 46131 us
Logger[18]: Time Cost: 5880672 us
Logger[6]: Local GPU: 4
Logger[6]: [0] NVIDIA A100-SXM4-40GB
Logger[6]: [1] NVIDIA A100-SXM4-40GB
Logger[6]: [2] NVIDIA A100-SXM4-40GB
Logger[6]: [3] NVIDIA A100-SXM4-40GB
Logger[6]: Compile Time: 20815 us + 11277 us = 32092 us
Logger[6]: Time Cost: 5880974 us
Logger[10]: Local GPU: 4
Logger[10]: [0] NVIDIA A100-SXM4-40GB
Logger[10]: [1] NVIDIA A100-SXM4-40GB
Logger[10]: [2] NVIDIA A100-SXM4-40GB
Logger[10]: [3] NVIDIA A100-SXM4-40GB
Logger[10]: Compile Time: 31182 us + 11045 us = 42227 us
Logger[10]: Time Cost: 5882620 us
Logger[16]: Local GPU: 4
Logger[16]: [0] NVIDIA A100-SXM4-40GB
Logger[16]: [1] NVIDIA A100-SXM4-40GB
Logger[16]: [2] NVIDIA A100-SXM4-40GB
Logger[16]: [3] NVIDIA A100-SXM4-40GB
Logger[16]: Compile Time: 74895 us + 11275 us = 86170 us
Logger[16]: Time Cost: 5883501 us
Logger[19]: Local GPU: 4
Logger[19]: [0] NVIDIA A100-SXM4-40GB
Logger[19]: [1] NVIDIA A100-SXM4-40GB
Logger[19]: [2] NVIDIA A100-SXM4-40GB
Logger[19]: [3] NVIDIA A100-SXM4-40GB
Logger[19]: Compile Time: 90085 us + 16881 us = 106966 us
Logger[19]: Time Cost: 5877714 us
Logger[11]: Local GPU: 4
Logger[11]: [0] NVIDIA A100-SXM4-40GB
Logger[11]: [1] NVIDIA A100-SXM4-40GB
Logger[11]: [2] NVIDIA A100-SXM4-40GB
Logger[11]: [3] NVIDIA A100-SXM4-40GB
Logger[11]: Compile Time: 79919 us + 11037 us = 90956 us
Logger[11]: Time Cost: 5883209 us
Logger[22]: Local GPU: 4
Logger[22]: [0] NVIDIA A100-SXM4-40GB
Logger[22]: [1] NVIDIA A100-SXM4-40GB
Logger[22]: [2] NVIDIA A100-SXM4-40GB
Logger[22]: [3] NVIDIA A100-SXM4-40GB
Logger[22]: Compile Time: 181 us + 10903 us = 11084 us
Logger[22]: Time Cost: 5868224 us
Logger[30]: Local GPU: 4
Logger[30]: [0] NVIDIA A100-SXM4-80GB
Logger[30]: [1] NVIDIA A100-SXM4-80GB
Logger[30]: [2] NVIDIA A100-SXM4-80GB
Logger[30]: [3] NVIDIA A100-SXM4-80GB
Logger[30]: Compile Time: 197 us + 11232 us = 11429 us
Logger[30]: Time Cost: 5885908 us
Logger[13]: Local GPU: 4
Logger[13]: [0] NVIDIA A100-SXM4-40GB
Logger[13]: [1] NVIDIA A100-SXM4-40GB
Logger[13]: [2] NVIDIA A100-SXM4-40GB
Logger[13]: [3] NVIDIA A100-SXM4-40GB
Logger[13]: Compile Time: 47166 us + 11055 us = 58221 us
Logger[13]: Time Cost: 5883265 us
Logger[24]: Local GPU: 4
Logger[24]: [0] NVIDIA A100-SXM4-40GB
Logger[24]: [1] NVIDIA A100-SXM4-40GB
Logger[24]: [2] NVIDIA A100-SXM4-40GB
Logger[24]: [3] NVIDIA A100-SXM4-40GB
Logger[24]: Compile Time: 67206 us + 20247 us = 87453 us
Logger[24]: Time Cost: 5873140 us
Logger[12]: Local GPU: 4
Logger[12]: [0] NVIDIA A100-SXM4-40GB
Logger[12]: [1] NVIDIA A100-SXM4-40GB
Logger[12]: [2] NVIDIA A100-SXM4-40GB
Logger[12]: [3] NVIDIA A100-SXM4-40GB
Logger[12]: Compile Time: 45748 us + 10866 us = 56614 us
Logger[12]: Time Cost: 5883558 us
Logger[1]: Local GPU: 4
Logger[1]: [0] NVIDIA A100-SXM4-40GB
Logger[1]: [1] NVIDIA A100-SXM4-40GB
Logger[1]: [2] NVIDIA A100-SXM4-40GB
Logger[1]: [3] NVIDIA A100-SXM4-40GB
Logger[1]: Compile Time: 675586 us + 10992 us = 686578 us
Logger[1]: Time Cost: 5165114 us
Logger[21]: Local GPU: 4
Logger[21]: [0] NVIDIA A100-SXM4-40GB
Logger[21]: [1] NVIDIA A100-SXM4-40GB
Logger[21]: [2] NVIDIA A100-SXM4-40GB
Logger[21]: [3] NVIDIA A100-SXM4-40GB
Logger[21]: Compile Time: 155 us + 11183 us = 11338 us
Logger[21]: Time Cost: 5873339 us
Logger[17]: Local GPU: 4
Logger[17]: [0] NVIDIA A100-SXM4-40GB
Logger[17]: [1] NVIDIA A100-SXM4-40GB
Logger[17]: [2] NVIDIA A100-SXM4-40GB
Logger[17]: [3] NVIDIA A100-SXM4-40GB
Logger[17]: Compile Time: 20154 us + 11116 us = 31270 us
Logger[17]: Time Cost: 5883885 us
Logger[9]: Local GPU: 4
Logger[9]: [0] NVIDIA A100-SXM4-40GB
Logger[9]: [1] NVIDIA A100-SXM4-40GB
Logger[9]: [2] NVIDIA A100-SXM4-40GB
Logger[9]: [3] NVIDIA A100-SXM4-40GB
Logger[9]: Compile Time: 23409 us + 11256 us = 34665 us
Logger[9]: Time Cost: 5884859 us
