Logger[7]: Local GPU: 4
Logger[7]: [0] NVIDIA A100-SXM4-40GB
Logger[7]: [1] NVIDIA A100-SXM4-40GB
Logger[7]: [2] NVIDIA A100-SXM4-40GB
Logger[7]: [3] NVIDIA A100-SXM4-40GB
Logger[7]: Compile Time: 97 us + 8518 us = 8615 us
Logger[7]: Time Cost: 1122229 us
Logger[4]: Local GPU: 4
Logger[4]: [0] NVIDIA A100-SXM4-40GB
Logger[4]: [1] NVIDIA A100-SXM4-40GB
Logger[4]: [2] NVIDIA A100-SXM4-40GB
Logger[4]: [3] NVIDIA A100-SXM4-40GB
Logger[4]: Compile Time: 5098 us + 8568 us = 13666 us
Logger[4]: Time Cost: 1125438 us
Logger[3]: Local GPU: 4
Logger[3]: [0] NVIDIA A100-SXM4-40GB
Logger[3]: [1] NVIDIA A100-SXM4-40GB
Logger[3]: [2] NVIDIA A100-SXM4-40GB
Logger[3]: [3] NVIDIA A100-SXM4-40GB
Logger[3]: Compile Time: 115 us + 8625 us = 8740 us
Logger[3]: Time Cost: 1113122 us
Logger[0]: Local GPU: 4
Logger[0]: [0] NVIDIA A100-SXM4-40GB
Logger[0]: [1] NVIDIA A100-SXM4-40GB
Logger[0]: [2] NVIDIA A100-SXM4-40GB
Logger[0]: [3] NVIDIA A100-SXM4-40GB
Logger[0]: Total Gates 97
Logger[0]: Total Groups: 2 3 46 51
Logger[0]: Compile Time: 653 us + 8557 us = 9210 us
Logger[0]: Time Cost: 1118392 us
Logger[5]: Local GPU: 4
Logger[5]: [0] NVIDIA A100-SXM4-40GB
Logger[5]: [1] NVIDIA A100-SXM4-40GB
Logger[5]: [2] NVIDIA A100-SXM4-40GB
Logger[5]: [3] NVIDIA A100-SXM4-40GB
Logger[5]: Compile Time: 115 us + 8773 us = 8888 us
Logger[5]: Time Cost: 1097192 us
Logger[2]: Local GPU: 4
Logger[2]: [0] NVIDIA A100-SXM4-40GB
Logger[2]: [1] NVIDIA A100-SXM4-40GB
Logger[2]: [2] NVIDIA A100-SXM4-40GB
Logger[2]: [3] NVIDIA A100-SXM4-40GB
Logger[2]: Compile Time: 102 us + 8609 us = 8711 us
Logger[2]: Time Cost: 1088145 us
Logger[1]: Local GPU: 4
Logger[1]: [0] NVIDIA A100-SXM4-40GB
Logger[1]: [1] NVIDIA A100-SXM4-40GB
Logger[1]: [2] NVIDIA A100-SXM4-40GB
Logger[1]: [3] NVIDIA A100-SXM4-40GB
Logger[1]: Compile Time: 96 us + 8546 us = 8642 us
Logger[1]: Time Cost: 1126537 us
Logger[6]: Local GPU: 4
Logger[6]: [0] NVIDIA A100-SXM4-40GB
Logger[6]: [1] NVIDIA A100-SXM4-40GB
Logger[6]: [2] NVIDIA A100-SXM4-40GB
Logger[6]: [3] NVIDIA A100-SXM4-40GB
Logger[6]: Compile Time: 114 us + 9125 us = 9239 us
Logger[6]: Time Cost: 1117814 us
