Logger[8]: Local GPU: 4
Logger[8]: [0] NVIDIA A100-SXM4-40GB
Logger[8]: [1] NVIDIA A100-SXM4-40GB
Logger[8]: [2] NVIDIA A100-SXM4-40GB
Logger[8]: [3] NVIDIA A100-SXM4-40GB
Logger[8]: Compile Time: 54609 us + 8179 us = 62788 us
Logger[8]: Time Cost: 2103410 us
Logger[7]: Local GPU: 4
Logger[7]: [0] NVIDIA A100-SXM4-40GB
Logger[7]: [1] NVIDIA A100-SXM4-40GB
Logger[7]: [2] NVIDIA A100-SXM4-40GB
Logger[7]: [3] NVIDIA A100-SXM4-40GB
Logger[7]: Compile Time: 55784 us + 8278 us = 64062 us
Logger[7]: Time Cost: 2103276 us
Logger[9]: Local GPU: 4
Logger[9]: [0] NVIDIA A100-SXM4-40GB
Logger[9]: [1] NVIDIA A100-SXM4-40GB
Logger[9]: [2] NVIDIA A100-SXM4-40GB
Logger[9]: [3] NVIDIA A100-SXM4-40GB
Logger[9]: Compile Time: 26003 us + 8065 us = 34068 us
Logger[9]: Time Cost: 2106673 us
Logger[6]: Local GPU: 4
Logger[6]: [0] NVIDIA A100-SXM4-40GB
Logger[6]: [1] NVIDIA A100-SXM4-40GB
Logger[6]: [2] NVIDIA A100-SXM4-40GB
Logger[6]: [3] NVIDIA A100-SXM4-40GB
Logger[6]: Compile Time: 17690 us + 8240 us = 25930 us
Logger[6]: Time Cost: 2107083 us
Logger[10]: Local GPU: 4
Logger[10]: [0] NVIDIA A100-SXM4-40GB
Logger[10]: [1] NVIDIA A100-SXM4-40GB
Logger[10]: [2] NVIDIA A100-SXM4-40GB
Logger[10]: [3] NVIDIA A100-SXM4-40GB
Logger[10]: Compile Time: 30134 us + 8273 us = 38407 us
Logger[10]: Time Cost: 2140235 us
Logger[4]: Local GPU: 4
Logger[4]: [0] NVIDIA A100-SXM4-40GB
Logger[4]: [1] NVIDIA A100-SXM4-40GB
Logger[4]: [2] NVIDIA A100-SXM4-40GB
Logger[4]: [3] NVIDIA A100-SXM4-40GB
Logger[4]: Compile Time: 22654 us + 8314 us = 30968 us
Logger[4]: Time Cost: 2144085 us
Logger[11]: Local GPU: 4
Logger[11]: [0] NVIDIA A100-SXM4-40GB
Logger[11]: [1] NVIDIA A100-SXM4-40GB
Logger[11]: [2] NVIDIA A100-SXM4-40GB
Logger[11]: [3] NVIDIA A100-SXM4-40GB
Logger[11]: Compile Time: 55068 us + 8465 us = 63533 us
Logger[11]: Time Cost: 2146392 us
Logger[5]: Local GPU: 4
Logger[5]: [0] NVIDIA A100-SXM4-40GB
Logger[5]: [1] NVIDIA A100-SXM4-40GB
Logger[5]: [2] NVIDIA A100-SXM4-40GB
Logger[5]: [3] NVIDIA A100-SXM4-40GB
Logger[5]: Compile Time: 42630 us + 8093 us = 50723 us
Logger[5]: Time Cost: 2145972 us
Logger[15]: Local GPU: 4
Logger[15]: [0] NVIDIA A100-SXM4-40GB
Logger[15]: [1] NVIDIA A100-SXM4-40GB
Logger[15]: [2] NVIDIA A100-SXM4-40GB
Logger[15]: [3] NVIDIA A100-SXM4-40GB
Logger[15]: Compile Time: 54333 us + 8393 us = 62726 us
Logger[15]: Time Cost: 2147683 us
Logger[0]: Local GPU: 4
Logger[0]: [0] NVIDIA A100-SXM4-40GB
Logger[0]: [1] NVIDIA A100-SXM4-40GB
Logger[0]: [2] NVIDIA A100-SXM4-40GB
Logger[0]: [3] NVIDIA A100-SXM4-40GB
Logger[0]: Total Gates 100
Logger[0]: Total Groups: 2 3 55 45
Logger[0]: Compile Time: 756 us + 8351 us = 9107 us
Logger[0]: Time Cost: 2158953 us
Logger[1]: Local GPU: 4
Logger[1]: [0] NVIDIA A100-SXM4-40GB
Logger[1]: [1] NVIDIA A100-SXM4-40GB
Logger[1]: [2] NVIDIA A100-SXM4-40GB
Logger[1]: [3] NVIDIA A100-SXM4-40GB
Logger[1]: Compile Time: 110 us + 8409 us = 8519 us
Logger[1]: Time Cost: 2182555 us
Logger[2]: Local GPU: 4
Logger[2]: [0] NVIDIA A100-SXM4-40GB
Logger[2]: [1] NVIDIA A100-SXM4-40GB
Logger[2]: [2] NVIDIA A100-SXM4-40GB
Logger[2]: [3] NVIDIA A100-SXM4-40GB
Logger[2]: Compile Time: 108 us + 8524 us = 8632 us
Logger[2]: Time Cost: 2194208 us
Logger[13]: Local GPU: 4
Logger[13]: [0] NVIDIA A100-SXM4-40GB
Logger[13]: [1] NVIDIA A100-SXM4-40GB
Logger[13]: [2] NVIDIA A100-SXM4-40GB
Logger[13]: [3] NVIDIA A100-SXM4-40GB
Logger[13]: Compile Time: 109 us + 13395 us = 13504 us
Logger[13]: Time Cost: 2178174 us
Logger[14]: Local GPU: 4
Logger[14]: [0] NVIDIA A100-SXM4-40GB
Logger[14]: [1] NVIDIA A100-SXM4-40GB
Logger[14]: [2] NVIDIA A100-SXM4-40GB
Logger[14]: [3] NVIDIA A100-SXM4-40GB
Logger[14]: Compile Time: 5526 us + 8167 us = 13693 us
Logger[14]: Time Cost: 2202049 us
Logger[12]: Local GPU: 4
Logger[12]: [0] NVIDIA A100-SXM4-40GB
Logger[12]: [1] NVIDIA A100-SXM4-40GB
Logger[12]: [2] NVIDIA A100-SXM4-40GB
Logger[12]: [3] NVIDIA A100-SXM4-40GB
Logger[12]: Compile Time: 40290 us + 8173 us = 48463 us
Logger[12]: Time Cost: 2244080 us
Logger[3]: Local GPU: 4
Logger[3]: [0] NVIDIA A100-SXM4-40GB
Logger[3]: [1] NVIDIA A100-SXM4-40GB
Logger[3]: [2] NVIDIA A100-SXM4-40GB
Logger[3]: [3] NVIDIA A100-SXM4-40GB
Logger[3]: Compile Time: 43525 us + 8523 us = 52048 us
Logger[3]: Time Cost: 2241325 us
