Logger[18]: Local GPU: 4
Logger[18]: [0] NVIDIA A100-SXM4-40GB
Logger[18]: [1] NVIDIA A100-SXM4-40GB
Logger[18]: [2] NVIDIA A100-SXM4-40GB
Logger[18]: [3] NVIDIA A100-SXM4-40GB
Logger[18]: Compile Time: 103 us + 9099 us = 9202 us
Logger[18]: Time Cost: 8887055 us
Logger[45]: Local GPU: 4
Logger[45]: [0] NVIDIA A100-SXM4-40GB
Logger[45]: [1] NVIDIA A100-SXM4-40GB
Logger[45]: [2] NVIDIA A100-SXM4-40GB
Logger[45]: [3] NVIDIA A100-SXM4-40GB
Logger[45]: Compile Time: 93 us + 13374 us = 13467 us
Logger[45]: Time Cost: 8842740 us
Logger[62]: Local GPU: 4
Logger[62]: [0] NVIDIA A100-SXM4-80GB
Logger[62]: [1] NVIDIA A100-SXM4-80GB
Logger[62]: [2] NVIDIA A100-SXM4-80GB
Logger[62]: [3] NVIDIA A100-SXM4-80GB
Logger[62]: Compile Time: 85 us + 8995 us = 9080 us
Logger[62]: Time Cost: 8869809 us
Logger[17]: Local GPU: 4
Logger[17]: [0] NVIDIA A100-SXM4-40GB
Logger[17]: [1] NVIDIA A100-SXM4-40GB
Logger[17]: [2] NVIDIA A100-SXM4-40GB
Logger[17]: [3] NVIDIA A100-SXM4-40GB
Logger[17]: Compile Time: 80 us + 8986 us = 9066 us
Logger[17]: Time Cost: 8955439 us
Logger[46]: Local GPU: 4
Logger[46]: [0] NVIDIA A100-SXM4-40GB
Logger[46]: [1] NVIDIA A100-SXM4-40GB
Logger[46]: [2] NVIDIA A100-SXM4-40GB
Logger[46]: [3] NVIDIA A100-SXM4-40GB
Logger[46]: Compile Time: 99 us + 18172 us = 18271 us
Logger[46]: Time Cost: 8851920 us
Logger[16]: Local GPU: 4
Logger[16]: [0] NVIDIA A100-SXM4-40GB
Logger[16]: [1] NVIDIA A100-SXM4-40GB
Logger[16]: [2] NVIDIA A100-SXM4-40GB
Logger[16]: [3] NVIDIA A100-SXM4-40GB
Logger[16]: Compile Time: 140 us + 13315 us = 13455 us
Logger[16]: Time Cost: 8954024 us
Logger[47]: Local GPU: 4
Logger[47]: [0] NVIDIA A100-SXM4-40GB
Logger[47]: [1] NVIDIA A100-SXM4-40GB
Logger[47]: [2] NVIDIA A100-SXM4-40GB
Logger[47]: [3] NVIDIA A100-SXM4-40GB
Logger[47]: Compile Time: 98 us + 9406 us = 9504 us
Logger[47]: Time Cost: 8911356 us
Logger[1]: Local GPU: 4
Logger[1]: [0] NVIDIA A100-SXM4-40GB
Logger[1]: [1] NVIDIA A100-SXM4-40GB
Logger[1]: [2] NVIDIA A100-SXM4-40GB
Logger[1]: [3] NVIDIA A100-SXM4-40GB
Logger[1]: Compile Time: 97 us + 13331 us = 13428 us
Logger[1]: Time Cost: 8928109 us
Logger[57]: Local GPU: 4
Logger[57]: [0] NVIDIA A100-SXM4-40GB
Logger[57]: [1] NVIDIA A100-SXM4-40GB
Logger[57]: [2] NVIDIA A100-SXM4-40GB
Logger[57]: [3] NVIDIA A100-SXM4-40GB
Logger[57]: Compile Time: 101 us + 9366 us = 9467 us
Logger[57]: Time Cost: 8901306 us
Logger[6]: Local GPU: 4
Logger[6]: [0] NVIDIA A100-SXM4-40GB
Logger[6]: [1] NVIDIA A100-SXM4-40GB
Logger[6]: [2] NVIDIA A100-SXM4-40GB
Logger[6]: [3] NVIDIA A100-SXM4-40GB
Logger[6]: Compile Time: 121 us + 9352 us = 9473 us
Logger[6]: Time Cost: 8925160 us
Logger[2]: Local GPU: 4
Logger[2]: [0] NVIDIA A100-SXM4-40GB
Logger[2]: [1] NVIDIA A100-SXM4-40GB
Logger[2]: [2] NVIDIA A100-SXM4-40GB
Logger[2]: [3] NVIDIA A100-SXM4-40GB
Logger[2]: Compile Time: 102 us + 12846 us = 12948 us
Logger[2]: Time Cost: 8945015 us
Logger[3]: Local GPU: 4
Logger[3]: [0] NVIDIA A100-SXM4-40GB
Logger[3]: [1] NVIDIA A100-SXM4-40GB
Logger[3]: [2] NVIDIA A100-SXM4-40GB
Logger[3]: [3] NVIDIA A100-SXM4-40GB
Logger[3]: Compile Time: 86 us + 13288 us = 13374 us
Logger[3]: Time Cost: 8950343 us
Logger[61]: Local GPU: 4
Logger[61]: [0] NVIDIA A100-SXM4-80GB
Logger[61]: [1] NVIDIA A100-SXM4-80GB
Logger[61]: [2] NVIDIA A100-SXM4-80GB
Logger[61]: [3] NVIDIA A100-SXM4-80GB
Logger[61]: Compile Time: 91 us + 13379 us = 13470 us
Logger[61]: Time Cost: 8930171 us
Logger[60]: Local GPU: 4
Logger[60]: [0] NVIDIA A100-SXM4-40GB
Logger[60]: [1] NVIDIA A100-SXM4-40GB
Logger[60]: [2] NVIDIA A100-SXM4-40GB
Logger[60]: [3] NVIDIA A100-SXM4-40GB
Logger[60]: Compile Time: 127 us + 9384 us = 9511 us
Logger[60]: Time Cost: 8950787 us
Logger[59]: Local GPU: 4
Logger[59]: [0] NVIDIA A100-SXM4-40GB
Logger[59]: [1] NVIDIA A100-SXM4-40GB
Logger[59]: [2] NVIDIA A100-SXM4-40GB
Logger[59]: [3] NVIDIA A100-SXM4-40GB
Logger[59]: Compile Time: 17043 us + 13796 us = 30839 us
Logger[59]: Time Cost: 8947227 us
Logger[4]: Local GPU: 4
Logger[4]: [0] NVIDIA A100-SXM4-40GB
Logger[4]: [1] NVIDIA A100-SXM4-40GB
Logger[4]: [2] NVIDIA A100-SXM4-40GB
Logger[4]: [3] NVIDIA A100-SXM4-40GB
Logger[4]: Compile Time: 101 us + 13305 us = 13406 us
Logger[4]: Time Cost: 8993839 us
Logger[44]: Local GPU: 4
Logger[44]: [0] NVIDIA A100-SXM4-40GB
Logger[44]: [1] NVIDIA A100-SXM4-40GB
Logger[44]: [2] NVIDIA A100-SXM4-40GB
Logger[44]: [3] NVIDIA A100-SXM4-40GB
Logger[44]: Compile Time: 94 us + 13362 us = 13456 us
Logger[44]: Time Cost: 8979640 us
Logger[19]: Local GPU: 4
Logger[19]: [0] NVIDIA A100-SXM4-40GB
Logger[19]: [1] NVIDIA A100-SXM4-40GB
Logger[19]: [2] NVIDIA A100-SXM4-40GB
Logger[19]: [3] NVIDIA A100-SXM4-40GB
Logger[19]: Compile Time: 86 us + 9183 us = 9269 us
Logger[19]: Time Cost: 9027657 us
Logger[0]: Local GPU: 4
Logger[0]: [0] NVIDIA A100-SXM4-40GB
Logger[0]: [1] NVIDIA A100-SXM4-40GB
Logger[0]: [2] NVIDIA A100-SXM4-40GB
Logger[0]: [3] NVIDIA A100-SXM4-40GB
Logger[0]: Total Gates 36
Logger[0]: Total Groups: 2 4 24 12
Logger[0]: Compile Time: 2826 us + 13381 us = 16207 us
Logger[0]: Time Cost: 9061874 us
Logger[63]: Local GPU: 4
Logger[63]: [0] NVIDIA A100-SXM4-80GB
Logger[63]: [1] NVIDIA A100-SXM4-80GB
Logger[63]: [2] NVIDIA A100-SXM4-80GB
Logger[63]: [3] NVIDIA A100-SXM4-80GB
Logger[63]: Compile Time: 17741 us + 9408 us = 27149 us
Logger[63]: Time Cost: 8996653 us
Logger[34]: Local GPU: 4
Logger[34]: [0] NVIDIA A100-SXM4-40GB
Logger[34]: [1] NVIDIA A100-SXM4-40GB
Logger[34]: [2] NVIDIA A100-SXM4-40GB
Logger[34]: [3] NVIDIA A100-SXM4-40GB
Logger[34]: Compile Time: 93 us + 12561 us = 12654 us
Logger[34]: Time Cost: 8986573 us
Logger[32]: Local GPU: 4
Logger[32]: [0] NVIDIA A100-SXM4-40GB
Logger[32]: [1] NVIDIA A100-SXM4-40GB
Logger[32]: [2] NVIDIA A100-SXM4-40GB
Logger[32]: [3] NVIDIA A100-SXM4-40GB
Logger[32]: Compile Time: 132 us + 9299 us = 9431 us
Logger[32]: Time Cost: 9053848 us
Logger[29]: Local GPU: 4
Logger[29]: [0] NVIDIA A100-SXM4-40GB
Logger[29]: [1] NVIDIA A100-SXM4-40GB
Logger[29]: [2] NVIDIA A100-SXM4-40GB
Logger[29]: [3] NVIDIA A100-SXM4-40GB
Logger[29]: Compile Time: 88 us + 9178 us = 9266 us
Logger[29]: Time Cost: 8970584 us
Logger[33]: Local GPU: 4
Logger[33]: [0] NVIDIA A100-SXM4-40GB
Logger[33]: [1] NVIDIA A100-SXM4-40GB
Logger[33]: [2] NVIDIA A100-SXM4-40GB
Logger[33]: [3] NVIDIA A100-SXM4-40GB
Logger[33]: Compile Time: 114 us + 9290 us = 9404 us
Logger[33]: Time Cost: 8994381 us
Logger[30]: Local GPU: 4
Logger[30]: [0] NVIDIA A100-SXM4-40GB
Logger[30]: [1] NVIDIA A100-SXM4-40GB
Logger[30]: [2] NVIDIA A100-SXM4-40GB
Logger[30]: [3] NVIDIA A100-SXM4-40GB
Logger[30]: Compile Time: 92 us + 11562 us = 11654 us
Logger[30]: Time Cost: 8956219 us
Logger[31]: Local GPU: 4
Logger[31]: [0] NVIDIA A100-SXM4-40GB
Logger[31]: [1] NVIDIA A100-SXM4-40GB
Logger[31]: [2] NVIDIA A100-SXM4-40GB
Logger[31]: [3] NVIDIA A100-SXM4-40GB
Logger[31]: Compile Time: 89 us + 9288 us = 9377 us
Logger[31]: Time Cost: 8992697 us
Logger[5]: Local GPU: 4
Logger[5]: [0] NVIDIA A100-SXM4-40GB
Logger[5]: [1] NVIDIA A100-SXM4-40GB
Logger[5]: [2] NVIDIA A100-SXM4-40GB
Logger[5]: [3] NVIDIA A100-SXM4-40GB
Logger[5]: Compile Time: 96 us + 9227 us = 9323 us
Logger[5]: Time Cost: 9046092 us
Logger[58]: Local GPU: 4
Logger[58]: [0] NVIDIA A100-SXM4-40GB
Logger[58]: [1] NVIDIA A100-SXM4-40GB
Logger[58]: [2] NVIDIA A100-SXM4-40GB
Logger[58]: [3] NVIDIA A100-SXM4-40GB
Logger[58]: Compile Time: 18660 us + 14058 us = 32718 us
Logger[58]: Time Cost: 8988977 us
Logger[7]: Local GPU: 4
Logger[7]: [0] NVIDIA A100-SXM4-40GB
Logger[7]: [1] NVIDIA A100-SXM4-40GB
Logger[7]: [2] NVIDIA A100-SXM4-40GB
Logger[7]: [3] NVIDIA A100-SXM4-40GB
Logger[7]: Compile Time: 97 us + 9180 us = 9277 us
Logger[7]: Time Cost: 9036854 us
Logger[9]: Local GPU: 4
Logger[9]: [0] NVIDIA A100-SXM4-40GB
Logger[9]: [1] NVIDIA A100-SXM4-40GB
Logger[9]: [2] NVIDIA A100-SXM4-40GB
Logger[9]: [3] NVIDIA A100-SXM4-40GB
Logger[9]: Compile Time: 94 us + 9117 us = 9211 us
Logger[9]: Time Cost: 9064681 us
Logger[54]: Local GPU: 4
Logger[54]: [0] NVIDIA A100-SXM4-40GB
Logger[54]: [1] NVIDIA A100-SXM4-40GB
Logger[54]: [2] NVIDIA A100-SXM4-40GB
Logger[54]: [3] NVIDIA A100-SXM4-40GB
Logger[54]: Compile Time: 7367 us + 9279 us = 16646 us
Logger[54]: Time Cost: 9038872 us
Logger[56]: Local GPU: 4
Logger[56]: [0] NVIDIA A100-SXM4-40GB
Logger[56]: [1] NVIDIA A100-SXM4-40GB
Logger[56]: [2] NVIDIA A100-SXM4-40GB
Logger[56]: [3] NVIDIA A100-SXM4-40GB
Logger[56]: Compile Time: 121 us + 9339 us = 9460 us
Logger[56]: Time Cost: 9003169 us
Logger[22]: Local GPU: 4
Logger[22]: [0] NVIDIA A100-SXM4-40GB
Logger[22]: [1] NVIDIA A100-SXM4-40GB
Logger[22]: [2] NVIDIA A100-SXM4-40GB
Logger[22]: [3] NVIDIA A100-SXM4-40GB
Logger[22]: Compile Time: 86 us + 9077 us = 9163 us
Logger[22]: Time Cost: 9023485 us
Logger[41]: Local GPU: 4
Logger[41]: [0] NVIDIA A100-SXM4-40GB
Logger[41]: [1] NVIDIA A100-SXM4-40GB
Logger[41]: [2] NVIDIA A100-SXM4-40GB
Logger[41]: [3] NVIDIA A100-SXM4-40GB
Logger[41]: Compile Time: 94 us + 9239 us = 9333 us
Logger[41]: Time Cost: 8989757 us
Logger[42]: Local GPU: 4
Logger[42]: [0] NVIDIA A100-SXM4-40GB
Logger[42]: [1] NVIDIA A100-SXM4-40GB
Logger[42]: [2] NVIDIA A100-SXM4-40GB
Logger[42]: [3] NVIDIA A100-SXM4-40GB
Logger[42]: Compile Time: 109 us + 9337 us = 9446 us
Logger[42]: Time Cost: 9020562 us
Logger[24]: Local GPU: 4
Logger[24]: [0] NVIDIA A100-SXM4-40GB
Logger[24]: [1] NVIDIA A100-SXM4-40GB
Logger[24]: [2] NVIDIA A100-SXM4-40GB
Logger[24]: [3] NVIDIA A100-SXM4-40GB
Logger[24]: Compile Time: 96 us + 9007 us = 9103 us
Logger[24]: Time Cost: 9031362 us
Logger[39]: Local GPU: 4
Logger[39]: [0] NVIDIA A100-SXM4-40GB
Logger[39]: [1] NVIDIA A100-SXM4-40GB
Logger[39]: [2] NVIDIA A100-SXM4-40GB
Logger[39]: [3] NVIDIA A100-SXM4-40GB
Logger[39]: Compile Time: 104 us + 13426 us = 13530 us
Logger[39]: Time Cost: 9062859 us
Logger[21]: Local GPU: 4
Logger[21]: [0] NVIDIA A100-SXM4-40GB
Logger[21]: [1] NVIDIA A100-SXM4-40GB
Logger[21]: [2] NVIDIA A100-SXM4-40GB
Logger[21]: [3] NVIDIA A100-SXM4-40GB
Logger[21]: Compile Time: 1211 us + 17997 us = 19208 us
Logger[21]: Time Cost: 9036827 us
Logger[15]: Local GPU: 4
Logger[15]: [0] NVIDIA A100-SXM4-40GB
Logger[15]: [1] NVIDIA A100-SXM4-40GB
Logger[15]: [2] NVIDIA A100-SXM4-40GB
Logger[15]: [3] NVIDIA A100-SXM4-40GB
Logger[15]: Compile Time: 30502 us + 18480 us = 48982 us
Logger[15]: Time Cost: 9072745 us
Logger[48]: Local GPU: 4
Logger[48]: [0] NVIDIA A100-SXM4-40GB
Logger[48]: [1] NVIDIA A100-SXM4-40GB
Logger[48]: [2] NVIDIA A100-SXM4-40GB
Logger[48]: [3] NVIDIA A100-SXM4-40GB
Logger[48]: Compile Time: 122 us + 9122 us = 9244 us
Logger[48]: Time Cost: 9092119 us
Logger[55]: Local GPU: 4
Logger[55]: [0] NVIDIA A100-SXM4-40GB
Logger[55]: [1] NVIDIA A100-SXM4-40GB
Logger[55]: [2] NVIDIA A100-SXM4-40GB
Logger[55]: [3] NVIDIA A100-SXM4-40GB
Logger[55]: Compile Time: 29066 us + 9090 us = 38156 us
Logger[55]: Time Cost: 9103382 us
Logger[8]: Local GPU: 4
Logger[8]: [0] NVIDIA A100-SXM4-40GB
Logger[8]: [1] NVIDIA A100-SXM4-40GB
Logger[8]: [2] NVIDIA A100-SXM4-40GB
Logger[8]: [3] NVIDIA A100-SXM4-40GB
Logger[8]: Compile Time: 115 us + 13437 us = 13552 us
Logger[8]: Time Cost: 9135401 us
Logger[23]: Local GPU: 4
Logger[23]: [0] NVIDIA A100-SXM4-40GB
Logger[23]: [1] NVIDIA A100-SXM4-40GB
Logger[23]: [2] NVIDIA A100-SXM4-40GB
Logger[23]: [3] NVIDIA A100-SXM4-40GB
Logger[23]: Compile Time: 58176 us + 13392 us = 71568 us
Logger[23]: Time Cost: 9100533 us
Logger[40]: Local GPU: 4
Logger[40]: [0] NVIDIA A100-SXM4-40GB
Logger[40]: [1] NVIDIA A100-SXM4-40GB
Logger[40]: [2] NVIDIA A100-SXM4-40GB
Logger[40]: [3] NVIDIA A100-SXM4-40GB
Logger[40]: Compile Time: 98 us + 9123 us = 9221 us
Logger[40]: Time Cost: 9098888 us
Logger[27]: Local GPU: 4
Logger[27]: [0] NVIDIA A100-SXM4-40GB
Logger[27]: [1] NVIDIA A100-SXM4-40GB
Logger[27]: [2] NVIDIA A100-SXM4-40GB
Logger[27]: [3] NVIDIA A100-SXM4-40GB
Logger[27]: Compile Time: 30036 us + 9363 us = 39399 us
Logger[27]: Time Cost: 9079907 us
Logger[35]: Local GPU: 4
Logger[35]: [0] NVIDIA A100-SXM4-40GB
Logger[35]: [1] NVIDIA A100-SXM4-40GB
Logger[35]: [2] NVIDIA A100-SXM4-40GB
Logger[35]: [3] NVIDIA A100-SXM4-40GB
Logger[35]: Compile Time: 82 us + 9203 us = 9285 us
Logger[35]: Time Cost: 9059996 us
Logger[28]: Local GPU: 4
Logger[28]: [0] NVIDIA A100-SXM4-40GB
Logger[28]: [1] NVIDIA A100-SXM4-40GB
Logger[28]: [2] NVIDIA A100-SXM4-40GB
Logger[28]: [3] NVIDIA A100-SXM4-40GB
Logger[28]: Compile Time: 114 us + 9238 us = 9352 us
Logger[28]: Time Cost: 9105955 us
Logger[36]: Local GPU: 4
Logger[36]: [0] NVIDIA A100-SXM4-40GB
Logger[36]: [1] NVIDIA A100-SXM4-40GB
Logger[36]: [2] NVIDIA A100-SXM4-40GB
Logger[36]: [3] NVIDIA A100-SXM4-40GB
Logger[36]: Compile Time: 143 us + 9236 us = 9379 us
Logger[36]: Time Cost: 9139047 us
Logger[53]: Local GPU: 4
Logger[53]: [0] NVIDIA A100-SXM4-40GB
Logger[53]: [1] NVIDIA A100-SXM4-40GB
Logger[53]: [2] NVIDIA A100-SXM4-40GB
Logger[53]: [3] NVIDIA A100-SXM4-40GB
Logger[53]: Compile Time: 51050 us + 13727 us = 64777 us
Logger[53]: Time Cost: 9134413 us
Logger[11]: Local GPU: 4
Logger[11]: [0] NVIDIA A100-SXM4-40GB
Logger[11]: [1] NVIDIA A100-SXM4-40GB
Logger[11]: [2] NVIDIA A100-SXM4-40GB
Logger[11]: [3] NVIDIA A100-SXM4-40GB
Logger[11]: Compile Time: 83 us + 9086 us = 9169 us
Logger[11]: Time Cost: 9170592 us
Logger[10]: Local GPU: 4
Logger[10]: [0] NVIDIA A100-SXM4-40GB
Logger[10]: [1] NVIDIA A100-SXM4-40GB
Logger[10]: [2] NVIDIA A100-SXM4-40GB
Logger[10]: [3] NVIDIA A100-SXM4-40GB
Logger[10]: Compile Time: 119 us + 13397 us = 13516 us
Logger[10]: Time Cost: 9101471 us
Logger[52]: Local GPU: 4
Logger[52]: [0] NVIDIA A100-SXM4-40GB
Logger[52]: [1] NVIDIA A100-SXM4-40GB
Logger[52]: [2] NVIDIA A100-SXM4-40GB
Logger[52]: [3] NVIDIA A100-SXM4-40GB
Logger[52]: Compile Time: 43511 us + 9042 us = 52553 us
Logger[52]: Time Cost: 9149330 us
Logger[20]: Local GPU: 4
Logger[20]: [0] NVIDIA A100-SXM4-40GB
Logger[20]: [1] NVIDIA A100-SXM4-40GB
Logger[20]: [2] NVIDIA A100-SXM4-40GB
Logger[20]: [3] NVIDIA A100-SXM4-40GB
Logger[20]: Compile Time: 110 us + 9272 us = 9382 us
Logger[20]: Time Cost: 9155250 us
Logger[37]: Local GPU: 4
Logger[37]: [0] NVIDIA A100-SXM4-40GB
Logger[37]: [1] NVIDIA A100-SXM4-40GB
Logger[37]: [2] NVIDIA A100-SXM4-40GB
Logger[37]: [3] NVIDIA A100-SXM4-40GB
Logger[37]: Compile Time: 104 us + 12267 us = 12371 us
Logger[37]: Time Cost: 9114480 us
Logger[26]: Local GPU: 4
Logger[26]: [0] NVIDIA A100-SXM4-40GB
Logger[26]: [1] NVIDIA A100-SXM4-40GB
Logger[26]: [2] NVIDIA A100-SXM4-40GB
Logger[26]: [3] NVIDIA A100-SXM4-40GB
Logger[26]: Compile Time: 88 us + 8922 us = 9010 us
Logger[26]: Time Cost: 9104848 us
Logger[25]: Local GPU: 4
Logger[25]: [0] NVIDIA A100-SXM4-40GB
Logger[25]: [1] NVIDIA A100-SXM4-40GB
Logger[25]: [2] NVIDIA A100-SXM4-40GB
Logger[25]: [3] NVIDIA A100-SXM4-40GB
Logger[25]: Compile Time: 94 us + 11761 us = 11855 us
Logger[25]: Time Cost: 9098541 us
Logger[43]: Local GPU: 4
Logger[43]: [0] NVIDIA A100-SXM4-40GB
Logger[43]: [1] NVIDIA A100-SXM4-40GB
Logger[43]: [2] NVIDIA A100-SXM4-40GB
Logger[43]: [3] NVIDIA A100-SXM4-40GB
Logger[43]: Compile Time: 31302 us + 9133 us = 40435 us
Logger[43]: Time Cost: 9144374 us
Logger[38]: Local GPU: 4
Logger[38]: [0] NVIDIA A100-SXM4-40GB
Logger[38]: [1] NVIDIA A100-SXM4-40GB
Logger[38]: [2] NVIDIA A100-SXM4-40GB
Logger[38]: [3] NVIDIA A100-SXM4-40GB
Logger[38]: Compile Time: 83 us + 8912 us = 8995 us
Logger[38]: Time Cost: 9142095 us
Logger[50]: Local GPU: 4
Logger[50]: [0] NVIDIA A100-SXM4-40GB
Logger[50]: [1] NVIDIA A100-SXM4-40GB
Logger[50]: [2] NVIDIA A100-SXM4-40GB
Logger[50]: [3] NVIDIA A100-SXM4-40GB
Logger[50]: Compile Time: 100 us + 9161 us = 9261 us
Logger[50]: Time Cost: 9103521 us
Logger[12]: Local GPU: 4
Logger[12]: [0] NVIDIA A100-SXM4-40GB
Logger[12]: [1] NVIDIA A100-SXM4-40GB
Logger[12]: [2] NVIDIA A100-SXM4-40GB
Logger[12]: [3] NVIDIA A100-SXM4-40GB
Logger[12]: Compile Time: 96 us + 9042 us = 9138 us
Logger[12]: Time Cost: 9176077 us
Logger[51]: Local GPU: 4
Logger[51]: [0] NVIDIA A100-SXM4-40GB
Logger[51]: [1] NVIDIA A100-SXM4-40GB
Logger[51]: [2] NVIDIA A100-SXM4-40GB
Logger[51]: [3] NVIDIA A100-SXM4-40GB
Logger[51]: Compile Time: 93 us + 9183 us = 9276 us
Logger[51]: Time Cost: 9177562 us
Logger[13]: Local GPU: 4
Logger[13]: [0] NVIDIA A100-SXM4-40GB
Logger[13]: [1] NVIDIA A100-SXM4-40GB
Logger[13]: [2] NVIDIA A100-SXM4-40GB
Logger[13]: [3] NVIDIA A100-SXM4-40GB
Logger[13]: Compile Time: 95 us + 9263 us = 9358 us
Logger[13]: Time Cost: 9117569 us
Logger[14]: Local GPU: 4
Logger[14]: [0] NVIDIA A100-SXM4-40GB
Logger[14]: [1] NVIDIA A100-SXM4-40GB
Logger[14]: [2] NVIDIA A100-SXM4-40GB
Logger[14]: [3] NVIDIA A100-SXM4-40GB
Logger[14]: Compile Time: 108 us + 13323 us = 13431 us
Logger[14]: Time Cost: 9185904 us
Logger[49]: Local GPU: 4
Logger[49]: [0] NVIDIA A100-SXM4-40GB
Logger[49]: [1] NVIDIA A100-SXM4-40GB
Logger[49]: [2] NVIDIA A100-SXM4-40GB
Logger[49]: [3] NVIDIA A100-SXM4-40GB
Logger[49]: Compile Time: 87 us + 9090 us = 9177 us
Logger[49]: Time Cost: 9183454 us
