Logger[8]: Local GPU: 4
Logger[8]: [0] NVIDIA A100-SXM4-40GB
Logger[8]: [1] NVIDIA A100-SXM4-40GB
Logger[8]: [2] NVIDIA A100-SXM4-40GB
Logger[8]: [3] NVIDIA A100-SXM4-40GB
Logger[8]: Compile Time: 205752 us + 11799 us = 217551 us
Logger[8]: Time Cost: 2151804 us
Logger[7]: Local GPU: 4
Logger[7]: [0] NVIDIA A100-SXM4-40GB
Logger[7]: [1] NVIDIA A100-SXM4-40GB
Logger[7]: [2] NVIDIA A100-SXM4-40GB
Logger[7]: [3] NVIDIA A100-SXM4-40GB
Logger[7]: Compile Time: 36460 us + 11168 us = 47628 us
Logger[7]: Time Cost: 2315425 us
Logger[9]: Local GPU: 4
Logger[9]: [0] NVIDIA A100-SXM4-40GB
Logger[9]: [1] NVIDIA A100-SXM4-40GB
Logger[9]: [2] NVIDIA A100-SXM4-40GB
Logger[9]: [3] NVIDIA A100-SXM4-40GB
Logger[9]: Compile Time: 128 us + 11235 us = 11363 us
Logger[9]: Time Cost: 2173991 us
Logger[6]: Local GPU: 4
Logger[6]: [0] NVIDIA A100-SXM4-40GB
Logger[6]: [1] NVIDIA A100-SXM4-40GB
Logger[6]: [2] NVIDIA A100-SXM4-40GB
Logger[6]: [3] NVIDIA A100-SXM4-40GB
Logger[6]: Compile Time: 117 us + 11280 us = 11397 us
Logger[6]: Time Cost: 2347680 us
Logger[4]: Local GPU: 4
Logger[4]: [0] NVIDIA A100-SXM4-40GB
Logger[4]: [1] NVIDIA A100-SXM4-40GB
Logger[4]: [2] NVIDIA A100-SXM4-40GB
Logger[4]: [3] NVIDIA A100-SXM4-40GB
Logger[4]: Compile Time: 141 us + 11468 us = 11609 us
Logger[4]: Time Cost: 2356891 us
Logger[11]: Local GPU: 4
Logger[11]: [0] NVIDIA A100-SXM4-40GB
Logger[11]: [1] NVIDIA A100-SXM4-40GB
Logger[11]: [2] NVIDIA A100-SXM4-40GB
Logger[11]: [3] NVIDIA A100-SXM4-40GB
Logger[11]: Compile Time: 129 us + 11115 us = 11244 us
Logger[11]: Time Cost: 2390147 us
Logger[5]: Local GPU: 4
Logger[5]: [0] NVIDIA A100-SXM4-40GB
Logger[5]: [1] NVIDIA A100-SXM4-40GB
Logger[5]: [2] NVIDIA A100-SXM4-40GB
Logger[5]: [3] NVIDIA A100-SXM4-40GB
Logger[5]: Compile Time: 124 us + 11180 us = 11304 us
Logger[5]: Time Cost: 2383962 us
Logger[12]: Local GPU: 4
Logger[12]: [0] NVIDIA A100-SXM4-40GB
Logger[12]: [1] NVIDIA A100-SXM4-40GB
Logger[12]: [2] NVIDIA A100-SXM4-40GB
Logger[12]: [3] NVIDIA A100-SXM4-40GB
Logger[12]: Compile Time: 127 us + 11224 us = 11351 us
Logger[12]: Time Cost: 2411337 us
Logger[1]: Local GPU: 4
Logger[1]: [0] NVIDIA A100-SXM4-40GB
Logger[1]: [1] NVIDIA A100-SXM4-40GB
Logger[1]: [2] NVIDIA A100-SXM4-40GB
Logger[1]: [3] NVIDIA A100-SXM4-40GB
Logger[1]: Compile Time: 3068 us + 11103 us = 14171 us
Logger[1]: Time Cost: 2456443 us
Logger[14]: Local GPU: 4
Logger[14]: [0] NVIDIA A100-SXM4-40GB
Logger[14]: [1] NVIDIA A100-SXM4-40GB
Logger[14]: [2] NVIDIA A100-SXM4-40GB
Logger[14]: [3] NVIDIA A100-SXM4-40GB
Logger[14]: Compile Time: 105 us + 11045 us = 11150 us
Logger[14]: Time Cost: 2378737 us
Logger[3]: Local GPU: 4
Logger[3]: [0] NVIDIA A100-SXM4-40GB
Logger[3]: [1] NVIDIA A100-SXM4-40GB
Logger[3]: [2] NVIDIA A100-SXM4-40GB
Logger[3]: [3] NVIDIA A100-SXM4-40GB
Logger[3]: Compile Time: 13217 us + 11015 us = 24232 us
Logger[3]: Time Cost: 2468237 us
Logger[15]: Local GPU: 4
Logger[15]: [0] NVIDIA A100-SXM4-40GB
Logger[15]: [1] NVIDIA A100-SXM4-40GB
Logger[15]: [2] NVIDIA A100-SXM4-40GB
Logger[15]: [3] NVIDIA A100-SXM4-40GB
Logger[15]: Compile Time: 124 us + 11346 us = 11470 us
Logger[15]: Time Cost: 2406469 us
Logger[0]: Local GPU: 4
Logger[0]: [0] NVIDIA A100-SXM4-40GB
Logger[0]: [1] NVIDIA A100-SXM4-40GB
Logger[0]: [2] NVIDIA A100-SXM4-40GB
Logger[0]: [3] NVIDIA A100-SXM4-40GB
Logger[0]: Total Gates 368
Logger[0]: Total Groups: 2 5 197 171
Logger[0]: Compile Time: 47476 us + 10956 us = 58432 us
Logger[0]: Time Cost: 2420237 us
Logger[10]: Local GPU: 4
Logger[10]: [0] NVIDIA A100-SXM4-40GB
Logger[10]: [1] NVIDIA A100-SXM4-40GB
Logger[10]: [2] NVIDIA A100-SXM4-40GB
Logger[10]: [3] NVIDIA A100-SXM4-40GB
Logger[10]: Compile Time: 133 us + 11187 us = 11320 us
Logger[10]: Time Cost: 2417252 us
Logger[2]: Local GPU: 4
Logger[2]: [0] NVIDIA A100-SXM4-40GB
Logger[2]: [1] NVIDIA A100-SXM4-40GB
Logger[2]: [2] NVIDIA A100-SXM4-40GB
Logger[2]: [3] NVIDIA A100-SXM4-40GB
Logger[2]: Compile Time: 104 us + 11126 us = 11230 us
Logger[2]: Time Cost: 2445931 us
Logger[13]: Local GPU: 4
Logger[13]: [0] NVIDIA A100-SXM4-40GB
Logger[13]: [1] NVIDIA A100-SXM4-40GB
Logger[13]: [2] NVIDIA A100-SXM4-40GB
Logger[13]: [3] NVIDIA A100-SXM4-40GB
Logger[13]: Compile Time: 119 us + 14777 us = 14896 us
Logger[13]: Time Cost: 2397977 us
