Logger[30]: Local GPU: 4
Logger[30]: [0] NVIDIA A100-SXM4-80GB
Logger[30]: [1] NVIDIA A100-SXM4-80GB
Logger[30]: [2] NVIDIA A100-SXM4-80GB
Logger[30]: [3] NVIDIA A100-SXM4-80GB
Logger[30]: Compile Time: 155 us + 13292 us = 13447 us
Logger[30]: Time Cost: 4989276 us
Logger[10]: Local GPU: 4
Logger[10]: [0] NVIDIA A100-SXM4-40GB
Logger[10]: [1] NVIDIA A100-SXM4-40GB
Logger[10]: [2] NVIDIA A100-SXM4-40GB
Logger[10]: [3] NVIDIA A100-SXM4-40GB
Logger[10]: Compile Time: 181 us + 9126 us = 9307 us
Logger[10]: Time Cost: 4960426 us
Logger[13]: Local GPU: 4
Logger[13]: [0] NVIDIA A100-SXM4-40GB
Logger[13]: [1] NVIDIA A100-SXM4-40GB
Logger[13]: [2] NVIDIA A100-SXM4-40GB
Logger[13]: [3] NVIDIA A100-SXM4-40GB
Logger[13]: Compile Time: 2169 us + 13659 us = 15828 us
Logger[13]: Time Cost: 4998148 us
Logger[9]: Local GPU: 4
Logger[9]: [0] NVIDIA A100-SXM4-40GB
Logger[9]: [1] NVIDIA A100-SXM4-40GB
Logger[9]: [2] NVIDIA A100-SXM4-40GB
Logger[9]: [3] NVIDIA A100-SXM4-40GB
Logger[9]: Compile Time: 37600 us + 9014 us = 46614 us
Logger[9]: Time Cost: 4960336 us
Logger[21]: Local GPU: 4
Logger[21]: [0] NVIDIA A100-SXM4-40GB
Logger[21]: [1] NVIDIA A100-SXM4-40GB
Logger[21]: [2] NVIDIA A100-SXM4-40GB
Logger[21]: [3] NVIDIA A100-SXM4-40GB
Logger[21]: Compile Time: 13680 us + 9072 us = 22752 us
Logger[21]: Time Cost: 4998493 us
Logger[31]: Local GPU: 4
Logger[31]: [0] NVIDIA A100-SXM4-80GB
Logger[31]: [1] NVIDIA A100-SXM4-80GB
Logger[31]: [2] NVIDIA A100-SXM4-80GB
Logger[31]: [3] NVIDIA A100-SXM4-80GB
Logger[31]: Compile Time: 4756 us + 9152 us = 13908 us
Logger[31]: Time Cost: 4997813 us
Logger[22]: Local GPU: 4
Logger[22]: [0] NVIDIA A100-SXM4-40GB
Logger[22]: [1] NVIDIA A100-SXM4-40GB
Logger[22]: [2] NVIDIA A100-SXM4-40GB
Logger[22]: [3] NVIDIA A100-SXM4-40GB
Logger[22]: Compile Time: 161 us + 8975 us = 9136 us
Logger[22]: Time Cost: 4966296 us
Logger[17]: Local GPU: 4
Logger[17]: [0] NVIDIA A100-SXM4-40GB
Logger[17]: [1] NVIDIA A100-SXM4-40GB
Logger[17]: [2] NVIDIA A100-SXM4-40GB
Logger[17]: [3] NVIDIA A100-SXM4-40GB
Logger[17]: Compile Time: 142 us + 9245 us = 9387 us
Logger[17]: Time Cost: 4960176 us
Logger[14]: Local GPU: 4
Logger[14]: [0] NVIDIA A100-SXM4-40GB
Logger[14]: [1] NVIDIA A100-SXM4-40GB
Logger[14]: [2] NVIDIA A100-SXM4-40GB
Logger[14]: [3] NVIDIA A100-SXM4-40GB
Logger[14]: Compile Time: 15810 us + 13752 us = 29562 us
Logger[14]: Time Cost: 4993054 us
Logger[15]: Local GPU: 4
Logger[15]: [0] NVIDIA A100-SXM4-40GB
Logger[15]: [1] NVIDIA A100-SXM4-40GB
Logger[15]: [2] NVIDIA A100-SXM4-40GB
Logger[15]: [3] NVIDIA A100-SXM4-40GB
Logger[15]: Compile Time: 16939 us + 8972 us = 25911 us
Logger[15]: Time Cost: 5008759 us
Logger[26]: Local GPU: 4
Logger[26]: [0] NVIDIA A100-SXM4-40GB
Logger[26]: [1] NVIDIA A100-SXM4-40GB
Logger[26]: [2] NVIDIA A100-SXM4-40GB
Logger[26]: [3] NVIDIA A100-SXM4-40GB
Logger[26]: Compile Time: 171 us + 9255 us = 9426 us
Logger[26]: Time Cost: 4933695 us
Logger[23]: Local GPU: 4
Logger[23]: [0] NVIDIA A100-SXM4-40GB
Logger[23]: [1] NVIDIA A100-SXM4-40GB
Logger[23]: [2] NVIDIA A100-SXM4-40GB
Logger[23]: [3] NVIDIA A100-SXM4-40GB
Logger[23]: Compile Time: 94033 us + 9162 us = 103195 us
Logger[23]: Time Cost: 4966211 us
Logger[18]: Local GPU: 4
Logger[18]: [0] NVIDIA A100-SXM4-40GB
Logger[18]: [1] NVIDIA A100-SXM4-40GB
Logger[18]: [2] NVIDIA A100-SXM4-40GB
Logger[18]: [3] NVIDIA A100-SXM4-40GB
Logger[18]: Compile Time: 148 us + 9746 us = 9894 us
Logger[18]: Time Cost: 4939375 us
Logger[16]: Local GPU: 4
Logger[16]: [0] NVIDIA A100-SXM4-40GB
Logger[16]: [1] NVIDIA A100-SXM4-40GB
Logger[16]: [2] NVIDIA A100-SXM4-40GB
Logger[16]: [3] NVIDIA A100-SXM4-40GB
Logger[16]: Compile Time: 78181 us + 9023 us = 87204 us
Logger[16]: Time Cost: 4939698 us
Logger[8]: Local GPU: 4
Logger[8]: [0] NVIDIA A100-SXM4-40GB
Logger[8]: [1] NVIDIA A100-SXM4-40GB
Logger[8]: [2] NVIDIA A100-SXM4-40GB
Logger[8]: [3] NVIDIA A100-SXM4-40GB
Logger[8]: Compile Time: 83215 us + 11897 us = 95112 us
Logger[8]: Time Cost: 4956529 us
Logger[25]: Local GPU: 4
Logger[25]: [0] NVIDIA A100-SXM4-40GB
Logger[25]: [1] NVIDIA A100-SXM4-40GB
Logger[25]: [2] NVIDIA A100-SXM4-40GB
Logger[25]: [3] NVIDIA A100-SXM4-40GB
Logger[25]: Compile Time: 46478 us + 9105 us = 55583 us
Logger[25]: Time Cost: 4933152 us
Logger[5]: Local GPU: 4
Logger[5]: [0] NVIDIA A100-SXM4-40GB
Logger[5]: [1] NVIDIA A100-SXM4-40GB
Logger[5]: [2] NVIDIA A100-SXM4-40GB
Logger[5]: [3] NVIDIA A100-SXM4-40GB
Logger[5]: Compile Time: 147 us + 9075 us = 9222 us
Logger[5]: Time Cost: 4966349 us
Logger[1]: Local GPU: 4
Logger[1]: [0] NVIDIA A100-SXM4-40GB
Logger[1]: [1] NVIDIA A100-SXM4-40GB
Logger[1]: [2] NVIDIA A100-SXM4-40GB
Logger[1]: [3] NVIDIA A100-SXM4-40GB
Logger[1]: Compile Time: 26104 us + 9348 us = 35452 us
Logger[1]: Time Cost: 4945803 us
Logger[11]: Local GPU: 4
Logger[11]: [0] NVIDIA A100-SXM4-40GB
Logger[11]: [1] NVIDIA A100-SXM4-40GB
Logger[11]: [2] NVIDIA A100-SXM4-40GB
Logger[11]: [3] NVIDIA A100-SXM4-40GB
Logger[11]: Compile Time: 40997 us + 9143 us = 50140 us
Logger[11]: Time Cost: 4961140 us
Logger[6]: Local GPU: 4
Logger[6]: [0] NVIDIA A100-SXM4-40GB
Logger[6]: [1] NVIDIA A100-SXM4-40GB
Logger[6]: [2] NVIDIA A100-SXM4-40GB
Logger[6]: [3] NVIDIA A100-SXM4-40GB
Logger[6]: Compile Time: 151 us + 8990 us = 9141 us
Logger[6]: Time Cost: 4997040 us
Logger[7]: Local GPU: 4
Logger[7]: [0] NVIDIA A100-SXM4-40GB
Logger[7]: [1] NVIDIA A100-SXM4-40GB
Logger[7]: [2] NVIDIA A100-SXM4-40GB
Logger[7]: [3] NVIDIA A100-SXM4-40GB
Logger[7]: Compile Time: 23809 us + 9465 us = 33274 us
Logger[7]: Time Cost: 4996189 us
Logger[19]: Local GPU: 4
Logger[19]: [0] NVIDIA A100-SXM4-40GB
Logger[19]: [1] NVIDIA A100-SXM4-40GB
Logger[19]: [2] NVIDIA A100-SXM4-40GB
Logger[19]: [3] NVIDIA A100-SXM4-40GB
Logger[19]: Compile Time: 46593 us + 9084 us = 55677 us
Logger[19]: Time Cost: 4940759 us
Logger[3]: Local GPU: 4
Logger[3]: [0] NVIDIA A100-SXM4-40GB
Logger[3]: [1] NVIDIA A100-SXM4-40GB
Logger[3]: [2] NVIDIA A100-SXM4-40GB
Logger[3]: [3] NVIDIA A100-SXM4-40GB
Logger[3]: Compile Time: 90594 us + 9043 us = 99637 us
Logger[3]: Time Cost: 4958854 us
Logger[24]: Local GPU: 4
Logger[24]: [0] NVIDIA A100-SXM4-40GB
Logger[24]: [1] NVIDIA A100-SXM4-40GB
Logger[24]: [2] NVIDIA A100-SXM4-40GB
Logger[24]: [3] NVIDIA A100-SXM4-40GB
Logger[24]: Compile Time: 80199 us + 9036 us = 89235 us
Logger[24]: Time Cost: 4934200 us
Logger[2]: Local GPU: 4
Logger[2]: [0] NVIDIA A100-SXM4-40GB
Logger[2]: [1] NVIDIA A100-SXM4-40GB
Logger[2]: [2] NVIDIA A100-SXM4-40GB
Logger[2]: [3] NVIDIA A100-SXM4-40GB
Logger[2]: Compile Time: 160 us + 9205 us = 9365 us
Logger[2]: Time Cost: 4956330 us
Logger[0]: Local GPU: 4
Logger[0]: [0] NVIDIA A100-SXM4-40GB
Logger[0]: [1] NVIDIA A100-SXM4-40GB
Logger[0]: [2] NVIDIA A100-SXM4-40GB
Logger[0]: [3] NVIDIA A100-SXM4-40GB
Logger[0]: Total Gates 664
Logger[0]: Total Groups: 3 9 469 195
Logger[0]: Compile Time: 62295 us + 9227 us = 71522 us
Logger[0]: Time Cost: 4958322 us
Logger[28]: Local GPU: 4
Logger[28]: [0] NVIDIA A100-SXM4-40GB
Logger[28]: [1] NVIDIA A100-SXM4-40GB
Logger[28]: [2] NVIDIA A100-SXM4-40GB
Logger[28]: [3] NVIDIA A100-SXM4-40GB
Logger[28]: Compile Time: 33228 us + 9115 us = 42343 us
Logger[28]: Time Cost: 4990423 us
Logger[4]: Local GPU: 4
Logger[4]: [0] NVIDIA A100-SXM4-40GB
Logger[4]: [1] NVIDIA A100-SXM4-40GB
Logger[4]: [2] NVIDIA A100-SXM4-40GB
Logger[4]: [3] NVIDIA A100-SXM4-40GB
Logger[4]: Compile Time: 69577 us + 9371 us = 78948 us
Logger[4]: Time Cost: 4966515 us
Logger[27]: Local GPU: 4
Logger[27]: [0] NVIDIA A100-SXM4-40GB
Logger[27]: [1] NVIDIA A100-SXM4-40GB
Logger[27]: [2] NVIDIA A100-SXM4-40GB
Logger[27]: [3] NVIDIA A100-SXM4-40GB
Logger[27]: Compile Time: 67826 us + 9154 us = 76980 us
Logger[27]: Time Cost: 4934052 us
Logger[12]: Local GPU: 4
Logger[12]: [0] NVIDIA A100-SXM4-40GB
Logger[12]: [1] NVIDIA A100-SXM4-40GB
Logger[12]: [2] NVIDIA A100-SXM4-40GB
Logger[12]: [3] NVIDIA A100-SXM4-40GB
Logger[12]: Compile Time: 157 us + 9122 us = 9279 us
Logger[12]: Time Cost: 5009439 us
Logger[20]: Local GPU: 4
Logger[20]: [0] NVIDIA A100-SXM4-40GB
Logger[20]: [1] NVIDIA A100-SXM4-40GB
Logger[20]: [2] NVIDIA A100-SXM4-40GB
Logger[20]: [3] NVIDIA A100-SXM4-40GB
Logger[20]: Compile Time: 32633 us + 8978 us = 41611 us
Logger[20]: Time Cost: 4967336 us
Logger[29]: Local GPU: 4
Logger[29]: [0] NVIDIA A100-SXM4-40GB
Logger[29]: [1] NVIDIA A100-SXM4-40GB
Logger[29]: [2] NVIDIA A100-SXM4-40GB
Logger[29]: [3] NVIDIA A100-SXM4-40GB
Logger[29]: Compile Time: 141 us + 9985 us = 10126 us
Logger[29]: Time Cost: 5004819 us
