Logger[63]: Local GPU: 4
Logger[63]: [0] NVIDIA A100-SXM4-80GB
Logger[63]: [1] NVIDIA A100-SXM4-80GB
Logger[63]: [2] NVIDIA A100-SXM4-80GB
Logger[63]: [3] NVIDIA A100-SXM4-80GB
Logger[63]: Compile Time: 83960 us + 10053 us = 94013 us
Logger[63]: Time Cost: 9878332 us
Logger[62]: Local GPU: 4
Logger[62]: [0] NVIDIA A100-SXM4-80GB
Logger[62]: [1] NVIDIA A100-SXM4-80GB
Logger[62]: [2] NVIDIA A100-SXM4-80GB
Logger[62]: [3] NVIDIA A100-SXM4-80GB
Logger[62]: Compile Time: 32609 us + 13774 us = 46383 us
Logger[62]: Time Cost: 9871596 us
Logger[18]: Local GPU: 4
Logger[18]: [0] NVIDIA A100-SXM4-40GB
Logger[18]: [1] NVIDIA A100-SXM4-40GB
Logger[18]: [2] NVIDIA A100-SXM4-40GB
Logger[18]: [3] NVIDIA A100-SXM4-40GB
Logger[18]: Compile Time: 60778 us + 9599 us = 70377 us
Logger[18]: Time Cost: 9873690 us
Logger[20]: Local GPU: 4
Logger[20]: [0] NVIDIA A100-SXM4-40GB
Logger[20]: [1] NVIDIA A100-SXM4-40GB
Logger[20]: [2] NVIDIA A100-SXM4-40GB
Logger[20]: [3] NVIDIA A100-SXM4-40GB
Logger[20]: Compile Time: 109503 us + 9840 us = 119343 us
Logger[20]: Time Cost: 9873385 us
Logger[34]: Local GPU: 4
Logger[34]: [0] NVIDIA A100-SXM4-40GB
Logger[34]: [1] NVIDIA A100-SXM4-40GB
Logger[34]: [2] NVIDIA A100-SXM4-40GB
Logger[34]: [3] NVIDIA A100-SXM4-40GB
Logger[34]: Compile Time: 18101 us + 9976 us = 28077 us
Logger[34]: Time Cost: 9873167 us
Logger[42]: Local GPU: 4
Logger[42]: [0] NVIDIA A100-SXM4-40GB
Logger[42]: [1] NVIDIA A100-SXM4-40GB
Logger[42]: [2] NVIDIA A100-SXM4-40GB
Logger[42]: [3] NVIDIA A100-SXM4-40GB
Logger[42]: Compile Time: 52615 us + 9626 us = 62241 us
Logger[42]: Time Cost: 9873449 us
Logger[27]: Local GPU: 4
Logger[27]: [0] NVIDIA A100-SXM4-40GB
Logger[27]: [1] NVIDIA A100-SXM4-40GB
Logger[27]: [2] NVIDIA A100-SXM4-40GB
Logger[27]: [3] NVIDIA A100-SXM4-40GB
Logger[27]: Compile Time: 89487 us + 9890 us = 99377 us
Logger[27]: Time Cost: 9873598 us
Logger[35]: Local GPU: 4
Logger[35]: [0] NVIDIA A100-SXM4-40GB
Logger[35]: [1] NVIDIA A100-SXM4-40GB
Logger[35]: [2] NVIDIA A100-SXM4-40GB
Logger[35]: [3] NVIDIA A100-SXM4-40GB
Logger[35]: Compile Time: 78433 us + 10416 us = 88849 us
Logger[35]: Time Cost: 9873172 us
Logger[32]: Local GPU: 4
Logger[32]: [0] NVIDIA A100-SXM4-40GB
Logger[32]: [1] NVIDIA A100-SXM4-40GB
Logger[32]: [2] NVIDIA A100-SXM4-40GB
Logger[32]: [3] NVIDIA A100-SXM4-40GB
Logger[32]: Compile Time: 67589 us + 13237 us = 80826 us
Logger[32]: Time Cost: 9858368 us
Logger[30]: Local GPU: 4
Logger[30]: [0] NVIDIA A100-SXM4-40GB
Logger[30]: [1] NVIDIA A100-SXM4-40GB
Logger[30]: [2] NVIDIA A100-SXM4-40GB
Logger[30]: [3] NVIDIA A100-SXM4-40GB
Logger[30]: Compile Time: 19856 us + 10085 us = 29941 us
Logger[30]: Time Cost: 9873123 us
Logger[23]: Local GPU: 4
Logger[23]: [0] NVIDIA A100-SXM4-40GB
Logger[23]: [1] NVIDIA A100-SXM4-40GB
Logger[23]: [2] NVIDIA A100-SXM4-40GB
Logger[23]: [3] NVIDIA A100-SXM4-40GB
Logger[23]: Compile Time: 100303 us + 9527 us = 109830 us
Logger[23]: Time Cost: 9873507 us
Logger[31]: Local GPU: 4
Logger[31]: [0] NVIDIA A100-SXM4-40GB
Logger[31]: [1] NVIDIA A100-SXM4-40GB
Logger[31]: [2] NVIDIA A100-SXM4-40GB
Logger[31]: [3] NVIDIA A100-SXM4-40GB
Logger[31]: Compile Time: 79539 us + 9944 us = 89483 us
Logger[31]: Time Cost: 9872833 us
Logger[33]: Local GPU: 4
Logger[33]: [0] NVIDIA A100-SXM4-40GB
Logger[33]: [1] NVIDIA A100-SXM4-40GB
Logger[33]: [2] NVIDIA A100-SXM4-40GB
Logger[33]: [3] NVIDIA A100-SXM4-40GB
Logger[33]: Compile Time: 60938 us + 9927 us = 70865 us
Logger[33]: Time Cost: 9873413 us
Logger[25]: Local GPU: 4
Logger[25]: [0] NVIDIA A100-SXM4-40GB
Logger[25]: [1] NVIDIA A100-SXM4-40GB
Logger[25]: [2] NVIDIA A100-SXM4-40GB
Logger[25]: [3] NVIDIA A100-SXM4-40GB
Logger[25]: Compile Time: 99025 us + 14194 us = 113219 us
Logger[25]: Time Cost: 9867180 us
Logger[41]: Local GPU: 4
Logger[41]: [0] NVIDIA A100-SXM4-40GB
Logger[41]: [1] NVIDIA A100-SXM4-40GB
Logger[41]: [2] NVIDIA A100-SXM4-40GB
Logger[41]: [3] NVIDIA A100-SXM4-40GB
Logger[41]: Compile Time: 12715 us + 10509 us = 23224 us
Logger[41]: Time Cost: 9872531 us
Logger[43]: Local GPU: 4
Logger[43]: [0] NVIDIA A100-SXM4-40GB
Logger[43]: [1] NVIDIA A100-SXM4-40GB
Logger[43]: [2] NVIDIA A100-SXM4-40GB
Logger[43]: [3] NVIDIA A100-SXM4-40GB
Logger[43]: Compile Time: 100607 us + 9630 us = 110237 us
Logger[43]: Time Cost: 9872980 us
Logger[47]: Local GPU: 4
Logger[47]: [0] NVIDIA A100-SXM4-40GB
Logger[47]: [1] NVIDIA A100-SXM4-40GB
Logger[47]: [2] NVIDIA A100-SXM4-40GB
Logger[47]: [3] NVIDIA A100-SXM4-40GB
Logger[47]: Compile Time: 97739 us + 9898 us = 107637 us
Logger[47]: Time Cost: 9872751 us
Logger[29]: Local GPU: 4
Logger[29]: [0] NVIDIA A100-SXM4-40GB
Logger[29]: [1] NVIDIA A100-SXM4-40GB
Logger[29]: [2] NVIDIA A100-SXM4-40GB
Logger[29]: [3] NVIDIA A100-SXM4-40GB
Logger[29]: Compile Time: 14157 us + 9602 us = 23759 us
Logger[29]: Time Cost: 9873519 us
Logger[26]: Local GPU: 4
Logger[26]: [0] NVIDIA A100-SXM4-40GB
Logger[26]: [1] NVIDIA A100-SXM4-40GB
Logger[26]: [2] NVIDIA A100-SXM4-40GB
Logger[26]: [3] NVIDIA A100-SXM4-40GB
Logger[26]: Compile Time: 54561 us + 11055 us = 65616 us
Logger[26]: Time Cost: 9872537 us
Logger[37]: Local GPU: 4
Logger[37]: [0] NVIDIA A100-SXM4-40GB
Logger[37]: [1] NVIDIA A100-SXM4-40GB
Logger[37]: [2] NVIDIA A100-SXM4-40GB
Logger[37]: [3] NVIDIA A100-SXM4-40GB
Logger[37]: Compile Time: 78297 us + 10294 us = 88591 us
Logger[37]: Time Cost: 9871298 us
Logger[46]: Local GPU: 4
Logger[46]: [0] NVIDIA A100-SXM4-40GB
Logger[46]: [1] NVIDIA A100-SXM4-40GB
Logger[46]: [2] NVIDIA A100-SXM4-40GB
Logger[46]: [3] NVIDIA A100-SXM4-40GB
Logger[46]: Compile Time: 48555 us + 18462 us = 67017 us
Logger[46]: Time Cost: 9846438 us
Logger[6]: Local GPU: 4
Logger[6]: [0] NVIDIA A100-SXM4-40GB
Logger[6]: [1] NVIDIA A100-SXM4-40GB
Logger[6]: [2] NVIDIA A100-SXM4-40GB
Logger[6]: [3] NVIDIA A100-SXM4-40GB
Logger[6]: Compile Time: 69312 us + 9590 us = 78902 us
Logger[6]: Time Cost: 9852100 us
Logger[0]: Local GPU: 4
Logger[0]: [0] NVIDIA A100-SXM4-40GB
Logger[0]: [1] NVIDIA A100-SXM4-40GB
Logger[0]: [2] NVIDIA A100-SXM4-40GB
Logger[0]: [3] NVIDIA A100-SXM4-40GB
Logger[0]: Total Gates 354
Logger[0]: Total Groups: 3 12 330 24
Logger[0]: Compile Time: 38883 us + 9800 us = 48683 us
Logger[0]: Time Cost: 9838304 us
Logger[16]: Local GPU: 4
Logger[16]: [0] NVIDIA A100-SXM4-40GB
Logger[16]: [1] NVIDIA A100-SXM4-40GB
Logger[16]: [2] NVIDIA A100-SXM4-40GB
Logger[16]: [3] NVIDIA A100-SXM4-40GB
Logger[16]: Compile Time: 137662 us + 9522 us = 147184 us
Logger[16]: Time Cost: 9873795 us
Logger[60]: Local GPU: 4
Logger[60]: [0] NVIDIA A100-SXM4-40GB
Logger[60]: [1] NVIDIA A100-SXM4-40GB
Logger[60]: [2] NVIDIA A100-SXM4-40GB
Logger[60]: [3] NVIDIA A100-SXM4-40GB
Logger[60]: Compile Time: 2142 us + 9542 us = 11684 us
Logger[60]: Time Cost: 9874721 us
Logger[10]: Local GPU: 4
Logger[10]: [0] NVIDIA A100-SXM4-40GB
Logger[10]: [1] NVIDIA A100-SXM4-40GB
Logger[10]: [2] NVIDIA A100-SXM4-40GB
Logger[10]: [3] NVIDIA A100-SXM4-40GB
Logger[10]: Compile Time: 13695 us + 9734 us = 23429 us
Logger[10]: Time Cost: 9873518 us
Logger[21]: Local GPU: 4
Logger[21]: [0] NVIDIA A100-SXM4-40GB
Logger[21]: [1] NVIDIA A100-SXM4-40GB
Logger[21]: [2] NVIDIA A100-SXM4-40GB
Logger[21]: [3] NVIDIA A100-SXM4-40GB
Logger[21]: Compile Time: 86569 us + 9735 us = 96304 us
Logger[21]: Time Cost: 9867909 us
Logger[15]: Local GPU: 4
Logger[15]: [0] NVIDIA A100-SXM4-40GB
Logger[15]: [1] NVIDIA A100-SXM4-40GB
Logger[15]: [2] NVIDIA A100-SXM4-40GB
Logger[15]: [3] NVIDIA A100-SXM4-40GB
Logger[15]: Compile Time: 102348 us + 9682 us = 112030 us
Logger[15]: Time Cost: 9875393 us
Logger[5]: Local GPU: 4
Logger[5]: [0] NVIDIA A100-SXM4-40GB
Logger[5]: [1] NVIDIA A100-SXM4-40GB
Logger[5]: [2] NVIDIA A100-SXM4-40GB
Logger[5]: [3] NVIDIA A100-SXM4-40GB
Logger[5]: Compile Time: 101790 us + 9560 us = 111350 us
Logger[5]: Time Cost: 9852330 us
Logger[1]: Local GPU: 4
Logger[1]: [0] NVIDIA A100-SXM4-40GB
Logger[1]: [1] NVIDIA A100-SXM4-40GB
Logger[1]: [2] NVIDIA A100-SXM4-40GB
Logger[1]: [3] NVIDIA A100-SXM4-40GB
Logger[1]: Compile Time: 126 us + 10454 us = 10580 us
Logger[1]: Time Cost: 9846946 us
Logger[38]: Local GPU: 4
Logger[38]: [0] NVIDIA A100-SXM4-40GB
Logger[38]: [1] NVIDIA A100-SXM4-40GB
Logger[38]: [2] NVIDIA A100-SXM4-40GB
Logger[38]: [3] NVIDIA A100-SXM4-40GB
Logger[38]: Compile Time: 97223 us + 9605 us = 106828 us
Logger[38]: Time Cost: 9869265 us
Logger[14]: Local GPU: 4
Logger[14]: [0] NVIDIA A100-SXM4-40GB
Logger[14]: [1] NVIDIA A100-SXM4-40GB
Logger[14]: [2] NVIDIA A100-SXM4-40GB
Logger[14]: [3] NVIDIA A100-SXM4-40GB
Logger[14]: Compile Time: 70831 us + 9930 us = 80761 us
Logger[14]: Time Cost: 9875115 us
Logger[58]: Local GPU: 4
Logger[58]: [0] NVIDIA A100-SXM4-40GB
Logger[58]: [1] NVIDIA A100-SXM4-40GB
Logger[58]: [2] NVIDIA A100-SXM4-40GB
Logger[58]: [3] NVIDIA A100-SXM4-40GB
Logger[58]: Compile Time: 56092 us + 9736 us = 65828 us
Logger[58]: Time Cost: 9873169 us
Logger[28]: Local GPU: 4
Logger[28]: [0] NVIDIA A100-SXM4-40GB
Logger[28]: [1] NVIDIA A100-SXM4-40GB
Logger[28]: [2] NVIDIA A100-SXM4-40GB
Logger[28]: [3] NVIDIA A100-SXM4-40GB
Logger[28]: Compile Time: 44431 us + 9960 us = 54391 us
Logger[28]: Time Cost: 9871731 us
Logger[56]: Local GPU: 4
Logger[56]: [0] NVIDIA A100-SXM4-40GB
Logger[56]: [1] NVIDIA A100-SXM4-40GB
Logger[56]: [2] NVIDIA A100-SXM4-40GB
Logger[56]: [3] NVIDIA A100-SXM4-40GB
Logger[56]: Compile Time: 108395 us + 9561 us = 117956 us
Logger[56]: Time Cost: 9866803 us
Logger[48]: Local GPU: 4
Logger[48]: [0] NVIDIA A100-SXM4-40GB
Logger[48]: [1] NVIDIA A100-SXM4-40GB
Logger[48]: [2] NVIDIA A100-SXM4-40GB
Logger[48]: [3] NVIDIA A100-SXM4-40GB
Logger[48]: Compile Time: 90926 us + 10761 us = 101687 us
Logger[48]: Time Cost: 9874744 us
Logger[19]: Local GPU: 4
Logger[19]: [0] NVIDIA A100-SXM4-40GB
Logger[19]: [1] NVIDIA A100-SXM4-40GB
Logger[19]: [2] NVIDIA A100-SXM4-40GB
Logger[19]: [3] NVIDIA A100-SXM4-40GB
Logger[19]: Compile Time: 71595 us + 13158 us = 84753 us
Logger[19]: Time Cost: 9867452 us
Logger[57]: Local GPU: 4
Logger[57]: [0] NVIDIA A100-SXM4-40GB
Logger[57]: [1] NVIDIA A100-SXM4-40GB
Logger[57]: [2] NVIDIA A100-SXM4-40GB
Logger[57]: [3] NVIDIA A100-SXM4-40GB
Logger[57]: Compile Time: 82673 us + 9674 us = 92347 us
Logger[57]: Time Cost: 9874200 us
Logger[7]: Local GPU: 4
Logger[7]: [0] NVIDIA A100-SXM4-40GB
Logger[7]: [1] NVIDIA A100-SXM4-40GB
Logger[7]: [2] NVIDIA A100-SXM4-40GB
Logger[7]: [3] NVIDIA A100-SXM4-40GB
Logger[7]: Compile Time: 136343 us + 13427 us = 149770 us
Logger[7]: Time Cost: 9847237 us
Logger[59]: Local GPU: 4
Logger[59]: [0] NVIDIA A100-SXM4-40GB
Logger[59]: [1] NVIDIA A100-SXM4-40GB
Logger[59]: [2] NVIDIA A100-SXM4-40GB
Logger[59]: [3] NVIDIA A100-SXM4-40GB
Logger[59]: Compile Time: 66989 us + 9601 us = 76590 us
Logger[59]: Time Cost: 9870134 us
Logger[4]: Local GPU: 4
Logger[4]: [0] NVIDIA A100-SXM4-40GB
Logger[4]: [1] NVIDIA A100-SXM4-40GB
Logger[4]: [2] NVIDIA A100-SXM4-40GB
Logger[4]: [3] NVIDIA A100-SXM4-40GB
Logger[4]: Compile Time: 148686 us + 9595 us = 158281 us
Logger[4]: Time Cost: 9850598 us
Logger[45]: Local GPU: 4
Logger[45]: [0] NVIDIA A100-SXM4-40GB
Logger[45]: [1] NVIDIA A100-SXM4-40GB
Logger[45]: [2] NVIDIA A100-SXM4-40GB
Logger[45]: [3] NVIDIA A100-SXM4-40GB
Logger[45]: Compile Time: 75722 us + 13079 us = 88801 us
Logger[45]: Time Cost: 9870129 us
Logger[12]: Local GPU: 4
Logger[12]: [0] NVIDIA A100-SXM4-40GB
Logger[12]: [1] NVIDIA A100-SXM4-40GB
Logger[12]: [2] NVIDIA A100-SXM4-40GB
Logger[12]: [3] NVIDIA A100-SXM4-40GB
Logger[12]: Compile Time: 74021 us + 9633 us = 83654 us
Logger[12]: Time Cost: 9875689 us
Logger[2]: Local GPU: 4
Logger[2]: [0] NVIDIA A100-SXM4-40GB
Logger[2]: [1] NVIDIA A100-SXM4-40GB
Logger[2]: [2] NVIDIA A100-SXM4-40GB
Logger[2]: [3] NVIDIA A100-SXM4-40GB
Logger[2]: Compile Time: 134 us + 9926 us = 10060 us
Logger[2]: Time Cost: 9838897 us
Logger[54]: Local GPU: 4
Logger[54]: [0] NVIDIA A100-SXM4-40GB
Logger[54]: [1] NVIDIA A100-SXM4-40GB
Logger[54]: [2] NVIDIA A100-SXM4-40GB
Logger[54]: [3] NVIDIA A100-SXM4-40GB
Logger[54]: Compile Time: 78527 us + 9632 us = 88159 us
Logger[54]: Time Cost: 9875033 us
Logger[49]: Local GPU: 4
Logger[49]: [0] NVIDIA A100-SXM4-40GB
Logger[49]: [1] NVIDIA A100-SXM4-40GB
Logger[49]: [2] NVIDIA A100-SXM4-40GB
Logger[49]: [3] NVIDIA A100-SXM4-40GB
Logger[49]: Compile Time: 76989 us + 14266 us = 91255 us
Logger[49]: Time Cost: 9870481 us
Logger[8]: Local GPU: 4
Logger[8]: [0] NVIDIA A100-SXM4-40GB
Logger[8]: [1] NVIDIA A100-SXM4-40GB
Logger[8]: [2] NVIDIA A100-SXM4-40GB
Logger[8]: [3] NVIDIA A100-SXM4-40GB
Logger[8]: Compile Time: 99567 us + 9529 us = 109096 us
Logger[8]: Time Cost: 9876113 us
Logger[50]: Local GPU: 4
Logger[50]: [0] NVIDIA A100-SXM4-40GB
Logger[50]: [1] NVIDIA A100-SXM4-40GB
Logger[50]: [2] NVIDIA A100-SXM4-40GB
Logger[50]: [3] NVIDIA A100-SXM4-40GB
Logger[50]: Compile Time: 32516 us + 9679 us = 42195 us
Logger[50]: Time Cost: 9875460 us
Logger[13]: Local GPU: 4
Logger[13]: [0] NVIDIA A100-SXM4-40GB
Logger[13]: [1] NVIDIA A100-SXM4-40GB
Logger[13]: [2] NVIDIA A100-SXM4-40GB
Logger[13]: [3] NVIDIA A100-SXM4-40GB
Logger[13]: Compile Time: 34095 us + 9682 us = 43777 us
Logger[13]: Time Cost: 9876032 us
Logger[9]: Local GPU: 4
Logger[9]: [0] NVIDIA A100-SXM4-40GB
Logger[9]: [1] NVIDIA A100-SXM4-40GB
Logger[9]: [2] NVIDIA A100-SXM4-40GB
Logger[9]: [3] NVIDIA A100-SXM4-40GB
Logger[9]: Compile Time: 43582 us + 9521 us = 53103 us
Logger[9]: Time Cost: 9876186 us
Logger[44]: Local GPU: 4
Logger[44]: [0] NVIDIA A100-SXM4-40GB
Logger[44]: [1] NVIDIA A100-SXM4-40GB
Logger[44]: [2] NVIDIA A100-SXM4-40GB
Logger[44]: [3] NVIDIA A100-SXM4-40GB
Logger[44]: Compile Time: 56215 us + 9696 us = 65911 us
Logger[44]: Time Cost: 9873681 us
Logger[61]: Local GPU: 4
Logger[61]: [0] NVIDIA A100-SXM4-80GB
Logger[61]: [1] NVIDIA A100-SXM4-80GB
Logger[61]: [2] NVIDIA A100-SXM4-80GB
Logger[61]: [3] NVIDIA A100-SXM4-80GB
Logger[61]: Compile Time: 114 us + 9571 us = 9685 us
Logger[61]: Time Cost: 9871587 us
Logger[53]: Local GPU: 4
Logger[53]: [0] NVIDIA A100-SXM4-40GB
Logger[53]: [1] NVIDIA A100-SXM4-40GB
Logger[53]: [2] NVIDIA A100-SXM4-40GB
Logger[53]: [3] NVIDIA A100-SXM4-40GB
Logger[53]: Compile Time: 40165 us + 9551 us = 49716 us
Logger[53]: Time Cost: 9875929 us
Logger[11]: Local GPU: 4
Logger[11]: [0] NVIDIA A100-SXM4-40GB
Logger[11]: [1] NVIDIA A100-SXM4-40GB
Logger[11]: [2] NVIDIA A100-SXM4-40GB
Logger[11]: [3] NVIDIA A100-SXM4-40GB
Logger[11]: Compile Time: 69883 us + 9686 us = 79569 us
Logger[11]: Time Cost: 9876060 us
Logger[52]: Local GPU: 4
Logger[52]: [0] NVIDIA A100-SXM4-40GB
Logger[52]: [1] NVIDIA A100-SXM4-40GB
Logger[52]: [2] NVIDIA A100-SXM4-40GB
Logger[52]: [3] NVIDIA A100-SXM4-40GB
Logger[52]: Compile Time: 32924 us + 9603 us = 42527 us
Logger[52]: Time Cost: 9873669 us
Logger[36]: Local GPU: 4
Logger[36]: [0] NVIDIA A100-SXM4-40GB
Logger[36]: [1] NVIDIA A100-SXM4-40GB
Logger[36]: [2] NVIDIA A100-SXM4-40GB
Logger[36]: [3] NVIDIA A100-SXM4-40GB
Logger[36]: Compile Time: 137062 us + 9818 us = 146880 us
Logger[36]: Time Cost: 9873165 us
Logger[24]: Local GPU: 4
Logger[24]: [0] NVIDIA A100-SXM4-40GB
Logger[24]: [1] NVIDIA A100-SXM4-40GB
Logger[24]: [2] NVIDIA A100-SXM4-40GB
Logger[24]: [3] NVIDIA A100-SXM4-40GB
Logger[24]: Compile Time: 82988 us + 9691 us = 92679 us
Logger[24]: Time Cost: 9873081 us
Logger[17]: Local GPU: 4
Logger[17]: [0] NVIDIA A100-SXM4-40GB
Logger[17]: [1] NVIDIA A100-SXM4-40GB
Logger[17]: [2] NVIDIA A100-SXM4-40GB
Logger[17]: [3] NVIDIA A100-SXM4-40GB
Logger[17]: Compile Time: 31641 us + 9595 us = 41236 us
Logger[17]: Time Cost: 9874061 us
Logger[51]: Local GPU: 4
Logger[51]: [0] NVIDIA A100-SXM4-40GB
Logger[51]: [1] NVIDIA A100-SXM4-40GB
Logger[51]: [2] NVIDIA A100-SXM4-40GB
Logger[51]: [3] NVIDIA A100-SXM4-40GB
Logger[51]: Compile Time: 103429 us + 9722 us = 113151 us
Logger[51]: Time Cost: 9875990 us
Logger[22]: Local GPU: 4
Logger[22]: [0] NVIDIA A100-SXM4-40GB
Logger[22]: [1] NVIDIA A100-SXM4-40GB
Logger[22]: [2] NVIDIA A100-SXM4-40GB
Logger[22]: [3] NVIDIA A100-SXM4-40GB
Logger[22]: Compile Time: 65809 us + 9407 us = 75216 us
Logger[22]: Time Cost: 9873726 us
Logger[39]: Local GPU: 4
Logger[39]: [0] NVIDIA A100-SXM4-40GB
Logger[39]: [1] NVIDIA A100-SXM4-40GB
Logger[39]: [2] NVIDIA A100-SXM4-40GB
Logger[39]: [3] NVIDIA A100-SXM4-40GB
Logger[39]: Compile Time: 148296 us + 9782 us = 158078 us
Logger[39]: Time Cost: 9873267 us
Logger[40]: Local GPU: 4
Logger[40]: [0] NVIDIA A100-SXM4-40GB
Logger[40]: [1] NVIDIA A100-SXM4-40GB
Logger[40]: [2] NVIDIA A100-SXM4-40GB
Logger[40]: [3] NVIDIA A100-SXM4-40GB
Logger[40]: Compile Time: 51578 us + 9765 us = 61343 us
Logger[40]: Time Cost: 9872872 us
Logger[3]: Local GPU: 4
Logger[3]: [0] NVIDIA A100-SXM4-40GB
Logger[3]: [1] NVIDIA A100-SXM4-40GB
Logger[3]: [2] NVIDIA A100-SXM4-40GB
Logger[3]: [3] NVIDIA A100-SXM4-40GB
Logger[3]: Compile Time: 42889 us + 9526 us = 52415 us
Logger[3]: Time Cost: 9852932 us
Logger[55]: Local GPU: 4
Logger[55]: [0] NVIDIA A100-SXM4-40GB
Logger[55]: [1] NVIDIA A100-SXM4-40GB
Logger[55]: [2] NVIDIA A100-SXM4-40GB
Logger[55]: [3] NVIDIA A100-SXM4-40GB
Logger[55]: Compile Time: 110761 us + 9511 us = 120272 us
Logger[55]: Time Cost: 9875733 us
