Logger[30]: Local GPU: 4
Logger[30]: [0] NVIDIA A100-SXM4-80GB
Logger[30]: [1] NVIDIA A100-SXM4-80GB
Logger[30]: [2] NVIDIA A100-SXM4-80GB
Logger[30]: [3] NVIDIA A100-SXM4-80GB
Logger[30]: Compile Time: 131270 us + 8340 us = 139610 us
Logger[30]: Time Cost: 6260345 us
Logger[24]: Local GPU: 4
Logger[24]: [0] NVIDIA A100-SXM4-40GB
Logger[24]: [1] NVIDIA A100-SXM4-40GB
Logger[24]: [2] NVIDIA A100-SXM4-40GB
Logger[24]: [3] NVIDIA A100-SXM4-40GB
Logger[24]: Compile Time: 164198 us + 13489 us = 177687 us
Logger[24]: Time Cost: 6238498 us
Logger[23]: Local GPU: 4
Logger[23]: [0] NVIDIA A100-SXM4-40GB
Logger[23]: [1] NVIDIA A100-SXM4-40GB
Logger[23]: [2] NVIDIA A100-SXM4-40GB
Logger[23]: [3] NVIDIA A100-SXM4-40GB
Logger[23]: Compile Time: 155529 us + 12908 us = 168437 us
Logger[23]: Time Cost: 6249615 us
Logger[25]: Local GPU: 4
Logger[25]: [0] NVIDIA A100-SXM4-40GB
Logger[25]: [1] NVIDIA A100-SXM4-40GB
Logger[25]: [2] NVIDIA A100-SXM4-40GB
Logger[25]: [3] NVIDIA A100-SXM4-40GB
Logger[25]: Compile Time: 173182 us + 8589 us = 181771 us
Logger[25]: Time Cost: 6252716 us
Logger[9]: Local GPU: 4
Logger[9]: [0] NVIDIA A100-SXM4-40GB
Logger[9]: [1] NVIDIA A100-SXM4-40GB
Logger[9]: [2] NVIDIA A100-SXM4-40GB
Logger[9]: [3] NVIDIA A100-SXM4-40GB
Logger[9]: Compile Time: 233071 us + 8479 us = 241550 us
Logger[9]: Time Cost: 6253800 us
Logger[5]: Local GPU: 4
Logger[5]: [0] NVIDIA A100-SXM4-40GB
Logger[5]: [1] NVIDIA A100-SXM4-40GB
Logger[5]: [2] NVIDIA A100-SXM4-40GB
Logger[5]: [3] NVIDIA A100-SXM4-40GB
Logger[5]: Compile Time: 164954 us + 8116 us = 173070 us
Logger[5]: Time Cost: 6243683 us
Logger[20]: Local GPU: 4
Logger[20]: [0] NVIDIA A100-SXM4-40GB
Logger[20]: [1] NVIDIA A100-SXM4-40GB
Logger[20]: [2] NVIDIA A100-SXM4-40GB
Logger[20]: [3] NVIDIA A100-SXM4-40GB
Logger[20]: Compile Time: 217073 us + 8336 us = 225409 us
Logger[20]: Time Cost: 6253450 us
Logger[11]: Local GPU: 4
Logger[11]: [0] NVIDIA A100-SXM4-40GB
Logger[11]: [1] NVIDIA A100-SXM4-40GB
Logger[11]: [2] NVIDIA A100-SXM4-40GB
Logger[11]: [3] NVIDIA A100-SXM4-40GB
Logger[11]: Compile Time: 243098 us + 8447 us = 251545 us
Logger[11]: Time Cost: 6252569 us
Logger[27]: Local GPU: 4
Logger[27]: [0] NVIDIA A100-SXM4-40GB
Logger[27]: [1] NVIDIA A100-SXM4-40GB
Logger[27]: [2] NVIDIA A100-SXM4-40GB
Logger[27]: [3] NVIDIA A100-SXM4-40GB
Logger[27]: Compile Time: 132224 us + 8264 us = 140488 us
Logger[27]: Time Cost: 6253611 us
Logger[4]: Local GPU: 4
Logger[4]: [0] NVIDIA A100-SXM4-40GB
Logger[4]: [1] NVIDIA A100-SXM4-40GB
Logger[4]: [2] NVIDIA A100-SXM4-40GB
Logger[4]: [3] NVIDIA A100-SXM4-40GB
Logger[4]: Compile Time: 220760 us + 8574 us = 229334 us
Logger[4]: Time Cost: 6253486 us
Logger[0]: Local GPU: 4
Logger[0]: [0] NVIDIA A100-SXM4-40GB
Logger[0]: [1] NVIDIA A100-SXM4-40GB
Logger[0]: [2] NVIDIA A100-SXM4-40GB
Logger[0]: [3] NVIDIA A100-SXM4-40GB
Logger[0]: Total Gates 1925
Logger[0]: Total Groups: 5 19 1820 105
Logger[0]: Compile Time: 7701 us + 8668 us = 16369 us
Logger[0]: Time Cost: 6244398 us
Logger[22]: Local GPU: 4
Logger[22]: [0] NVIDIA A100-SXM4-40GB
Logger[22]: [1] NVIDIA A100-SXM4-40GB
Logger[22]: [2] NVIDIA A100-SXM4-40GB
Logger[22]: [3] NVIDIA A100-SXM4-40GB
Logger[22]: Compile Time: 129488 us + 8445 us = 137933 us
Logger[22]: Time Cost: 6253838 us
Logger[14]: Local GPU: 4
Logger[14]: [0] NVIDIA A100-SXM4-40GB
Logger[14]: [1] NVIDIA A100-SXM4-40GB
Logger[14]: [2] NVIDIA A100-SXM4-40GB
Logger[14]: [3] NVIDIA A100-SXM4-40GB
Logger[14]: Compile Time: 233746 us + 8360 us = 242106 us
Logger[14]: Time Cost: 6254553 us
Logger[10]: Local GPU: 4
Logger[10]: [0] NVIDIA A100-SXM4-40GB
Logger[10]: [1] NVIDIA A100-SXM4-40GB
Logger[10]: [2] NVIDIA A100-SXM4-40GB
Logger[10]: [3] NVIDIA A100-SXM4-40GB
Logger[10]: Compile Time: 170751 us + 8238 us = 178989 us
Logger[10]: Time Cost: 6254230 us
Logger[6]: Local GPU: 4
Logger[6]: [0] NVIDIA A100-SXM4-40GB
Logger[6]: [1] NVIDIA A100-SXM4-40GB
Logger[6]: [2] NVIDIA A100-SXM4-40GB
Logger[6]: [3] NVIDIA A100-SXM4-40GB
Logger[6]: Compile Time: 130795 us + 8681 us = 139476 us
Logger[6]: Time Cost: 6253089 us
Logger[2]: Local GPU: 4
Logger[2]: [0] NVIDIA A100-SXM4-40GB
Logger[2]: [1] NVIDIA A100-SXM4-40GB
Logger[2]: [2] NVIDIA A100-SXM4-40GB
Logger[2]: [3] NVIDIA A100-SXM4-40GB
Logger[2]: Compile Time: 202510 us + 8353 us = 210863 us
Logger[2]: Time Cost: 6254825 us
Logger[28]: Local GPU: 4
Logger[28]: [0] NVIDIA A100-SXM4-40GB
Logger[28]: [1] NVIDIA A100-SXM4-40GB
Logger[28]: [2] NVIDIA A100-SXM4-40GB
Logger[28]: [3] NVIDIA A100-SXM4-40GB
Logger[28]: Compile Time: 208137 us + 18019 us = 226156 us
Logger[28]: Time Cost: 6230704 us
Logger[13]: Local GPU: 4
Logger[13]: [0] NVIDIA A100-SXM4-40GB
Logger[13]: [1] NVIDIA A100-SXM4-40GB
Logger[13]: [2] NVIDIA A100-SXM4-40GB
Logger[13]: [3] NVIDIA A100-SXM4-40GB
Logger[13]: Compile Time: 258708 us + 8497 us = 267205 us
Logger[13]: Time Cost: 6254649 us
Logger[7]: Local GPU: 4
Logger[7]: [0] NVIDIA A100-SXM4-40GB
Logger[7]: [1] NVIDIA A100-SXM4-40GB
Logger[7]: [2] NVIDIA A100-SXM4-40GB
Logger[7]: [3] NVIDIA A100-SXM4-40GB
Logger[7]: Compile Time: 157909 us + 8410 us = 166319 us
Logger[7]: Time Cost: 6253541 us
Logger[8]: Local GPU: 4
Logger[8]: [0] NVIDIA A100-SXM4-40GB
Logger[8]: [1] NVIDIA A100-SXM4-40GB
Logger[8]: [2] NVIDIA A100-SXM4-40GB
Logger[8]: [3] NVIDIA A100-SXM4-40GB
Logger[8]: Compile Time: 236169 us + 13851 us = 250020 us
Logger[8]: Time Cost: 6248308 us
Logger[21]: Local GPU: 4
Logger[21]: [0] NVIDIA A100-SXM4-40GB
Logger[21]: [1] NVIDIA A100-SXM4-40GB
Logger[21]: [2] NVIDIA A100-SXM4-40GB
Logger[21]: [3] NVIDIA A100-SXM4-40GB
Logger[21]: Compile Time: 135389 us + 8710 us = 144099 us
Logger[21]: Time Cost: 6253230 us
Logger[12]: Local GPU: 4
Logger[12]: [0] NVIDIA A100-SXM4-40GB
Logger[12]: [1] NVIDIA A100-SXM4-40GB
Logger[12]: [2] NVIDIA A100-SXM4-40GB
Logger[12]: [3] NVIDIA A100-SXM4-40GB
Logger[12]: Compile Time: 236288 us + 8391 us = 244679 us
Logger[12]: Time Cost: 6254296 us
Logger[18]: Local GPU: 4
Logger[18]: [0] NVIDIA A100-SXM4-40GB
Logger[18]: [1] NVIDIA A100-SXM4-40GB
Logger[18]: [2] NVIDIA A100-SXM4-40GB
Logger[18]: [3] NVIDIA A100-SXM4-40GB
Logger[18]: Compile Time: 175026 us + 8272 us = 183298 us
Logger[18]: Time Cost: 6243728 us
Logger[31]: Local GPU: 4
Logger[31]: [0] NVIDIA A100-SXM4-80GB
Logger[31]: [1] NVIDIA A100-SXM4-80GB
Logger[31]: [2] NVIDIA A100-SXM4-80GB
Logger[31]: [3] NVIDIA A100-SXM4-80GB
Logger[31]: Compile Time: 268993 us + 8635 us = 277628 us
Logger[31]: Time Cost: 6259846 us
Logger[15]: Local GPU: 4
Logger[15]: [0] NVIDIA A100-SXM4-40GB
Logger[15]: [1] NVIDIA A100-SXM4-40GB
Logger[15]: [2] NVIDIA A100-SXM4-40GB
Logger[15]: [3] NVIDIA A100-SXM4-40GB
Logger[15]: Compile Time: 239293 us + 8249 us = 247542 us
Logger[15]: Time Cost: 6254476 us
Logger[19]: Local GPU: 4
Logger[19]: [0] NVIDIA A100-SXM4-40GB
Logger[19]: [1] NVIDIA A100-SXM4-40GB
Logger[19]: [2] NVIDIA A100-SXM4-40GB
Logger[19]: [3] NVIDIA A100-SXM4-40GB
Logger[19]: Compile Time: 197380 us + 8381 us = 205761 us
Logger[19]: Time Cost: 6254696 us
Logger[26]: Local GPU: 4
Logger[26]: [0] NVIDIA A100-SXM4-40GB
Logger[26]: [1] NVIDIA A100-SXM4-40GB
Logger[26]: [2] NVIDIA A100-SXM4-40GB
Logger[26]: [3] NVIDIA A100-SXM4-40GB
Logger[26]: Compile Time: 132463 us + 8401 us = 140864 us
Logger[26]: Time Cost: 6253898 us
Logger[16]: Local GPU: 4
Logger[16]: [0] NVIDIA A100-SXM4-40GB
Logger[16]: [1] NVIDIA A100-SXM4-40GB
Logger[16]: [2] NVIDIA A100-SXM4-40GB
Logger[16]: [3] NVIDIA A100-SXM4-40GB
Logger[16]: Compile Time: 226735 us + 8328 us = 235063 us
Logger[16]: Time Cost: 6254338 us
Logger[1]: Local GPU: 4
Logger[1]: [0] NVIDIA A100-SXM4-40GB
Logger[1]: [1] NVIDIA A100-SXM4-40GB
Logger[1]: [2] NVIDIA A100-SXM4-40GB
Logger[1]: [3] NVIDIA A100-SXM4-40GB
Logger[1]: Compile Time: 187251 us + 8292 us = 195543 us
Logger[1]: Time Cost: 6247798 us
Logger[3]: Local GPU: 4
Logger[3]: [0] NVIDIA A100-SXM4-40GB
Logger[3]: [1] NVIDIA A100-SXM4-40GB
Logger[3]: [2] NVIDIA A100-SXM4-40GB
Logger[3]: [3] NVIDIA A100-SXM4-40GB
Logger[3]: Compile Time: 210793 us + 12946 us = 223739 us
Logger[3]: Time Cost: 6253793 us
Logger[29]: Local GPU: 4
Logger[29]: [0] NVIDIA A100-SXM4-40GB
Logger[29]: [1] NVIDIA A100-SXM4-40GB
Logger[29]: [2] NVIDIA A100-SXM4-40GB
Logger[29]: [3] NVIDIA A100-SXM4-40GB
Logger[29]: Compile Time: 188036 us + 8629 us = 196665 us
Logger[29]: Time Cost: 6256598 us
Logger[17]: Local GPU: 4
Logger[17]: [0] NVIDIA A100-SXM4-40GB
Logger[17]: [1] NVIDIA A100-SXM4-40GB
Logger[17]: [2] NVIDIA A100-SXM4-40GB
Logger[17]: [3] NVIDIA A100-SXM4-40GB
Logger[17]: Compile Time: 206545 us + 8397 us = 214942 us
Logger[17]: Time Cost: 6255015 us
