Num ranks: 1, myrank: 0
Use cached schedule
Compilation Done! 
Num Shuffles: 2
Num FUSION Kernel: 12
Num SHM Kernel: 3
Start Simulating...
[warmup] size total:2147483648
Init State Vectors on 2 devices
[NCCL Rank 0] Shuffle Time: 36.45ms
[NCCL Rank 1] Shuffle Time: 36.96ms
[NCCL Rank 0] Shuffle Time: 35.44ms
[NCCL Rank 1] Shuffle Time: 35.62ms
Finish Simulating! Total: 12 FUSE Kernel, 3 SHM Kernel, 2 Shuffles.
[NCCL Rank 0] Total Simulation Time: 254.24ms
[NCCL Rank 1] Total Simulation Time: 254.26ms
[MPI Rank 0]: Shuffle 0 cost 36.70ms on average.
[MPI Rank 0]: Shuffle 1 cost 35.53ms on average.
[MPI Rank 0]: Destroyed everything!
Time Cost: 373342 us
Destroyed the simulator
