Num ranks: 16, myrank: 2
Num ranks: 16, myrank: 11
Num ranks: 16, myrank: 12
Num ranks: 16, myrank: 5
Num ranks: 16, myrank: 0
Num ranks: 16, myrank: 15
Num ranks: 16, myrank: 10
Num ranks: 16, myrank: 8
Num ranks: 16, myrank: 9
Num ranks: 16, myrank: 3
Num ranks: 16, myrank: 13
Num ranks: 16, myrank: 4
Num ranks: 16, myrank: 6
Num ranks: 16, myrank: 14
Num ranks: 16, myrank: 1
Num ranks: 16, myrank: 7
Use cached schedule
Use cached schedule
Use cached schedule
Use cached schedule
Use cached schedule
Use cached schedule
Use cached schedule
Use cached schedule
Use cached schedule
Use cached schedule
Use cached schedule
Compilation Done! 
Num Shuffles: 2
Num FUSION Kernel: 13
Num SHM Kernel: 4
Start Simulating...
Compilation Done! 
Num Shuffles: 2
Num FUSION Kernel: 13
Num SHM Kernel: 4
Start Simulating...
Compilation Done! 
Num Shuffles: 2
Num FUSION Kernel: 13
Num SHM Kernel: 4
Start Simulating...
Compilation Done! 
Num Shuffles: 2
Num FUSION Kernel: 13
Num SHM Kernel: 4
Start Simulating...
Compilation Done! 
Num Shuffles: 2
Num FUSION Kernel: 13
Num SHM Kernel: 4
Start Simulating...
Compilation Done! 
Num Shuffles: 2
Num FUSION Kernel: 13
Num SHM Kernel: 4
Start Simulating...
Compilation Done! 
Num Shuffles: 2
Num FUSION Kernel: 13
Num SHM Kernel: 4
Start Simulating...
Compilation Done! 
Num Shuffles: 2
Num FUSION Kernel: 13
Num SHM Kernel: 4
Start Simulating...
Use cached schedule
Compilation Done! 
Num Shuffles: 2
Num FUSION Kernel: 13
Num SHM Kernel: 4
Start Simulating...
Compilation Done! 
Num Shuffles: 2
Num FUSION Kernel: 13
Num SHM Kernel: 4
Start Simulating...
Compilation Done! 
Num Shuffles: 2
Num FUSION Kernel: 13
Num SHM Kernel: 4
Start Simulating...
Compilation Done! 
Num Shuffles: 2
Num FUSION Kernel: 13
Num SHM Kernel: 4
Start Simulating...
Use cached schedule
Compilation Done! 
Num Shuffles: 2
Num FUSION Kernel: 13
Num SHM Kernel: 4
Start Simulating...
Use cached schedule
Compilation Done! 
Num Shuffles: 2
Num FUSION Kernel: 13
Num SHM Kernel: 4
Start Simulating...
Use cached schedule
Use cached schedule
Compilation Done! 
Num Shuffles: 2
Num FUSION Kernel: 13
Num SHM Kernel: 4
Start Simulating...
Compilation Done! 
Num Shuffles: 2
Num FUSION Kernel: 13
Num SHM Kernel: 4
Start Simulating...
[warmup] size total:67108864
[warmup] size total:67108864
[warmup] size total:67108864
[warmup] size total:67108864
[warmup] size total:67108864
[warmup] size total:67108864
[warmup] size total:67108864
[warmup] size total:67108864
[warmup] size total:67108864
[warmup] size total:67108864
[warmup] size total:67108864
[warmup] size total:67108864
[warmup] size total:67108864
[warmup] size total:67108864
[warmup] size total:67108864
[warmup] size total:67108864
Init State Vectors on 4 devices
Init State Vectors on 4 devices
Init State Vectors on 4 devices
Init State Vectors on 4 devices
Init State Vectors on 4 devices
Init State Vectors on 4 devices
Init State Vectors on 4 devices
Init State Vectors on 4 devices
Init State Vectors on 4 devices
Init State Vectors on 4 devices
Init State Vectors on 4 devices
Init State Vectors on 4 devices
Init State Vectors on 4 devices
Init State Vectors on 4 devices
Init State Vectors on 4 devices
Init State Vectors on 4 devices
[NCCL Rank 36] Shuffle Time: 313.37ms
[NCCL Rank 0] Shuffle Time: 300.26ms
[NCCL Rank 37] Shuffle Time: 313.64ms
[NCCL Rank 38] Shuffle Time: 313.71ms
[NCCL Rank 39] Shuffle Time: 313.72ms
[NCCL Rank 28] Shuffle Time: 321.99ms
[NCCL Rank 29] Shuffle Time: 322.00ms
[NCCL Rank 30] Shuffle Time: 322.01ms
[NCCL Rank 40] Shuffle Time: 297.31ms
[NCCL Rank 41] Shuffle Time: 297.36ms
[NCCL Rank 42] Shuffle Time: 297.66ms
[NCCL Rank 43] Shuffle Time: 297.68ms
[NCCL Rank 31] Shuffle Time: 322.56ms
[NCCL Rank 1] Shuffle Time: 301.83ms
[NCCL Rank 2] Shuffle Time: 301.84ms
[NCCL Rank 3] Shuffle Time: 301.85ms
[NCCL Rank 48] Shuffle Time: 312.53ms
[NCCL Rank 49] Shuffle Time: 312.55ms
[NCCL Rank 50] Shuffle Time: 312.56ms
[NCCL Rank 51] Shuffle Time: 312.57ms
[NCCL Rank 60] Shuffle Time: 297.99ms
[NCCL Rank 61] Shuffle Time: 298.00ms
[NCCL Rank 62] Shuffle Time: 298.01ms
[NCCL Rank 16] Shuffle Time: 304.61ms
[NCCL Rank 17] Shuffle Time: 304.63ms
[NCCL Rank 18] Shuffle Time: 304.64ms
[NCCL Rank 19] Shuffle Time: 304.65ms
[NCCL Rank 63] Shuffle Time: 298.02ms
[NCCL Rank 24] Shuffle Time: 310.15ms
[NCCL Rank 25] Shuffle Time: 310.17ms
[NCCL Rank 26] Shuffle Time: 310.18ms
[NCCL Rank 27] Shuffle Time: 310.19ms
[NCCL Rank 4] Shuffle Time: 304.37ms
[NCCL Rank 5] Shuffle Time: 304.39ms
[NCCL Rank 6] Shuffle Time: 304.40ms
[NCCL Rank 7] Shuffle Time: 304.41ms
[NCCL Rank 44] Shuffle Time: 300.52ms
[NCCL Rank 56] Shuffle Time: 318.78ms
[NCCL Rank 57] Shuffle Time: 318.80ms
[NCCL Rank 58] Shuffle Time: 318.81ms
[NCCL Rank 45] Shuffle Time: 300.87ms
[NCCL Rank 46] Shuffle Time: 300.88ms
[NCCL Rank 59] Shuffle Time: 318.82ms
[NCCL Rank 8] Shuffle Time: 311.84ms
[NCCL Rank 9] Shuffle Time: 311.86ms
[NCCL Rank 10] Shuffle Time: 311.87ms
[NCCL Rank 11] Shuffle Time: 311.87ms
[NCCL Rank 47] Shuffle Time: 300.97ms
[NCCL Rank 12] Shuffle Time: 333.16ms
[NCCL Rank 13] Shuffle Time: 333.18ms
[NCCL Rank 14] Shuffle Time: 333.18ms
[NCCL Rank 15] Shuffle Time: 333.20ms
[NCCL Rank 32] Shuffle Time: 294.92ms
[NCCL Rank 20] Shuffle Time: 315.68ms
[NCCL Rank 21] Shuffle Time: 315.69ms
[NCCL Rank 22] Shuffle Time: 315.70ms
[NCCL Rank 23] Shuffle Time: 315.71ms
[NCCL Rank 33] Shuffle Time: 295.72ms
[NCCL Rank 34] Shuffle Time: 295.73ms
[NCCL Rank 52] Shuffle Time: 306.95ms
[NCCL Rank 53] Shuffle Time: 307.01ms
[NCCL Rank 54] Shuffle Time: 307.01ms
[NCCL Rank 55] Shuffle Time: 307.02ms
[NCCL Rank 35] Shuffle Time: 295.83ms
[NCCL Rank 36] Shuffle Time: 311.94ms
[NCCL Rank 37] Shuffle Time: 307.99ms
[NCCL Rank 38] Shuffle Time: 304.42ms
[NCCL Rank 4] Shuffle Time: 303.09ms
[NCCL Rank 39] Shuffle Time: 303.74ms
[NCCL Rank 28] Shuffle Time: 309.25ms
[NCCL Rank 5] Shuffle Time: 302.80ms
[NCCL Rank 29] Shuffle Time: 305.11ms
[NCCL Rank 30] Shuffle Time: 301.33ms
[NCCL Rank 31] Shuffle Time: 300.66ms
[NCCL Rank 48] Shuffle Time: 311.21ms
[NCCL Rank 16] Shuffle Time: 311.54ms
[NCCL Rank 17] Shuffle Time: 307.27ms
[NCCL Rank 18] Shuffle Time: 303.72ms
[NCCL Rank 19] Shuffle Time: 302.95ms
[NCCL Rank 6] Shuffle Time: 299.92ms
[NCCL Rank 12] Shuffle Time: 308.01ms
[NCCL Rank 7] Shuffle Time: 299.82ms
[NCCL Rank 49] Shuffle Time: 307.28ms
[NCCL Rank 50] Shuffle Time: 303.65ms
[NCCL Rank 51] Shuffle Time: 302.86ms
[NCCL Rank 13] Shuffle Time: 304.39ms
[NCCL Rank 14] Shuffle Time: 300.91ms
[NCCL Rank 15] Shuffle Time: 300.24ms
[NCCL Rank 52] Shuffle Time: 306.77ms
[NCCL Rank 24] Shuffle Time: 309.54ms
[NCCL Rank 53] Shuffle Time: 303.28ms
[NCCL Rank 54] Shuffle Time: 299.78ms
[NCCL Rank 55] Shuffle Time: 298.92ms
[NCCL Rank 25] Shuffle Time: 305.29ms
[NCCL Rank 56] Shuffle Time: 311.54ms
[NCCL Rank 57] Shuffle Time: 307.24ms
[NCCL Rank 58] Shuffle Time: 303.45ms
[NCCL Rank 26] Shuffle Time: 301.75ms
[NCCL Rank 27] Shuffle Time: 301.05ms
[NCCL Rank 59] Shuffle Time: 302.59ms
[NCCL Rank 44] Shuffle Time: 311.79ms
[NCCL Rank 45] Shuffle Time: 307.02ms
[NCCL Rank 46] Shuffle Time: 302.31ms
[NCCL Rank 20] Shuffle Time: 310.89ms
[NCCL Rank 21] Shuffle Time: 306.62ms
[NCCL Rank 32] Shuffle Time: 301.63ms
[NCCL Rank 33] Shuffle Time: 301.65ms
[NCCL Rank 34] Shuffle Time: 301.66ms
[NCCL Rank 47] Shuffle Time: 301.82ms
[NCCL Rank 0] Shuffle Time: 319.09ms
[NCCL Rank 1] Shuffle Time: 314.76ms
[NCCL Rank 2] Shuffle Time: 310.98ms
[NCCL Rank 3] Shuffle Time: 310.33ms
[NCCL Rank 60] Shuffle Time: 313.95ms
[NCCL Rank 61] Shuffle Time: 311.56ms
[NCCL Rank 62] Shuffle Time: 307.31ms
[NCCL Rank 35] Shuffle Time: 301.28ms
[NCCL Rank 22] Shuffle Time: 304.74ms
[NCCL Rank 63] Shuffle Time: 306.55ms
[NCCL Rank 8] Shuffle Time: 315.53ms
[NCCL Rank 9] Shuffle Time: 311.31ms
[NCCL Rank 10] Shuffle Time: 307.84ms
[NCCL Rank 11] Shuffle Time: 307.21ms
[NCCL Rank 23] Shuffle Time: 304.85ms
[NCCL Rank 40] Shuffle Time: 321.12ms
[NCCL Rank 41] Shuffle Time: 317.04ms
[NCCL Rank 42] Shuffle Time: 313.50ms
[NCCL Rank 43] Shuffle Time: 312.64ms
Finish Simulating! Total: 13 FUSE Kernel, 4 SHM Kernel, 2 Shuffles.
Finish Simulating! Total: 13 FUSE Kernel, 4 SHM Kernel, 2 Shuffles.
Finish Simulating! Total: 13 FUSE Kernel, 4 SHM Kernel, 2 Shuffles.
Finish Simulating! Total: 13 FUSE Kernel, 4 SHM Kernel, 2 Shuffles.
Finish Simulating! Total: 13 FUSE Kernel, 4 SHM Kernel, 2 Shuffles.
Finish Simulating! Total: 13 FUSE Kernel, 4 SHM Kernel, 2 Shuffles.
Finish Simulating! Total: 13 FUSE Kernel, 4 SHM Kernel, 2 Shuffles.
Finish Simulating! Total: 13 FUSE Kernel, 4 SHM Kernel, 2 Shuffles.
Finish Simulating! Total: 13 FUSE Kernel, 4 SHM Kernel, 2 Shuffles.
Finish Simulating! Total: 13 FUSE Kernel, 4 SHM Kernel, 2 Shuffles.
Finish Simulating! Total: 13 FUSE Kernel, 4 SHM Kernel, 2 Shuffles.
Finish Simulating! Total: 13 FUSE Kernel, 4 SHM Kernel, 2 Shuffles.
Finish Simulating! Total: 13 FUSE Kernel, 4 SHM Kernel, 2 Shuffles.
Finish Simulating! Total: 13 FUSE Kernel, 4 SHM Kernel, 2 Shuffles.
Finish Simulating! Total: 13 FUSE Kernel, 4 SHM Kernel, 2 Shuffles.
Finish Simulating! Total: 13 FUSE Kernel, 4 SHM Kernel, 2 Shuffles.
[NCCL Rank 36] Total Simulation Time: 897.81ms
[NCCL Rank 37] Total Simulation Time: 897.84ms
[NCCL Rank 38] Total Simulation Time: 898.00ms
[NCCL Rank 39] Total Simulation Time: 898.01ms
[NCCL Rank 28] Total Simulation Time: 902.46ms
[NCCL Rank 29] Total Simulation Time: 902.60ms
[NCCL Rank 30] Total Simulation Time: 902.69ms
[NCCL Rank 31] Total Simulation Time: 902.76ms
[NCCL Rank 16] Total Simulation Time: 897.34ms
[NCCL Rank 17] Total Simulation Time: 897.38ms
[NCCL Rank 18] Total Simulation Time: 897.57ms
[NCCL Rank 19] Total Simulation Time: 897.60ms
[NCCL Rank 48] Total Simulation Time: 898.48ms
[NCCL Rank 49] Total Simulation Time: 898.51ms
[NCCL Rank 12] Total Simulation Time: 907.53ms
[NCCL Rank 50] Total Simulation Time: 898.60ms
[NCCL Rank 13] Total Simulation Time: 907.64ms
[NCCL Rank 24] Total Simulation Time: 897.79ms
[NCCL Rank 51] Total Simulation Time: 898.71ms
[NCCL Rank 14] Total Simulation Time: 907.78ms
[NCCL Rank 15] Total Simulation Time: 907.79ms
[NCCL Rank 25] Total Simulation Time: 897.90ms
[NCCL Rank 52] Total Simulation Time: 895.56ms
[NCCL Rank 26] Total Simulation Time: 897.95ms
[NCCL Rank 56] Total Simulation Time: 900.59ms
[NCCL Rank 53] Total Simulation Time: 895.65ms
[NCCL Rank 27] Total Simulation Time: 898.10ms
[NCCL Rank 57] Total Simulation Time: 900.65ms
[NCCL Rank 54] Total Simulation Time: 895.77ms
[NCCL Rank 55] Total Simulation Time: 895.80ms
[NCCL Rank 58] Total Simulation Time: 900.72ms
[NCCL Rank 59] Total Simulation Time: 900.86ms
[NCCL Rank 44] Total Simulation Time: 899.73ms
[NCCL Rank 45] Total Simulation Time: 899.81ms
[NCCL Rank 46] Total Simulation Time: 900.04ms
[NCCL Rank 47] Total Simulation Time: 900.06ms
[NCCL Rank 60] Total Simulation Time: 901.42ms
[NCCL Rank 32] Total Simulation Time: 898.58ms
[NCCL Rank 61] Total Simulation Time: 901.47ms
[NCCL Rank 62] Total Simulation Time: 901.62ms
[NCCL Rank 63] Total Simulation Time: 901.64ms
[NCCL Rank 33] Total Simulation Time: 898.66ms
[NCCL Rank 34] Total Simulation Time: 898.73ms
[NCCL Rank 8] Total Simulation Time: 899.68ms
[NCCL Rank 20] Total Simulation Time: 898.88ms
[NCCL Rank 40] Total Simulation Time: 892.14ms
[NCCL Rank 35] Total Simulation Time: 898.80ms
[NCCL Rank 9] Total Simulation Time: 899.78ms
[NCCL Rank 21] Total Simulation Time: 898.98ms
[NCCL Rank 41] Total Simulation Time: 892.26ms
[NCCL Rank 10] Total Simulation Time: 899.90ms
[NCCL Rank 11] Total Simulation Time: 899.92ms
[NCCL Rank 22] Total Simulation Time: 899.06ms
[NCCL Rank 0] Total Simulation Time: 900.39ms
[NCCL Rank 1] Total Simulation Time: 900.41ms
[NCCL Rank 42] Total Simulation Time: 892.36ms
[NCCL Rank 43] Total Simulation Time: 892.45ms
[NCCL Rank 23] Total Simulation Time: 899.14ms
[NCCL Rank 2] Total Simulation Time: 900.55ms
[NCCL Rank 3] Total Simulation Time: 900.59ms
[MPI Rank 0]: Shuffle 0 cost 301.44ms on average.
[MPI Rank 0]: Shuffle 1 cost 313.79ms on average.
[NCCL Rank 4] Total Simulation Time: 912.30ms
[NCCL Rank 5] Total Simulation Time: 912.32ms
[NCCL Rank 6] Total Simulation Time: 912.50ms
[NCCL Rank 7] Total Simulation Time: 912.91ms
[MPI Rank 15]: Destroyed everything!
Time Cost: 1056474 us
Destroyed the simulator
[MPI Rank 0]: Destroyed everything!
Time Cost: 1067953 us
Destroyed the simulator
[MPI Rank 12]: Destroyed everything!
Time Cost: 1074389 us
Destroyed the simulator
[MPI Rank 8]: Destroyed everything!
Time Cost: 1076662 us
Destroyed the simulator
[MPI Rank 11]: Destroyed everything!
Time Cost: 1079971 us
Destroyed the simulator
[MPI Rank 1]: Destroyed everything!
Time Cost: 1092143 us
Destroyed the simulator
[MPI Rank 7]: Destroyed everything!
Time Cost: 1096443 us
Destroyed the simulator
[MPI Rank 9]: Destroyed everything!
Time Cost: 1098778 us
Destroyed the simulator
[MPI Rank 5]: Destroyed everything!
Time Cost: 1094407 us
Destroyed the simulator
[MPI Rank 4]: Destroyed everything!
Time Cost: 1100806 us
Destroyed the simulator
[MPI Rank 13]: Destroyed everything!
Time Cost: 1100571 us
Destroyed the simulator
[MPI Rank 3]: Destroyed everything!
Time Cost: 1114695 us
Destroyed the simulator
[MPI Rank 2]: Destroyed everything!
Time Cost: 1101479 us
Destroyed the simulator
[MPI Rank 6]: Destroyed everything!
Time Cost: 1113410 us
Destroyed the simulator
[MPI Rank 10]: Destroyed everything!
Time Cost: 1108908 us
Destroyed the simulator
[MPI Rank 14]: Destroyed everything!
Time Cost: 1125234 us
Destroyed the simulator
