Num ranks: 8, myrank: 1
Num ranks: 8, myrank: 5
Num ranks: 8, myrank: 0
Num ranks: 8, myrank: 3
Num ranks: 8, myrank: 2
Num ranks: 8, myrank: 7
Num ranks: 8, myrank: 4
Num ranks: 8, myrank: 6
Use cached schedule
Use cached schedule
Compilation Done! 
Num Shuffles: 2
Num FUSION Kernel: 13
Num SHM Kernel: 4
Start Simulating...
Compilation Done! 
Num Shuffles: 2
Num FUSION Kernel: 13
Num SHM Kernel: 4
Start Simulating...
Use cached schedule
Use cached schedule
Use cached schedule
Use cached schedule
Use cached schedule
Use cached schedule
Compilation Done! 
Num Shuffles: 2
Num FUSION Kernel: 13
Num SHM Kernel: 4
Start Simulating...
Compilation Done! 
Num Shuffles: 2
Num FUSION Kernel: 13
Num SHM Kernel: 4
Start Simulating...
Compilation Done! 
Num Shuffles: 2
Num FUSION Kernel: 13
Num SHM Kernel: 4
Start Simulating...
Compilation Done! 
Num Shuffles: 2
Num FUSION Kernel: 13
Num SHM Kernel: 4
Start Simulating...
Compilation Done! 
Num Shuffles: 2
Num FUSION Kernel: 13
Num SHM Kernel: 4
Start Simulating...
Compilation Done! 
Num Shuffles: 2
Num FUSION Kernel: 13
Num SHM Kernel: 4
Start Simulating...
[warmup] size total:134217728
[warmup] size total:134217728
[warmup] size total:134217728
[warmup] size total:134217728
[warmup] size total:134217728
[warmup] size total:134217728
[warmup] size total:134217728
[warmup] size total:134217728
Init State Vectors on 4 devices
Init State Vectors on 4 devices
Init State Vectors on 4 devices
Init State Vectors on 4 devices
Init State Vectors on 4 devices
Init State Vectors on 4 devices
Init State Vectors on 4 devices
Init State Vectors on 4 devices
[NCCL Rank 12] Shuffle Time: 285.71ms
[NCCL Rank 13] Shuffle Time: 285.73ms
[NCCL Rank 14] Shuffle Time: 285.74ms
[NCCL Rank 15] Shuffle Time: 285.75ms
[NCCL Rank 0] Shuffle Time: 274.84ms
[NCCL Rank 1] Shuffle Time: 274.87ms
[NCCL Rank 24] Shuffle Time: 287.70ms
[NCCL Rank 25] Shuffle Time: 287.72ms
[NCCL Rank 26] Shuffle Time: 287.73ms
[NCCL Rank 27] Shuffle Time: 287.75ms
[NCCL Rank 2] Shuffle Time: 275.41ms
[NCCL Rank 3] Shuffle Time: 275.42ms
[NCCL Rank 4] Shuffle Time: 295.85ms
[NCCL Rank 5] Shuffle Time: 295.94ms
[NCCL Rank 6] Shuffle Time: 295.95ms
[NCCL Rank 7] Shuffle Time: 296.05ms
[NCCL Rank 8] Shuffle Time: 285.57ms
[NCCL Rank 9] Shuffle Time: 285.59ms
[NCCL Rank 10] Shuffle Time: 285.60ms
[NCCL Rank 11] Shuffle Time: 285.60ms
[NCCL Rank 28] Shuffle Time: 272.19ms
[NCCL Rank 20] Shuffle Time: 293.99ms
[NCCL Rank 21] Shuffle Time: 294.09ms
[NCCL Rank 22] Shuffle Time: 294.18ms
[NCCL Rank 23] Shuffle Time: 294.19ms
[NCCL Rank 16] Shuffle Time: 298.89ms
[NCCL Rank 17] Shuffle Time: 298.90ms
[NCCL Rank 29] Shuffle Time: 275.48ms
[NCCL Rank 30] Shuffle Time: 275.49ms
[NCCL Rank 31] Shuffle Time: 275.49ms
[NCCL Rank 18] Shuffle Time: 298.95ms
[NCCL Rank 19] Shuffle Time: 298.96ms
[NCCL Rank 24] Shuffle Time: 284.81ms
[NCCL Rank 25] Shuffle Time: 280.92ms
[NCCL Rank 26] Shuffle Time: 277.40ms
[NCCL Rank 27] Shuffle Time: 276.79ms
[NCCL Rank 12] Shuffle Time: 288.90ms
[NCCL Rank 13] Shuffle Time: 285.12ms
[NCCL Rank 14] Shuffle Time: 281.56ms
[NCCL Rank 15] Shuffle Time: 280.98ms
[NCCL Rank 0] Shuffle Time: 287.79ms
[NCCL Rank 1] Shuffle Time: 283.76ms
[NCCL Rank 2] Shuffle Time: 280.34ms
[NCCL Rank 3] Shuffle Time: 279.76ms
[NCCL Rank 4] Shuffle Time: 284.31ms
[NCCL Rank 5] Shuffle Time: 280.75ms
[NCCL Rank 6] Shuffle Time: 277.08ms
[NCCL Rank 8] Shuffle Time: 279.57ms
[NCCL Rank 9] Shuffle Time: 275.45ms
[NCCL Rank 7] Shuffle Time: 276.55ms
[NCCL Rank 10] Shuffle Time: 272.22ms
[NCCL Rank 11] Shuffle Time: 272.02ms
[NCCL Rank 28] Shuffle Time: 275.45ms
[NCCL Rank 20] Shuffle Time: 285.73ms
[NCCL Rank 21] Shuffle Time: 281.70ms
[NCCL Rank 22] Shuffle Time: 278.19ms
[NCCL Rank 23] Shuffle Time: 277.57ms
[NCCL Rank 16] Shuffle Time: 286.56ms
[NCCL Rank 17] Shuffle Time: 282.36ms
[NCCL Rank 18] Shuffle Time: 278.64ms
[NCCL Rank 29] Shuffle Time: 276.71ms
[NCCL Rank 30] Shuffle Time: 275.76ms
[NCCL Rank 31] Shuffle Time: 275.19ms
[NCCL Rank 19] Shuffle Time: 278.04ms
Finish Simulating! Total: 13 FUSE Kernel, 4 SHM Kernel, 2 Shuffles.
Finish Simulating! Total: 13 FUSE Kernel, 4 SHM Kernel, 2 Shuffles.
Finish Simulating! Total: 13 FUSE Kernel, 4 SHM Kernel, 2 Shuffles.
Finish Simulating! Total: 13 FUSE Kernel, 4 SHM Kernel, 2 Shuffles.
Finish Simulating! Total: 13 FUSE Kernel, 4 SHM Kernel, 2 Shuffles.
Finish Simulating! Total: 13 FUSE Kernel, 4 SHM Kernel, 2 Shuffles.
Finish Simulating! Total: 13 FUSE Kernel, 4 SHM Kernel, 2 Shuffles.
Finish Simulating! Total: 13 FUSE Kernel, 4 SHM Kernel, 2 Shuffles.
[NCCL Rank 24] Total Simulation Time: 834.66ms
[NCCL Rank 25] Total Simulation Time: 834.80ms
[NCCL Rank 26] Total Simulation Time: 834.88ms
[NCCL Rank 27] Total Simulation Time: 834.89ms
[NCCL Rank 12] Total Simulation Time: 841.49ms
[NCCL Rank 13] Total Simulation Time: 841.51ms
[NCCL Rank 14] Total Simulation Time: 841.69ms
[NCCL Rank 15] Total Simulation Time: 841.70ms
[NCCL Rank 4] Total Simulation Time: 846.52ms
[NCCL Rank 5] Total Simulation Time: 846.53ms
[NCCL Rank 6] Total Simulation Time: 846.63ms
[NCCL Rank 0] Total Simulation Time: 841.60ms
[NCCL Rank 7] Total Simulation Time: 846.72ms
[NCCL Rank 1] Total Simulation Time: 841.65ms
[NCCL Rank 2] Total Simulation Time: 841.81ms
[NCCL Rank 3] Total Simulation Time: 841.91ms
[MPI Rank 0]: Shuffle 0 cost 275.13ms on average.
[MPI Rank 0]: Shuffle 1 cost 282.91ms on average.
[NCCL Rank 20] Total Simulation Time: 843.26ms
[NCCL Rank 21] Total Simulation Time: 843.49ms
[NCCL Rank 22] Total Simulation Time: 843.56ms
[NCCL Rank 16] Total Simulation Time: 846.25ms
[NCCL Rank 23] Total Simulation Time: 843.64ms
[NCCL Rank 17] Total Simulation Time: 846.32ms
[NCCL Rank 18] Total Simulation Time: 846.42ms
[NCCL Rank 19] Total Simulation Time: 846.43ms
[NCCL Rank 28] Total Simulation Time: 839.55ms
[NCCL Rank 29] Total Simulation Time: 839.65ms
[NCCL Rank 30] Total Simulation Time: 839.81ms
[NCCL Rank 31] Total Simulation Time: 839.82ms
[NCCL Rank 8] Total Simulation Time: 844.61ms
[NCCL Rank 9] Total Simulation Time: 844.63ms
[NCCL Rank 10] Total Simulation Time: 844.83ms
[NCCL Rank 11] Total Simulation Time: 844.84ms
[MPI Rank 7]: Destroyed everything!
Time Cost: 978403 us
Destroyed the simulator
[MPI Rank 0]: Destroyed everything!
Time Cost: 986546 us
Destroyed the simulator
[MPI Rank 2]: Destroyed everything!
Time Cost: 1003621 us
Destroyed the simulator
[MPI Rank 6]: Destroyed everything!
Time Cost: 1028674 us
Destroyed the simulator
[MPI Rank 5]: Destroyed everything!
Time Cost: 1036538 us
Destroyed the simulator
[MPI Rank 3]: Destroyed everything!
Time Cost: 1049179 us
Destroyed the simulator
[MPI Rank 1]: Destroyed everything!
Time Cost: 1058687 us
Destroyed the simulator
[MPI Rank 4]: Destroyed everything!
Time Cost: 1073395 us
Destroyed the simulator
