Num ranks: 2, myrank: 0
Num ranks: 2, myrank: 1
Use cached schedule
Use cached schedule
Compilation Done! 
Num Shuffles: 2
Num FUSION Kernel: 13
Num SHM Kernel: 4
Start Simulating...
Compilation Done! 
Num Shuffles: 2
Num FUSION Kernel: 13
Num SHM Kernel: 4
Start Simulating...
[warmup] size total:536870912
[warmup] size total:536870912
Init State Vectors on 4 devices
Init State Vectors on 4 devices
[NCCL Rank 4] Shuffle Time: 153.18ms
[NCCL Rank 0] Shuffle Time: 154.52ms
[NCCL Rank 1] Shuffle Time: 154.54ms
[NCCL Rank 2] Shuffle Time: 154.54ms
[NCCL Rank 3] Shuffle Time: 154.55ms
[NCCL Rank 5] Shuffle Time: 153.33ms
[NCCL Rank 6] Shuffle Time: 153.35ms
[NCCL Rank 7] Shuffle Time: 153.35ms
[NCCL Rank 0] Shuffle Time: 154.12ms
[NCCL Rank 1] Shuffle Time: 154.13ms
[NCCL Rank 2] Shuffle Time: 155.21ms
[NCCL Rank 3] Shuffle Time: 155.22ms
[NCCL Rank 4] Shuffle Time: 180.80ms
[NCCL Rank 5] Shuffle Time: 180.82ms
[NCCL Rank 6] Shuffle Time: 178.23ms
[NCCL Rank 7] Shuffle Time: 177.90ms
Finish Simulating! Total: 13 FUSE Kernel, 4 SHM Kernel, 2 Shuffles.
Finish Simulating! Total: 13 FUSE Kernel, 4 SHM Kernel, 2 Shuffles.
[NCCL Rank 4] Total Simulation Time: 587.10ms
[NCCL Rank 5] Total Simulation Time: 587.24ms
[NCCL Rank 6] Total Simulation Time: 587.33ms
[NCCL Rank 7] Total Simulation Time: 587.41ms
[NCCL Rank 0] Total Simulation Time: 589.72ms
[NCCL Rank 1] Total Simulation Time: 589.78ms
[NCCL Rank 2] Total Simulation Time: 589.94ms
[NCCL Rank 3] Total Simulation Time: 590.01ms
[MPI Rank 0]: Shuffle 0 cost 154.54ms on average.
[MPI Rank 0]: Shuffle 1 cost 154.67ms on average.
[MPI Rank 1]: Destroyed everything!
Time Cost: 706632 us
Destroyed the simulator
[MPI Rank 0]: Destroyed everything!
Time Cost: 743196 us
Destroyed the simulator
