Num ranks: 1, myrank: 0
Computed and cached schedule in 3.128 seconds.
Current Layout0: [0, 2, 3, 4, 5, 6, 7, 8, 9, 10, 11, 12, 13, 14, 15, 16, 17, 18, 19, 20, 21, 22, 23, 24, 25, 26, 27, 28, 1, Start fusing gates...
Reset qubit group map
(0, 0) (27, 28) current Layout: [0,2,3,4,5,6,7,8,9,10,11,12,13,14,15,16,17,18,19,20,21,22,23,24,25,26,27,28,1,]
Fusing Kernel (4 gates): qubits [0, 28], gates fusion, qubits [0, 28], gates CircuitSeq {
  Q28 = u2(Q28, P1, P1)
  Q0 = h(Q0)
  [Q0, Q28] = cx(Q0, Q28)
  Q0 = h(Q0)
}

Gate 0: [28, ]
Fusing gate 22(0) for rank 0
t 28
Matrix Multiplication (2, 1), mask 2
Fusing gate 22(0) for rank 1
t 28
Matrix Multiplication (2, 1), mask 2
Gate 1: [0, ]
Fusing gate 0(0) for rank 0
t 0
Matrix Multiplication (2, 1), mask 1
Fusing gate 0(0) for rank 1
t 0
Matrix Multiplication (2, 1), mask 1
Gate 2: [0, 28, ]
Fusing gate 6(1) for rank 0
c,t 0,28
Matrix Multiplication (2, 2), mask 3
Fusing gate 6(1) for rank 1
c,t 0,28
Matrix Multiplication (2, 2), mask 3
Gate 3: [0, ]
Fusing gate 0(0) for rank 0
t 0
Matrix Multiplication (2, 1), mask 1
Fusing gate 0(0) for rank 1
t 0
Matrix Multiplication (2, 1), mask 1
Current Layout0: [28, 2, 3, 4, 5, 6, 7, 8, 9, 10, 11, 12, 13, 14, 15, 16, 17, 18, 19, 20, 21, 22, 23, 24, 25, 26, 27, 1, 0, Start fusing gates...
Reset qubit group map
(0, 28) (1, 2) (2, 3) (3, 4) (27, 1) current Layout: [28,2,3,4,5,6,7,8,9,10,11,12,13,14,15,16,17,18,19,20,21,22,23,24,25,26,27,1,0,]
Fusing Kernel (12 gates): qubits [1, 2, 3, 4, 28], gates fusion, qubits [1, 2, 3, 4, 28], gates CircuitSeq {
  Q1 = h(Q1)
  [Q1, Q28] = cx(Q1, Q28)
  Q1 = h(Q1)
  Q2 = h(Q2)
  [Q2, Q28] = cx(Q2, Q28)
  Q2 = h(Q2)
  Q3 = u2(Q3, P0, P0)
  [Q3, Q28] = cx(Q3, Q28)
  Q3 = u2(Q3, P1, P1)
  Q4 = h(Q4)
  [Q4, Q28] = cx(Q4, Q28)
  Q4 = h(Q4)
}

Gate 0: [1, ]
Fusing gate 0(0) for rank 0
t 1
Matrix Multiplication (5, 1), mask 16
Fusing gate 0(0) for rank 1
t 1
Matrix Multiplication (5, 1), mask 16
Gate 1: [1, 28, ]
Fusing gate 6(1) for rank 0
c,t 1,28
Matrix Multiplication (5, 2), mask 17
Fusing gate 6(1) for rank 1
c,t 1,28
Matrix Multiplication (5, 2), mask 17
Gate 2: [1, ]
Fusing gate 0(0) for rank 0
t 1
Matrix Multiplication (5, 1), mask 16
Fusing gate 0(0) for rank 1
t 1
Matrix Multiplication (5, 1), mask 16
Gate 3: [2, ]
Fusing gate 0(0) for rank 0
t 2
Matrix Multiplication (5, 1), mask 2
Fusing gate 0(0) for rank 1
t 2
Matrix Multiplication (5, 1), mask 2
Gate 4: [2, 28, ]
Fusing gate 6(1) for rank 0
c,t 2,28
Matrix Multiplication (5, 2), mask 3
Fusing gate 6(1) for rank 1
c,t 2,28
Matrix Multiplication (5, 2), mask 3
Gate 5: [2, ]
Fusing gate 0(0) for rank 0
t 2
Matrix Multiplication (5, 1), mask 2
Fusing gate 0(0) for rank 1
t 2
Matrix Multiplication (5, 1), mask 2
Gate 6: [3, ]
Fusing gate 22(0) for rank 0
t 3
Matrix Multiplication (5, 1), mask 4
Fusing gate 22(0) for rank 1
t 3
Matrix Multiplication (5, 1), mask 4
Gate 7: [3, 28, ]
Fusing gate 6(1) for rank 0
c,t 3,28
Matrix Multiplication (5, 2), mask 5
Fusing gate 6(1) for rank 1
c,t 3,28
Matrix Multiplication (5, 2), mask 5
Gate 8: [3, ]
Fusing gate 22(0) for rank 0
t 3
Matrix Multiplication (5, 1), mask 4
Fusing gate 22(0) for rank 1
t 3
Matrix Multiplication (5, 1), mask 4
Gate 9: [4, ]
Fusing gate 0(0) for rank 0
t 4
Matrix Multiplication (5, 1), mask 8
Fusing gate 0(0) for rank 1
t 4
Matrix Multiplication (5, 1), mask 8
Gate 10: [4, 28, ]
Fusing gate 6(1) for rank 0
c,t 4,28
Matrix Multiplication (5, 2), mask 9
Fusing gate 6(1) for rank 1
c,t 4,28
Matrix Multiplication (5, 2), mask 9
Gate 11: [4, ]
Fusing gate 0(0) for rank 0
t 4
Matrix Multiplication (5, 1), mask 8
Fusing gate 0(0) for rank 1
t 4
Matrix Multiplication (5, 1), mask 8
Start fusing gates...
Reset qubit group map
(0, 28) (4, 5) (5, 6) (6, 7) (7, 8) current Layout: [28,2,3,4,5,6,7,8,9,10,11,12,13,14,15,16,17,18,19,20,21,22,23,24,25,26,27,1,0,]
Fusing Kernel (12 gates): qubits [5, 6, 7, 8, 28], gates fusion, qubits [5, 6, 7, 8, 28], gates CircuitSeq {
  Q5 = u2(Q5, P0, P0)
  [Q5, Q28] = cx(Q5, Q28)
  Q5 = u2(Q5, P1, P1)
  Q6 = u2(Q6, P0, P0)
  [Q6, Q28] = cx(Q6, Q28)
  Q6 = u2(Q6, P1, P1)
  Q7 = u2(Q7, P0, P0)
  [Q7, Q28] = cx(Q7, Q28)
  Q7 = u2(Q7, P1, P1)
  Q8 = h(Q8)
  [Q8, Q28] = cx(Q8, Q28)
  Q8 = h(Q8)
}

Gate 0: [5, ]
Fusing gate 22(0) for rank 0
t 5
Matrix Multiplication (5, 1), mask 2
Fusing gate 22(0) for rank 1
t 5
Matrix Multiplication (5, 1), mask 2
Gate 1: [5, 28, ]
Fusing gate 6(1) for rank 0
c,t 5,28
Matrix Multiplication (5, 2), mask 3
Fusing gate 6(1) for rank 1
c,t 5,28
Matrix Multiplication (5, 2), mask 3
Gate 2: [5, ]
Fusing gate 22(0) for rank 0
t 5
Matrix Multiplication (5, 1), mask 2
Fusing gate 22(0) for rank 1
t 5
Matrix Multiplication (5, 1), mask 2
Gate 3: [6, ]
Fusing gate 22(0) for rank 0
t 6
Matrix Multiplication (5, 1), mask 4
Fusing gate 22(0) for rank 1
t 6
Matrix Multiplication (5, 1), mask 4
Gate 4: [6, 28, ]
Fusing gate 6(1) for rank 0
c,t 6,28
Matrix Multiplication (5, 2), mask 5
Fusing gate 6(1) for rank 1
c,t 6,28
Matrix Multiplication (5, 2), mask 5
Gate 5: [6, ]
Fusing gate 22(0) for rank 0
t 6
Matrix Multiplication (5, 1), mask 4
Fusing gate 22(0) for rank 1
t 6
Matrix Multiplication (5, 1), mask 4
Gate 6: [7, ]
Fusing gate 22(0) for rank 0
t 7
Matrix Multiplication (5, 1), mask 8
Fusing gate 22(0) for rank 1
t 7
Matrix Multiplication (5, 1), mask 8
Gate 7: [7, 28, ]
Fusing gate 6(1) for rank 0
c,t 7,28
Matrix Multiplication (5, 2), mask 9
Fusing gate 6(1) for rank 1
c,t 7,28
Matrix Multiplication (5, 2), mask 9
Gate 8: [7, ]
Fusing gate 22(0) for rank 0
t 7
Matrix Multiplication (5, 1), mask 8
Fusing gate 22(0) for rank 1
t 7
Matrix Multiplication (5, 1), mask 8
Gate 9: [8, ]
Fusing gate 0(0) for rank 0
t 8
Matrix Multiplication (5, 1), mask 16
Fusing gate 0(0) for rank 1
t 8
Matrix Multiplication (5, 1), mask 16
Gate 10: [8, 28, ]
Fusing gate 6(1) for rank 0
c,t 8,28
Matrix Multiplication (5, 2), mask 17
Fusing gate 6(1) for rank 1
c,t 8,28
Matrix Multiplication (5, 2), mask 17
Gate 11: [8, ]
Fusing gate 0(0) for rank 0
t 8
Matrix Multiplication (5, 1), mask 16
Fusing gate 0(0) for rank 1
t 8
Matrix Multiplication (5, 1), mask 16
Start fusing gates...
Reset qubit group map
(0, 28) (8, 9) (9, 10) (10, 11) (11, 12) current Layout: [28,2,3,4,5,6,7,8,9,10,11,12,13,14,15,16,17,18,19,20,21,22,23,24,25,26,27,1,0,]
Fusing Kernel (12 gates): qubits [9, 10, 11, 12, 28], gates fusion, qubits [9, 10, 11, 12, 28], gates CircuitSeq {
  Q9 = u2(Q9, P0, P0)
  [Q9, Q28] = cx(Q9, Q28)
  Q9 = u2(Q9, P1, P1)
  Q10 = h(Q10)
  [Q10, Q28] = cx(Q10, Q28)
  Q10 = h(Q10)
  Q11 = h(Q11)
  [Q11, Q28] = cx(Q11, Q28)
  Q11 = h(Q11)
  Q12 = u2(Q12, P0, P0)
  [Q12, Q28] = cx(Q12, Q28)
  Q12 = u2(Q12, P1, P1)
}

Gate 0: [9, ]
Fusing gate 22(0) for rank 0
t 9
Matrix Multiplication (5, 1), mask 2
Fusing gate 22(0) for rank 1
t 9
Matrix Multiplication (5, 1), mask 2
Gate 1: [9, 28, ]
Fusing gate 6(1) for rank 0
c,t 9,28
Matrix Multiplication (5, 2), mask 3
Fusing gate 6(1) for rank 1
c,t 9,28
Matrix Multiplication (5, 2), mask 3
Gate 2: [9, ]
Fusing gate 22(0) for rank 0
t 9
Matrix Multiplication (5, 1), mask 2
Fusing gate 22(0) for rank 1
t 9
Matrix Multiplication (5, 1), mask 2
Gate 3: [10, ]
Fusing gate 0(0) for rank 0
t 10
Matrix Multiplication (5, 1), mask 4
Fusing gate 0(0) for rank 1
t 10
Matrix Multiplication (5, 1), mask 4
Gate 4: [10, 28, ]
Fusing gate 6(1) for rank 0
c,t 10,28
Matrix Multiplication (5, 2), mask 5
Fusing gate 6(1) for rank 1
c,t 10,28
Matrix Multiplication (5, 2), mask 5
Gate 5: [10, ]
Fusing gate 0(0) for rank 0
t 10
Matrix Multiplication (5, 1), mask 4
Fusing gate 0(0) for rank 1
t 10
Matrix Multiplication (5, 1), mask 4
Gate 6: [11, ]
Fusing gate 0(0) for rank 0
t 11
Matrix Multiplication (5, 1), mask 8
Fusing gate 0(0) for rank 1
t 11
Matrix Multiplication (5, 1), mask 8
Gate 7: [11, 28, ]
Fusing gate 6(1) for rank 0
c,t 11,28
Matrix Multiplication (5, 2), mask 9
Fusing gate 6(1) for rank 1
c,t 11,28
Matrix Multiplication (5, 2), mask 9
Gate 8: [11, ]
Fusing gate 0(0) for rank 0
t 11
Matrix Multiplication (5, 1), mask 8
Fusing gate 0(0) for rank 1
t 11
Matrix Multiplication (5, 1), mask 8
Gate 9: [12, ]
Fusing gate 22(0) for rank 0
t 12
Matrix Multiplication (5, 1), mask 16
Fusing gate 22(0) for rank 1
t 12
Matrix Multiplication (5, 1), mask 16
Gate 10: [12, 28, ]
Fusing gate 6(1) for rank 0
c,t 12,28
Matrix Multiplication (5, 2), mask 17
Fusing gate 6(1) for rank 1
c,t 12,28
Matrix Multiplication (5, 2), mask 17
Gate 11: [12, ]
Fusing gate 22(0) for rank 0
t 12
Matrix Multiplication (5, 1), mask 16
Fusing gate 22(0) for rank 1
t 12
Matrix Multiplication (5, 1), mask 16
Start fusing gates...
Reset qubit group map
(0, 28) (12, 13) (13, 14) (14, 15) (15, 16) current Layout: [28,2,3,4,5,6,7,8,9,10,11,12,13,14,15,16,17,18,19,20,21,22,23,24,25,26,27,1,0,]
Fusing Kernel (12 gates): qubits [13, 14, 15, 16, 28], gates fusion, qubits [13, 14, 15, 16, 28], gates CircuitSeq {
  Q13 = u2(Q13, P0, P0)
  [Q13, Q28] = cx(Q13, Q28)
  Q13 = u2(Q13, P1, P1)
  Q14 = h(Q14)
  [Q14, Q28] = cx(Q14, Q28)
  Q14 = h(Q14)
  Q15 = h(Q15)
  [Q15, Q28] = cx(Q15, Q28)
  Q15 = h(Q15)
  Q16 = u2(Q16, P0, P0)
  [Q16, Q28] = cx(Q16, Q28)
  Q16 = u2(Q16, P1, P1)
}

Gate 0: [13, ]
Fusing gate 22(0) for rank 0
t 13
Matrix Multiplication (5, 1), mask 2
Fusing gate 22(0) for rank 1
t 13
Matrix Multiplication (5, 1), mask 2
Gate 1: [13, 28, ]
Fusing gate 6(1) for rank 0
c,t 13,28
Matrix Multiplication (5, 2), mask 3
Fusing gate 6(1) for rank 1
c,t 13,28
Matrix Multiplication (5, 2), mask 3
Gate 2: [13, ]
Fusing gate 22(0) for rank 0
t 13
Matrix Multiplication (5, 1), mask 2
Fusing gate 22(0) for rank 1
t 13
Matrix Multiplication (5, 1), mask 2
Gate 3: [14, ]
Fusing gate 0(0) for rank 0
t 14
Matrix Multiplication (5, 1), mask 4
Fusing gate 0(0) for rank 1
t 14
Matrix Multiplication (5, 1), mask 4
Gate 4: [14, 28, ]
Fusing gate 6(1) for rank 0
c,t 14,28
Matrix Multiplication (5, 2), mask 5
Fusing gate 6(1) for rank 1
c,t 14,28
Matrix Multiplication (5, 2), mask 5
Gate 5: [14, ]
Fusing gate 0(0) for rank 0
t 14
Matrix Multiplication (5, 1), mask 4
Fusing gate 0(0) for rank 1
t 14
Matrix Multiplication (5, 1), mask 4
Gate 6: [15, ]
Fusing gate 0(0) for rank 0
t 15
Matrix Multiplication (5, 1), mask 8
Fusing gate 0(0) for rank 1
t 15
Matrix Multiplication (5, 1), mask 8
Gate 7: [15, 28, ]
Fusing gate 6(1) for rank 0
c,t 15,28
Matrix Multiplication (5, 2), mask 9
Fusing gate 6(1) for rank 1
c,t 15,28
Matrix Multiplication (5, 2), mask 9
Gate 8: [15, ]
Fusing gate 0(0) for rank 0
t 15
Matrix Multiplication (5, 1), mask 8
Fusing gate 0(0) for rank 1
t 15
Matrix Multiplication (5, 1), mask 8
Gate 9: [16, ]
Fusing gate 22(0) for rank 0
t 16
Matrix Multiplication (5, 1), mask 16
Fusing gate 22(0) for rank 1
t 16
Matrix Multiplication (5, 1), mask 16
Gate 10: [16, 28, ]
Fusing gate 6(1) for rank 0
c,t 16,28
Matrix Multiplication (5, 2), mask 17
Fusing gate 6(1) for rank 1
c,t 16,28
Matrix Multiplication (5, 2), mask 17
Gate 11: [16, ]
Fusing gate 22(0) for rank 0
t 16
Matrix Multiplication (5, 1), mask 16
Fusing gate 22(0) for rank 1
t 16
Matrix Multiplication (5, 1), mask 16
Start fusing gates...
Reset qubit group map
(0, 28) (16, 17) (17, 18) (18, 19) (19, 20) current Layout: [28,2,3,4,5,6,7,8,9,10,11,12,13,14,15,16,17,18,19,20,21,22,23,24,25,26,27,1,0,]
Fusing Kernel (12 gates): qubits [17, 18, 19, 20, 28], gates fusion, qubits [17, 18, 19, 20, 28], gates CircuitSeq {
  Q17 = u2(Q17, P0, P0)
  [Q17, Q28] = cx(Q17, Q28)
  Q17 = u2(Q17, P1, P1)
  Q18 = h(Q18)
  [Q18, Q28] = cx(Q18, Q28)
  Q18 = h(Q18)
  Q19 = h(Q19)
  [Q19, Q28] = cx(Q19, Q28)
  Q19 = h(Q19)
  Q20 = u2(Q20, P0, P0)
  [Q20, Q28] = cx(Q20, Q28)
  Q20 = u2(Q20, P1, P1)
}

Gate 0: [17, ]
Fusing gate 22(0) for rank 0
t 17
Matrix Multiplication (5, 1), mask 2
Fusing gate 22(0) for rank 1
t 17
Matrix Multiplication (5, 1), mask 2
Gate 1: [17, 28, ]
Fusing gate 6(1) for rank 0
c,t 17,28
Matrix Multiplication (5, 2), mask 3
Fusing gate 6(1) for rank 1
c,t 17,28
Matrix Multiplication (5, 2), mask 3
Gate 2: [17, ]
Fusing gate 22(0) for rank 0
t 17
Matrix Multiplication (5, 1), mask 2
Fusing gate 22(0) for rank 1
t 17
Matrix Multiplication (5, 1), mask 2
Gate 3: [18, ]
Fusing gate 0(0) for rank 0
t 18
Matrix Multiplication (5, 1), mask 4
Fusing gate 0(0) for rank 1
t 18
Matrix Multiplication (5, 1), mask 4
Gate 4: [18, 28, ]
Fusing gate 6(1) for rank 0
c,t 18,28
Matrix Multiplication (5, 2), mask 5
Fusing gate 6(1) for rank 1
c,t 18,28
Matrix Multiplication (5, 2), mask 5
Gate 5: [18, ]
Fusing gate 0(0) for rank 0
t 18
Matrix Multiplication (5, 1), mask 4
Fusing gate 0(0) for rank 1
t 18
Matrix Multiplication (5, 1), mask 4
Gate 6: [19, ]
Fusing gate 0(0) for rank 0
t 19
Matrix Multiplication (5, 1), mask 8
Fusing gate 0(0) for rank 1
t 19
Matrix Multiplication (5, 1), mask 8
Gate 7: [19, 28, ]
Fusing gate 6(1) for rank 0
c,t 19,28
Matrix Multiplication (5, 2), mask 9
Fusing gate 6(1) for rank 1
c,t 19,28
Matrix Multiplication (5, 2), mask 9
Gate 8: [19, ]
Fusing gate 0(0) for rank 0
t 19
Matrix Multiplication (5, 1), mask 8
Fusing gate 0(0) for rank 1
t 19
Matrix Multiplication (5, 1), mask 8
Gate 9: [20, ]
Fusing gate 22(0) for rank 0
t 20
Matrix Multiplication (5, 1), mask 16
Fusing gate 22(0) for rank 1
t 20
Matrix Multiplication (5, 1), mask 16
Gate 10: [20, 28, ]
Fusing gate 6(1) for rank 0
c,t 20,28
Matrix Multiplication (5, 2), mask 17
Fusing gate 6(1) for rank 1
c,t 20,28
Matrix Multiplication (5, 2), mask 17
Gate 11: [20, ]
Fusing gate 22(0) for rank 0
t 20
Matrix Multiplication (5, 1), mask 16
Fusing gate 22(0) for rank 1
t 20
Matrix Multiplication (5, 1), mask 16
Start fusing gates...
Reset qubit group map
(0, 28) (20, 21) (21, 22) (22, 23) (23, 24) current Layout: [28,2,3,4,5,6,7,8,9,10,11,12,13,14,15,16,17,18,19,20,21,22,23,24,25,26,27,1,0,]
Fusing Kernel (12 gates): qubits [21, 22, 23, 24, 28], gates fusion, qubits [21, 22, 23, 24, 28], gates CircuitSeq {
  Q21 = u2(Q21, P0, P0)
  [Q21, Q28] = cx(Q21, Q28)
  Q21 = u2(Q21, P1, P1)
  Q22 = h(Q22)
  [Q22, Q28] = cx(Q22, Q28)
  Q22 = h(Q22)
  Q23 = u2(Q23, P0, P0)
  [Q23, Q28] = cx(Q23, Q28)
  Q23 = u2(Q23, P1, P1)
  Q24 = h(Q24)
  [Q24, Q28] = cx(Q24, Q28)
  Q24 = h(Q24)
}

Gate 0: [21, ]
Fusing gate 22(0) for rank 0
t 21
Matrix Multiplication (5, 1), mask 2
Fusing gate 22(0) for rank 1
t 21
Matrix Multiplication (5, 1), mask 2
Gate 1: [21, 28, ]
Fusing gate 6(1) for rank 0
c,t 21,28
Matrix Multiplication (5, 2), mask 3
Fusing gate 6(1) for rank 1
c,t 21,28
Matrix Multiplication (5, 2), mask 3
Gate 2: [21, ]
Fusing gate 22(0) for rank 0
t 21
Matrix Multiplication (5, 1), mask 2
Fusing gate 22(0) for rank 1
t 21
Matrix Multiplication (5, 1), mask 2
Gate 3: [22, ]
Fusing gate 0(0) for rank 0
t 22
Matrix Multiplication (5, 1), mask 4
Fusing gate 0(0) for rank 1
t 22
Matrix Multiplication (5, 1), mask 4
Gate 4: [22, 28, ]
Fusing gate 6(1) for rank 0
c,t 22,28
Matrix Multiplication (5, 2), mask 5
Fusing gate 6(1) for rank 1
c,t 22,28
Matrix Multiplication (5, 2), mask 5
Gate 5: [22, ]
Fusing gate 0(0) for rank 0
t 22
Matrix Multiplication (5, 1), mask 4
Fusing gate 0(0) for rank 1
t 22
Matrix Multiplication (5, 1), mask 4
Gate 6: [23, ]
Fusing gate 22(0) for rank 0
t 23
Matrix Multiplication (5, 1), mask 8
Fusing gate 22(0) for rank 1
t 23
Matrix Multiplication (5, 1), mask 8
Gate 7: [23, 28, ]
Fusing gate 6(1) for rank 0
c,t 23,28
Matrix Multiplication (5, 2), mask 9
Fusing gate 6(1) for rank 1
c,t 23,28
Matrix Multiplication (5, 2), mask 9
Gate 8: [23, ]
Fusing gate 22(0) for rank 0
t 23
Matrix Multiplication (5, 1), mask 8
Fusing gate 22(0) for rank 1
t 23
Matrix Multiplication (5, 1), mask 8
Gate 9: [24, ]
Fusing gate 0(0) for rank 0
t 24
Matrix Multiplication (5, 1), mask 16
Fusing gate 0(0) for rank 1
t 24
Matrix Multiplication (5, 1), mask 16
Gate 10: [24, 28, ]
Fusing gate 6(1) for rank 0
c,t 24,28
Matrix Multiplication (5, 2), mask 17
Fusing gate 6(1) for rank 1
c,t 24,28
Matrix Multiplication (5, 2), mask 17
Gate 11: [24, ]
Fusing gate 0(0) for rank 0
t 24
Matrix Multiplication (5, 1), mask 16
Fusing gate 0(0) for rank 1
t 24
Matrix Multiplication (5, 1), mask 16
Start fusing gates...
Reset qubit group map
(0, 28) (24, 25) (25, 26) (26, 27) current Layout: [28,2,3,4,5,6,7,8,9,10,11,12,13,14,15,16,17,18,19,20,21,22,23,24,25,26,27,1,0,]
Fusing Kernel (9 gates): qubits [25, 26, 27, 28], gates fusion, qubits [25, 26, 27, 28], gates CircuitSeq {
  Q25 = u2(Q25, P0, P0)
  [Q25, Q28] = cx(Q25, Q28)
  Q25 = u2(Q25, P1, P1)
  Q26 = h(Q26)
  [Q26, Q28] = cx(Q26, Q28)
  Q26 = h(Q26)
  Q27 = h(Q27)
  [Q27, Q28] = cx(Q27, Q28)
  Q27 = h(Q27)
}

Gate 0: [25, ]
Fusing gate 22(0) for rank 0
t 25
Matrix Multiplication (4, 1), mask 2
Fusing gate 22(0) for rank 1
t 25
Matrix Multiplication (4, 1), mask 2
Gate 1: [25, 28, ]
Fusing gate 6(1) for rank 0
c,t 25,28
Matrix Multiplication (4, 2), mask 3
Fusing gate 6(1) for rank 1
c,t 25,28
Matrix Multiplication (4, 2), mask 3
Gate 2: [25, ]
Fusing gate 22(0) for rank 0
t 25
Matrix Multiplication (4, 1), mask 2
Fusing gate 22(0) for rank 1
t 25
Matrix Multiplication (4, 1), mask 2
Gate 3: [26, ]
Fusing gate 0(0) for rank 0
t 26
Matrix Multiplication (4, 1), mask 4
Fusing gate 0(0) for rank 1
t 26
Matrix Multiplication (4, 1), mask 4
Gate 4: [26, 28, ]
Fusing gate 6(1) for rank 0
c,t 26,28
Matrix Multiplication (4, 2), mask 5
Fusing gate 6(1) for rank 1
c,t 26,28
Matrix Multiplication (4, 2), mask 5
Gate 5: [26, ]
Fusing gate 0(0) for rank 0
t 26
Matrix Multiplication (4, 1), mask 4
Fusing gate 0(0) for rank 1
t 26
Matrix Multiplication (4, 1), mask 4
Gate 6: [27, ]
Fusing gate 0(0) for rank 0
t 27
Matrix Multiplication (4, 1), mask 8
Fusing gate 0(0) for rank 1
t 27
Matrix Multiplication (4, 1), mask 8
Gate 7: [27, 28, ]
Fusing gate 6(1) for rank 0
c,t 27,28
Matrix Multiplication (4, 2), mask 9
Fusing gate 6(1) for rank 1
c,t 27,28
Matrix Multiplication (4, 2), mask 9
Gate 8: [27, ]
Fusing gate 0(0) for rank 0
t 27
Matrix Multiplication (4, 1), mask 8
Fusing gate 0(0) for rank 1
t 27
Matrix Multiplication (4, 1), mask 8
Compilation Done! 
Num Shuffles: 1
Num FUSION Kernel: 8
Num SHM Kernel: 0
Start Simulating...
[warmup] size total:2147483648
NCCL comm nRanks: 2, i am 0
I am 0, mask 1, I am sending to 0
I am 0, mask 1, I am sending to 1
NCCL comm nRanks: 2, i am 1
I am 1, mask 1, I am sending to 0
I am 1, mask 1, I am sending to 1
hello checking all2all
Init State Vectors!
Using NCCL for cross-node shuffle
My physical id:0, 1
NCCL comm nRanks: 2, i am 0
I am 0, mask 1, I am sending to 0
I am 0, mask 1, I am sending to 1
My physical id:1, 1
NCCL comm nRanks: 2, i am 1
I am 1, mask 1, I am sending to 0
I am 1, mask 1, I am sending to 1
[NCCL Rank 0] Shuffle Time: 36.69ms
[NCCL Rank 1] Shuffle Time: 36.70ms
Finish Simulating! Total: 8 FUSE Kernel, 0 SHM Kernel, 1 Shuffles.
[NCCL Rank 0] Total Simulation Time: 102.12ms
[NCCL Rank 1] Total Simulation Time: 102.26ms
[MPI Rank 0]: Shuffle 0 cost 36.69ms on average.
Solving ILP for num_qubits=29, num_local_qubits=28, num_global_qubits=0, num_iterations=1...
Available solvers: ['PULP_CBC_CMD', 'HiGHS_CMD']
Running HiGHS 1.5.0 [date: 2023-11-09, git hash: 8a114449a]
Copyright (c) 2022 HiGHS under MIT licence terms
Number of BV entries in BOUNDS section is 228
MIP  57dc286c59e94a348c92169c672c11e5-pulp has 539 rows; 229 cols; 1047 nonzeros; 228 integer variables
Presolving model
339 rows, 29 cols, 114 nonzeros
Presolve: Infeasible

Solving report
  Status            Infeasible
  Primal bound      inf
  Dual bound        -inf
  Gap               inf
  Solution status   -
  Timing            0.00 (total)
                    0.00 (presolve)
                    0.00 (postsolve)
  Nodes             0
  LP iterations     0 (total)
                    0 (strong br.)
                    0 (separation)
                    0 (heuristics)
Writing the solution to /tmp/57dc286c59e94a348c92169c672c11e5-pulp.sol
Solving ILP for num_qubits=29, num_local_qubits=28, num_global_qubits=0, num_iterations=2...
Available solvers: ['PULP_CBC_CMD', 'HiGHS_CMD']
Running HiGHS 1.5.0 [date: 2023-11-09, git hash: 8a114449a]
Copyright (c) 2022 HiGHS under MIT licence terms
Number of BV entries in BOUNDS section is 429
MIP  75ee673b730f458d9b4db3f985949bf2-pulp has 882 rows; 429 cols; 1930 nonzeros; 429 integer variables
Presolving model
623 rows, 172 cols, 823 nonzeros
228 rows, 115 cols, 539 nonzeros
130 rows, 105 cols, 336 nonzeros
128 rows, 105 cols, 332 nonzeros
Objective function is integral with scale 1

Solving MIP model with:
   128 rows
   105 cols (105 binary, 0 integer, 0 implied int., 0 continuous)
   332 nonzeros

        Nodes      |    B&B Tree     |            Objective Bounds              |  Dynamic Constraints |       Work      
     Proc. InQueue |  Leaves   Expl. | BestBound       BestSol              Gap |   Cuts   InLp Confl. | LpIters     Time

         0       0         0   0.00%   0               inf                  inf        0      0      0         0     0.0s

Solving report
  Status            Optimal
  Primal bound      1
  Dual bound        1
  Gap               0% (tolerance: 0.01%)
  Solution status   feasible
                    1 (objective)
                    0 (bound viol.)
                    0 (int. viol.)
                    0 (row viol.)
  Timing            0.01 (total)
                    0.01 (presolve)
                    0.00 (postsolve)
  Nodes             1
  LP iterations     71 (total)
                    0 (strong br.)
                    0 (separation)
                    0 (heuristics)
Writing the solution to /tmp/75ee673b730f458d9b4db3f985949bf2-pulp.sol
[MPI Rank 0]: Destroyed everthing!
Time Cost: 136548 us
Destroyed the simulator
