Num ranks: 1, myrank: 0
Use cached schedule
Compilation Done! 
Num Shuffles: 1
Num FUSION Kernel: 8
Num SHM Kernel: 0
Start Simulating...
[warmup] size total:1073741824
Init State Vectors on 4 devices
[NCCL Rank 0] Shuffle Time: 18.01ms
[NCCL Rank 1] Shuffle Time: 18.02ms
[NCCL Rank 2] Shuffle Time: 18.03ms
[NCCL Rank 3] Shuffle Time: 18.80ms
Finish Simulating! Total: 8 FUSE Kernel, 0 SHM Kernel, 1 Shuffles.
[NCCL Rank 0] Total Simulation Time: 111.28ms
[NCCL Rank 1] Total Simulation Time: 111.60ms
[NCCL Rank 2] Total Simulation Time: 111.99ms
[NCCL Rank 3] Total Simulation Time: 112.26ms
[MPI Rank 0]: Shuffle 0 cost 18.21ms on average.
[MPI Rank 0]: Destroyed everything!
Time Cost: 323614 us
Destroyed the simulator
