Num ranks: 8, myrank: 0
Num ranks: 8, myrank: 4
Num ranks: 8, myrank: 1
Num ranks: 8, myrank: 5
Num ranks: 8, myrank: 6
Num ranks: 8, myrank: 2
Num ranks: 8, myrank: 3
Num ranks: 8, myrank: 7
Use cached schedule
Use cached schedule
Use cached schedule
Use cached schedule
Use cached schedule
Use cached schedule
Use cached schedule
Use cached schedule
Compilation Done! 
Num Shuffles: 1
Num FUSION Kernel: 9
Num SHM Kernel: 0
Start Simulating...
Compilation Done! 
Num Shuffles: 1
Num FUSION Kernel: 9
Num SHM Kernel: 0
Start Simulating...
Compilation Done! 
Num Shuffles: 1
Num FUSION Kernel: 9
Num SHM Kernel: 0
Start Simulating...
Compilation Done! 
Num Shuffles: 1
Num FUSION Kernel: 9
Num SHM Kernel: 0
Start Simulating...
Compilation Done! 
Num Shuffles: 1
Num FUSION Kernel: 9
Num SHM Kernel: 0
Start Simulating...
Compilation Done! 
Num Shuffles: 1
Num FUSION Kernel: 9
Num SHM Kernel: 0
Start Simulating...
Compilation Done! 
Num Shuffles: 1
Num FUSION Kernel: 9
Num SHM Kernel: 0
Start Simulating...
Compilation Done! 
Num Shuffles: 1
Num FUSION Kernel: 9
Num SHM Kernel: 0
Start Simulating...
[warmup] size total:134217728
[warmup] size total:134217728
[warmup] size total:134217728
[warmup] size total:134217728
[warmup] size total:134217728
[warmup] size total:134217728
[warmup] size total:134217728
[warmup] size total:134217728
Init State Vectors on 4 devices
Init State Vectors on 4 devices
Init State Vectors on 4 devices
Init State Vectors on 4 devices
Init State Vectors on 4 devices
Init State Vectors on 4 devices
Init State Vectors on 4 devices
Init State Vectors on 4 devices
[NCCL Rank 0] Shuffle Time: 280.94ms
[NCCL Rank 1] Shuffle Time: 280.96ms
[NCCL Rank 2] Shuffle Time: 280.97ms
[NCCL Rank 3] Shuffle Time: 281.16ms
[NCCL Rank 20] Shuffle Time: 280.53ms
[NCCL Rank 12] Shuffle Time: 284.11ms
[NCCL Rank 13] Shuffle Time: 284.13ms
[NCCL Rank 14] Shuffle Time: 284.15ms
[NCCL Rank 15] Shuffle Time: 284.16ms
[NCCL Rank 21] Shuffle Time: 281.71ms
[NCCL Rank 22] Shuffle Time: 281.72ms
[NCCL Rank 23] Shuffle Time: 281.73ms
[NCCL Rank 24] Shuffle Time: 279.76ms
[NCCL Rank 25] Shuffle Time: 280.76ms
[NCCL Rank 26] Shuffle Time: 280.77ms
[NCCL Rank 27] Shuffle Time: 280.78ms
[NCCL Rank 16] Shuffle Time: 277.89ms
[NCCL Rank 28] Shuffle Time: 287.27ms
[NCCL Rank 29] Shuffle Time: 287.50ms
[NCCL Rank 30] Shuffle Time: 287.51ms
[NCCL Rank 31] Shuffle Time: 287.51ms
[NCCL Rank 8] Shuffle Time: 289.06ms
[NCCL Rank 9] Shuffle Time: 289.16ms
[NCCL Rank 10] Shuffle Time: 289.17ms
[NCCL Rank 11] Shuffle Time: 289.18ms
[NCCL Rank 17] Shuffle Time: 279.50ms
[NCCL Rank 18] Shuffle Time: 279.51ms
[NCCL Rank 19] Shuffle Time: 279.52ms
[NCCL Rank 4] Shuffle Time: 281.98ms
[NCCL Rank 5] Shuffle Time: 282.00ms
[NCCL Rank 6] Shuffle Time: 282.00ms
[NCCL Rank 7] Shuffle Time: 282.01ms
Finish Simulating! Total: 9 FUSE Kernel, 0 SHM Kernel, 1 Shuffles.
Finish Simulating! Total: 9 FUSE Kernel, 0 SHM Kernel, 1 Shuffles.
Finish Simulating! Total: 9 FUSE Kernel, 0 SHM Kernel, 1 Shuffles.
Finish Simulating! Total: 9 FUSE Kernel, 0 SHM Kernel, 1 Shuffles.
Finish Simulating! Total: 9 FUSE Kernel, 0 SHM Kernel, 1 Shuffles.
Finish Simulating! Total: 9 FUSE Kernel, 0 SHM Kernel, 1 Shuffles.
Finish Simulating! Total: 9 FUSE Kernel, 0 SHM Kernel, 1 Shuffles.
Finish Simulating! Total: 9 FUSE Kernel, 0 SHM Kernel, 1 Shuffles.
[NCCL Rank 0] Total Simulation Time: 379.71ms
[NCCL Rank 1] Total Simulation Time: 379.75ms
[NCCL Rank 2] Total Simulation Time: 379.77ms
[NCCL Rank 3] Total Simulation Time: 379.80ms
[MPI Rank 0]: Shuffle 0 cost 281.00ms on average.
[NCCL Rank 12] Total Simulation Time: 379.27ms
[NCCL Rank 13] Total Simulation Time: 379.28ms
[NCCL Rank 14] Total Simulation Time: 379.30ms
[NCCL Rank 20] Total Simulation Time: 377.64ms
[NCCL Rank 21] Total Simulation Time: 377.66ms
[NCCL Rank 22] Total Simulation Time: 377.67ms
[NCCL Rank 15] Total Simulation Time: 379.33ms
[NCCL Rank 23] Total Simulation Time: 377.72ms
[NCCL Rank 24] Total Simulation Time: 376.82ms
[NCCL Rank 25] Total Simulation Time: 376.85ms
[NCCL Rank 26] Total Simulation Time: 376.87ms
[NCCL Rank 27] Total Simulation Time: 376.90ms
[NCCL Rank 28] Total Simulation Time: 383.44ms
[NCCL Rank 29] Total Simulation Time: 383.48ms
[NCCL Rank 30] Total Simulation Time: 383.49ms
[NCCL Rank 31] Total Simulation Time: 383.53ms
[NCCL Rank 16] Total Simulation Time: 388.25ms
[NCCL Rank 17] Total Simulation Time: 388.27ms
[NCCL Rank 8] Total Simulation Time: 384.57ms
[NCCL Rank 18] Total Simulation Time: 388.30ms
[NCCL Rank 9] Total Simulation Time: 384.63ms
[NCCL Rank 19] Total Simulation Time: 388.33ms
[NCCL Rank 10] Total Simulation Time: 384.65ms
[NCCL Rank 11] Total Simulation Time: 384.69ms
[NCCL Rank 4] Total Simulation Time: 379.72ms
[NCCL Rank 5] Total Simulation Time: 379.74ms
[NCCL Rank 6] Total Simulation Time: 379.76ms
[NCCL Rank 7] Total Simulation Time: 379.81ms
[MPI Rank 7]: Destroyed everything!
Time Cost: 504754 us
Destroyed the simulator
[MPI Rank 0]: Destroyed everything!
Time Cost: 518747 us
Destroyed the simulator
[MPI Rank 5]: Destroyed everything!
Time Cost: 526914 us
Destroyed the simulator
[MPI Rank 3]: Destroyed everything!
Time Cost: 563077 us
Destroyed the simulator
[MPI Rank 1]: Destroyed everything!
Time Cost: 562568 us
Destroyed the simulator
[MPI Rank 6]: Destroyed everything!
Time Cost: 567902 us
Destroyed the simulator
[MPI Rank 2]: Destroyed everything!
Time Cost: 579137 us
Destroyed the simulator
[MPI Rank 4]: Destroyed everything!
Time Cost: 592739 us
Destroyed the simulator
