Num ranks: 16, myrank: 2
Num ranks: 16, myrank: 1
Num ranks: 16, myrank: 5
Num ranks: 16, myrank: 9
Num ranks: 16, myrank: 13
Num ranks: 16, myrank: 4
Num ranks: 16, myrank: 11
Num ranks: 16, myrank: 10
Num ranks: 16, myrank: 0
Num ranks: 16, myrank: 3
Num ranks: 16, myrank: 7
Num ranks: 16, myrank: 6
Num ranks: 16, myrank: 8
Num ranks: 16, myrank: 14
Num ranks: 16, myrank: 15
Num ranks: 16, myrank: 12
Use cached schedule
Use cached schedule
Use cached schedule
Use cached schedule
Use cached schedule
Use cached schedule
Use cached schedule
Use cached schedule
Use cached schedule
Use cached schedule
Use cached schedule
Use cached schedule
Compilation Done! 
Num Shuffles: 1
Num FUSION Kernel: 9
Num SHM Kernel: 0
Start Simulating...
Compilation Done! 
Num Shuffles: 1
Num FUSION Kernel: 9
Num SHM Kernel: 0
Start Simulating...
Compilation Done! 
Num Shuffles: 1
Num FUSION Kernel: 9
Num SHM Kernel: 0
Start Simulating...
Compilation Done! 
Num Shuffles: 1
Num FUSION Kernel: 9
Num SHM Kernel: 0
Start Simulating...
Compilation Done! 
Num Shuffles: 1
Num FUSION Kernel: 9
Num SHM Kernel: 0
Start Simulating...
Compilation Done! 
Num Shuffles: 1
Num FUSION Kernel: 9
Num SHM Kernel: 0
Start Simulating...
Compilation Done! 
Num Shuffles: 1
Num FUSION Kernel: 9
Num SHM Kernel: 0
Start Simulating...
Compilation Done! 
Num Shuffles: 1
Num FUSION Kernel: 9
Num SHM Kernel: 0
Start Simulating...
Compilation Done! 
Num Shuffles: 1
Num FUSION Kernel: 9
Num SHM Kernel: 0
Start Simulating...
Compilation Done! 
Num Shuffles: 1
Num FUSION Kernel: 9
Num SHM Kernel: 0
Start Simulating...
Compilation Done! 
Num Shuffles: 1
Num FUSION Kernel: 9
Num SHM Kernel: 0
Start Simulating...
Compilation Done! 
Num Shuffles: 1
Num FUSION Kernel: 9
Num SHM Kernel: 0
Start Simulating...
Use cached schedule
Use cached schedule
Compilation Done! 
Num Shuffles: 1
Num FUSION Kernel: 9
Num SHM Kernel: 0
Start Simulating...
Compilation Done! 
Num Shuffles: 1
Num FUSION Kernel: 9
Num SHM Kernel: 0
Start Simulating...
Use cached schedule
Compilation Done! 
Num Shuffles: 1
Num FUSION Kernel: 9
Num SHM Kernel: 0
Start Simulating...
Use cached schedule
Compilation Done! 
Num Shuffles: 1
Num FUSION Kernel: 9
Num SHM Kernel: 0
Start Simulating...
[warmup] size total:67108864
[warmup] size total:67108864
[warmup] size total:67108864
[warmup] size total:67108864
[warmup] size total:67108864
[warmup] size total:67108864
[warmup] size total:67108864
[warmup] size total:67108864
[warmup] size total:67108864
[warmup] size total:67108864
[warmup] size total:67108864
[warmup] size total:67108864
[warmup] size total:67108864
[warmup] size total:67108864
[warmup] size total:67108864
[warmup] size total:67108864
Init State Vectors on 4 devices
Init State Vectors on 4 devices
Init State Vectors on 4 devices
Init State Vectors on 4 devices
Init State Vectors on 4 devices
Init State Vectors on 4 devices
Init State Vectors on 4 devices
Init State Vectors on 4 devices
Init State Vectors on 4 devices
Init State Vectors on 4 devices
Init State Vectors on 4 devices
Init State Vectors on 4 devices
Init State Vectors on 4 devices
Init State Vectors on 4 devices
Init State Vectors on 4 devices
Init State Vectors on 4 devices
[NCCL Rank 4] Shuffle Time: 306.57ms
[NCCL Rank 28] Shuffle Time: 306.69ms
[NCCL Rank 29] Shuffle Time: 306.72ms
[NCCL Rank 20] Shuffle Time: 295.34ms
[NCCL Rank 30] Shuffle Time: 306.73ms
[NCCL Rank 5] Shuffle Time: 307.96ms
[NCCL Rank 6] Shuffle Time: 307.98ms
[NCCL Rank 7] Shuffle Time: 307.99ms
[NCCL Rank 32] Shuffle Time: 308.89ms
[NCCL Rank 52] Shuffle Time: 294.34ms
[NCCL Rank 53] Shuffle Time: 294.36ms
[NCCL Rank 54] Shuffle Time: 294.37ms
[NCCL Rank 31] Shuffle Time: 306.74ms
[NCCL Rank 33] Shuffle Time: 308.94ms
[NCCL Rank 55] Shuffle Time: 294.38ms
[NCCL Rank 34] Shuffle Time: 308.95ms
[NCCL Rank 35] Shuffle Time: 308.96ms
[NCCL Rank 44] Shuffle Time: 310.76ms
[NCCL Rank 45] Shuffle Time: 310.78ms
[NCCL Rank 46] Shuffle Time: 310.78ms
[NCCL Rank 47] Shuffle Time: 310.80ms
[NCCL Rank 40] Shuffle Time: 304.19ms
[NCCL Rank 41] Shuffle Time: 304.21ms
[NCCL Rank 0] Shuffle Time: 311.33ms
[NCCL Rank 21] Shuffle Time: 298.75ms
[NCCL Rank 22] Shuffle Time: 298.77ms
[NCCL Rank 23] Shuffle Time: 298.78ms
[NCCL Rank 42] Shuffle Time: 304.25ms
[NCCL Rank 1] Shuffle Time: 311.85ms
[NCCL Rank 2] Shuffle Time: 311.86ms
[NCCL Rank 43] Shuffle Time: 304.25ms
[NCCL Rank 3] Shuffle Time: 311.87ms
[NCCL Rank 48] Shuffle Time: 312.94ms
[NCCL Rank 49] Shuffle Time: 313.12ms
[NCCL Rank 50] Shuffle Time: 313.13ms
[NCCL Rank 51] Shuffle Time: 313.14ms
[NCCL Rank 8] Shuffle Time: 314.69ms
[NCCL Rank 9] Shuffle Time: 314.70ms
[NCCL Rank 10] Shuffle Time: 314.71ms
[NCCL Rank 11] Shuffle Time: 314.72ms
[NCCL Rank 60] Shuffle Time: 315.40ms
[NCCL Rank 61] Shuffle Time: 315.42ms
[NCCL Rank 62] Shuffle Time: 315.48ms
[NCCL Rank 63] Shuffle Time: 315.65ms
[NCCL Rank 12] Shuffle Time: 318.19ms
[NCCL Rank 13] Shuffle Time: 318.21ms
[NCCL Rank 14] Shuffle Time: 318.22ms
[NCCL Rank 16] Shuffle Time: 308.57ms
[NCCL Rank 15] Shuffle Time: 318.23ms
[NCCL Rank 17] Shuffle Time: 308.62ms
[NCCL Rank 18] Shuffle Time: 308.64ms
[NCCL Rank 19] Shuffle Time: 308.65ms
[NCCL Rank 24] Shuffle Time: 311.43ms
[NCCL Rank 56] Shuffle Time: 319.67ms
[NCCL Rank 57] Shuffle Time: 319.71ms
[NCCL Rank 36] Shuffle Time: 295.33ms
[NCCL Rank 37] Shuffle Time: 295.35ms
[NCCL Rank 25] Shuffle Time: 311.55ms
[NCCL Rank 58] Shuffle Time: 319.73ms
[NCCL Rank 38] Shuffle Time: 295.37ms
[NCCL Rank 26] Shuffle Time: 311.57ms
[NCCL Rank 59] Shuffle Time: 319.74ms
[NCCL Rank 39] Shuffle Time: 295.38ms
[NCCL Rank 27] Shuffle Time: 311.58ms
Finish Simulating! Total: 9 FUSE Kernel, 0 SHM Kernel, 1 Shuffles.
Finish Simulating! Total: 9 FUSE Kernel, 0 SHM Kernel, 1 Shuffles.
Finish Simulating! Total: 9 FUSE Kernel, 0 SHM Kernel, 1 Shuffles.
Finish Simulating! Total: 9 FUSE Kernel, 0 SHM Kernel, 1 Shuffles.
Finish Simulating! Total: 9 FUSE Kernel, 0 SHM Kernel, 1 Shuffles.
Finish Simulating! Total: 9 FUSE Kernel, 0 SHM Kernel, 1 Shuffles.
Finish Simulating! Total: 9 FUSE Kernel, 0 SHM Kernel, 1 Shuffles.
Finish Simulating! Total: 9 FUSE Kernel, 0 SHM Kernel, 1 Shuffles.
Finish Simulating! Total: 9 FUSE Kernel, 0 SHM Kernel, 1 Shuffles.
Finish Simulating! Total: 9 FUSE Kernel, 0 SHM Kernel, 1 Shuffles.
Finish Simulating! Total: 9 FUSE Kernel, 0 SHM Kernel, 1 Shuffles.
Finish Simulating! Total: 9 FUSE Kernel, 0 SHM Kernel, 1 Shuffles.
Finish Simulating! Total: 9 FUSE Kernel, 0 SHM Kernel, 1 Shuffles.
Finish Simulating! Total: 9 FUSE Kernel, 0 SHM Kernel, 1 Shuffles.
Finish Simulating! Total: 9 FUSE Kernel, 0 SHM Kernel, 1 Shuffles.
Finish Simulating! Total: 9 FUSE Kernel, 0 SHM Kernel, 1 Shuffles.
[NCCL Rank 28] Total Simulation Time: 402.63ms
[NCCL Rank 29] Total Simulation Time: 402.73ms
[NCCL Rank 52] Total Simulation Time: 404.02ms
[NCCL Rank 30] Total Simulation Time: 402.81ms
[NCCL Rank 31] Total Simulation Time: 402.93ms
[NCCL Rank 53] Total Simulation Time: 404.14ms
[NCCL Rank 54] Total Simulation Time: 404.17ms
[NCCL Rank 55] Total Simulation Time: 404.30ms
[NCCL Rank 44] Total Simulation Time: 405.93ms
[NCCL Rank 45] Total Simulation Time: 406.01ms
[NCCL Rank 46] Total Simulation Time: 406.06ms
[NCCL Rank 32] Total Simulation Time: 406.27ms
[NCCL Rank 47] Total Simulation Time: 406.21ms
[NCCL Rank 33] Total Simulation Time: 406.35ms
[NCCL Rank 34] Total Simulation Time: 406.43ms
[NCCL Rank 35] Total Simulation Time: 406.52ms
[NCCL Rank 4] Total Simulation Time: 406.84ms
[NCCL Rank 5] Total Simulation Time: 406.97ms
[NCCL Rank 6] Total Simulation Time: 407.01ms
[NCCL Rank 7] Total Simulation Time: 407.16ms
[NCCL Rank 48] Total Simulation Time: 409.92ms
[NCCL Rank 8] Total Simulation Time: 410.80ms
[NCCL Rank 49] Total Simulation Time: 410.05ms
[NCCL Rank 50] Total Simulation Time: 410.12ms
[NCCL Rank 0] Total Simulation Time: 410.40ms
[NCCL Rank 51] Total Simulation Time: 410.27ms
[NCCL Rank 1] Total Simulation Time: 410.51ms
[NCCL Rank 9] Total Simulation Time: 410.89ms
[NCCL Rank 2] Total Simulation Time: 410.59ms
[NCCL Rank 10] Total Simulation Time: 410.99ms
[NCCL Rank 11] Total Simulation Time: 411.08ms
[NCCL Rank 3] Total Simulation Time: 410.69ms
[MPI Rank 0]: Shuffle 0 cost 311.72ms on average.
[NCCL Rank 60] Total Simulation Time: 411.50ms
[NCCL Rank 61] Total Simulation Time: 411.60ms
[NCCL Rank 62] Total Simulation Time: 411.68ms
[NCCL Rank 63] Total Simulation Time: 411.77ms
[NCCL Rank 36] Total Simulation Time: 405.70ms
[NCCL Rank 56] Total Simulation Time: 415.59ms
[NCCL Rank 57] Total Simulation Time: 415.70ms
[NCCL Rank 58] Total Simulation Time: 415.76ms
[NCCL Rank 59] Total Simulation Time: 415.85ms
[NCCL Rank 37] Total Simulation Time: 405.80ms
[NCCL Rank 38] Total Simulation Time: 405.84ms
[NCCL Rank 40] Total Simulation Time: 408.08ms
[NCCL Rank 39] Total Simulation Time: 405.99ms
[NCCL Rank 41] Total Simulation Time: 408.18ms
[NCCL Rank 42] Total Simulation Time: 408.26ms
[NCCL Rank 12] Total Simulation Time: 416.81ms
[NCCL Rank 43] Total Simulation Time: 408.36ms
[NCCL Rank 13] Total Simulation Time: 416.88ms
[NCCL Rank 14] Total Simulation Time: 416.96ms
[NCCL Rank 15] Total Simulation Time: 417.08ms
[NCCL Rank 20] Total Simulation Time: 405.59ms
[NCCL Rank 21] Total Simulation Time: 405.69ms
[NCCL Rank 22] Total Simulation Time: 405.75ms
[NCCL Rank 23] Total Simulation Time: 405.86ms
[NCCL Rank 16] Total Simulation Time: 414.98ms
[NCCL Rank 17] Total Simulation Time: 415.09ms
[NCCL Rank 18] Total Simulation Time: 415.12ms
[NCCL Rank 24] Total Simulation Time: 416.97ms
[NCCL Rank 19] Total Simulation Time: 415.26ms
[NCCL Rank 25] Total Simulation Time: 417.05ms
[NCCL Rank 26] Total Simulation Time: 417.13ms
[NCCL Rank 27] Total Simulation Time: 417.23ms
[MPI Rank 8]: Destroyed everything!
Time Cost: 579726 us
Destroyed the simulator
[MPI Rank 5]: Destroyed everything!
Time Cost: 579552 us
Destroyed the simulator
[MPI Rank 3]: Destroyed everything!
Time Cost: 592789 us
Destroyed the simulator
[MPI Rank 0]: Destroyed everything!
Time Cost: 596331 us
Destroyed the simulator
[MPI Rank 4]: Destroyed everything!
Time Cost: 592447 us
Destroyed the simulator
[MPI Rank 10]: Destroyed everything!
Time Cost: 594374 us
Destroyed the simulator
[MPI Rank 15]: Destroyed everything!
Time Cost: 606181 us
Destroyed the simulator
[MPI Rank 6]: Destroyed everything!
Time Cost: 602581 us
Destroyed the simulator
[MPI Rank 7]: Destroyed everything!
Time Cost: 611504 us
Destroyed the simulator
[MPI Rank 11]: Destroyed everything!
Time Cost: 615856 us
Destroyed the simulator
[MPI Rank 9]: Destroyed everything!
Time Cost: 606317 us
Destroyed the simulator
[MPI Rank 13]: Destroyed everything!
Time Cost: 618152 us
Destroyed the simulator
[MPI Rank 12]: Destroyed everything!
Time Cost: 627319 us
Destroyed the simulator
[MPI Rank 1]: Destroyed everything!
Time Cost: 631586 us
Destroyed the simulator
[MPI Rank 2]: Destroyed everything!
Time Cost: 644513 us
Destroyed the simulator
[MPI Rank 14]: Destroyed everything!
Time Cost: 671112 us
Destroyed the simulator
