Num ranks: 2, myrank: 0
Num ranks: 2, myrank: 1
Solving ILP for num_qubits=31, num_local_qubits=28, num_global_qubits=1, num_iterations=1...
Available solvers: ['PULP_CBC_CMD', 'HiGHS_CMD']
Solving ILP for num_qubits=31, num_local_qubits=28, num_global_qubits=1, num_iterations=1...
Available solvers: ['PULP_CBC_CMD', 'HiGHS_CMD']
Running HiGHS 1.5.0 [date: 2023-11-09, git hash: 8a114449a]
Copyright (c) 2022 HiGHS under MIT licence terms
Number of BV entries in BOUNDS section is 244
MIP  92456a5a56404cccbdd014b1bfaa1a60-pulp has 577 rows; 245 cols; 1121 nonzeros; 244 integer variables
Presolving model
395 rows, 62 cols, 215 nonzeros
Presolve: Infeasible

Solving report
  Status            Infeasible
  Primal bound      inf
  Dual bound        -inf
  Gap               inf
  Solution status   -
  Timing            0.00 (total)
                    0.00 (presolve)
                    0.00 (postsolve)
  Nodes             0
  LP iterations     0 (total)
                    0 (strong br.)
                    0 (separation)
                    0 (heuristics)
Writing the solution to /tmp/92456a5a56404cccbdd014b1bfaa1a60-pulp.sol
Solving ILP for num_qubits=31, num_local_qubits=28, num_global_qubits=1, num_iterations=2...
Available solvers: ['PULP_CBC_CMD', 'HiGHS_CMD']
Running HiGHS 1.5.0 [date: 2023-11-09, git hash: 8a114449a]
Copyright (c) 2022 HiGHS under MIT licence terms
Number of BV entries in BOUNDS section is 244
MIP  5ccaba36f0a0410fbfdc6e8ea2feb299-pulp has 577 rows; 245 cols; 1121 nonzeros; 244 integer variables
Presolving model
395 rows, 62 cols, 215 nonzeros
Presolve: Infeasible

Solving report
  Status            Infeasible
  Primal bound      inf
  Dual bound        -inf
  Gap               inf
  Solution status   -
  Timing            0.00 (total)
                    0.00 (presolve)
                    0.00 (postsolve)
  Nodes             0
  LP iterations     0 (total)
                    0 (strong br.)
                    0 (separation)
                    0 (heuristics)
Writing the solution to /tmp/5ccaba36f0a0410fbfdc6e8ea2feb299-pulp.sol
Solving ILP for num_qubits=31, num_local_qubits=28, num_global_qubits=1, num_iterations=2...
Available solvers: ['PULP_CBC_CMD', 'HiGHS_CMD']
Running HiGHS 1.5.0 [date: 2023-11-09, git hash: 8a114449a]
Copyright (c) 2022 HiGHS under MIT licence terms
Number of BV entries in BOUNDS section is 459
MIP  82f31c0b0d1a4a1e8c9e7407de306927-pulp has 944 rows; 459 cols; 2066 nonzeros; 459 integer variables
Presolving model
762 rows, 277 cols, 1160 nonzeros
339 rows, 216 cols, 856 nonzeros
205 rows, 184 cols, 558 nonzeros
203 rows, 184 cols, 554 nonzeros
Objective function is integral with scale 1

Solving MIP model with:
   203 rows
   184 cols (184 binary, 0 integer, 0 implied int., 0 continuous)
   554 nonzeros

        Nodes      |    B&B Tree     |            Objective Bounds              |  Dynamic Constraints |       Work      
     Proc. InQueue |  Leaves   Expl. | BestBound       BestSol              Gap |   Cuts   InLp Confl. | LpIters     Time

         0       0         0   0.00%   0               inf                  inf        0      0      0         0     0.0s
 R       0       0         0   0.00%   0               6                100.00%        0      0      0       116     0.0s
Running HiGHS 1.5.0 [date: 2023-11-09, git hash: 8a114449a]
Copyright (c) 2022 HiGHS under MIT licence terms
Number of BV entries in BOUNDS section is 459
MIP  6c904fc70b8d460ea102e8c87eb69989-pulp has 944 rows; 459 cols; 2066 nonzeros; 459 integer variables
Presolving model
762 rows, 277 cols, 1160 nonzeros
339 rows, 216 cols, 856 nonzeros
205 rows, 184 cols, 558 nonzeros
203 rows, 184 cols, 554 nonzeros
Objective function is integral with scale 1

Solving MIP model with:
   203 rows
   184 cols (184 binary, 0 integer, 0 implied int., 0 continuous)
   554 nonzeros

        Nodes      |    B&B Tree     |            Objective Bounds              |  Dynamic Constraints |       Work      
     Proc. InQueue |  Leaves   Expl. | BestBound       BestSol              Gap |   Cuts   InLp Confl. | LpIters     Time

         0       0         0   0.00%   0               inf                  inf        0      0      0         0     0.0s
 R       0       0         0   0.00%   0               6                100.00%        0      0      0       116     0.0s

Solving report
  Status            Optimal
  Primal bound      6
  Dual bound        6
  Gap               0% (tolerance: 0.01%)
  Solution status   feasible
                    6 (objective)
                    0 (bound viol.)
                    0 (int. viol.)
                    0 (row viol.)
  Timing            0.08 (total)
                    0.01 (presolve)
                    0.00 (postsolve)
  Nodes             1
  LP iterations     298 (total)
                    0 (strong br.)
                    182 (separation)
                    0 (heuristics)
Writing the solution to /tmp/82f31c0b0d1a4a1e8c9e7407de306927-pulp.sol

Solving report
  Status            Optimal
  Primal bound      6
  Dual bound        6
  Gap               0% (tolerance: 0.01%)
  Solution status   feasible
                    6 (objective)
                    0 (bound viol.)
                    0 (int. viol.)
                    0 (row viol.)
  Timing            0.08 (total)
                    0.01 (presolve)
                    0.00 (postsolve)
  Nodes             1
  LP iterations     298 (total)
                    0 (strong br.)
                    182 (separation)
                    0 (heuristics)
Writing the solution to /tmp/6c904fc70b8d460ea102e8c87eb69989-pulp.sol
Computed and cached schedule in 4.214 seconds.
Current Layout0: [0, 1, 2, 3, 4, 5, 6, 7, 8, 9, 10, 11, 12, 13, 14, 15, 16, 17, 18, 19, 20, 21, 22, 23, 24, 25, 26, 30, 28, 29, 27, Start fusing gates...
Reset qubit group map
(0, 0) (1, 1) (2, 2) (3, 3) (27, 30) current Layout: [0,1,2,3,4,5,6,7,8,9,10,11,12,13,14,15,16,17,18,19,20,21,22,23,24,25,26,30,28,29,27,]
Fusing Kernel (13 gates): qubits [0, 1, 2, 3, 30], gates fusion, qubits [0, 1, 2, 3, 30], gates CircuitSeq {
  Q30 = u2(Q30, P1, P1)
  Q0 = h(Q0)
  [Q0, Q30] = cx(Q0, Q30)
  Q0 = h(Q0)
  Q1 = h(Q1)
  [Q1, Q30] = cx(Q1, Q30)
  Q1 = h(Q1)
  Q2 = u2(Q2, P0, P0)
  [Q2, Q30] = cx(Q2, Q30)
  Q2 = u2(Q2, P1, P1)
  Q3 = u2(Q3, P0, P0)
  [Q3, Q30] = cx(Q3, Q30)
  Q3 = u2(Q3, P1, P1)
}

Gate 0: [30, ]
Fusing gate 22(0) for rank 4
t 30
Matrix Multiplication (5, 1), mask 16
Fusing gate 22(0) for rank 5
t 30
Matrix Multiplication (5, 1), mask 16
Fusing gate 22(0) for rank 6
t 30
Matrix Multiplication (5, 1), mask 16
Fusing gate 22(0) for rank 7
t 30
Matrix Multiplication (5, 1), mask 16
Gate 1: [0, ]
Fusing gate 0(0) for rank 4
t 0
Matrix Multiplication (5, 1), mask 1
Fusing gate 0(0) for rank 5
t 0
Matrix Multiplication (5, 1), mask 1
Fusing gate 0(0) for rank 6
t 0
Matrix Multiplication (5, 1), mask 1
Fusing gate 0(0) for rank 7
t 0
Matrix Multiplication (5, 1), mask 1
Gate 2: [0, 30, ]
Fusing gate 6(1) for rank 4
c,t 0,30
Matrix Multiplication (5, 2), mask 17
Fusing gate 6(1) for rank 5
c,t 0,30
Matrix Multiplication (5, 2), mask 17
Fusing gate 6(1) for rank 6
c,t 0,30
Matrix Multiplication (5, 2), mask 17
Fusing gate 6(1) for rank 7
c,t 0,30
Matrix Multiplication (5, 2), mask 17
Gate 3: [0, ]
Fusing gate 0(0) for rank 4
t 0
Matrix Multiplication (5, 1), mask 1
Fusing gate 0(0) for rank 5
t 0
Matrix Multiplication (5, 1), mask 1
Fusing gate 0(0) for rank 6
t 0
Matrix Multiplication (5, 1), mask 1
Fusing gate 0(0) for rank 7
t 0
Matrix Multiplication (5, 1), mask 1
Gate 4: [1, ]
Fusing gate 0(0) for rank 4
t 1
Matrix Multiplication (5, 1), mask 2
Fusing gate 0(0) for rank 5
t 1
Matrix Multiplication (5, 1), mask 2
Fusing gate 0(0) for rank 6
t 1
Matrix Multiplication (5, 1), mask 2
Fusing gate 0(0) for rank 7
t 1
Matrix Multiplication (5, 1), mask 2
Gate 5: [1, 30, ]
Fusing gate 6(1) for rank 4
c,t 1,30
Matrix Multiplication (5, 2), mask 18
Fusing gate 6(1) for rank 5
c,t 1,30
Matrix Multiplication (5, 2), mask 18
Fusing gate 6(1) for rank 6
c,t 1,30
Matrix Multiplication (5, 2), mask 18
Fusing gate 6(1) for rank 7
c,t 1,30
Matrix Multiplication (5, 2), mask 18
Gate 6: [1, ]
Fusing gate 0(0) for rank 4
t 1
Matrix Multiplication (5, 1), mask 2
Fusing gate 0(0) for rank 5
t 1
Matrix Multiplication (5, 1), mask 2
Fusing gate 0(0) for rank 6
t 1
Matrix Multiplication (5, 1), mask 2
Fusing gate 0(0) for rank 7
t 1
Matrix Multiplication (5, 1), mask 2
Gate 7: [2, ]
Fusing gate 22(0) for rank 4
t 2
Matrix Multiplication (5, 1), mask 4
Fusing gate 22(0) for rank 5
t 2
Matrix Multiplication (5, 1), mask 4
Fusing gate 22(0) for rank 6
t 2
Matrix Multiplication (5, 1), mask 4
Fusing gate 22(0) for rank 7
t 2
Matrix Multiplication (5, 1), mask 4
Gate 8: [2, 30, ]
Fusing gate 6(1) for rank 4
c,t 2,30
Matrix Multiplication (5, 2), mask 20
Fusing gate 6(1) for rank 5
c,t 2,30
Matrix Multiplication (5, 2), mask 20
Fusing gate 6(1) for rank 6
c,t 2,30
Matrix Multiplication (5, 2), mask 20
Fusing gate 6(1) for rank 7
c,t 2,30
Matrix Multiplication (5, 2), mask 20
Gate 9: [2, ]
Fusing gate 22(0) for rank 4
t 2
Matrix Multiplication (5, 1), mask 4
Fusing gate 22(0) for rank 5
t 2
Matrix Multiplication (5, 1), mask 4
Fusing gate 22(0) for rank 6
t 2
Matrix Multiplication (5, 1), mask 4
Fusing gate 22(0) for rank 7
t 2
Matrix Multiplication (5, 1), mask 4
Gate 10: [3, ]
Fusing gate 22(0) for rank 4
t 3
Matrix Multiplication (5, 1), mask 8
Fusing gate 22(0) for rank 5
t 3
Matrix Multiplication (5, 1), mask 8
Fusing gate 22(0) for rank 6
t 3
Matrix Multiplication (5, 1), mask 8
Fusing gate 22(0) for rank 7
t 3
Matrix Multiplication (5, 1), mask 8
Gate 11: [3, 30, ]
Fusing gate 6(1) for rank 4
c,t 3,30
Matrix Multiplication (5, 2), mask 24
Fusing gate 6(1) for rank 5
c,t 3,30
Matrix Multiplication (5, 2), mask 24
Fusing gate 6(1) for rank 6
c,t 3,30
Matrix Multiplication (5, 2), mask 24
Fusing gate 6(1) for rank 7
c,t 3,30
Matrix Multiplication (5, 2), mask 24
Gate 12: [3, ]
Fusing gate 22(0) for rank 4
t 3
Matrix Multiplication (5, 1), mask 8
Fusing gate 22(0) for rank 5
t 3
Matrix Multiplication (5, 1), mask 8
Fusing gate 22(0) for rank 6
t 3
Matrix Multiplication (5, 1), mask 8
Fusing gate 22(0) for rank 7
t 3
Matrix Multiplication (5, 1), mask 8
Start fusing gates...
Reset qubit group map
(4, 4) (5, 5) (6, 6) (7, 7) (27, 30) current Layout: [0,1,2,3,4,5,6,7,8,9,10,11,12,13,14,15,16,17,18,19,20,21,22,23,24,25,26,30,28,29,27,]
Fusing Kernel (12 gates): qubits [4, 5, 6, 7, 30], gates fusion, qubits [4, 5, 6, 7, 30], gates CircuitSeq {
  Q4 = u2(Q4, P0, P0)
  [Q4, Q30] = cx(Q4, Q30)
  Q4 = u2(Q4, P1, P1)
  Q5 = u2(Q5, P0, P0)
  [Q5, Q30] = cx(Q5, Q30)
  Q5 = u2(Q5, P1, P1)
  Q6 = u2(Q6, P0, P0)
  [Q6, Q30] = cx(Q6, Q30)
  Q6 = u2(Q6, P1, P1)
  Q7 = u2(Q7, P0, P0)
  [Q7, Q30] = cx(Q7, Q30)
  Q7 = u2(Q7, P1, P1)
}

Gate 0: [4, ]
Fusing gate 22(0) for rank 4
t 4
Matrix Multiplication (5, 1), mask 1
Fusing gate 22(0) for rank 5
t 4
Matrix Multiplication (5, 1), mask 1
Fusing gate 22(0) for rank 6
t 4
Matrix Multiplication (5, 1), mask 1
Fusing gate 22(0) for rank 7
t 4
Matrix Multiplication (5, 1), mask 1
Gate 1: [4, 30, ]
Fusing gate 6(1) for rank 4
c,t 4,30
Matrix Multiplication (5, 2), mask 17
Fusing gate 6(1) for rank 5
c,t 4,30
Matrix Multiplication (5, 2), mask 17
Fusing gate 6(1) for rank 6
c,t 4,30
Matrix Multiplication (5, 2), mask 17
Fusing gate 6(1) for rank 7
c,t 4,30
Matrix Multiplication (5, 2), mask 17
Gate 2: [4, ]
Fusing gate 22(0) for rank 4
t 4
Matrix Multiplication (5, 1), mask 1
Fusing gate 22(0) for rank 5
t 4
Matrix Multiplication (5, 1), mask 1
Fusing gate 22(0) for rank 6
t 4
Matrix Multiplication (5, 1), mask 1
Fusing gate 22(0) for rank 7
t 4
Matrix Multiplication (5, 1), mask 1
Gate 3: [5, ]
Fusing gate 22(0) for rank 4
t 5
Matrix Multiplication (5, 1), mask 2
Fusing gate 22(0) for rank 5
t 5
Matrix Multiplication (5, 1), mask 2
Fusing gate 22(0) for rank 6
t 5
Matrix Multiplication (5, 1), mask 2
Fusing gate 22(0) for rank 7
t 5
Matrix Multiplication (5, 1), mask 2
Gate 4: [5, 30, ]
Fusing gate 6(1) for rank 4
c,t 5,30
Matrix Multiplication (5, 2), mask 18
Fusing gate 6(1) for rank 5
c,t 5,30
Matrix Multiplication (5, 2), mask 18
Fusing gate 6(1) for rank 6
c,t 5,30
Matrix Multiplication (5, 2), mask 18
Fusing gate 6(1) for rank 7
c,t 5,30
Matrix Multiplication (5, 2), mask 18
Gate 5: [5, ]
Fusing gate 22(0) for rank 4
t 5
Matrix Multiplication (5, 1), mask 2
Fusing gate 22(0) for rank 5
t 5
Matrix Multiplication (5, 1), mask 2
Fusing gate 22(0) for rank 6
t 5
Matrix Multiplication (5, 1), mask 2
Fusing gate 22(0) for rank 7
t 5
Matrix Multiplication (5, 1), mask 2
Gate 6: [6, ]
Fusing gate 22(0) for rank 4
t 6
Matrix Multiplication (5, 1), mask 4
Fusing gate 22(0) for rank 5
t 6
Matrix Multiplication (5, 1), mask 4
Fusing gate 22(0) for rank 6
t 6
Matrix Multiplication (5, 1), mask 4
Fusing gate 22(0) for rank 7
t 6
Matrix Multiplication (5, 1), mask 4
Gate 7: [6, 30, ]
Fusing gate 6(1) for rank 4
c,t 6,30
Matrix Multiplication (5, 2), mask 20
Fusing gate 6(1) for rank 5
c,t 6,30
Matrix Multiplication (5, 2), mask 20
Fusing gate 6(1) for rank 6
c,t 6,30
Matrix Multiplication (5, 2), mask 20
Fusing gate 6(1) for rank 7
c,t 6,30
Matrix Multiplication (5, 2), mask 20
Gate 8: [6, ]
Fusing gate 22(0) for rank 4
t 6
Matrix Multiplication (5, 1), mask 4
Fusing gate 22(0) for rank 5
t 6
Matrix Multiplication (5, 1), mask 4
Fusing gate 22(0) for rank 6
t 6
Matrix Multiplication (5, 1), mask 4
Fusing gate 22(0) for rank 7
t 6
Matrix Multiplication (5, 1), mask 4
Gate 9: [7, ]
Fusing gate 22(0) for rank 4
t 7
Matrix Multiplication (5, 1), mask 8
Fusing gate 22(0) for rank 5
t 7
Matrix Multiplication (5, 1), mask 8
Fusing gate 22(0) for rank 6
t 7
Matrix Multiplication (5, 1), mask 8
Fusing gate 22(0) for rank 7
t 7
Matrix Multiplication (5, 1), mask 8
Gate 10: [7, 30, ]
Fusing gate 6(1) for rank 4
c,t 7,30
Matrix Multiplication (5, 2), mask 24
Fusing gate 6(1) for rank 5
c,t 7,30
Matrix Multiplication (5, 2), mask 24
Fusing gate 6(1) for rank 6
c,t 7,30
Matrix Multiplication (5, 2), mask 24
Fusing gate 6(1) for rank 7
c,t 7,30
Matrix Multiplication (5, 2), mask 24
Gate 11: [7, ]
Fusing gate 22(0) for rank 4
t 7
Matrix Multiplication (5, 1), mask 8
Fusing gate 22(0) for rank 5
t 7
Matrix Multiplication (5, 1), mask 8
Fusing gate 22(0) for rank 6
t 7
Matrix Multiplication (5, 1), mask 8
Fusing gate 22(0) for rank 7
t 7
Matrix Multiplication (5, 1), mask 8
Start fusing gates...
Reset qubit group map
(8, 8) (9, 9) (10, 10) (11, 11) (27, 30) current Layout: [0,1,2,3,4,5,6,7,8,9,10,11,12,13,14,15,16,17,18,19,20,21,22,23,24,25,26,30,28,29,27,]
Fusing Kernel (12 gates): qubits [8, 9, 10, 11, 30], gates fusion, qubits [8, 9, 10, 11, 30], gates CircuitSeq {
  Q8 = h(Q8)
  [Q8, Q30] = cx(Q8, Q30)
  Q8 = h(Q8)
  Q9 = u2(Q9, P0, P0)
  [Q9, Q30] = cx(Q9, Q30)
  Q9 = u2(Q9, P1, P1)
  Q10 = u2(Q10, P0, P0)
  [Q10, Q30] = cx(Q10, Q30)
  Q10 = u2(Q10, P1, P1)
  Q11 = h(Q11)
  [Q11, Q30] = cx(Q11, Q30)
  Q11 = h(Q11)
}

Gate 0: [8, ]
Fusing gate 0(0) for rank 4
t 8
Matrix Multiplication (5, 1), mask 1
Fusing gate 0(0) for rank 5
t 8
Matrix Multiplication (5, 1), mask 1
Fusing gate 0(0) for rank 6
t 8
Matrix Multiplication (5, 1), mask 1
Fusing gate 0(0) for rank 7
t 8
Matrix Multiplication (5, 1), mask 1
Gate 1: [8, 30, ]
Fusing gate 6(1) for rank 4
c,t 8,30
Matrix Multiplication (5, 2), mask 17
Fusing gate 6(1) for rank 5
c,t 8,30
Matrix Multiplication (5, 2), mask 17
Fusing gate 6(1) for rank 6
c,t 8,30
Matrix Multiplication (5, 2), mask 17
Fusing gate 6(1) for rank 7
c,t 8,30
Matrix Multiplication (5, 2), mask 17
Gate 2: [8, ]
Fusing gate 0(0) for rank 4
t 8
Matrix Multiplication (5, 1), mask 1
Fusing gate 0(0) for rank 5
t 8
Matrix Multiplication (5, 1), mask 1
Fusing gate 0(0) for rank 6
t 8
Matrix Multiplication (5, 1), mask 1
Fusing gate 0(0) for rank 7
t 8
Matrix Multiplication (5, 1), mask 1
Gate 3: [9, ]
Fusing gate 22(0) for rank 4
t 9
Matrix Multiplication (5, 1), mask 2
Fusing gate 22(0) for rank 5
t 9
Matrix Multiplication (5, 1), mask 2
Fusing gate 22(0) for rank 6
t 9
Matrix Multiplication (5, 1), mask 2
Fusing gate 22(0) for rank 7
t 9
Matrix Multiplication (5, 1), mask 2
Gate 4: [9, 30, ]
Fusing gate 6(1) for rank 4
c,t 9,30
Matrix Multiplication (5, 2), mask 18
Fusing gate 6(1) for rank 5
c,t 9,30
Matrix Multiplication (5, 2), mask 18
Fusing gate 6(1) for rank 6
c,t 9,30
Matrix Multiplication (5, 2), mask 18
Fusing gate 6(1) for rank 7
c,t 9,30
Matrix Multiplication (5, 2), mask 18
Gate 5: [9, ]
Fusing gate 22(0) for rank 4
t 9
Matrix Multiplication (5, 1), mask 2
Fusing gate 22(0) for rank 5
t 9
Matrix Multiplication (5, 1), mask 2
Fusing gate 22(0) for rank 6
t 9
Matrix Multiplication (5, 1), mask 2
Fusing gate 22(0) for rank 7
t 9
Matrix Multiplication (5, 1), mask 2
Gate 6: [10, ]
Fusing gate 22(0) for rank 4
t 10
Matrix Multiplication (5, 1), mask 4
Fusing gate 22(0) for rank 5
t 10
Matrix Multiplication (5, 1), mask 4
Fusing gate 22(0) for rank 6
t 10
Matrix Multiplication (5, 1), mask 4
Fusing gate 22(0) for rank 7
t 10
Matrix Multiplication (5, 1), mask 4
Gate 7: [10, 30, ]
Fusing gate 6(1) for rank 4
c,t 10,30
Matrix Multiplication (5, 2), mask 20
Fusing gate 6(1) for rank 5
c,t 10,30
Matrix Multiplication (5, 2), mask 20
Fusing gate 6(1) for rank 6
c,t 10,30
Matrix Multiplication (5, 2), mask 20
Fusing gate 6(1) for rank 7
c,t 10,30
Matrix Multiplication (5, 2), mask 20
Gate 8: [10, ]
Fusing gate 22(0) for rank 4
t 10
Matrix Multiplication (5, 1), mask 4
Fusing gate 22(0) for rank 5
t 10
Matrix Multiplication (5, 1), mask 4
Fusing gate 22(0) for rank 6
t 10
Matrix Multiplication (5, 1), mask 4
Fusing gate 22(0) for rank 7
t 10
Matrix Multiplication (5, 1), mask 4
Gate 9: [11, ]
Fusing gate 0(0) for rank 4
t 11
Matrix Multiplication (5, 1), mask 8
Fusing gate 0(0) for rank 5
t 11
Matrix Multiplication (5, 1), mask 8
Fusing gate 0(0) for rank 6
t 11
Matrix Multiplication (5, 1), mask 8
Fusing gate 0(0) for rank 7
t 11
Matrix Multiplication (5, 1), mask 8
Gate 10: [11, 30, ]
Fusing gate 6(1) for rank 4
c,t 11,30
Matrix Multiplication (5, 2), mask 24
Fusing gate 6(1) for rank 5
c,t 11,30
Matrix Multiplication (5, 2), mask 24
Fusing gate 6(1) for rank 6
c,t 11,30
Matrix Multiplication (5, 2), mask 24
Fusing gate 6(1) for rank 7
c,t 11,30
Matrix Multiplication (5, 2), mask 24
Gate 11: [11, ]
Fusing gate 0(0) for rank 4
t 11
Matrix Multiplication (5, 1), mask 8
Fusing gate 0(0) for rank 5
t 11
Matrix Multiplication (5, 1), mask 8
Fusing gate 0(0) for rank 6
t 11
Matrix Multiplication (5, 1), mask 8
Fusing gate 0(0) for rank 7
t 11
Matrix Multiplication (5, 1), mask 8
Start fusing gates...
Reset qubit group map
(12, 12) (13, 13) (14, 14) (27, 30) current Layout: [0,1,2,3,4,5,6,7,8,9,10,11,12,13,14,15,16,17,18,19,20,21,22,23,24,25,26,30,28,29,27,]
Fusing Kernel (9 gates): qubits [12, 13, 14, 30], gates fusion, qubits [12, 13, 14, 30], gates CircuitSeq {
  Q12 = h(Q12)
  [Q12, Q30] = cx(Q12, Q30)
  Q12 = h(Q12)
  Q13 = h(Q13)
  [Q13, Q30] = cx(Q13, Q30)
  Q13 = h(Q13)
  Q14 = u2(Q14, P0, P0)
  [Q14, Q30] = cx(Q14, Q30)
  Q14 = u2(Q14, P1, P1)
}

Gate 0: [12, ]
Fusing gate 0(0) for rank 4
t 12
Matrix Multiplication (4, 1), mask 1
Fusing gate 0(0) for rank 5
t 12
Matrix Multiplication (4, 1), mask 1
Fusing gate 0(0) for rank 6
t 12
Matrix Multiplication (4, 1), mask 1
Fusing gate 0(0) for rank 7
t 12
Matrix Multiplication (4, 1), mask 1
Gate 1: [12, 30, ]
Fusing gate 6(1) for rank 4
c,t 12,30
Matrix Multiplication (4, 2), mask 9
Fusing gate 6(1) for rank 5
c,t 12,30
Matrix Multiplication (4, 2), mask 9
Fusing gate 6(1) for rank 6
c,t 12,30
Matrix Multiplication (4, 2), mask 9
Fusing gate 6(1) for rank 7
c,t 12,30
Matrix Multiplication (4, 2), mask 9
Gate 2: [12, ]
Fusing gate 0(0) for rank 4
t 12
Matrix Multiplication (4, 1), mask 1
Fusing gate 0(0) for rank 5
t 12
Matrix Multiplication (4, 1), mask 1
Fusing gate 0(0) for rank 6
t 12
Matrix Multiplication (4, 1), mask 1
Fusing gate 0(0) for rank 7
t 12
Matrix Multiplication (4, 1), mask 1
Gate 3: [13, ]
Fusing gate 0(0) for rank 4
t 13
Matrix Multiplication (4, 1), mask 2
Fusing gate 0(0) for rank 5
t 13
Matrix Multiplication (4, 1), mask 2
Fusing gate 0(0) for rank 6
t 13
Matrix Multiplication (4, 1), mask 2
Fusing gate 0(0) for rank 7
t 13
Matrix Multiplication (4, 1), mask 2
Gate 4: [13, 30, ]
Fusing gate 6(1) for rank 4
c,t 13,30
Matrix Multiplication (4, 2), mask 10
Fusing gate 6(1) for rank 5
c,t 13,30
Matrix Multiplication (4, 2), mask 10
Fusing gate 6(1) for rank 6
c,t 13,30
Matrix Multiplication (4, 2), mask 10
Fusing gate 6(1) for rank 7
c,t 13,30
Matrix Multiplication (4, 2), mask 10
Gate 5: [13, ]
Fusing gate 0(0) for rank 4
t 13
Matrix Multiplication (4, 1), mask 2
Fusing gate 0(0) for rank 5
t 13
Matrix Multiplication (4, 1), mask 2
Fusing gate 0(0) for rank 6
t 13
Matrix Multiplication (4, 1), mask 2
Fusing gate 0(0) for rank 7
t 13
Matrix Multiplication (4, 1), mask 2
Gate 6: [14, ]
Fusing gate 22(0) for rank 4
t 14
Matrix Multiplication (4, 1), mask 4
Fusing gate 22(0) for rank 5
t 14
Matrix Multiplication (4, 1), mask 4
Fusing gate 22(0) for rank 6
t 14
Matrix Multiplication (4, 1), mask 4
Fusing gate 22(0) for rank 7
t 14
Matrix Multiplication (4, 1), mask 4
Gate 7: [14, 30, ]
Fusing gate 6(1) for rank 4
c,t 14,30
Matrix Multiplication (4, 2), mask 12
Fusing gate 6(1) for rank 5
c,t 14,30
Matrix Multiplication (4, 2), mask 12
Fusing gate 6(1) for rank 6
c,t 14,30
Matrix Multiplication (4, 2), mask 12
Fusing gate 6(1) for rank 7
c,t 14,30
Matrix Multiplication (4, 2), mask 12
Gate 8: [14, ]
Fusing gate 22(0) for rank 4
t 14
Matrix Multiplication (4, 1), mask 4
Fusing gate 22(0) for rank 5
t 14
Matrix Multiplication (4, 1), mask 4
Fusing gate 22(0) for rank 6
t 14
Matrix Multiplication (4, 1), mask 4
Fusing gate 22(0) for rank 7
t 14
Matrix Multiplication (4, 1), mask 4
Start fusing gates...
Reset qubit group map
(15, 15) (16, 16) (17, 17) (18, 18) (27, 30) current Layout: [0,1,2,3,4,5,6,7,8,9,10,11,12,13,14,15,16,17,18,19,20,21,22,23,24,25,26,30,28,29,27,]
Fusing Kernel (12 gates): qubits [15, 16, 17, 18, 30], gates fusion, qubits [15, 16, 17, 18, 30], gates CircuitSeq {
  Q15 = h(Q15)
  [Q15, Q30] = cx(Q15, Q30)
  Q15 = h(Q15)
  Q16 = u2(Q16, P0, P0)
  [Q16, Q30] = cx(Q16, Q30)
  Q16 = u2(Q16, P1, P1)
  Q17 = u2(Q17, P0, P0)
  [Q17, Q30] = cx(Q17, Q30)
  Q17 = u2(Q17, P1, P1)
  Q18 = u2(Q18, P0, P0)
  [Q18, Q30] = cx(Q18, Q30)
  Q18 = u2(Q18, P1, P1)
}

Gate 0: [15, ]
Fusing gate 0(0) for rank 4
t 15
Matrix Multiplication (5, 1), mask 1
Fusing gate 0(0) for rank 5
t 15
Matrix Multiplication (5, 1), mask 1
Fusing gate 0(0) for rank 6
t 15
Matrix Multiplication (5, 1), mask 1
Fusing gate 0(0) for rank 7
t 15
Matrix Multiplication (5, 1), mask 1
Gate 1: [15, 30, ]
Fusing gate 6(1) for rank 4
c,t 15,30
Matrix Multiplication (5, 2), mask 17
Fusing gate 6(1) for rank 5
c,t 15,30
Matrix Multiplication (5, 2), mask 17
Fusing gate 6(1) for rank 6
c,t 15,30
Matrix Multiplication (5, 2), mask 17
Fusing gate 6(1) for rank 7
c,t 15,30
Matrix Multiplication (5, 2), mask 17
Gate 2: [15, ]
Fusing gate 0(0) for rank 4
t 15
Matrix Multiplication (5, 1), mask 1
Fusing gate 0(0) for rank 5
t 15
Matrix Multiplication (5, 1), mask 1
Fusing gate 0(0) for rank 6
t 15
Matrix Multiplication (5, 1), mask 1
Fusing gate 0(0) for rank 7
t 15
Matrix Multiplication (5, 1), mask 1
Gate 3: [16, ]
Fusing gate 22(0) for rank 4
t 16
Matrix Multiplication (5, 1), mask 2
Fusing gate 22(0) for rank 5
t 16
Matrix Multiplication (5, 1), mask 2
Fusing gate 22(0) for rank 6
t 16
Matrix Multiplication (5, 1), mask 2
Fusing gate 22(0) for rank 7
t 16
Matrix Multiplication (5, 1), mask 2
Gate 4: [16, 30, ]
Fusing gate 6(1) for rank 4
c,t 16,30
Matrix Multiplication (5, 2), mask 18
Fusing gate 6(1) for rank 5
c,t 16,30
Matrix Multiplication (5, 2), mask 18
Fusing gate 6(1) for rank 6
c,t 16,30
Matrix Multiplication (5, 2), mask 18
Fusing gate 6(1) for rank 7
c,t 16,30
Matrix Multiplication (5, 2), mask 18
Gate 5: [16, ]
Fusing gate 22(0) for rank 4
t 16
Matrix Multiplication (5, 1), mask 2
Fusing gate 22(0) for rank 5
t 16
Matrix Multiplication (5, 1), mask 2
Fusing gate 22(0) for rank 6
t 16
Matrix Multiplication (5, 1), mask 2
Fusing gate 22(0) for rank 7
t 16
Matrix Multiplication (5, 1), mask 2
Gate 6: [17, ]
Fusing gate 22(0) for rank 4
t 17
Matrix Multiplication (5, 1), mask 4
Fusing gate 22(0) for rank 5
t 17
Matrix Multiplication (5, 1), mask 4
Fusing gate 22(0) for rank 6
t 17
Matrix Multiplication (5, 1), mask 4
Fusing gate 22(0) for rank 7
t 17
Matrix Multiplication (5, 1), mask 4
Gate 7: [17, 30, ]
Fusing gate 6(1) for rank 4
c,t 17,30
Matrix Multiplication (5, 2), mask 20
Fusing gate 6(1) for rank 5
c,t 17,30
Matrix Multiplication (5, 2), mask 20
Fusing gate 6(1) for rank 6
c,t 17,30
Matrix Multiplication (5, 2), mask 20
Fusing gate 6(1) for rank 7
c,t 17,30
Matrix Multiplication (5, 2), mask 20
Gate 8: [17, ]
Fusing gate 22(0) for rank 4
t 17
Matrix Multiplication (5, 1), mask 4
Fusing gate 22(0) for rank 5
t 17
Matrix Multiplication (5, 1), mask 4
Fusing gate 22(0) for rank 6
t 17
Matrix Multiplication (5, 1), mask 4
Fusing gate 22(0) for rank 7
t 17
Matrix Multiplication (5, 1), mask 4
Gate 9: [18, ]
Fusing gate 22(0) for rank 4
t 18
Matrix Multiplication (5, 1), mask 8
Fusing gate 22(0) for rank 5
t 18
Matrix Multiplication (5, 1), mask 8
Fusing gate 22(0) for rank 6
t 18
Matrix Multiplication (5, 1), mask 8
Fusing gate 22(0) for rank 7
t 18
Matrix Multiplication (5, 1), mask 8
Gate 10: [18, 30, ]
Fusing gate 6(1) for rank 4
c,t 18,30
Matrix Multiplication (5, 2), mask 24
Fusing gate 6(1) for rank 5
c,t 18,30
Matrix Multiplication (5, 2), mask 24
Fusing gate 6(1) for rank 6
c,t 18,30
Matrix Multiplication (5, 2), mask 24
Fusing gate 6(1) for rank 7
c,t 18,30
Matrix Multiplication (5, 2), mask 24
Gate 11: [18, ]
Fusing gate 22(0) for rank 4
t 18
Matrix Multiplication (5, 1), mask 8
Fusing gate 22(0) for rank 5
t 18
Matrix Multiplication (5, 1), mask 8
Fusing gate 22(0) for rank 6
t 18
Matrix Multiplication (5, 1), mask 8
Fusing gate 22(0) for rank 7
t 18
Matrix Multiplication (5, 1), mask 8
Start fusing gates...
Reset qubit group map
(19, 19) (20, 20) (21, 21) (22, 22) (27, 30) current Layout: [0,1,2,3,4,5,6,7,8,9,10,11,12,13,14,15,16,17,18,19,20,21,22,23,24,25,26,30,28,29,27,]
Fusing Kernel (12 gates): qubits [19, 20, 21, 22, 30], gates fusion, qubits [19, 20, 21, 22, 30], gates CircuitSeq {
  Q19 = u2(Q19, P0, P0)
  [Q19, Q30] = cx(Q19, Q30)
  Q19 = u2(Q19, P1, P1)
  Q20 = u2(Q20, P0, P0)
  [Q20, Q30] = cx(Q20, Q30)
  Q20 = u2(Q20, P1, P1)
  Q21 = h(Q21)
  [Q21, Q30] = cx(Q21, Q30)
  Q21 = h(Q21)
  Q22 = u2(Q22, P0, P0)
  [Q22, Q30] = cx(Q22, Q30)
  Q22 = u2(Q22, P1, P1)
}

Gate 0: [19, ]
Fusing gate 22(0) for rank 4
t 19
Matrix Multiplication (5, 1), mask 1
Fusing gate 22(0) for rank 5
t 19
Matrix Multiplication (5, 1), mask 1
Fusing gate 22(0) for rank 6
t 19
Matrix Multiplication (5, 1), mask 1
Fusing gate 22(0) for rank 7
t 19
Matrix Multiplication (5, 1), mask 1
Gate 1: [19, 30, ]
Fusing gate 6(1) for rank 4
c,t 19,30
Matrix Multiplication (5, 2), mask 17
Fusing gate 6(1) for rank 5
c,t 19,30
Matrix Multiplication (5, 2), mask 17
Fusing gate 6(1) for rank 6
c,t 19,30
Matrix Multiplication (5, 2), mask 17
Fusing gate 6(1) for rank 7
c,t 19,30
Matrix Multiplication (5, 2), mask 17
Gate 2: [19, ]
Fusing gate 22(0) for rank 4
t 19
Matrix Multiplication (5, 1), mask 1
Fusing gate 22(0) for rank 5
t 19
Matrix Multiplication (5, 1), mask 1
Fusing gate 22(0) for rank 6
t 19
Matrix Multiplication (5, 1), mask 1
Fusing gate 22(0) for rank 7
t 19
Matrix Multiplication (5, 1), mask 1
Gate 3: [20, ]
Fusing gate 22(0) for rank 4
t 20
Matrix Multiplication (5, 1), mask 2
Fusing gate 22(0) for rank 5
t 20
Matrix Multiplication (5, 1), mask 2
Fusing gate 22(0) for rank 6
t 20
Matrix Multiplication (5, 1), mask 2
Fusing gate 22(0) for rank 7
t 20
Matrix Multiplication (5, 1), mask 2
Gate 4: [20, 30, ]
Fusing gate 6(1) for rank 4
c,t 20,30
Matrix Multiplication (5, 2), mask 18
Fusing gate 6(1) for rank 5
c,t 20,30
Matrix Multiplication (5, 2), mask 18
Fusing gate 6(1) for rank 6
c,t 20,30
Matrix Multiplication (5, 2), mask 18
Fusing gate 6(1) for rank 7
c,t 20,30
Matrix Multiplication (5, 2), mask 18
Gate 5: [20, ]
Fusing gate 22(0) for rank 4
t 20
Matrix Multiplication (5, 1), mask 2
Fusing gate 22(0) for rank 5
t 20
Matrix Multiplication (5, 1), mask 2
Fusing gate 22(0) for rank 6
t 20
Matrix Multiplication (5, 1), mask 2
Fusing gate 22(0) for rank 7
t 20
Matrix Multiplication (5, 1), mask 2
Gate 6: [21, ]
Fusing gate 0(0) for rank 4
t 21
Matrix Multiplication (5, 1), mask 4
Fusing gate 0(0) for rank 5
t 21
Matrix Multiplication (5, 1), mask 4
Fusing gate 0(0) for rank 6
t 21
Matrix Multiplication (5, 1), mask 4
Fusing gate 0(0) for rank 7
t 21
Matrix Multiplication (5, 1), mask 4
Gate 7: [21, 30, ]
Fusing gate 6(1) for rank 4
c,t 21,30
Matrix Multiplication (5, 2), mask 20
Fusing gate 6(1) for rank 5
c,t 21,30
Matrix Multiplication (5, 2), mask 20
Fusing gate 6(1) for rank 6
c,t 21,30
Matrix Multiplication (5, 2), mask 20
Fusing gate 6(1) for rank 7
c,t 21,30
Matrix Multiplication (5, 2), mask 20
Gate 8: [21, ]
Fusing gate 0(0) for rank 4
t 21
Matrix Multiplication (5, 1), mask 4
Fusing gate 0(0) for rank 5
t 21
Matrix Multiplication (5, 1), mask 4
Fusing gate 0(0) for rank 6
t 21
Matrix Multiplication (5, 1), mask 4
Fusing gate 0(0) for rank 7
t 21
Matrix Multiplication (5, 1), mask 4
Gate 9: [22, ]
Fusing gate 22(0) for rank 4
t 22
Matrix Multiplication (5, 1), mask 8
Fusing gate 22(0) for rank 5
t 22
Matrix Multiplication (5, 1), mask 8
Fusing gate 22(0) for rank 6
t 22
Matrix Multiplication (5, 1), mask 8
Fusing gate 22(0) for rank 7
t 22
Matrix Multiplication (5, 1), mask 8
Gate 10: [22, 30, ]
Fusing gate 6(1) for rank 4
c,t 22,30
Matrix Multiplication (5, 2), mask 24
Fusing gate 6(1) for rank 5
c,t 22,30
Matrix Multiplication (5, 2), mask 24
Fusing gate 6(1) for rank 6
c,t 22,30
Matrix Multiplication (5, 2), mask 24
Fusing gate 6(1) for rank 7
c,t 22,30
Matrix Multiplication (5, 2), mask 24
Gate 11: [22, ]
Fusing gate 22(0) for rank 4
t 22
Matrix Multiplication (5, 1), mask 8
Fusing gate 22(0) for rank 5
t 22
Matrix Multiplication (5, 1), mask 8
Fusing gate 22(0) for rank 6
t 22
Matrix Multiplication (5, 1), mask 8
Fusing gate 22(0) for rank 7
t 22
Matrix Multiplication (5, 1), mask 8
Start fusing gates...
Reset qubit group map
(23, 23) (24, 24) (25, 25) (26, 26) (27, 30) current Layout: [0,1,2,3,4,5,6,7,8,9,10,11,12,13,14,15,16,17,18,19,20,21,22,23,24,25,26,30,28,29,27,]
Fusing Kernel (12 gates): qubits [23, 24, 25, 26, 30], gates fusion, qubits [23, 24, 25, 26, 30], gates CircuitSeq {
  Q23 = h(Q23)
  [Q23, Q30] = cx(Q23, Q30)
  Q23 = h(Q23)
  Q24 = h(Q24)
  [Q24, Q30] = cx(Q24, Q30)
  Q24 = h(Q24)
  Q25 = h(Q25)
  [Q25, Q30] = cx(Q25, Q30)
  Q25 = h(Q25)
  Q26 = u2(Q26, P0, P0)
  [Q26, Q30] = cx(Q26, Q30)
  Q26 = u2(Q26, P1, P1)
}

Gate 0: [23, ]
Fusing gate 0(0) for rank 4
t 23
Matrix Multiplication (5, 1), mask 1
Fusing gate 0(0) for rank 5
t 23
Matrix Multiplication (5, 1), mask 1
Fusing gate 0(0) for rank 6
t 23
Matrix Multiplication (5, 1), mask 1
Fusing gate 0(0) for rank 7
t 23
Matrix Multiplication (5, 1), mask 1
Gate 1: [23, 30, ]
Fusing gate 6(1) for rank 4
c,t 23,30
Matrix Multiplication (5, 2), mask 17
Fusing gate 6(1) for rank 5
c,t 23,30
Matrix Multiplication (5, 2), mask 17
Fusing gate 6(1) for rank 6
c,t 23,30
Matrix Multiplication (5, 2), mask 17
Fusing gate 6(1) for rank 7
c,t 23,30
Matrix Multiplication (5, 2), mask 17
Gate 2: [23, ]
Fusing gate 0(0) for rank 4
t 23
Matrix Multiplication (5, 1), mask 1
Fusing gate 0(0) for rank 5
t 23
Matrix Multiplication (5, 1), mask 1
Fusing gate 0(0) for rank 6
t 23
Matrix Multiplication (5, 1), mask 1
Fusing gate 0(0) for rank 7
t 23
Matrix Multiplication (5, 1), mask 1
Gate 3: [24, ]
Fusing gate 0(0) for rank 4
t 24
Matrix Multiplication (5, 1), mask 2
Fusing gate 0(0) for rank 5
t 24
Matrix Multiplication (5, 1), mask 2
Fusing gate 0(0) for rank 6
t 24
Matrix Multiplication (5, 1), mask 2
Fusing gate 0(0) for rank 7
t 24
Matrix Multiplication (5, 1), mask 2
Gate 4: [24, 30, ]
Fusing gate 6(1) for rank 4
c,t 24,30
Matrix Multiplication (5, 2), mask 18
Fusing gate 6(1) for rank 5
c,t 24,30
Matrix Multiplication (5, 2), mask 18
Fusing gate 6(1) for rank 6
c,t 24,30
Matrix Multiplication (5, 2), mask 18
Fusing gate 6(1) for rank 7
c,t 24,30
Matrix Multiplication (5, 2), mask 18
Gate 5: [24, ]
Fusing gate 0(0) for rank 4
t 24
Matrix Multiplication (5, 1), mask 2
Fusing gate 0(0) for rank 5
t 24
Matrix Multiplication (5, 1), mask 2
Fusing gate 0(0) for rank 6
t 24
Matrix Multiplication (5, 1), mask 2
Fusing gate 0(0) for rank 7
t 24
Matrix Multiplication (5, 1), mask 2
Gate 6: [25, ]
Fusing gate 0(0) for rank 4
t 25
Matrix Multiplication (5, 1), mask 4
Fusing gate 0(0) for rank 5
t 25
Matrix Multiplication (5, 1), mask 4
Fusing gate 0(0) for rank 6
t 25
Matrix Multiplication (5, 1), mask 4
Fusing gate 0(0) for rank 7
t 25
Matrix Multiplication (5, 1), mask 4
Gate 7: [25, 30, ]
Fusing gate 6(1) for rank 4
c,t 25,30
Matrix Multiplication (5, 2), mask 20
Fusing gate 6(1) for rank 5
c,t 25,30
Matrix Multiplication (5, 2), mask 20
Fusing gate 6(1) for rank 6
c,t 25,30
Matrix Multiplication (5, 2), mask 20
Fusing gate 6(1) for rank 7
c,t 25,30
Matrix Multiplication (5, 2), mask 20
Gate 8: [25, ]
Fusing gate 0(0) for rank 4
t 25
Matrix Multiplication (5, 1), mask 4
Fusing gate 0(0) for rank 5
t 25
Matrix Multiplication (5, 1), mask 4
Fusing gate 0(0) for rank 6
t 25
Matrix Multiplication (5, 1), mask 4
Fusing gate 0(0) for rank 7
t 25
Matrix Multiplication (5, 1), mask 4
Gate 9: [26, ]
Fusing gate 22(0) for rank 4
t 26
Matrix Multiplication (5, 1), mask 8
Fusing gate 22(0) for rank 5
t 26
Matrix Multiplication (5, 1), mask 8
Fusing gate 22(0) for rank 6
t 26
Matrix Multiplication (5, 1), mask 8
Fusing gate 22(0) for rank 7
t 26
Matrix Multiplication (5, 1), mask 8
Gate 10: [26, 30, ]
Fusing gate 6(1) for rank 4
c,t 26,30
Matrix Multiplication (5, 2), mask 24
Fusing gate 6(1) for rank 5
c,t 26,30
Matrix Multiplication (5, 2), mask 24
Fusing gate 6(1) for rank 6
c,t 26,30
Matrix Multiplication (5, 2), mask 24
Fusing gate 6(1) for rank 7
c,t 26,30
Matrix Multiplication (5, 2), mask 24
Gate 11: [26, ]
Fusing gate 22(0) for rank 4
t 26
Matrix Multiplication (5, 1), mask 8
Fusing gate 22(0) for rank 5
t 26
Matrix Multiplication (5, 1), mask 8
Fusing gate 22(0) for rank 6
t 26
Matrix Multiplication (5, 1), mask 8
Fusing gate 22(0) for rank 7
t 26
Matrix Multiplication (5, 1), mask 8
Current Layout0: [30, 25, 2, 3, 4, 5, 6, 7, 8, 9, 10, 11, 26, 13, 14, 15, 16, 17, 18, 19, 20, 21, 22, 23, 24, 28, 29, 27, 1, 12, 0, Start fusing gates...
Reset qubit group map
(0, 30) (25, 28) (26, 29) (27, 27) current Layout: [30,25,2,3,4,5,6,7,8,9,10,11,26,13,14,15,16,17,18,19,20,21,22,23,24,28,29,27,1,12,0,]
Fusing Kernel (9 gates): qubits [27, 28, 29, 30], gates fusion, qubits [27, 28, 29, 30], gates CircuitSeq {
  Q27 = h(Q27)
  [Q27, Q30] = cx(Q27, Q30)
  Q27 = h(Q27)
  Q28 = u2(Q28, P0, P0)
  [Q28, Q30] = cx(Q28, Q30)
  Q28 = u2(Q28, P1, P1)
  Q29 = u2(Q29, P0, P0)
  [Q29, Q30] = cx(Q29, Q30)
  Q29 = u2(Q29, P1, P1)
}

Gate 0: [27, ]
Fusing gate 0(0) for rank 4
t 27
Matrix Multiplication (4, 1), mask 8
Fusing gate 0(0) for rank 5
t 27
Matrix Multiplication (4, 1), mask 8
Fusing gate 0(0) for rank 6
t 27
Matrix Multiplication (4, 1), mask 8
Fusing gate 0(0) for rank 7
t 27
Matrix Multiplication (4, 1), mask 8
Gate 1: [27, 30, ]
Fusing gate 6(1) for rank 4
c,t 27,30
Matrix Multiplication (4, 2), mask 9
Fusing gate 6(1) for rank 5
c,t 27,30
Matrix Multiplication (4, 2), mask 9
Fusing gate 6(1) for rank 6
c,t 27,30
Matrix Multiplication (4, 2), mask 9
Fusing gate 6(1) for rank 7
c,t 27,30
Matrix Multiplication (4, 2), mask 9
Gate 2: [27, ]
Fusing gate 0(0) for rank 4
t 27
Matrix Multiplication (4, 1), mask 8
Fusing gate 0(0) for rank 5
t 27
Matrix Multiplication (4, 1), mask 8
Fusing gate 0(0) for rank 6
t 27
Matrix Multiplication (4, 1), mask 8
Fusing gate 0(0) for rank 7
t 27
Matrix Multiplication (4, 1), mask 8
Gate 3: [28, ]
Fusing gate 22(0) for rank 4
t 28
Matrix Multiplication (4, 1), mask 2
Fusing gate 22(0) for rank 5
t 28
Matrix Multiplication (4, 1), mask 2
Fusing gate 22(0) for rank 6
t 28
Matrix Multiplication (4, 1), mask 2
Fusing gate 22(0) for rank 7
t 28
Matrix Multiplication (4, 1), mask 2
Gate 4: [28, 30, ]
Fusing gate 6(1) for rank 4
c,t 28,30
Matrix Multiplication (4, 2), mask 3
Fusing gate 6(1) for rank 5
c,t 28,30
Matrix Multiplication (4, 2), mask 3
Fusing gate 6(1) for rank 6
c,t 28,30
Matrix Multiplication (4, 2), mask 3
Fusing gate 6(1) for rank 7
c,t 28,30
Matrix Multiplication (4, 2), mask 3
Gate 5: [28, ]
Fusing gate 22(0) for rank 4
t 28
Matrix Multiplication (4, 1), mask 2
Fusing gate 22(0) for rank 5
t 28
Matrix Multiplication (4, 1), mask 2
Fusing gate 22(0) for rank 6
t 28
Matrix Multiplication (4, 1), mask 2
Fusing gate 22(0) for rank 7
t 28
Matrix Multiplication (4, 1), mask 2
Gate 6: [29, ]
Fusing gate 22(0) for rank 4
t 29
Matrix Multiplication (4, 1), mask 4
Fusing gate 22(0) for rank 5
t 29
Matrix Multiplication (4, 1), mask 4
Fusing gate 22(0) for rank 6
t 29
Matrix Multiplication (4, 1), mask 4
Fusing gate 22(0) for rank 7
t 29
Matrix Multiplication (4, 1), mask 4
Gate 7: [29, 30, ]
Fusing gate 6(1) for rank 4
c,t 29,30
Matrix Multiplication (4, 2), mask 5
Fusing gate 6(1) for rank 5
c,t 29,30
Matrix Multiplication (4, 2), mask 5
Fusing gate 6(1) for rank 6
c,t 29,30
Matrix Multiplication (4, 2), mask 5
Fusing gate 6(1) for rank 7
c,t 29,30
Matrix Multiplication (4, 2), mask 5
Gate 8: [29, ]
Fusing gate 22(0) for rank 4
t 29
Matrix Multiplication (4, 1), mask 4
Fusing gate 22(0) for rank 5
t 29
Matrix Multiplication (4, 1), mask 4
Fusing gate 22(0) for rank 6
t 29
Matrix Multiplication (4, 1), mask 4
Fusing gate 22(0) for rank 7
t 29
Matrix Multiplication (4, 1), mask 4
Compilation Done! 
Num Shuffles: 1
Num FUSION Kernel: 8
Num SHM Kernel: 0
Start Simulating...
Computed and cached schedule in 4.272 seconds.
Current Layout0: [0, 1, 2, 3, 4, 5, 6, 7, 8, 9, 10, 11, 12, 13, 14, 15, 16, 17, 18, 19, 20, 21, 22, 23, 24, 25, 26, 30, 28, 29, 27, Start fusing gates...
Reset qubit group map
(0, 0) (1, 1) (2, 2) (3, 3) (27, 30) current Layout: [0,1,2,3,4,5,6,7,8,9,10,11,12,13,14,15,16,17,18,19,20,21,22,23,24,25,26,30,28,29,27,]
Fusing Kernel (13 gates): qubits [0, 1, 2, 3, 30], gates fusion, qubits [0, 1, 2, 3, 30], gates CircuitSeq {
  Q30 = u2(Q30, P1, P1)
  Q0 = h(Q0)
  [Q0, Q30] = cx(Q0, Q30)
  Q0 = h(Q0)
  Q1 = h(Q1)
  [Q1, Q30] = cx(Q1, Q30)
  Q1 = h(Q1)
  Q2 = u2(Q2, P0, P0)
  [Q2, Q30] = cx(Q2, Q30)
  Q2 = u2(Q2, P1, P1)
  Q3 = u2(Q3, P0, P0)
  [Q3, Q30] = cx(Q3, Q30)
  Q3 = u2(Q3, P1, P1)
}

Gate 0: [30, ]
Fusing gate 22(0) for rank 0
t 30
Matrix Multiplication (5, 1), mask 16
Fusing gate 22(0) for rank 1
t 30
Matrix Multiplication (5, 1), mask 16
Fusing gate 22(0) for rank 2
t 30
Matrix Multiplication (5, 1), mask 16
Fusing gate 22(0) for rank 3
t 30
Matrix Multiplication (5, 1), mask 16
Gate 1: [0, ]
Fusing gate 0(0) for rank 0
t 0
Matrix Multiplication (5, 1), mask 1
Fusing gate 0(0) for rank 1
t 0
Matrix Multiplication (5, 1), mask 1
Fusing gate 0(0) for rank 2
t 0
Matrix Multiplication (5, 1), mask 1
Fusing gate 0(0) for rank 3
t 0
Matrix Multiplication (5, 1), mask 1
Gate 2: [0, 30, ]
Fusing gate 6(1) for rank 0
c,t 0,30
Matrix Multiplication (5, 2), mask 17
Fusing gate 6(1) for rank 1
c,t 0,30
Matrix Multiplication (5, 2), mask 17
Fusing gate 6(1) for rank 2
c,t 0,30
Matrix Multiplication (5, 2), mask 17
Fusing gate 6(1) for rank 3
c,t 0,30
Matrix Multiplication (5, 2), mask 17
Gate 3: [0, ]
Fusing gate 0(0) for rank 0
t 0
Matrix Multiplication (5, 1), mask 1
Fusing gate 0(0) for rank 1
t 0
Matrix Multiplication (5, 1), mask 1
Fusing gate 0(0) for rank 2
t 0
Matrix Multiplication (5, 1), mask 1
Fusing gate 0(0) for rank 3
t 0
Matrix Multiplication (5, 1), mask 1
Gate 4: [1, ]
Fusing gate 0(0) for rank 0
t 1
Matrix Multiplication (5, 1), mask 2
Fusing gate 0(0) for rank 1
t 1
Matrix Multiplication (5, 1), mask 2
Fusing gate 0(0) for rank 2
t 1
Matrix Multiplication (5, 1), mask 2
Fusing gate 0(0) for rank 3
t 1
Matrix Multiplication (5, 1), mask 2
Gate 5: [1, 30, ]
Fusing gate 6(1) for rank 0
c,t 1,30
Matrix Multiplication (5, 2), mask 18
Fusing gate 6(1) for rank 1
c,t 1,30
Matrix Multiplication (5, 2), mask 18
Fusing gate 6(1) for rank 2
c,t 1,30
Matrix Multiplication (5, 2), mask 18
Fusing gate 6(1) for rank 3
c,t 1,30
Matrix Multiplication (5, 2), mask 18
Gate 6: [1, ]
Fusing gate 0(0) for rank 0
t 1
Matrix Multiplication (5, 1), mask 2
Fusing gate 0(0) for rank 1
t 1
Matrix Multiplication (5, 1), mask 2
Fusing gate 0(0) for rank 2
t 1
Matrix Multiplication (5, 1), mask 2
Fusing gate 0(0) for rank 3
t 1
Matrix Multiplication (5, 1), mask 2
Gate 7: [2, ]
Fusing gate 22(0) for rank 0
t 2
Matrix Multiplication (5, 1), mask 4
Fusing gate 22(0) for rank 1
t 2
Matrix Multiplication (5, 1), mask 4
Fusing gate 22(0) for rank 2
t 2
Matrix Multiplication (5, 1), mask 4
Fusing gate 22(0) for rank 3
t 2
Matrix Multiplication (5, 1), mask 4
Gate 8: [2, 30, ]
Fusing gate 6(1) for rank 0
c,t 2,30
Matrix Multiplication (5, 2), mask 20
Fusing gate 6(1) for rank 1
c,t 2,30
Matrix Multiplication (5, 2), mask 20
Fusing gate 6(1) for rank 2
c,t 2,30
Matrix Multiplication (5, 2), mask 20
Fusing gate 6(1) for rank 3
c,t 2,30
Matrix Multiplication (5, 2), mask 20
Gate 9: [2, ]
Fusing gate 22(0) for rank 0
t 2
Matrix Multiplication (5, 1), mask 4
Fusing gate 22(0) for rank 1
t 2
Matrix Multiplication (5, 1), mask 4
Fusing gate 22(0) for rank 2
t 2
Matrix Multiplication (5, 1), mask 4
Fusing gate 22(0) for rank 3
t 2
Matrix Multiplication (5, 1), mask 4
Gate 10: [3, ]
Fusing gate 22(0) for rank 0
t 3
Matrix Multiplication (5, 1), mask 8
Fusing gate 22(0) for rank 1
t 3
Matrix Multiplication (5, 1), mask 8
Fusing gate 22(0) for rank 2
t 3
Matrix Multiplication (5, 1), mask 8
Fusing gate 22(0) for rank 3
t 3
Matrix Multiplication (5, 1), mask 8
Gate 11: [3, 30, ]
Fusing gate 6(1) for rank 0
c,t 3,30
Matrix Multiplication (5, 2), mask 24
Fusing gate 6(1) for rank 1
c,t 3,30
Matrix Multiplication (5, 2), mask 24
Fusing gate 6(1) for rank 2
c,t 3,30
Matrix Multiplication (5, 2), mask 24
Fusing gate 6(1) for rank 3
c,t 3,30
Matrix Multiplication (5, 2), mask 24
Gate 12: [3, ]
Fusing gate 22(0) for rank 0
t 3
Matrix Multiplication (5, 1), mask 8
Fusing gate 22(0) for rank 1
t 3
Matrix Multiplication (5, 1), mask 8
Fusing gate 22(0) for rank 2
t 3
Matrix Multiplication (5, 1), mask 8
Fusing gate 22(0) for rank 3
t 3
Matrix Multiplication (5, 1), mask 8
Start fusing gates...
Reset qubit group map
(4, 4) (5, 5) (6, 6) (7, 7) (27, 30) current Layout: [0,1,2,3,4,5,6,7,8,9,10,11,12,13,14,15,16,17,18,19,20,21,22,23,24,25,26,30,28,29,27,]
Fusing Kernel (12 gates): qubits [4, 5, 6, 7, 30], gates fusion, qubits [4, 5, 6, 7, 30], gates CircuitSeq {
  Q4 = u2(Q4, P0, P0)
  [Q4, Q30] = cx(Q4, Q30)
  Q4 = u2(Q4, P1, P1)
  Q5 = u2(Q5, P0, P0)
  [Q5, Q30] = cx(Q5, Q30)
  Q5 = u2(Q5, P1, P1)
  Q6 = u2(Q6, P0, P0)
  [Q6, Q30] = cx(Q6, Q30)
  Q6 = u2(Q6, P1, P1)
  Q7 = u2(Q7, P0, P0)
  [Q7, Q30] = cx(Q7, Q30)
  Q7 = u2(Q7, P1, P1)
}

Gate 0: [4, ]
Fusing gate 22(0) for rank 0
t 4
Matrix Multiplication (5, 1), mask 1
Fusing gate 22(0) for rank 1
t 4
Matrix Multiplication (5, 1), mask 1
Fusing gate 22(0) for rank 2
t 4
Matrix Multiplication (5, 1), mask 1
Fusing gate 22(0) for rank 3
t 4
Matrix Multiplication (5, 1), mask 1
Gate 1: [4, 30, ]
Fusing gate 6(1) for rank 0
c,t 4,30
Matrix Multiplication (5, 2), mask 17
Fusing gate 6(1) for rank 1
c,t 4,30
Matrix Multiplication (5, 2), mask 17
Fusing gate 6(1) for rank 2
c,t 4,30
Matrix Multiplication (5, 2), mask 17
Fusing gate 6(1) for rank 3
c,t 4,30
Matrix Multiplication (5, 2), mask 17
Gate 2: [4, ]
Fusing gate 22(0) for rank 0
t 4
Matrix Multiplication (5, 1), mask 1
Fusing gate 22(0) for rank 1
t 4
Matrix Multiplication (5, 1), mask 1
Fusing gate 22(0) for rank 2
t 4
Matrix Multiplication (5, 1), mask 1
Fusing gate 22(0) for rank 3
t 4
Matrix Multiplication (5, 1), mask 1
Gate 3: [5, ]
Fusing gate 22(0) for rank 0
t 5
Matrix Multiplication (5, 1), mask 2
Fusing gate 22(0) for rank 1
t 5
Matrix Multiplication (5, 1), mask 2
Fusing gate 22(0) for rank 2
t 5
Matrix Multiplication (5, 1), mask 2
Fusing gate 22(0) for rank 3
t 5
Matrix Multiplication (5, 1), mask 2
Gate 4: [5, 30, ]
Fusing gate 6(1) for rank 0
c,t 5,30
Matrix Multiplication (5, 2), mask 18
Fusing gate 6(1) for rank 1
c,t 5,30
Matrix Multiplication (5, 2), mask 18
Fusing gate 6(1) for rank 2
c,t 5,30
Matrix Multiplication (5, 2), mask 18
Fusing gate 6(1) for rank 3
c,t 5,30
Matrix Multiplication (5, 2), mask 18
Gate 5: [5, ]
Fusing gate 22(0) for rank 0
t 5
Matrix Multiplication (5, 1), mask 2
Fusing gate 22(0) for rank 1
t 5
Matrix Multiplication (5, 1), mask 2
Fusing gate 22(0) for rank 2
t 5
Matrix Multiplication (5, 1), mask 2
Fusing gate 22(0) for rank 3
t 5
Matrix Multiplication (5, 1), mask 2
Gate 6: [6, ]
Fusing gate 22(0) for rank 0
t 6
Matrix Multiplication (5, 1), mask 4
Fusing gate 22(0) for rank 1
t 6
Matrix Multiplication (5, 1), mask 4
Fusing gate 22(0) for rank 2
t 6
Matrix Multiplication (5, 1), mask 4
Fusing gate 22(0) for rank 3
t 6
Matrix Multiplication (5, 1), mask 4
Gate 7: [6, 30, ]
Fusing gate 6(1) for rank 0
c,t 6,30
Matrix Multiplication (5, 2), mask 20
Fusing gate 6(1) for rank 1
c,t 6,30
Matrix Multiplication (5, 2), mask 20
Fusing gate 6(1) for rank 2
c,t 6,30
Matrix Multiplication (5, 2), mask 20
Fusing gate 6(1) for rank 3
c,t 6,30
Matrix Multiplication (5, 2), mask 20
Gate 8: [6, ]
Fusing gate 22(0) for rank 0
t 6
Matrix Multiplication (5, 1), mask 4
Fusing gate 22(0) for rank 1
t 6
Matrix Multiplication (5, 1), mask 4
Fusing gate 22(0) for rank 2
t 6
Matrix Multiplication (5, 1), mask 4
Fusing gate 22(0) for rank 3
t 6
Matrix Multiplication (5, 1), mask 4
Gate 9: [7, ]
Fusing gate 22(0) for rank 0
t 7
Matrix Multiplication (5, 1), mask 8
Fusing gate 22(0) for rank 1
t 7
Matrix Multiplication (5, 1), mask 8
Fusing gate 22(0) for rank 2
t 7
Matrix Multiplication (5, 1), mask 8
Fusing gate 22(0) for rank 3
t 7
Matrix Multiplication (5, 1), mask 8
Gate 10: [7, 30, ]
Fusing gate 6(1) for rank 0
c,t 7,30
Matrix Multiplication (5, 2), mask 24
Fusing gate 6(1) for rank 1
c,t 7,30
Matrix Multiplication (5, 2), mask 24
Fusing gate 6(1) for rank 2
c,t 7,30
Matrix Multiplication (5, 2), mask 24
Fusing gate 6(1) for rank 3
c,t 7,30
Matrix Multiplication (5, 2), mask 24
Gate 11: [7, ]
Fusing gate 22(0) for rank 0
t 7
Matrix Multiplication (5, 1), mask 8
Fusing gate 22(0) for rank 1
t 7
Matrix Multiplication (5, 1), mask 8
Fusing gate 22(0) for rank 2
t 7
Matrix Multiplication (5, 1), mask 8
Fusing gate 22(0) for rank 3
t 7
Matrix Multiplication (5, 1), mask 8
Start fusing gates...
Reset qubit group map
(8, 8) (9, 9) (10, 10) (11, 11) (27, 30) current Layout: [0,1,2,3,4,5,6,7,8,9,10,11,12,13,14,15,16,17,18,19,20,21,22,23,24,25,26,30,28,29,27,]
Fusing Kernel (12 gates): qubits [8, 9, 10, 11, 30], gates fusion, qubits [8, 9, 10, 11, 30], gates CircuitSeq {
  Q8 = h(Q8)
  [Q8, Q30] = cx(Q8, Q30)
  Q8 = h(Q8)
  Q9 = u2(Q9, P0, P0)
  [Q9, Q30] = cx(Q9, Q30)
  Q9 = u2(Q9, P1, P1)
  Q10 = u2(Q10, P0, P0)
  [Q10, Q30] = cx(Q10, Q30)
  Q10 = u2(Q10, P1, P1)
  Q11 = h(Q11)
  [Q11, Q30] = cx(Q11, Q30)
  Q11 = h(Q11)
}

Gate 0: [8, ]
Fusing gate 0(0) for rank 0
t 8
Matrix Multiplication (5, 1), mask 1
Fusing gate 0(0) for rank 1
t 8
Matrix Multiplication (5, 1), mask 1
Fusing gate 0(0) for rank 2
t 8
Matrix Multiplication (5, 1), mask 1
Fusing gate 0(0) for rank 3
t 8
Matrix Multiplication (5, 1), mask 1
Gate 1: [8, 30, ]
Fusing gate 6(1) for rank 0
c,t 8,30
Matrix Multiplication (5, 2), mask 17
Fusing gate 6(1) for rank 1
c,t 8,30
Matrix Multiplication (5, 2), mask 17
Fusing gate 6(1) for rank 2
c,t 8,30
Matrix Multiplication (5, 2), mask 17
Fusing gate 6(1) for rank 3
c,t 8,30
Matrix Multiplication (5, 2), mask 17
Gate 2: [8, ]
Fusing gate 0(0) for rank 0
t 8
Matrix Multiplication (5, 1), mask 1
Fusing gate 0(0) for rank 1
t 8
Matrix Multiplication (5, 1), mask 1
Fusing gate 0(0) for rank 2
t 8
Matrix Multiplication (5, 1), mask 1
Fusing gate 0(0) for rank 3
t 8
Matrix Multiplication (5, 1), mask 1
Gate 3: [9, ]
Fusing gate 22(0) for rank 0
t 9
Matrix Multiplication (5, 1), mask 2
Fusing gate 22(0) for rank 1
t 9
Matrix Multiplication (5, 1), mask 2
Fusing gate 22(0) for rank 2
t 9
Matrix Multiplication (5, 1), mask 2
Fusing gate 22(0) for rank 3
t 9
Matrix Multiplication (5, 1), mask 2
Gate 4: [9, 30, ]
Fusing gate 6(1) for rank 0
c,t 9,30
Matrix Multiplication (5, 2), mask 18
Fusing gate 6(1) for rank 1
c,t 9,30
Matrix Multiplication (5, 2), mask 18
Fusing gate 6(1) for rank 2
c,t 9,30
Matrix Multiplication (5, 2), mask 18
Fusing gate 6(1) for rank 3
c,t 9,30
Matrix Multiplication (5, 2), mask 18
Gate 5: [9, ]
Fusing gate 22(0) for rank 0
t 9
Matrix Multiplication (5, 1), mask 2
Fusing gate 22(0) for rank 1
t 9
Matrix Multiplication (5, 1), mask 2
Fusing gate 22(0) for rank 2
t 9
Matrix Multiplication (5, 1), mask 2
Fusing gate 22(0) for rank 3
t 9
Matrix Multiplication (5, 1), mask 2
Gate 6: [10, ]
Fusing gate 22(0) for rank 0
t 10
Matrix Multiplication (5, 1), mask 4
Fusing gate 22(0) for rank 1
t 10
Matrix Multiplication (5, 1), mask 4
Fusing gate 22(0) for rank 2
t 10
Matrix Multiplication (5, 1), mask 4
Fusing gate 22(0) for rank 3
t 10
Matrix Multiplication (5, 1), mask 4
Gate 7: [10, 30, ]
Fusing gate 6(1) for rank 0
c,t 10,30
Matrix Multiplication (5, 2), mask 20
Fusing gate 6(1) for rank 1
c,t 10,30
Matrix Multiplication (5, 2), mask 20
Fusing gate 6(1) for rank 2
c,t 10,30
Matrix Multiplication (5, 2), mask 20
Fusing gate 6(1) for rank 3
c,t 10,30
Matrix Multiplication (5, 2), mask 20
Gate 8: [10, ]
Fusing gate 22(0) for rank 0
t 10
Matrix Multiplication (5, 1), mask 4
Fusing gate 22(0) for rank 1
t 10
Matrix Multiplication (5, 1), mask 4
Fusing gate 22(0) for rank 2
t 10
Matrix Multiplication (5, 1), mask 4
Fusing gate 22(0) for rank 3
t 10
Matrix Multiplication (5, 1), mask 4
Gate 9: [11, ]
Fusing gate 0(0) for rank 0
t 11
Matrix Multiplication (5, 1), mask 8
Fusing gate 0(0) for rank 1
t 11
Matrix Multiplication (5, 1), mask 8
Fusing gate 0(0) for rank 2
t 11
Matrix Multiplication (5, 1), mask 8
Fusing gate 0(0) for rank 3
t 11
Matrix Multiplication (5, 1), mask 8
Gate 10: [11, 30, ]
Fusing gate 6(1) for rank 0
c,t 11,30
Matrix Multiplication (5, 2), mask 24
Fusing gate 6(1) for rank 1
c,t 11,30
Matrix Multiplication (5, 2), mask 24
Fusing gate 6(1) for rank 2
c,t 11,30
Matrix Multiplication (5, 2), mask 24
Fusing gate 6(1) for rank 3
c,t 11,30
Matrix Multiplication (5, 2), mask 24
Gate 11: [11, ]
Fusing gate 0(0) for rank 0
t 11
Matrix Multiplication (5, 1), mask 8
Fusing gate 0(0) for rank 1
t 11
Matrix Multiplication (5, 1), mask 8
Fusing gate 0(0) for rank 2
t 11
Matrix Multiplication (5, 1), mask 8
Fusing gate 0(0) for rank 3
t 11
Matrix Multiplication (5, 1), mask 8
Start fusing gates...
Reset qubit group map
(12, 12) (13, 13) (14, 14) (27, 30) current Layout: [0,1,2,3,4,5,6,7,8,9,10,11,12,13,14,15,16,17,18,19,20,21,22,23,24,25,26,30,28,29,27,]
Fusing Kernel (9 gates): qubits [12, 13, 14, 30], gates fusion, qubits [12, 13, 14, 30], gates CircuitSeq {
  Q12 = h(Q12)
  [Q12, Q30] = cx(Q12, Q30)
  Q12 = h(Q12)
  Q13 = h(Q13)
  [Q13, Q30] = cx(Q13, Q30)
  Q13 = h(Q13)
  Q14 = u2(Q14, P0, P0)
  [Q14, Q30] = cx(Q14, Q30)
  Q14 = u2(Q14, P1, P1)
}

Gate 0: [12, ]
Fusing gate 0(0) for rank 0
t 12
Matrix Multiplication (4, 1), mask 1
Fusing gate 0(0) for rank 1
t 12
Matrix Multiplication (4, 1), mask 1
Fusing gate 0(0) for rank 2
t 12
Matrix Multiplication (4, 1), mask 1
Fusing gate 0(0) for rank 3
t 12
Matrix Multiplication (4, 1), mask 1
Gate 1: [12, 30, ]
Fusing gate 6(1) for rank 0
c,t 12,30
Matrix Multiplication (4, 2), mask 9
Fusing gate 6(1) for rank 1
c,t 12,30
Matrix Multiplication (4, 2), mask 9
Fusing gate 6(1) for rank 2
c,t 12,30
Matrix Multiplication (4, 2), mask 9
Fusing gate 6(1) for rank 3
c,t 12,30
Matrix Multiplication (4, 2), mask 9
Gate 2: [12, ]
Fusing gate 0(0) for rank 0
t 12
Matrix Multiplication (4, 1), mask 1
Fusing gate 0(0) for rank 1
t 12
Matrix Multiplication (4, 1), mask 1
Fusing gate 0(0) for rank 2
t 12
Matrix Multiplication (4, 1), mask 1
Fusing gate 0(0) for rank 3
t 12
Matrix Multiplication (4, 1), mask 1
Gate 3: [13, ]
Fusing gate 0(0) for rank 0
t 13
Matrix Multiplication (4, 1), mask 2
Fusing gate 0(0) for rank 1
t 13
Matrix Multiplication (4, 1), mask 2
Fusing gate 0(0) for rank 2
t 13
Matrix Multiplication (4, 1), mask 2
Fusing gate 0(0) for rank 3
t 13
Matrix Multiplication (4, 1), mask 2
Gate 4: [13, 30, ]
Fusing gate 6(1) for rank 0
c,t 13,30
Matrix Multiplication (4, 2), mask 10
Fusing gate 6(1) for rank 1
c,t 13,30
Matrix Multiplication (4, 2), mask 10
Fusing gate 6(1) for rank 2
c,t 13,30
Matrix Multiplication (4, 2), mask 10
Fusing gate 6(1) for rank 3
c,t 13,30
Matrix Multiplication (4, 2), mask 10
Gate 5: [13, ]
Fusing gate 0(0) for rank 0
t 13
Matrix Multiplication (4, 1), mask 2
Fusing gate 0(0) for rank 1
t 13
Matrix Multiplication (4, 1), mask 2
Fusing gate 0(0) for rank 2
t 13
Matrix Multiplication (4, 1), mask 2
Fusing gate 0(0) for rank 3
t 13
Matrix Multiplication (4, 1), mask 2
Gate 6: [14, ]
Fusing gate 22(0) for rank 0
t 14
Matrix Multiplication (4, 1), mask 4
Fusing gate 22(0) for rank 1
t 14
Matrix Multiplication (4, 1), mask 4
Fusing gate 22(0) for rank 2
t 14
Matrix Multiplication (4, 1), mask 4
Fusing gate 22(0) for rank 3
t 14
Matrix Multiplication (4, 1), mask 4
Gate 7: [14, 30, ]
Fusing gate 6(1) for rank 0
c,t 14,30
Matrix Multiplication (4, 2), mask 12
Fusing gate 6(1) for rank 1
c,t 14,30
Matrix Multiplication (4, 2), mask 12
Fusing gate 6(1) for rank 2
c,t 14,30
Matrix Multiplication (4, 2), mask 12
Fusing gate 6(1) for rank 3
c,t 14,30
Matrix Multiplication (4, 2), mask 12
Gate 8: [14, ]
Fusing gate 22(0) for rank 0
t 14
Matrix Multiplication (4, 1), mask 4
Fusing gate 22(0) for rank 1
t 14
Matrix Multiplication (4, 1), mask 4
Fusing gate 22(0) for rank 2
t 14
Matrix Multiplication (4, 1), mask 4
Fusing gate 22(0) for rank 3
t 14
Matrix Multiplication (4, 1), mask 4
Start fusing gates...
Reset qubit group map
(15, 15) (16, 16) (17, 17) (18, 18) (27, 30) current Layout: [0,1,2,3,4,5,6,7,8,9,10,11,12,13,14,15,16,17,18,19,20,21,22,23,24,25,26,30,28,29,27,]
Fusing Kernel (12 gates): qubits [15, 16, 17, 18, 30], gates fusion, qubits [15, 16, 17, 18, 30], gates CircuitSeq {
  Q15 = h(Q15)
  [Q15, Q30] = cx(Q15, Q30)
  Q15 = h(Q15)
  Q16 = u2(Q16, P0, P0)
  [Q16, Q30] = cx(Q16, Q30)
  Q16 = u2(Q16, P1, P1)
  Q17 = u2(Q17, P0, P0)
  [Q17, Q30] = cx(Q17, Q30)
  Q17 = u2(Q17, P1, P1)
  Q18 = u2(Q18, P0, P0)
  [Q18, Q30] = cx(Q18, Q30)
  Q18 = u2(Q18, P1, P1)
}

Gate 0: [15, ]
Fusing gate 0(0) for rank 0
t 15
Matrix Multiplication (5, 1), mask 1
Fusing gate 0(0) for rank 1
t 15
Matrix Multiplication (5, 1), mask 1
Fusing gate 0(0) for rank 2
t 15
Matrix Multiplication (5, 1), mask 1
Fusing gate 0(0) for rank 3
t 15
Matrix Multiplication (5, 1), mask 1
Gate 1: [15, 30, ]
Fusing gate 6(1) for rank 0
c,t 15,30
Matrix Multiplication (5, 2), mask 17
Fusing gate 6(1) for rank 1
c,t 15,30
Matrix Multiplication (5, 2), mask 17
Fusing gate 6(1) for rank 2
c,t 15,30
Matrix Multiplication (5, 2), mask 17
Fusing gate 6(1) for rank 3
c,t 15,30
Matrix Multiplication (5, 2), mask 17
Gate 2: [15, ]
Fusing gate 0(0) for rank 0
t 15
Matrix Multiplication (5, 1), mask 1
Fusing gate 0(0) for rank 1
t 15
Matrix Multiplication (5, 1), mask 1
Fusing gate 0(0) for rank 2
t 15
Matrix Multiplication (5, 1), mask 1
Fusing gate 0(0) for rank 3
t 15
Matrix Multiplication (5, 1), mask 1
Gate 3: [16, ]
Fusing gate 22(0) for rank 0
t 16
Matrix Multiplication (5, 1), mask 2
Fusing gate 22(0) for rank 1
t 16
Matrix Multiplication (5, 1), mask 2
Fusing gate 22(0) for rank 2
t 16
Matrix Multiplication (5, 1), mask 2
Fusing gate 22(0) for rank 3
t 16
Matrix Multiplication (5, 1), mask 2
Gate 4: [16, 30, ]
Fusing gate 6(1) for rank 0
c,t 16,30
Matrix Multiplication (5, 2), mask 18
Fusing gate 6(1) for rank 1
c,t 16,30
Matrix Multiplication (5, 2), mask 18
Fusing gate 6(1) for rank 2
c,t 16,30
Matrix Multiplication (5, 2), mask 18
Fusing gate 6(1) for rank 3
c,t 16,30
Matrix Multiplication (5, 2), mask 18
Gate 5: [16, ]
Fusing gate 22(0) for rank 0
t 16
Matrix Multiplication (5, 1), mask 2
Fusing gate 22(0) for rank 1
t 16
Matrix Multiplication (5, 1), mask 2
Fusing gate 22(0) for rank 2
t 16
Matrix Multiplication (5, 1), mask 2
Fusing gate 22(0) for rank 3
t 16
Matrix Multiplication (5, 1), mask 2
Gate 6: [17, ]
Fusing gate 22(0) for rank 0
t 17
Matrix Multiplication (5, 1), mask 4
Fusing gate 22(0) for rank 1
t 17
Matrix Multiplication (5, 1), mask 4
Fusing gate 22(0) for rank 2
t 17
Matrix Multiplication (5, 1), mask 4
Fusing gate 22(0) for rank 3
t 17
Matrix Multiplication (5, 1), mask 4
Gate 7: [17, 30, ]
Fusing gate 6(1) for rank 0
c,t 17,30
Matrix Multiplication (5, 2), mask 20
Fusing gate 6(1) for rank 1
c,t 17,30
Matrix Multiplication (5, 2), mask 20
Fusing gate 6(1) for rank 2
c,t 17,30
Matrix Multiplication (5, 2), mask 20
Fusing gate 6(1) for rank 3
c,t 17,30
Matrix Multiplication (5, 2), mask 20
Gate 8: [17, ]
Fusing gate 22(0) for rank 0
t 17
Matrix Multiplication (5, 1), mask 4
Fusing gate 22(0) for rank 1
t 17
Matrix Multiplication (5, 1), mask 4
Fusing gate 22(0) for rank 2
t 17
Matrix Multiplication (5, 1), mask 4
Fusing gate 22(0) for rank 3
t 17
Matrix Multiplication (5, 1), mask 4
Gate 9: [18, ]
Fusing gate 22(0) for rank 0
t 18
Matrix Multiplication (5, 1), mask 8
Fusing gate 22(0) for rank 1
t 18
Matrix Multiplication (5, 1), mask 8
Fusing gate 22(0) for rank 2
t 18
Matrix Multiplication (5, 1), mask 8
Fusing gate 22(0) for rank 3
t 18
Matrix Multiplication (5, 1), mask 8
Gate 10: [18, 30, ]
Fusing gate 6(1) for rank 0
c,t 18,30
Matrix Multiplication (5, 2), mask 24
Fusing gate 6(1) for rank 1
c,t 18,30
Matrix Multiplication (5, 2), mask 24
Fusing gate 6(1) for rank 2
c,t 18,30
Matrix Multiplication (5, 2), mask 24
Fusing gate 6(1) for rank 3
c,t 18,30
Matrix Multiplication (5, 2), mask 24
Gate 11: [18, ]
Fusing gate 22(0) for rank 0
t 18
Matrix Multiplication (5, 1), mask 8
Fusing gate 22(0) for rank 1
t 18
Matrix Multiplication (5, 1), mask 8
Fusing gate 22(0) for rank 2
t 18
Matrix Multiplication (5, 1), mask 8
Fusing gate 22(0) for rank 3
t 18
Matrix Multiplication (5, 1), mask 8
Start fusing gates...
Reset qubit group map
(19, 19) (20, 20) (21, 21) (22, 22) (27, 30) current Layout: [0,1,2,3,4,5,6,7,8,9,10,11,12,13,14,15,16,17,18,19,20,21,22,23,24,25,26,30,28,29,27,]
Fusing Kernel (12 gates): qubits [19, 20, 21, 22, 30], gates fusion, qubits [19, 20, 21, 22, 30], gates CircuitSeq {
  Q19 = u2(Q19, P0, P0)
  [Q19, Q30] = cx(Q19, Q30)
  Q19 = u2(Q19, P1, P1)
  Q20 = u2(Q20, P0, P0)
  [Q20, Q30] = cx(Q20, Q30)
  Q20 = u2(Q20, P1, P1)
  Q21 = h(Q21)
  [Q21, Q30] = cx(Q21, Q30)
  Q21 = h(Q21)
  Q22 = u2(Q22, P0, P0)
  [Q22, Q30] = cx(Q22, Q30)
  Q22 = u2(Q22, P1, P1)
}

Gate 0: [19, ]
Fusing gate 22(0) for rank 0
t 19
Matrix Multiplication (5, 1), mask 1
Fusing gate 22(0) for rank 1
t 19
Matrix Multiplication (5, 1), mask 1
Fusing gate 22(0) for rank 2
t 19
Matrix Multiplication (5, 1), mask 1
Fusing gate 22(0) for rank 3
t 19
Matrix Multiplication (5, 1), mask 1
Gate 1: [19, 30, ]
Fusing gate 6(1) for rank 0
c,t 19,30
Matrix Multiplication (5, 2), mask 17
Fusing gate 6(1) for rank 1
c,t 19,30
Matrix Multiplication (5, 2), mask 17
Fusing gate 6(1) for rank 2
c,t 19,30
Matrix Multiplication (5, 2), mask 17
Fusing gate 6(1) for rank 3
c,t 19,30
Matrix Multiplication (5, 2), mask 17
Gate 2: [19, ]
Fusing gate 22(0) for rank 0
t 19
Matrix Multiplication (5, 1), mask 1
Fusing gate 22(0) for rank 1
t 19
Matrix Multiplication (5, 1), mask 1
Fusing gate 22(0) for rank 2
t 19
Matrix Multiplication (5, 1), mask 1
Fusing gate 22(0) for rank 3
t 19
Matrix Multiplication (5, 1), mask 1
Gate 3: [20, ]
Fusing gate 22(0) for rank 0
t 20
Matrix Multiplication (5, 1), mask 2
Fusing gate 22(0) for rank 1
t 20
Matrix Multiplication (5, 1), mask 2
Fusing gate 22(0) for rank 2
t 20
Matrix Multiplication (5, 1), mask 2
Fusing gate 22(0) for rank 3
t 20
Matrix Multiplication (5, 1), mask 2
Gate 4: [20, 30, ]
Fusing gate 6(1) for rank 0
c,t 20,30
Matrix Multiplication (5, 2), mask 18
Fusing gate 6(1) for rank 1
c,t 20,30
Matrix Multiplication (5, 2), mask 18
Fusing gate 6(1) for rank 2
c,t 20,30
Matrix Multiplication (5, 2), mask 18
Fusing gate 6(1) for rank 3
c,t 20,30
Matrix Multiplication (5, 2), mask 18
Gate 5: [20, ]
Fusing gate 22(0) for rank 0
t 20
Matrix Multiplication (5, 1), mask 2
Fusing gate 22(0) for rank 1
t 20
Matrix Multiplication (5, 1), mask 2
Fusing gate 22(0) for rank 2
t 20
Matrix Multiplication (5, 1), mask 2
Fusing gate 22(0) for rank 3
t 20
Matrix Multiplication (5, 1), mask 2
Gate 6: [21, ]
Fusing gate 0(0) for rank 0
t 21
Matrix Multiplication (5, 1), mask 4
Fusing gate 0(0) for rank 1
t 21
Matrix Multiplication (5, 1), mask 4
Fusing gate 0(0) for rank 2
t 21
Matrix Multiplication (5, 1), mask 4
Fusing gate 0(0) for rank 3
t 21
Matrix Multiplication (5, 1), mask 4
Gate 7: [21, 30, ]
Fusing gate 6(1) for rank 0
c,t 21,30
Matrix Multiplication (5, 2), mask 20
Fusing gate 6(1) for rank 1
c,t 21,30
Matrix Multiplication (5, 2), mask 20
Fusing gate 6(1) for rank 2
c,t 21,30
Matrix Multiplication (5, 2), mask 20
Fusing gate 6(1) for rank 3
c,t 21,30
Matrix Multiplication (5, 2), mask 20
Gate 8: [21, ]
Fusing gate 0(0) for rank 0
t 21
Matrix Multiplication (5, 1), mask 4
Fusing gate 0(0) for rank 1
t 21
Matrix Multiplication (5, 1), mask 4
Fusing gate 0(0) for rank 2
t 21
Matrix Multiplication (5, 1), mask 4
Fusing gate 0(0) for rank 3
t 21
Matrix Multiplication (5, 1), mask 4
Gate 9: [22, ]
Fusing gate 22(0) for rank 0
t 22
Matrix Multiplication (5, 1), mask 8
Fusing gate 22(0) for rank 1
t 22
Matrix Multiplication (5, 1), mask 8
Fusing gate 22(0) for rank 2
t 22
Matrix Multiplication (5, 1), mask 8
Fusing gate 22(0) for rank 3
t 22
Matrix Multiplication (5, 1), mask 8
Gate 10: [22, 30, ]
Fusing gate 6(1) for rank 0
c,t 22,30
Matrix Multiplication (5, 2), mask 24
Fusing gate 6(1) for rank 1
c,t 22,30
Matrix Multiplication (5, 2), mask 24
Fusing gate 6(1) for rank 2
c,t 22,30
Matrix Multiplication (5, 2), mask 24
Fusing gate 6(1) for rank 3
c,t 22,30
Matrix Multiplication (5, 2), mask 24
Gate 11: [22, ]
Fusing gate 22(0) for rank 0
t 22
Matrix Multiplication (5, 1), mask 8
Fusing gate 22(0) for rank 1
t 22
Matrix Multiplication (5, 1), mask 8
Fusing gate 22(0) for rank 2
t 22
Matrix Multiplication (5, 1), mask 8
Fusing gate 22(0) for rank 3
t 22
Matrix Multiplication (5, 1), mask 8
Start fusing gates...
Reset qubit group map
(23, 23) (24, 24) (25, 25) (26, 26) (27, 30) current Layout: [0,1,2,3,4,5,6,7,8,9,10,11,12,13,14,15,16,17,18,19,20,21,22,23,24,25,26,30,28,29,27,]
Fusing Kernel (12 gates): qubits [23, 24, 25, 26, 30], gates fusion, qubits [23, 24, 25, 26, 30], gates CircuitSeq {
  Q23 = h(Q23)
  [Q23, Q30] = cx(Q23, Q30)
  Q23 = h(Q23)
  Q24 = h(Q24)
  [Q24, Q30] = cx(Q24, Q30)
  Q24 = h(Q24)
  Q25 = h(Q25)
  [Q25, Q30] = cx(Q25, Q30)
  Q25 = h(Q25)
  Q26 = u2(Q26, P0, P0)
  [Q26, Q30] = cx(Q26, Q30)
  Q26 = u2(Q26, P1, P1)
}

Gate 0: [23, ]
Fusing gate 0(0) for rank 0
t 23
Matrix Multiplication (5, 1), mask 1
Fusing gate 0(0) for rank 1
t 23
Matrix Multiplication (5, 1), mask 1
Fusing gate 0(0) for rank 2
t 23
Matrix Multiplication (5, 1), mask 1
Fusing gate 0(0) for rank 3
t 23
Matrix Multiplication (5, 1), mask 1
Gate 1: [23, 30, ]
Fusing gate 6(1) for rank 0
c,t 23,30
Matrix Multiplication (5, 2), mask 17
Fusing gate 6(1) for rank 1
c,t 23,30
Matrix Multiplication (5, 2), mask 17
Fusing gate 6(1) for rank 2
c,t 23,30
Matrix Multiplication (5, 2), mask 17
Fusing gate 6(1) for rank 3
c,t 23,30
Matrix Multiplication (5, 2), mask 17
Gate 2: [23, ]
Fusing gate 0(0) for rank 0
t 23
Matrix Multiplication (5, 1), mask 1
Fusing gate 0(0) for rank 1
t 23
Matrix Multiplication (5, 1), mask 1
Fusing gate 0(0) for rank 2
t 23
Matrix Multiplication (5, 1), mask 1
Fusing gate 0(0) for rank 3
t 23
Matrix Multiplication (5, 1), mask 1
Gate 3: [24, ]
Fusing gate 0(0) for rank 0
t 24
Matrix Multiplication (5, 1), mask 2
Fusing gate 0(0) for rank 1
t 24
Matrix Multiplication (5, 1), mask 2
Fusing gate 0(0) for rank 2
t 24
Matrix Multiplication (5, 1), mask 2
Fusing gate 0(0) for rank 3
t 24
Matrix Multiplication (5, 1), mask 2
Gate 4: [24, 30, ]
Fusing gate 6(1) for rank 0
c,t 24,30
Matrix Multiplication (5, 2), mask 18
Fusing gate 6(1) for rank 1
c,t 24,30
Matrix Multiplication (5, 2), mask 18
Fusing gate 6(1) for rank 2
c,t 24,30
Matrix Multiplication (5, 2), mask 18
Fusing gate 6(1) for rank 3
c,t 24,30
Matrix Multiplication (5, 2), mask 18
Gate 5: [24, ]
Fusing gate 0(0) for rank 0
t 24
Matrix Multiplication (5, 1), mask 2
Fusing gate 0(0) for rank 1
t 24
Matrix Multiplication (5, 1), mask 2
Fusing gate 0(0) for rank 2
t 24
Matrix Multiplication (5, 1), mask 2
Fusing gate 0(0) for rank 3
t 24
Matrix Multiplication (5, 1), mask 2
Gate 6: [25, ]
Fusing gate 0(0) for rank 0
t 25
Matrix Multiplication (5, 1), mask 4
Fusing gate 0(0) for rank 1
t 25
Matrix Multiplication (5, 1), mask 4
Fusing gate 0(0) for rank 2
t 25
Matrix Multiplication (5, 1), mask 4
Fusing gate 0(0) for rank 3
t 25
Matrix Multiplication (5, 1), mask 4
Gate 7: [25, 30, ]
Fusing gate 6(1) for rank 0
c,t 25,30
Matrix Multiplication (5, 2), mask 20
Fusing gate 6(1) for rank 1
c,t 25,30
Matrix Multiplication (5, 2), mask 20
Fusing gate 6(1) for rank 2
c,t 25,30
Matrix Multiplication (5, 2), mask 20
Fusing gate 6(1) for rank 3
c,t 25,30
Matrix Multiplication (5, 2), mask 20
Gate 8: [25, ]
Fusing gate 0(0) for rank 0
t 25
Matrix Multiplication (5, 1), mask 4
Fusing gate 0(0) for rank 1
t 25
Matrix Multiplication (5, 1), mask 4
Fusing gate 0(0) for rank 2
t 25
Matrix Multiplication (5, 1), mask 4
Fusing gate 0(0) for rank 3
t 25
Matrix Multiplication (5, 1), mask 4
Gate 9: [26, ]
Fusing gate 22(0) for rank 0
t 26
Matrix Multiplication (5, 1), mask 8
Fusing gate 22(0) for rank 1
t 26
Matrix Multiplication (5, 1), mask 8
Fusing gate 22(0) for rank 2
t 26
Matrix Multiplication (5, 1), mask 8
Fusing gate 22(0) for rank 3
t 26
Matrix Multiplication (5, 1), mask 8
Gate 10: [26, 30, ]
Fusing gate 6(1) for rank 0
c,t 26,30
Matrix Multiplication (5, 2), mask 24
Fusing gate 6(1) for rank 1
c,t 26,30
Matrix Multiplication (5, 2), mask 24
Fusing gate 6(1) for rank 2
c,t 26,30
Matrix Multiplication (5, 2), mask 24
Fusing gate 6(1) for rank 3
c,t 26,30
Matrix Multiplication (5, 2), mask 24
Gate 11: [26, ]
Fusing gate 22(0) for rank 0
t 26
Matrix Multiplication (5, 1), mask 8
Fusing gate 22(0) for rank 1
t 26
Matrix Multiplication (5, 1), mask 8
Fusing gate 22(0) for rank 2
t 26
Matrix Multiplication (5, 1), mask 8
Fusing gate 22(0) for rank 3
t 26
Matrix Multiplication (5, 1), mask 8
Current Layout0: [30, 25, 2, 3, 4, 5, 6, 7, 8, 9, 10, 11, 26, 13, 14, 15, 16, 17, 18, 19, 20, 21, 22, 23, 24, 28, 29, 27, 1, 12, 0, Start fusing gates...
Reset qubit group map
(0, 30) (25, 28) (26, 29) (27, 27) current Layout: [30,25,2,3,4,5,6,7,8,9,10,11,26,13,14,15,16,17,18,19,20,21,22,23,24,28,29,27,1,12,0,]
Fusing Kernel (9 gates): qubits [27, 28, 29, 30], gates fusion, qubits [27, 28, 29, 30], gates CircuitSeq {
  Q27 = h(Q27)
  [Q27, Q30] = cx(Q27, Q30)
  Q27 = h(Q27)
  Q28 = u2(Q28, P0, P0)
  [Q28, Q30] = cx(Q28, Q30)
  Q28 = u2(Q28, P1, P1)
  Q29 = u2(Q29, P0, P0)
  [Q29, Q30] = cx(Q29, Q30)
  Q29 = u2(Q29, P1, P1)
}

Gate 0: [27, ]
Fusing gate 0(0) for rank 0
t 27
Matrix Multiplication (4, 1), mask 8
Fusing gate 0(0) for rank 1
t 27
Matrix Multiplication (4, 1), mask 8
Fusing gate 0(0) for rank 2
t 27
Matrix Multiplication (4, 1), mask 8
Fusing gate 0(0) for rank 3
t 27
Matrix Multiplication (4, 1), mask 8
Gate 1: [27, 30, ]
Fusing gate 6(1) for rank 0
c,t 27,30
Matrix Multiplication (4, 2), mask 9
Fusing gate 6(1) for rank 1
c,t 27,30
Matrix Multiplication (4, 2), mask 9
Fusing gate 6(1) for rank 2
c,t 27,30
Matrix Multiplication (4, 2), mask 9
Fusing gate 6(1) for rank 3
c,t 27,30
Matrix Multiplication (4, 2), mask 9
Gate 2: [27, ]
Fusing gate 0(0) for rank 0
t 27
Matrix Multiplication (4, 1), mask 8
Fusing gate 0(0) for rank 1
t 27
Matrix Multiplication (4, 1), mask 8
Fusing gate 0(0) for rank 2
t 27
Matrix Multiplication (4, 1), mask 8
Fusing gate 0(0) for rank 3
t 27
Matrix Multiplication (4, 1), mask 8
Gate 3: [28, ]
Fusing gate 22(0) for rank 0
t 28
Matrix Multiplication (4, 1), mask 2
Fusing gate 22(0) for rank 1
t 28
Matrix Multiplication (4, 1), mask 2
Fusing gate 22(0) for rank 2
t 28
Matrix Multiplication (4, 1), mask 2
Fusing gate 22(0) for rank 3
t 28
Matrix Multiplication (4, 1), mask 2
Gate 4: [28, 30, ]
Fusing gate 6(1) for rank 0
c,t 28,30
Matrix Multiplication (4, 2), mask 3
Fusing gate 6(1) for rank 1
c,t 28,30
Matrix Multiplication (4, 2), mask 3
Fusing gate 6(1) for rank 2
c,t 28,30
Matrix Multiplication (4, 2), mask 3
Fusing gate 6(1) for rank 3
c,t 28,30
Matrix Multiplication (4, 2), mask 3
Gate 5: [28, ]
Fusing gate 22(0) for rank 0
t 28
Matrix Multiplication (4, 1), mask 2
Fusing gate 22(0) for rank 1
t 28
Matrix Multiplication (4, 1), mask 2
Fusing gate 22(0) for rank 2
t 28
Matrix Multiplication (4, 1), mask 2
Fusing gate 22(0) for rank 3
t 28
Matrix Multiplication (4, 1), mask 2
Gate 6: [29, ]
Fusing gate 22(0) for rank 0
t 29
Matrix Multiplication (4, 1), mask 4
Fusing gate 22(0) for rank 1
t 29
Matrix Multiplication (4, 1), mask 4
Fusing gate 22(0) for rank 2
t 29
Matrix Multiplication (4, 1), mask 4
Fusing gate 22(0) for rank 3
t 29
Matrix Multiplication (4, 1), mask 4
Gate 7: [29, 30, ]
Fusing gate 6(1) for rank 0
c,t 29,30
Matrix Multiplication (4, 2), mask 5
Fusing gate 6(1) for rank 1
c,t 29,30
Matrix Multiplication (4, 2), mask 5
Fusing gate 6(1) for rank 2
c,t 29,30
Matrix Multiplication (4, 2), mask 5
Fusing gate 6(1) for rank 3
c,t 29,30
Matrix Multiplication (4, 2), mask 5
Gate 8: [29, ]
Fusing gate 22(0) for rank 0
t 29
Matrix Multiplication (4, 1), mask 4
Fusing gate 22(0) for rank 1
t 29
Matrix Multiplication (4, 1), mask 4
Fusing gate 22(0) for rank 2
t 29
Matrix Multiplication (4, 1), mask 4
Fusing gate 22(0) for rank 3
t 29
Matrix Multiplication (4, 1), mask 4
Compilation Done! 
Num Shuffles: 1
Num FUSION Kernel: 8
Num SHM Kernel: 0
Start Simulating...
[warmup] size total:536870912
[warmup] size total:536870912
NCCL comm nRanks: 8, i am 4
I am 4, mask 7, I am sending to 0
I am 4, mask 7, I am sending to 1
I am 4, mask 7, I am sending to 2
I am 4, mask 7, I am sending to 3
I am 4, mask 7, I am sending to 4
I am 4, mask 7, I am sending to 5
I am 4, mask 7, I am sending to 6
I am 4, mask 7, I am sending to 7
NCCL comm nRanks: 8, i am 5
I am 5, mask 7, I am sending to 0
I am 5, mask 7, I am sending to 1
I am 5, mask 7, I am sending to 2
I am 5, mask 7, I am sending to 3
I am 5, mask 7, I am sending to 4
I am 5, mask 7, I am sending to 5
I am 5, mask 7, I am sending to 6
I am 5, mask 7, I am sending to 7
NCCL comm nRanks: 8, i am 6
I am 6, mask 7, I am sending to 0
I am 6, mask 7, I am sending to 1
I am 6, mask 7, I am sending to 2
I am 6, mask 7, I am sending to 3
I am 6, mask 7, I am sending to 4
I am 6, mask 7, I am sending to 5
I am 6, mask 7, I am sending to 6
I am 6, mask 7, I am sending to 7
NCCL comm nRanks: 8, i am 7
I am 7, mask 7, I am sending to 0
I am 7, mask 7, I am sending to 1
I am 7, mask 7, I am sending to 2
I am 7, mask 7, I am sending to 3
I am 7, mask 7, I am sending to 4
I am 7, mask 7, I am sending to 5
I am 7, mask 7, I am sending to 6
I am 7, mask 7, I am sending to 7
NCCL comm nRanks: 8, i am 0
I am 0, mask 7, I am sending to 0
I am 0, mask 7, I am sending to 1
I am 0, mask 7, I am sending to 2
I am 0, mask 7, I am sending to 3
I am 0, mask 7, I am sending to 4
I am 0, mask 7, I am sending to 5
I am 0, mask 7, I am sending to 6
I am 0, mask 7, I am sending to 7
NCCL comm nRanks: 8, i am 1
I am 1, mask 7, I am sending to 0
I am 1, mask 7, I am sending to 1
I am 1, mask 7, I am sending to 2
I am 1, mask 7, I am sending to 3
I am 1, mask 7, I am sending to 4
I am 1, mask 7, I am sending to 5
I am 1, mask 7, I am sending to 6
I am 1, mask 7, I am sending to 7
NCCL comm nRanks: 8, i am 2
I am 2, mask 7, I am sending to 0
I am 2, mask 7, I am sending to 1
I am 2, mask 7, I am sending to 2
I am 2, mask 7, I am sending to 3
I am 2, mask 7, I am sending to 4
I am 2, mask 7, I am sending to 5
I am 2, mask 7, I am sending to 6
I am 2, mask 7, I am sending to 7
NCCL comm nRanks: 8, i am 3
I am 3, mask 7, I am sending to 0
I am 3, mask 7, I am sending to 1
I am 3, mask 7, I am sending to 2
I am 3, mask 7, I am sending to 3
I am 3, mask 7, I am sending to 4
I am 3, mask 7, I am sending to 5
I am 3, mask 7, I am sending to 6
I am 3, mask 7, I am sending to 7
hello checking all2all
hello checking all2all
Init State Vectors!
Using NCCL for cross-node shuffle
Init State Vectors!
Using NCCL for cross-node shuffle
My physical id:4, 7
NCCL comm nRanks: 8, i am 4
I am 4, mask 7, I am sending to 0
I am 4, mask 7, I am sending to 1
I am 4, mask 7, I am sending to 2
I am 4, mask 7, I am sending to 3
I am 4, mask 7, I am sending to 4
I am 4, mask 7, I am sending to 5
I am 4, mask 7, I am sending to 6
I am 4, mask 7, I am sending to 7
My physical id:5, 7
NCCL comm nRanks: 8, i am 5
I am 5, mask 7, I am sending to 0
I am 5, mask 7, I am sending to 1
I am 5, mask 7, I am sending to 2
I am 5, mask 7, I am sending to 3
I am 5, mask 7, I am sending to 4
I am 5, mask 7, I am sending to 5
I am 5, mask 7, I am sending to 6
I am 5, mask 7, I am sending to 7
My physical id:6, 7
NCCL comm nRanks: 8, i am 6
I am 6, mask 7, I am sending to 0
I am 6, mask 7, I am sending to 1
I am 6, mask 7, I am sending to 2
I am 6, mask 7, I am sending to 3
I am 6, mask 7, I am sending to 4
I am 6, mask 7, I am sending to 5
I am 6, mask 7, I am sending to 6
I am 6, mask 7, I am sending to 7
My physical id:7, 7
NCCL comm nRanks: 8, i am 7
I am 7, mask 7, I am sending to 0
I am 7, mask 7, I am sending to 1
I am 7, mask 7, I am sending to 2
I am 7, mask 7, I am sending to 3
I am 7, mask 7, I am sending to 4
I am 7, mask 7, I am sending to 5
I am 7, mask 7, I am sending to 6
I am 7, mask 7, I am sending to 7
My physical id:0, 7
NCCL comm nRanks: 8, i am 0
I am 0, mask 7, I am sending to 0
I am 0, mask 7, I am sending to 1
I am 0, mask 7, I am sending to 2
I am 0, mask 7, I am sending to 3
I am 0, mask 7, I am sending to 4
I am 0, mask 7, I am sending to 5
I am 0, mask 7, I am sending to 6
I am 0, mask 7, I am sending to 7
My physical id:1, 7
NCCL comm nRanks: 8, i am 1
I am 1, mask 7, I am sending to 0
I am 1, mask 7, I am sending to 1
I am 1, mask 7, I am sending to 2
I am 1, mask 7, I am sending to 3
I am 1, mask 7, I am sending to 4
I am 1, mask 7, I am sending to 5
I am 1, mask 7, I am sending to 6
I am 1, mask 7, I am sending to 7
My physical id:2, 7
NCCL comm nRanks: 8, i am 2
I am 2, mask 7, I am sending to 0
I am 2, mask 7, I am sending to 1
I am 2, mask 7, I am sending to 2
I am 2, mask 7, I am sending to 3
I am 2, mask 7, I am sending to 4
I am 2, mask 7, I am sending to 5
I am 2, mask 7, I am sending to 6
I am 2, mask 7, I am sending to 7
My physical id:3, 7
NCCL comm nRanks: 8, i am 3
I am 3, mask 7, I am sending to 0
I am 3, mask 7, I am sending to 1
I am 3, mask 7, I am sending to 2
I am 3, mask 7, I am sending to 3
I am 3, mask 7, I am sending to 4
I am 3, mask 7, I am sending to 5
I am 3, mask 7, I am sending to 6
I am 3, mask 7, I am sending to 7
[NCCL Rank 0] Shuffle Time: 128.29ms
[NCCL Rank 4] Shuffle Time: 138.24ms
[NCCL Rank 5] Shuffle Time: 138.25ms
[NCCL Rank 6] Shuffle Time: 138.51ms
[NCCL Rank 7] Shuffle Time: 138.51ms
[NCCL Rank 1] Shuffle Time: 130.47ms
[NCCL Rank 2] Shuffle Time: 130.50ms
[NCCL Rank 3] Shuffle Time: 130.47ms
Finish Simulating! Total: 8 FUSE Kernel, 0 SHM Kernel, 1 Shuffles.
Finish Simulating! Total: 8 FUSE Kernel, 0 SHM Kernel, 1 Shuffles.
[NCCL Rank 0] Total Simulation Time: 211.76ms
[NCCL Rank 1] Total Simulation Time: 211.78ms
[NCCL Rank 2] Total Simulation Time: 211.79ms
[NCCL Rank 3] Total Simulation Time: 211.80ms
[MPI Rank 0]: Shuffle 0 cost 129.93ms on average.
[NCCL Rank 4] Total Simulation Time: 219.90ms
[NCCL Rank 5] Total Simulation Time: 219.92ms
[NCCL Rank 6] Total Simulation Time: 219.93ms
[NCCL Rank 7] Total Simulation Time: 219.94ms
[MPI Rank 0]: Destroyed everthing!
Time Cost: 333261 us
Destroyed the simulator
[MPI Rank 1]: Destroyed everthing!
Time Cost: 344540 us
Destroyed the simulator
