Num ranks: 4, myrank: 0
Num ranks: 4, myrank: 3
Num ranks: 4, myrank: 2
Num ranks: 4, myrank: 1
Use cached schedule
Use cached schedule
Use cached schedule
Use cached schedule
Compilation Done! 
Num Shuffles: 1
Num FUSION Kernel: 8
Num SHM Kernel: 0
Start Simulating...
Compilation Done! 
Num Shuffles: 1
Num FUSION Kernel: 8
Num SHM Kernel: 0
Start Simulating...
Compilation Done! 
Num Shuffles: 1
Num FUSION Kernel: 8
Num SHM Kernel: 0
Start Simulating...
Compilation Done! 
Num Shuffles: 1
Num FUSION Kernel: 8
Num SHM Kernel: 0
Start Simulating...
[warmup] size total:268435456
[warmup] size total:268435456
[warmup] size total:268435456
[warmup] size total:268435456
Init State Vectors on 4 devices
Init State Vectors on 4 devices
Init State Vectors on 4 devices
Init State Vectors on 4 devices
[NCCL Rank 0] Shuffle Time: 229.81ms
[NCCL Rank 8] Shuffle Time: 235.73ms
[NCCL Rank 9] Shuffle Time: 235.76ms
[NCCL Rank 10] Shuffle Time: 235.76ms
[NCCL Rank 11] Shuffle Time: 235.77ms
[NCCL Rank 4] Shuffle Time: 234.10ms
[NCCL Rank 5] Shuffle Time: 234.12ms
[NCCL Rank 12] Shuffle Time: 235.79ms
[NCCL Rank 13] Shuffle Time: 235.81ms
[NCCL Rank 14] Shuffle Time: 235.82ms
[NCCL Rank 15] Shuffle Time: 235.83ms
[NCCL Rank 1] Shuffle Time: 230.95ms
[NCCL Rank 2] Shuffle Time: 230.95ms
[NCCL Rank 6] Shuffle Time: 234.33ms
[NCCL Rank 7] Shuffle Time: 234.34ms
[NCCL Rank 3] Shuffle Time: 231.67ms
Finish Simulating! Total: 8 FUSE Kernel, 0 SHM Kernel, 1 Shuffles.
Finish Simulating! Total: 8 FUSE Kernel, 0 SHM Kernel, 1 Shuffles.
Finish Simulating! Total: 8 FUSE Kernel, 0 SHM Kernel, 1 Shuffles.
Finish Simulating! Total: 8 FUSE Kernel, 0 SHM Kernel, 1 Shuffles.
[NCCL Rank 12] Total Simulation Time: 323.36ms
[NCCL Rank 13] Total Simulation Time: 323.38ms
[NCCL Rank 14] Total Simulation Time: 323.39ms
[NCCL Rank 15] Total Simulation Time: 323.40ms
[NCCL Rank 8] Total Simulation Time: 324.32ms
[NCCL Rank 9] Total Simulation Time: 324.34ms
[NCCL Rank 10] Total Simulation Time: 324.35ms
[NCCL Rank 11] Total Simulation Time: 324.37ms
[NCCL Rank 4] Total Simulation Time: 323.17ms
[NCCL Rank 5] Total Simulation Time: 323.18ms
[NCCL Rank 6] Total Simulation Time: 323.20ms
[NCCL Rank 7] Total Simulation Time: 323.21ms
[NCCL Rank 0] Total Simulation Time: 322.97ms
[NCCL Rank 1] Total Simulation Time: 322.99ms
[NCCL Rank 2] Total Simulation Time: 323.00ms
[NCCL Rank 3] Total Simulation Time: 323.02ms
[MPI Rank 0]: Shuffle 0 cost 230.84ms on average.
[MPI Rank 0]: Destroyed everything!
Time Cost: 427254 us
Destroyed the simulator
[MPI Rank 3]: Destroyed everything!
Time Cost: 433295 us
Destroyed the simulator
[MPI Rank 1]: Destroyed everything!
Time Cost: 459176 us
Destroyed the simulator
[MPI Rank 2]: Destroyed everything!
Time Cost: 468429 us
Destroyed the simulator
