Num ranks: 8, myrank: 0
Num ranks: 8, myrank: 7
Num ranks: 8, myrank: 1
Num ranks: 8, myrank: 2
Num ranks: 8, myrank: 5
Num ranks: 8, myrank: 6
Num ranks: 8, myrank: 3
Num ranks: 8, myrank: 4
Use cached schedule
Use cached schedule
Use cached schedule
Use cached schedule
Use cached schedule
Use cached schedule
Use cached schedule
Use cached schedule
Compilation Done! 
Num Shuffles: 1
Num FUSION Kernel: 2
Num SHM Kernel: 3
Start Simulating...
Compilation Done! 
Num Shuffles: 1
Num FUSION Kernel: 2
Num SHM Kernel: 3
Start Simulating...
Compilation Done! 
Num Shuffles: 1
Num FUSION Kernel: 2
Num SHM Kernel: 3
Start Simulating...
Compilation Done! 
Num Shuffles: 1
Num FUSION Kernel: 2
Num SHM Kernel: 3
Start Simulating...
Compilation Done! 
Num Shuffles: 1
Num FUSION Kernel: 2
Num SHM Kernel: 3
Start Simulating...
Compilation Done! 
Num Shuffles: 1
Num FUSION Kernel: 2
Num SHM Kernel: 3
Start Simulating...
Compilation Done! 
Num Shuffles: 1
Num FUSION Kernel: 2
Num SHM Kernel: 3
Start Simulating...
Compilation Done! 
Num Shuffles: 1
Num FUSION Kernel: 2
Num SHM Kernel: 3
Start Simulating...
[warmup] size total:134217728
[warmup] size total:134217728
[warmup] size total:134217728
[warmup] size total:134217728
[warmup] size total:134217728
[warmup] size total:134217728
[warmup] size total:134217728
[warmup] size total:134217728
Init State Vectors on 4 devices
Init State Vectors on 4 devices
Init State Vectors on 4 devices
Init State Vectors on 4 devices
Init State Vectors on 4 devices
Init State Vectors on 4 devices
Init State Vectors on 4 devices
Init State Vectors on 4 devices
[NCCL Rank 4] Shuffle Time: 278.22ms
[NCCL Rank 5] Shuffle Time: 278.34ms
[NCCL Rank 6] Shuffle Time: 279.20ms
[NCCL Rank 7] Shuffle Time: 279.21ms
[NCCL Rank 28] Shuffle Time: 280.99ms
[NCCL Rank 29] Shuffle Time: 281.18ms
[NCCL Rank 30] Shuffle Time: 281.19ms
[NCCL Rank 31] Shuffle Time: 281.20ms
[NCCL Rank 16] Shuffle Time: 281.57ms
[NCCL Rank 17] Shuffle Time: 281.58ms
[NCCL Rank 18] Shuffle Time: 281.59ms
[NCCL Rank 19] Shuffle Time: 281.60ms
[NCCL Rank 8] Shuffle Time: 288.15ms
[NCCL Rank 12] Shuffle Time: 292.33ms
[NCCL Rank 13] Shuffle Time: 292.35ms
[NCCL Rank 14] Shuffle Time: 292.36ms
[NCCL Rank 9] Shuffle Time: 288.38ms
[NCCL Rank 10] Shuffle Time: 288.39ms
[NCCL Rank 11] Shuffle Time: 288.39ms
[NCCL Rank 15] Shuffle Time: 292.37ms
[NCCL Rank 0] Shuffle Time: 270.26ms
[NCCL Rank 1] Shuffle Time: 270.86ms
[NCCL Rank 20] Shuffle Time: 292.62ms
[NCCL Rank 21] Shuffle Time: 292.64ms
[NCCL Rank 22] Shuffle Time: 292.65ms
[NCCL Rank 23] Shuffle Time: 292.66ms
[NCCL Rank 24] Shuffle Time: 294.81ms
[NCCL Rank 25] Shuffle Time: 294.83ms
[NCCL Rank 26] Shuffle Time: 294.83ms
[NCCL Rank 2] Shuffle Time: 271.81ms
[NCCL Rank 3] Shuffle Time: 271.82ms
[NCCL Rank 27] Shuffle Time: 294.84ms
Finish Simulating! Total: 2 FUSE Kernel, 3 SHM Kernel, 1 Shuffles.
Finish Simulating! Total: 2 FUSE Kernel, 3 SHM Kernel, 1 Shuffles.
Finish Simulating! Total: 2 FUSE Kernel, 3 SHM Kernel, 1 Shuffles.
Finish Simulating! Total: 2 FUSE Kernel, 3 SHM Kernel, 1 Shuffles.
Finish Simulating! Total: 2 FUSE Kernel, 3 SHM Kernel, 1 Shuffles.
[NCCL Rank 4] Total Simulation Time: 354.93ms
Finish Simulating! Total: 2 FUSE Kernel, 3 SHM Kernel, 1 Shuffles.
Finish Simulating! Total: 2 FUSE Kernel, 3 SHM Kernel, 1 Shuffles.
Finish Simulating! Total: 2 FUSE Kernel, 3 SHM Kernel, 1 Shuffles.
[NCCL Rank 16] Total Simulation Time: 355.99ms
[NCCL Rank 5] Total Simulation Time: 357.67ms
[NCCL Rank 28] Total Simulation Time: 356.01ms
[NCCL Rank 17] Total Simulation Time: 358.63ms
[NCCL Rank 29] Total Simulation Time: 358.63ms
[NCCL Rank 6] Total Simulation Time: 361.31ms
[NCCL Rank 7] Total Simulation Time: 361.47ms
[NCCL Rank 18] Total Simulation Time: 362.37ms
[NCCL Rank 19] Total Simulation Time: 362.53ms
[NCCL Rank 30] Total Simulation Time: 362.38ms
[NCCL Rank 31] Total Simulation Time: 362.56ms
[NCCL Rank 12] Total Simulation Time: 367.79ms
[NCCL Rank 8] Total Simulation Time: 365.43ms
[NCCL Rank 13] Total Simulation Time: 370.34ms
[NCCL Rank 24] Total Simulation Time: 368.94ms
[NCCL Rank 20] Total Simulation Time: 366.73ms
[NCCL Rank 9] Total Simulation Time: 367.50ms
[NCCL Rank 0] Total Simulation Time: 360.68ms
[NCCL Rank 25] Total Simulation Time: 371.77ms
[NCCL Rank 21] Total Simulation Time: 369.33ms
[NCCL Rank 14] Total Simulation Time: 374.17ms
[NCCL Rank 15] Total Simulation Time: 374.34ms
[NCCL Rank 1] Total Simulation Time: 363.29ms
[NCCL Rank 10] Total Simulation Time: 371.79ms
[NCCL Rank 11] Total Simulation Time: 371.95ms
[NCCL Rank 26] Total Simulation Time: 375.34ms
[NCCL Rank 27] Total Simulation Time: 375.49ms
[NCCL Rank 22] Total Simulation Time: 373.10ms
[NCCL Rank 23] Total Simulation Time: 373.29ms
[NCCL Rank 2] Total Simulation Time: 367.03ms
[NCCL Rank 3] Total Simulation Time: 367.23ms
[MPI Rank 0]: Shuffle 0 cost 271.19ms on average.
[MPI Rank 7]: Destroyed everything!
Time Cost: 540841 us
Destroyed the simulator
[MPI Rank 1]: Destroyed everything!
Time Cost: 544012 us
Destroyed the simulator
[MPI Rank 3]: Destroyed everything!
Time Cost: 559143 us
Destroyed the simulator
[MPI Rank 4]: Destroyed everything!
Time Cost: 556999 us
Destroyed the simulator
[MPI Rank 0]: Destroyed everything!
Time Cost: 553620 us
Destroyed the simulator
[MPI Rank 2]: Destroyed everything!
Time Cost: 563294 us
Destroyed the simulator
[MPI Rank 6]: Destroyed everything!
Time Cost: 571826 us
Destroyed the simulator
[MPI Rank 5]: Destroyed everything!
Time Cost: 571729 us
Destroyed the simulator
