Num ranks: 16, myrank: 2
Num ranks: 16, myrank: 7
Num ranks: 16, myrank: 1
Num ranks: 16, myrank: 4
Num ranks: 16, myrank: 3
Num ranks: 16, myrank: 6
Num ranks: 16, myrank: 0
Num ranks: 16, myrank: 9
Num ranks: 16, myrank: 11
Num ranks: 16, myrank: 12
Num ranks: 16, myrank: 8
Num ranks: 16, myrank: 14
Num ranks: 16, myrank: 15
Num ranks: 16, myrank: 13
Num ranks: 16, myrank: 5
Num ranks: 16, myrank: 10
Use cached schedule
Use cached schedule
Use cached schedule
Use cached schedule
Use cached schedule
Use cached schedule
Use cached schedule
Use cached schedule
Compilation Done! 
Num Shuffles: 1
Num FUSION Kernel: 1
Num SHM Kernel: 4
Start Simulating...
Compilation Done! 
Num Shuffles: 1
Num FUSION Kernel: 1
Num SHM Kernel: 4
Start Simulating...
Compilation Done! 
Num Shuffles: 1
Num FUSION Kernel: 1
Num SHM Kernel: 4
Start Simulating...
Compilation Done! 
Num Shuffles: 1
Num FUSION Kernel: 1
Num SHM Kernel: 4
Start Simulating...
Compilation Done! 
Num Shuffles: 1
Num FUSION Kernel: 1
Num SHM Kernel: 4
Start Simulating...
Use cached schedule
Use cached schedule
Compilation Done! 
Num Shuffles: 1
Num FUSION Kernel: 1
Num SHM Kernel: 4
Start Simulating...
Use cached schedule
Use cached schedule
Use cached schedule
Use cached schedule
Use cached schedule
Compilation Done! 
Num Shuffles: 1
Num FUSION Kernel: 1
Num SHM Kernel: 4
Start Simulating...
Compilation Done! 
Num Shuffles: 1
Num FUSION Kernel: 1
Num SHM Kernel: 4
Start Simulating...
Compilation Done! 
Num Shuffles: 1
Num FUSION Kernel: 1
Num SHM Kernel: 4
Start Simulating...
Compilation Done! 
Num Shuffles: 1
Num FUSION Kernel: 1
Num SHM Kernel: 4
Start Simulating...
Compilation Done! 
Num Shuffles: 1
Num FUSION Kernel: 1
Num SHM Kernel: 4
Compilation Done! 
Num Shuffles: 1
Num FUSION Kernel: 1
Num SHM Kernel: 4
Start Simulating...
Compilation Done! 
Num Shuffles: 1
Num FUSION Kernel: 1
Num SHM Kernel: 4
Start Simulating...
Start Simulating...
Compilation Done! 
Num Shuffles: 1
Num FUSION Kernel: 1
Num SHM Kernel: 4
Start Simulating...
Compilation Done! 
Num Shuffles: 1
Num FUSION Kernel: 1
Num SHM Kernel: 4
Start Simulating...
Use cached schedule
Compilation Done! 
Num Shuffles: 1
Num FUSION Kernel: 1
Num SHM Kernel: 4
Start Simulating...
[warmup] size total:67108864
[warmup] size total:67108864
[warmup] size total:67108864
[warmup] size total:67108864
[warmup] size total:67108864
[warmup] size total:67108864
[warmup] size total:67108864
[warmup] size total:67108864
[warmup] size total:67108864
[warmup] size total:67108864
[warmup] size total:67108864
[warmup] size total:67108864
[warmup] size total:67108864
[warmup] size total:67108864
[warmup] size total:67108864
[warmup] size total:67108864
Init State Vectors on 4 devices
Init State Vectors on 4 devices
Init State Vectors on 4 devices
Init State Vectors on 4 devices
Init State Vectors on 4 devices
Init State Vectors on 4 devices
Init State Vectors on 4 devices
Init State Vectors on 4 devices
Init State Vectors on 4 devices
Init State Vectors on 4 devices
Init State Vectors on 4 devices
Init State Vectors on 4 devices
Init State Vectors on 4 devices
Init State Vectors on 4 devices
Init State Vectors on 4 devices
Init State Vectors on 4 devices
[NCCL Rank 40] Shuffle Time: 302.61ms
[NCCL Rank 28] Shuffle Time: 311.43ms
[NCCL Rank 29] Shuffle Time: 311.46ms
[NCCL Rank 30] Shuffle Time: 311.51ms
[NCCL Rank 31] Shuffle Time: 311.52ms
[NCCL Rank 41] Shuffle Time: 302.72ms
[NCCL Rank 32] Shuffle Time: 299.50ms
[NCCL Rank 20] Shuffle Time: 314.20ms
[NCCL Rank 21] Shuffle Time: 314.22ms
[NCCL Rank 42] Shuffle Time: 302.73ms
[NCCL Rank 33] Shuffle Time: 300.53ms
[NCCL Rank 34] Shuffle Time: 300.55ms
[NCCL Rank 52] Shuffle Time: 311.80ms
[NCCL Rank 53] Shuffle Time: 311.82ms
[NCCL Rank 54] Shuffle Time: 311.83ms
[NCCL Rank 22] Shuffle Time: 314.30ms
[NCCL Rank 43] Shuffle Time: 302.86ms
[NCCL Rank 35] Shuffle Time: 300.55ms
[NCCL Rank 55] Shuffle Time: 311.84ms
[NCCL Rank 23] Shuffle Time: 314.31ms
[NCCL Rank 0] Shuffle Time: 315.90ms
[NCCL Rank 8] Shuffle Time: 298.64ms
[NCCL Rank 9] Shuffle Time: 298.66ms
[NCCL Rank 1] Shuffle Time: 315.94ms
[NCCL Rank 2] Shuffle Time: 315.96ms
[NCCL Rank 4] Shuffle Time: 297.75ms
[NCCL Rank 10] Shuffle Time: 298.81ms
[NCCL Rank 3] Shuffle Time: 315.97ms
[NCCL Rank 48] Shuffle Time: 313.32ms
[NCCL Rank 49] Shuffle Time: 313.34ms
[NCCL Rank 50] Shuffle Time: 313.35ms
[NCCL Rank 51] Shuffle Time: 313.36ms
[NCCL Rank 11] Shuffle Time: 298.81ms
[NCCL Rank 36] Shuffle Time: 298.51ms
[NCCL Rank 44] Shuffle Time: 296.79ms
[NCCL Rank 45] Shuffle Time: 296.81ms
[NCCL Rank 5] Shuffle Time: 298.97ms
[NCCL Rank 6] Shuffle Time: 298.98ms
[NCCL Rank 7] Shuffle Time: 298.99ms
[NCCL Rank 60] Shuffle Time: 317.16ms
[NCCL Rank 61] Shuffle Time: 317.18ms
[NCCL Rank 62] Shuffle Time: 317.18ms
[NCCL Rank 46] Shuffle Time: 296.86ms
[NCCL Rank 63] Shuffle Time: 317.20ms
[NCCL Rank 47] Shuffle Time: 296.87ms
[NCCL Rank 16] Shuffle Time: 317.83ms
[NCCL Rank 17] Shuffle Time: 317.85ms
[NCCL Rank 18] Shuffle Time: 317.86ms
[NCCL Rank 19] Shuffle Time: 317.87ms
[NCCL Rank 12] Shuffle Time: 318.18ms
[NCCL Rank 13] Shuffle Time: 318.21ms
[NCCL Rank 14] Shuffle Time: 318.23ms
[NCCL Rank 15] Shuffle Time: 318.24ms
[NCCL Rank 37] Shuffle Time: 300.99ms
[NCCL Rank 38] Shuffle Time: 301.47ms
[NCCL Rank 56] Shuffle Time: 314.57ms
[NCCL Rank 57] Shuffle Time: 314.60ms
[NCCL Rank 58] Shuffle Time: 314.60ms
[NCCL Rank 24] Shuffle Time: 301.36ms
[NCCL Rank 25] Shuffle Time: 301.38ms
[NCCL Rank 39] Shuffle Time: 301.52ms
[NCCL Rank 59] Shuffle Time: 314.61ms
[NCCL Rank 26] Shuffle Time: 301.43ms
[NCCL Rank 27] Shuffle Time: 301.44ms
Finish Simulating! Total: 1 FUSE Kernel, 4 SHM Kernel, 1 Shuffles.
Finish Simulating! Total: 1 FUSE Kernel, 4 SHM Kernel, 1 Shuffles.
Finish Simulating! Total: 1 FUSE Kernel, 4 SHM Kernel, 1 Shuffles.
Finish Simulating! Total: 1 FUSE Kernel, 4 SHM Kernel, 1 Shuffles.
Finish Simulating! Total: 1 FUSE Kernel, 4 SHM Kernel, 1 Shuffles.
Finish Simulating! Total: 1 FUSE Kernel, 4 SHM Kernel, 1 Shuffles.
Finish Simulating! Total: 1 FUSE Kernel, 4 SHM Kernel, 1 Shuffles.
Finish Simulating! Total: 1 FUSE Kernel, 4 SHM Kernel, 1 Shuffles.
Finish Simulating! Total: 1 FUSE Kernel, 4 SHM Kernel, 1 Shuffles.
Finish Simulating! Total: 1 FUSE Kernel, 4 SHM Kernel, 1 Shuffles.
Finish Simulating! Total: 1 FUSE Kernel, 4 SHM Kernel, 1 Shuffles.
Finish Simulating! Total: 1 FUSE Kernel, 4 SHM Kernel, 1 Shuffles.
Finish Simulating! Total: 1 FUSE Kernel, 4 SHM Kernel, 1 Shuffles.
Finish Simulating! Total: 1 FUSE Kernel, 4 SHM Kernel, 1 Shuffles.
Finish Simulating! Total: 1 FUSE Kernel, 4 SHM Kernel, 1 Shuffles.
Finish Simulating! Total: 1 FUSE Kernel, 4 SHM Kernel, 1 Shuffles.
[NCCL Rank 28] Total Simulation Time: 399.57ms
[NCCL Rank 29] Total Simulation Time: 399.67ms
[NCCL Rank 30] Total Simulation Time: 399.72ms
[NCCL Rank 31] Total Simulation Time: 399.78ms
[NCCL Rank 52] Total Simulation Time: 400.83ms
[NCCL Rank 53] Total Simulation Time: 400.91ms
[NCCL Rank 54] Total Simulation Time: 400.98ms
[NCCL Rank 55] Total Simulation Time: 401.02ms
[NCCL Rank 8] Total Simulation Time: 402.19ms
[NCCL Rank 9] Total Simulation Time: 402.27ms
[NCCL Rank 48] Total Simulation Time: 401.10ms
[NCCL Rank 10] Total Simulation Time: 402.33ms
[NCCL Rank 49] Total Simulation Time: 401.20ms
[NCCL Rank 11] Total Simulation Time: 402.42ms
[NCCL Rank 44] Total Simulation Time: 402.62ms
[NCCL Rank 50] Total Simulation Time: 401.26ms
[NCCL Rank 51] Total Simulation Time: 401.30ms
[NCCL Rank 45] Total Simulation Time: 402.72ms
[NCCL Rank 46] Total Simulation Time: 402.76ms
[NCCL Rank 4] Total Simulation Time: 401.94ms
[NCCL Rank 47] Total Simulation Time: 402.81ms
[NCCL Rank 5] Total Simulation Time: 402.02ms
[NCCL Rank 6] Total Simulation Time: 402.06ms
[NCCL Rank 20] Total Simulation Time: 405.52ms
[NCCL Rank 7] Total Simulation Time: 402.12ms
[NCCL Rank 21] Total Simulation Time: 405.60ms
[NCCL Rank 22] Total Simulation Time: 405.64ms
[NCCL Rank 0] Total Simulation Time: 406.02ms
[NCCL Rank 23] Total Simulation Time: 405.71ms
[NCCL Rank 1] Total Simulation Time: 406.12ms
[NCCL Rank 60] Total Simulation Time: 405.02ms
[NCCL Rank 2] Total Simulation Time: 406.26ms
[NCCL Rank 61] Total Simulation Time: 405.10ms
[NCCL Rank 3] Total Simulation Time: 406.33ms
[MPI Rank 0]: Shuffle 0 cost 315.94ms on average.
[NCCL Rank 62] Total Simulation Time: 405.19ms
[NCCL Rank 16] Total Simulation Time: 405.21ms
[NCCL Rank 63] Total Simulation Time: 405.29ms
[NCCL Rank 17] Total Simulation Time: 405.28ms
[NCCL Rank 18] Total Simulation Time: 405.33ms
[NCCL Rank 12] Total Simulation Time: 406.21ms
[NCCL Rank 19] Total Simulation Time: 405.39ms
[NCCL Rank 13] Total Simulation Time: 406.31ms
[NCCL Rank 14] Total Simulation Time: 406.36ms
[NCCL Rank 15] Total Simulation Time: 406.44ms
[NCCL Rank 36] Total Simulation Time: 406.30ms
[NCCL Rank 37] Total Simulation Time: 406.39ms
[NCCL Rank 56] Total Simulation Time: 401.48ms
[NCCL Rank 24] Total Simulation Time: 403.79ms
[NCCL Rank 38] Total Simulation Time: 406.43ms
[NCCL Rank 57] Total Simulation Time: 401.56ms
[NCCL Rank 25] Total Simulation Time: 403.88ms
[NCCL Rank 39] Total Simulation Time: 406.50ms
[NCCL Rank 58] Total Simulation Time: 401.61ms
[NCCL Rank 26] Total Simulation Time: 403.93ms
[NCCL Rank 59] Total Simulation Time: 401.67ms
[NCCL Rank 27] Total Simulation Time: 404.01ms
[NCCL Rank 40] Total Simulation Time: 400.81ms
[NCCL Rank 41] Total Simulation Time: 400.90ms
[NCCL Rank 42] Total Simulation Time: 400.96ms
[NCCL Rank 43] Total Simulation Time: 401.04ms
[NCCL Rank 32] Total Simulation Time: 401.61ms
[NCCL Rank 33] Total Simulation Time: 401.70ms
[NCCL Rank 34] Total Simulation Time: 401.76ms
[NCCL Rank 35] Total Simulation Time: 401.81ms
[MPI Rank 0]: Destroyed everything!
Time Cost: 569915 us
Destroyed the simulator
[MPI Rank 5]: Destroyed everything!
Time Cost: 572364 us
Destroyed the simulator
[MPI Rank 3]: Destroyed everything!
Time Cost: 573178 us
Destroyed the simulator
[MPI Rank 14]: Destroyed everything!
Time Cost: 576870 us
Destroyed the simulator
[MPI Rank 15]: Destroyed everything!
Time Cost: 588355 us
Destroyed the simulator
[MPI Rank 13]: Destroyed everything!
Time Cost: 593858 us
Destroyed the simulator
[MPI Rank 8]: Destroyed everything!
Time Cost: 590441 us
Destroyed the simulator
[MPI Rank 10]: Destroyed everything!
Time Cost: 599023 us
Destroyed the simulator
[MPI Rank 12]: Destroyed everything!
Time Cost: 607843 us
Destroyed the simulator
[MPI Rank 7]: Destroyed everything!
Time Cost: 615717 us
Destroyed the simulator
[MPI Rank 11]: Destroyed everything!
Time Cost: 617555 us
Destroyed the simulator
[MPI Rank 9]: Destroyed everything!
Time Cost: 620051 us
Destroyed the simulator
[MPI Rank 1]: Destroyed everything!
Time Cost: 619192 us
Destroyed the simulator
[MPI Rank 6]: Destroyed everything!
Time Cost: 629977 us
Destroyed the simulator
[MPI Rank 4]: Destroyed everything!
Time Cost: 633630 us
Destroyed the simulator
[MPI Rank 2]: Destroyed everything!
Time Cost: 635622 us
Destroyed the simulator
