Num ranks: 4, myrank: 1
Num ranks: 4, myrank: 3
Num ranks: 4, myrank: 2
Num ranks: 4, myrank: 0
Solving ILP for num_qubits=32, num_local_qubits=28, num_global_qubits=2, num_iterations=1...
Solving ILP for num_qubits=32, num_local_qubits=28, num_global_qubits=2, num_iterations=1...
Available solvers: ['PULP_CBC_CMD', 'HiGHS_CMD']
Available solvers: ['PULP_CBC_CMD', 'HiGHS_CMD']
Solving ILP for num_qubits=32, num_local_qubits=28, num_global_qubits=2, num_iterations=1...
Available solvers: ['PULP_CBC_CMD', 'HiGHS_CMD']
Solving ILP for num_qubits=32, num_local_qubits=28, num_global_qubits=2, num_iterations=1...
Running HiGHS 1.5.0 [date: 2023-11-09, git hash: 8a114449a]
Copyright (c) 2022 HiGHS under MIT licence terms
Running HiGHS 1.5.0 [date: 2023-11-09, git hash: 8a114449a]
Copyright (c) 2022 HiGHS under MIT licence terms
Available solvers: ['PULP_CBC_CMD', 'HiGHS_CMD']
Number of BV entries in BOUNDS section is 128
Number of BV entries in BOUNDS section is 128
MIP  bb6509ab71a740de963cbf49d1268021-pulp has 224 rows; 129 cols; 476 nonzeros; 128 integer variables
MIP  bcf1b918f14e4852a4cb6a1070dbaa3b-pulp has 224 rows; 129 cols; 476 nonzeros; 128 integer variables
Presolving model
160 rows, 64 cols, 160 nonzeros
Presolving model
Presolve: Infeasible
160 rows, 64 cols, 160 nonzeros

Solving report
  Status            Infeasible
  Primal bound      inf
  Dual bound        -inf
  Gap               inf
  Solution status   -
  Timing            0.01 (total)
                    0.00 (presolve)
                    0.00 (postsolve)
  Nodes             0
  LP iterations     0 (total)
                    0 (strong br.)
                    0 (separation)
                    0 (heuristics)
Presolve: Infeasible
Writing the solution to /tmp/bb6509ab71a740de963cbf49d1268021-pulp.sol

Solving report
  Status            Infeasible
  Primal bound      inf
  Dual bound        -inf
  Gap               inf
  Solution status   -
  Timing            0.01 (total)
                    0.00 (presolve)
                    0.00 (postsolve)
  Nodes             0
  LP iterations     0 (total)
                    0 (strong br.)
                    0 (separation)
                    0 (heuristics)
Writing the solution to /tmp/bcf1b918f14e4852a4cb6a1070dbaa3b-pulp.sol
Solving ILP for num_qubits=32, num_local_qubits=28, num_global_qubits=2, num_iterations=2...
Solving ILP for num_qubits=32, num_local_qubits=28, num_global_qubits=2, num_iterations=2...
Running HiGHS 1.5.0 [date: 2023-11-09, git hash: 8a114449a]
Copyright (c) 2022 HiGHS under MIT licence terms
Number of BV entries in BOUNDS section is 128
MIP  93da6b519d9741d2b793be2542570d21-pulp has 224 rows; 129 cols; 476 nonzeros; 128 integer variables
Presolving model
160 rows, 64 cols, 160 nonzeros
Presolve: Infeasible

Solving report
  Status            Infeasible
  Primal bound      inf
  Dual bound        -inf
  Gap               inf
  Solution status   -
  Timing            0.00 (total)
                    0.00 (presolve)
                    0.00 (postsolve)
  Nodes             0
  LP iterations     0 (total)
                    0 (strong br.)
                    0 (separation)
                    0 (heuristics)
Writing the solution to /tmp/93da6b519d9741d2b793be2542570d21-pulp.sol
Solving ILP for num_qubits=32, num_local_qubits=28, num_global_qubits=2, num_iterations=2...
Available solvers: ['PULP_CBC_CMD', 'HiGHS_CMD']
Available solvers: ['PULP_CBC_CMD', 'HiGHS_CMD']
Running HiGHS 1.5.0 [date: 2023-11-09, git hash: 8a114449a]
Copyright (c) 2022 HiGHS under MIT licence terms
Number of BV entries in BOUNDS section is 128
MIP  5cb4e9f9802a4d109601353f3c3e6380-pulp has 224 rows; 129 cols; 476 nonzeros; 128 integer variables
Available solvers: ['PULP_CBC_CMD', 'HiGHS_CMD']
Presolving model
160 rows, 64 cols, 160 nonzeros
Presolve: Infeasible

Solving report
  Status            Infeasible
  Primal bound      inf
  Dual bound        -inf
  Gap               inf
  Solution status   -
  Timing            0.00 (total)
                    0.00 (presolve)
                    0.00 (postsolve)
  Nodes             0
  LP iterations     0 (total)
                    0 (strong br.)
                    0 (separation)
                    0 (heuristics)
Writing the solution to /tmp/5cb4e9f9802a4d109601353f3c3e6380-pulp.sol
Solving ILP for num_qubits=32, num_local_qubits=28, num_global_qubits=2, num_iterations=2...
Available solvers: ['PULP_CBC_CMD', 'HiGHS_CMD']
Running HiGHS 1.5.0 [date: 2023-11-09, git hash: 8a114449a]
Copyright (c) 2022 HiGHS under MIT licence terms
Number of BV entries in BOUNDS section is 288
MIP  d521372e7dda4fe5a379389cc7ec3c6c-pulp has 417 rows; 288 cols; 1018 nonzeros; 288 integer variables
Running HiGHS 1.5.0 [date: 2023-11-09, git hash: 8a114449a]
Copyright (c) 2022 HiGHS under MIT licence terms
Presolving model
Number of BV entries in BOUNDS section is 288
353 rows, 224 cols, 702 nonzeros
MIP  56801e28e2834e1e9a77a60a5d0efe0b-pulp has 417 rows; 288 cols; 1018 nonzeros; 288 integer variables
225 rows, 222 cols, 634 nonzeros
Running HiGHS 1.5.0 [date: 2023-11-09, git hash: 8a114449a]
Copyright (c) 2022 HiGHS under MIT licence terms
Number of BV entries in BOUNDS section is 288
MIP  793b0f43d491444d8dcc4e66c9abeea5-pulp has 417 rows; 288 cols; 1018 nonzeros; 288 integer variables
Presolving model
185 rows, 190 cols, 522 nonzeros
353 rows, 224 cols, 702 nonzeros
225 rows, 222 cols, 634 nonzeros
185 rows, 190 cols, 522 nonzeros
Presolving model
Objective function is integral with scale 1
353 rows, 224 cols, 702 nonzeros

Solving MIP model with:
   185 rows
   190 cols (190 binary, 0 integer, 0 implied int., 0 continuous)
   522 nonzeros
185 rows, 190 cols, 522 nonzeros
225 rows, 222 cols, 634 nonzeros

        Nodes      |    B&B Tree     |            Objective Bounds              |  Dynamic Constraints |       Work      
     Proc. InQueue |  Leaves   Expl. | BestBound       BestSol              Gap |   Cuts   InLp Confl. | LpIters     Time

         0       0         0   0.00%   0               inf                  inf        0      0      0         0     0.0s
185 rows, 190 cols, 522 nonzeros
Objective function is integral with scale 1
 R       0       0         0   0.00%   0               10               100.00%        0      0      0       111     0.0s
185 rows, 190 cols, 522 nonzeros

Solving MIP model with:
   185 rows
   190 cols (190 binary, 0 integer, 0 implied int., 0 continuous)
   522 nonzeros

        Nodes      |    B&B Tree     |            Objective Bounds              |  Dynamic Constraints |       Work      
     Proc. InQueue |  Leaves   Expl. | BestBound       BestSol              Gap |   Cuts   InLp Confl. | LpIters     Time

185 rows, 190 cols, 522 nonzeros
         0       0         0   0.00%   0               inf                  inf        0      0      0         0     0.0s
Objective function is integral with scale 1

Solving MIP model with:
   185 rows
   190 cols (190 binary, 0 integer, 0 implied int., 0 continuous)
   522 nonzeros
 R       0       0         0   0.00%   0               10               100.00%        0      0      0       111     0.0s

        Nodes      |    B&B Tree     |            Objective Bounds              |  Dynamic Constraints |       Work      
     Proc. InQueue |  Leaves   Expl. | BestBound       BestSol              Gap |   Cuts   InLp Confl. | LpIters     Time

         0       0         0   0.00%   0               inf                  inf        0      0      0         0     0.0s
 R       0       0         0   0.00%   0               10               100.00%        0      0      0       111     0.0s
Running HiGHS 1.5.0 [date: 2023-11-09, git hash: 8a114449a]
Copyright (c) 2022 HiGHS under MIT licence terms
Number of BV entries in BOUNDS section is 288
MIP  d10647acb04c45779421f07f5dda61ec-pulp has 417 rows; 288 cols; 1018 nonzeros; 288 integer variables
Presolving model
353 rows, 224 cols, 702 nonzeros
225 rows, 222 cols, 634 nonzeros

Solving report
  Status            Optimal
  Primal bound      10
  Dual bound        10
  Gap               0% (tolerance: 0.01%)
  Solution status   feasible
                    10 (objective)
                    0 (bound viol.)
                    0 (int. viol.)
                    0 (row viol.)
  Timing            0.06 (total)
                    0.01 (presolve)
                    0.00 (postsolve)
  Nodes             1
  LP iterations     293 (total)
                    0 (strong br.)
                    182 (separation)
                    0 (heuristics)
185 rows, 190 cols, 522 nonzeros
Writing the solution to /tmp/d521372e7dda4fe5a379389cc7ec3c6c-pulp.sol
185 rows, 190 cols, 522 nonzeros
Objective function is integral with scale 1

Solving MIP model with:
   185 rows
   190 cols (190 binary, 0 integer, 0 implied int., 0 continuous)
   522 nonzeros

        Nodes      |    B&B Tree     |            Objective Bounds              |  Dynamic Constraints |       Work      
     Proc. InQueue |  Leaves   Expl. | BestBound       BestSol              Gap |   Cuts   InLp Confl. | LpIters     Time

         0       0         0   0.00%   0               inf                  inf        0      0      0         0     0.0s
 R       0       0         0   0.00%   0               10               100.00%        0      0      0       111     0.0s

Solving report
  Status            Optimal
  Primal bound      10
  Dual bound        10
  Gap               0% (tolerance: 0.01%)
  Solution status   feasible
                    10 (objective)
                    0 (bound viol.)
                    0 (int. viol.)
                    0 (row viol.)
  Timing            0.06 (total)
                    0.01 (presolve)
                    0.00 (postsolve)
  Nodes             1
  LP iterations     293 (total)
                    0 (strong br.)
                    182 (separation)
                    0 (heuristics)
Writing the solution to /tmp/56801e28e2834e1e9a77a60a5d0efe0b-pulp.sol

Solving report
  Status            Optimal
  Primal bound      10
  Dual bound        10
  Gap               0% (tolerance: 0.01%)
  Solution status   feasible
                    10 (objective)
                    0 (bound viol.)
                    0 (int. viol.)
                    0 (row viol.)
  Timing            0.07 (total)
                    0.02 (presolve)
                    0.00 (postsolve)
  Nodes             1
  LP iterations     293 (total)
                    0 (strong br.)
                    182 (separation)
                    0 (heuristics)
Writing the solution to /tmp/793b0f43d491444d8dcc4e66c9abeea5-pulp.sol

Solving report
  Status            Optimal
  Primal bound      10
  Dual bound        10
  Gap               0% (tolerance: 0.01%)
  Solution status   feasible
                    10 (objective)
                    0 (bound viol.)
                    0 (int. viol.)
                    0 (row viol.)
  Timing            0.05 (total)
                    0.01 (presolve)
                    0.00 (postsolve)
  Nodes             1
  LP iterations     293 (total)
                    0 (strong br.)
                    182 (separation)
                    0 (heuristics)
Writing the solution to /tmp/d10647acb04c45779421f07f5dda61ec-pulp.sol
Computed and cached schedule in 3.881 seconds.
Current Layout0: [0, 1, 2, 3, 4, 5, 6, 7, 8, 9, 10, 11, 12, 13, 14, 15, 16, 17, 18, 19, 20, 21, 25, 26, 28, 29, 30, 31, 23, 24, 22, 27, Start fusing gates...
Reset qubit group map
(24, 28) (25, 29) (26, 30) (27, 31) current Layout: [0,1,2,3,4,5,6,7,8,9,10,11,12,13,14,15,16,17,18,19,20,21,25,26,28,29,30,31,23,24,22,27,]
Fusing Kernel (4 gates): qubits [28, 29, 30, 31], gates fusion, qubits [28, 29, 30, 31], gates CircuitSeq {
  Q31 = h(Q31)
  [Q31, Q30] = cx(Q31, Q30)
  [Q30, Q29] = cx(Q30, Q29)
  [Q29, Q28] = cx(Q29, Q28)
}

Gate 0: [31, ]
Fusing gate 0(0) for rank 12
t 31
Matrix Multiplication (4, 1), mask 8
Fusing gate 0(0) for rank 13
t 31
Matrix Multiplication (4, 1), mask 8
Fusing gate 0(0) for rank 14
t 31
Matrix Multiplication (4, 1), mask 8
Fusing gate 0(0) for rank 15
t 31
Matrix Multiplication (4, 1), mask 8
Gate 1: [31, 30, ]
Fusing gate 6(1) for rank 12
c,t 31,30
Matrix Multiplication (4, 2), mask 12
Fusing gate 6(1) for rank 13
c,t 31,30
Matrix Multiplication (4, 2), mask 12
Fusing gate 6(1) for rank 14
c,t 31,30
Matrix Multiplication (4, 2), mask 12
Fusing gate 6(1) for rank 15
c,t 31,30
Matrix Multiplication (4, 2), mask 12
Gate 2: [30, 29, ]
Fusing gate 6(1) for rank 12
c,t 30,29
Matrix Multiplication (4, 2), mask 6
Fusing gate 6(1) for rank 13
c,t 30,29
Matrix Multiplication (4, 2), mask 6
Fusing gate 6(1) for rank 14
c,t 30,29
Matrix Multiplication (4, 2), mask 6
Fusing gate 6(1) for rank 15
c,t 30,29
Matrix Multiplication (4, 2), mask 6
Gate 3: [29, 28, ]
Fusing gate 6(1) for rank 12
c,t 29,28
Matrix Multiplication (4, 2), mask 3
Fusing gate 6(1) for rank 13
c,t 29,28
Matrix Multiplication (4, 2), mask 3
Fusing gate 6(1) for rank 14
c,t 29,28
Matrix Multiplication (4, 2), mask 3
Fusing gate 6(1) for rank 15
c,t 29,28
Matrix Multiplication (4, 2), mask 3
Current Layout0: [0, 1, 2, 3, 4, 5, 6, 7, 8, 9, 10, 11, 12, 13, 14, 15, 16, 17, 18, 19, 20, 21, 25, 26, 23, 24, 22, 27, 30, 29, 28, 31, Start fusing gates...
Reset qubit group map
(22, 25) (23, 26) (24, 23) (25, 24) (27, 27) current Layout: [0,1,2,3,4,5,6,7,8,9,10,11,12,13,14,15,16,17,18,19,20,21,25,26,23,24,22,27,30,29,28,31,]
Fusing Kernel (5 gates): qubits [23, 24, 25, 26, 27], gates fusion, qubits [23, 24, 25, 26, 27], gates CircuitSeq {
  [Q28, Q27] = cx(Q28, Q27)
  [Q27, Q26] = cx(Q27, Q26)
  [Q26, Q25] = cx(Q26, Q25)
  [Q25, Q24] = cx(Q25, Q24)
  [Q24, Q23] = cx(Q24, Q23)
}

Gate 0: [28, 27, ]
Fusing gate 6(1) for rank 12
c,t 28,27
Matrix Multiplication (5, 1), mask 16
Fusing gate 6(1) for rank 13
c,t 28,27
Matrix Multiplication (5, 1), mask 16
Fusing gate 6(1) for rank 14
c,t 28,27
Matrix Multiplication (5, 1), mask 16
Fusing gate 6(1) for rank 15
c,t 28,27
Matrix Multiplication (5, 1), mask 16
Gate 1: [27, 26, ]
Fusing gate 6(1) for rank 12
c,t 27,26
Matrix Multiplication (5, 2), mask 18
Fusing gate 6(1) for rank 13
c,t 27,26
Matrix Multiplication (5, 2), mask 18
Fusing gate 6(1) for rank 14
c,t 27,26
Matrix Multiplication (5, 2), mask 18
Fusing gate 6(1) for rank 15
c,t 27,26
Matrix Multiplication (5, 2), mask 18
Gate 2: [26, 25, ]
Fusing gate 6(1) for rank 12
c,t 26,25
Matrix Multiplication (5, 2), mask 3
Fusing gate 6(1) for rank 13
c,t 26,25
Matrix Multiplication (5, 2), mask 3
Fusing gate 6(1) for rank 14
c,t 26,25
Matrix Multiplication (5, 2), mask 3
Fusing gate 6(1) for rank 15
c,t 26,25
Matrix Multiplication (5, 2), mask 3
Gate 3: [25, 24, ]
Fusing gate 6(1) for rank 12
c,t 25,24
Matrix Multiplication (5, 2), mask 9
Fusing gate 6(1) for rank 13
c,t 25,24
Matrix Multiplication (5, 2), mask 9
Fusing gate 6(1) for rank 14
c,t 25,24
Matrix Multiplication (5, 2), mask 9
Fusing gate 6(1) for rank 15
c,t 25,24
Matrix Multiplication (5, 2), mask 9
Gate 4: [24, 23, ]
Fusing gate 6(1) for rank 12
c,t 24,23
Matrix Multiplication (5, 2), mask 12
Fusing gate 6(1) for rank 13
c,t 24,23
Matrix Multiplication (5, 2), mask 12
Fusing gate 6(1) for rank 14
c,t 24,23
Matrix Multiplication (5, 2), mask 12
Fusing gate 6(1) for rank 15
c,t 24,23
Matrix Multiplication (5, 2), mask 12
SHM Kernel Physical (6): [ 17,18,19,20,21,26]
shared_memory, qubits [17, 18, 19, 20, 21, 22], gates CircuitSeq {
  [Q23, Q22] = cx(Q23, Q22)
  [Q22, Q21] = cx(Q22, Q21)
  [Q21, Q20] = cx(Q21, Q20)
  [Q20, Q19] = cx(Q20, Q19)
  [Q19, Q18] = cx(Q19, Q18)
  [Q18, Q17] = cx(Q18, Q17)
}

SHM Kernel Physical (7): [ 10,11,12,13,14,15,16]
shared_memory, qubits [10, 11, 12, 13, 14, 15, 16], gates CircuitSeq {
  [Q17, Q16] = cx(Q17, Q16)
  [Q16, Q15] = cx(Q16, Q15)
  [Q15, Q14] = cx(Q15, Q14)
  [Q14, Q13] = cx(Q14, Q13)
  [Q13, Q12] = cx(Q13, Q12)
  [Q12, Q11] = cx(Q12, Q11)
  [Q11, Q10] = cx(Q11, Q10)
}

SHM Kernel Physical (10): [ 0,1,2,3,4,5,6,7,8,9]
shared_memory, qubits [0, 1, 2, 3, 4, 5, 6, 7, 8, 9], gates CircuitSeq {
  [Q10, Q9] = cx(Q10, Q9)
  [Q9, Q8] = cx(Q9, Q8)
  [Q8, Q7] = cx(Q8, Q7)
  [Q7, Q6] = cx(Q7, Q6)
  [Q6, Q5] = cx(Q6, Q5)
  [Q5, Q4] = cx(Q5, Q4)
  [Q4, Q3] = cx(Q4, Q3)
  [Q3, Q2] = cx(Q3, Q2)
  [Q2, Q1] = cx(Q2, Q1)
  [Q1, Q0] = cx(Q1, Q0)
}

Compilation Done! 
Num Shuffles: 1
Num FUSION Kernel: 2
Num SHM Kernel: 3
Start Simulating...
Computed and cached schedule in 3.903 seconds.
Current Layout0: [0, 1, 2, 3, 4, 5, 6, 7, 8, 9, 10, 11, 12, 13, 14, 15, 16, 17, 18, 19, 20, 21, 25, 26, 28, 29, 30, 31, 23, 24, 22, 27, Start fusing gates...
Reset qubit group map
(24, 28) (25, 29) (26, 30) (27, 31) current Layout: [0,1,2,3,4,5,6,7,8,9,10,11,12,13,14,15,16,17,18,19,20,21,25,26,28,29,30,31,23,24,22,27,]
Fusing Kernel (4 gates): qubits [28, 29, 30, 31], gates fusion, qubits [28, 29, 30, 31], gates CircuitSeq {
  Q31 = h(Q31)
  [Q31, Q30] = cx(Q31, Q30)
  [Q30, Q29] = cx(Q30, Q29)
  [Q29, Q28] = cx(Q29, Q28)
}

Gate 0: [31, ]
Fusing gate 0(0) for rank 4
t 31
Matrix Multiplication (4, 1), mask 8
Fusing gate 0(0) for rank 5
t 31
Matrix Multiplication (4, 1), mask 8
Fusing gate 0(0) for rank 6
t 31
Matrix Multiplication (4, 1), mask 8
Fusing gate 0(0) for rank 7
t 31
Matrix Multiplication (4, 1), mask 8
Gate 1: [31, 30, ]
Fusing gate 6(1) for rank 4
c,t 31,30
Matrix Multiplication (4, 2), mask 12
Fusing gate 6(1) for rank 5
c,t 31,30
Matrix Multiplication (4, 2), mask 12
Fusing gate 6(1) for rank 6
c,t 31,30
Matrix Multiplication (4, 2), mask 12
Fusing gate 6(1) for rank 7
c,t 31,30
Matrix Multiplication (4, 2), mask 12
Gate 2: [30, 29, ]
Fusing gate 6(1) for rank 4
c,t 30,29
Matrix Multiplication (4, 2), mask 6
Fusing gate 6(1) for rank 5
c,t 30,29
Matrix Multiplication (4, 2), mask 6
Fusing gate 6(1) for rank 6
c,t 30,29
Matrix Multiplication (4, 2), mask 6
Fusing gate 6(1) for rank 7
c,t 30,29
Matrix Multiplication (4, 2), mask 6
Gate 3: [29, 28, ]
Fusing gate 6(1) for rank 4
c,t 29,28
Matrix Multiplication (4, 2), mask 3
Fusing gate 6(1) for rank 5
c,t 29,28
Matrix Multiplication (4, 2), mask 3
Fusing gate 6(1) for rank 6
c,t 29,28
Matrix Multiplication (4, 2), mask 3
Fusing gate 6(1) for rank 7
c,t 29,28
Matrix Multiplication (4, 2), mask 3
Current Layout0: [0, 1, 2, 3, 4, 5, 6, 7, 8, 9, 10, 11, 12, 13, 14, 15, 16, 17, 18, 19, 20, 21, 25, 26, 23, 24, 22, 27, 30, 29, 28, 31, Start fusing gates...
Reset qubit group map
(22, 25) (23, 26) (24, 23) (25, 24) (27, 27) current Layout: [0,1,2,3,4,5,6,7,8,9,10,11,12,13,14,15,16,17,18,19,20,21,25,26,23,24,22,27,30,29,28,31,]
Fusing Kernel (5 gates): qubits [23, 24, 25, 26, 27], gates fusion, qubits [23, 24, 25, 26, 27], gates CircuitSeq {
  [Q28, Q27] = cx(Q28, Q27)
  [Q27, Q26] = cx(Q27, Q26)
  [Q26, Q25] = cx(Q26, Q25)
  [Q25, Q24] = cx(Q25, Q24)
  [Q24, Q23] = cx(Q24, Q23)
}

Gate 0: [28, 27, ]
Fusing gate 6(1) for rank 4
c,t 28,27
Matrix Multiplication (5, 1), mask 16
Fusing gate 6(1) for rank 5
c,t 28,27
Matrix Multiplication (5, 1), mask 16
Fusing gate 6(1) for rank 6
c,t 28,27
Matrix Multiplication (5, 1), mask 16
Fusing gate 6(1) for rank 7
c,t 28,27
Matrix Multiplication (5, 1), mask 16
Gate 1: [27, 26, ]
Fusing gate 6(1) for rank 4
c,t 27,26
Matrix Multiplication (5, 2), mask 18
Fusing gate 6(1) for rank 5
c,t 27,26
Matrix Multiplication (5, 2), mask 18
Fusing gate 6(1) for rank 6
c,t 27,26
Matrix Multiplication (5, 2), mask 18
Fusing gate 6(1) for rank 7
c,t 27,26
Matrix Multiplication (5, 2), mask 18
Gate 2: [26, 25, ]
Fusing gate 6(1) for rank 4
c,t 26,25
Matrix Multiplication (5, 2), mask 3
Fusing gate 6(1) for rank 5
c,t 26,25
Matrix Multiplication (5, 2), mask 3
Fusing gate 6(1) for rank 6
c,t 26,25
Matrix Multiplication (5, 2), mask 3
Fusing gate 6(1) for rank 7
c,t 26,25
Matrix Multiplication (5, 2), mask 3
Gate 3: [25, 24, ]
Fusing gate 6(1) for rank 4
c,t 25,24
Matrix Multiplication (5, 2), mask 9
Fusing gate 6(1) for rank 5
c,t 25,24
Matrix Multiplication (5, 2), mask 9
Fusing gate 6(1) for rank 6
c,t 25,24
Matrix Multiplication (5, 2), mask 9
Fusing gate 6(1) for rank 7
c,t 25,24
Matrix Multiplication (5, 2), mask 9
Gate 4: [24, 23, ]
Fusing gate 6(1) for rank 4
c,t 24,23
Matrix Multiplication (5, 2), mask 12
Fusing gate 6(1) for rank 5
c,t 24,23
Matrix Multiplication (5, 2), mask 12
Fusing gate 6(1) for rank 6
c,t 24,23
Matrix Multiplication (5, 2), mask 12
Fusing gate 6(1) for rank 7
c,t 24,23
Matrix Multiplication (5, 2), mask 12
SHM Kernel Physical (6): [ 17,18,19,20,21,26]
shared_memory, qubits [17, 18, 19, 20, 21, 22], gates CircuitSeq {
  [Q23, Q22] = cx(Q23, Q22)
  [Q22, Q21] = cx(Q22, Q21)
  [Q21, Q20] = cx(Q21, Q20)
  [Q20, Q19] = cx(Q20, Q19)
  [Q19, Q18] = cx(Q19, Q18)
  [Q18, Q17] = cx(Q18, Q17)
}

SHM Kernel Physical (7): [ 10,11,12,13,14,15,16]
shared_memory, qubits [10, 11, 12, 13, 14, 15, 16], gates CircuitSeq {
  [Q17, Q16] = cx(Q17, Q16)
  [Q16, Q15] = cx(Q16, Q15)
  [Q15, Q14] = cx(Q15, Q14)
  [Q14, Q13] = cx(Q14, Q13)
  [Q13, Q12] = cx(Q13, Q12)
  [Q12, Q11] = cx(Q12, Q11)
  [Q11, Q10] = cx(Q11, Q10)
}

SHM Kernel Physical (10): [ 0,1,2,3,4,5,6,7,8,9]
shared_memory, qubits [0, 1, 2, 3, 4, 5, 6, 7, 8, 9], gates CircuitSeq {
  [Q10, Q9] = cx(Q10, Q9)
  [Q9, Q8] = cx(Q9, Q8)
  [Q8, Q7] = cx(Q8, Q7)
  [Q7, Q6] = cx(Q7, Q6)
  [Q6, Q5] = cx(Q6, Q5)
  [Q5, Q4] = cx(Q5, Q4)
  [Q4, Q3] = cx(Q4, Q3)
  [Q3, Q2] = cx(Q3, Q2)
  [Q2, Q1] = cx(Q2, Q1)
  [Q1, Q0] = cx(Q1, Q0)
}

Compilation Done! 
Num Shuffles: 1
Num FUSION Kernel: 2
Num SHM Kernel: 3
Start Simulating...
Computed and cached schedule in 3.916 seconds.
Current Layout0: [0, 1, 2, 3, 4, 5, 6, 7, 8, 9, 10, 11, 12, 13, 14, 15, 16, 17, 18, 19, 20, 21, 25, 26, 28, 29, 30, 31, 23, 24, 22, 27, Start fusing gates...
Reset qubit group map
(24, 28) (25, 29) (26, 30) (27, 31) current Layout: [0,1,2,3,4,5,6,7,8,9,10,11,12,13,14,15,16,17,18,19,20,21,25,26,28,29,30,31,23,24,22,27,]
Fusing Kernel (4 gates): qubits [28, 29, 30, 31], gates fusion, qubits [28, 29, 30, 31], gates CircuitSeq {
  Q31 = h(Q31)
  [Q31, Q30] = cx(Q31, Q30)
  [Q30, Q29] = cx(Q30, Q29)
  [Q29, Q28] = cx(Q29, Q28)
}

Gate 0: [31, ]
Fusing gate 0(0) for rank 8
t 31
Matrix Multiplication (4, 1), mask 8
Fusing gate 0(0) for rank 9
t 31
Matrix Multiplication (4, 1), mask 8
Fusing gate 0(0) for rank 10
t 31
Matrix Multiplication (4, 1), mask 8
Fusing gate 0(0) for rank 11
t 31
Matrix Multiplication (4, 1), mask 8
Gate 1: [31, 30, ]
Fusing gate 6(1) for rank 8
c,t 31,30
Matrix Multiplication (4, 2), mask 12
Fusing gate 6(1) for rank 9
c,t 31,30
Matrix Multiplication (4, 2), mask 12
Fusing gate 6(1) for rank 10
c,t 31,30
Matrix Multiplication (4, 2), mask 12
Fusing gate 6(1) for rank 11
c,t 31,30
Matrix Multiplication (4, 2), mask 12
Gate 2: [30, 29, ]
Fusing gate 6(1) for rank 8
c,t 30,29
Matrix Multiplication (4, 2), mask 6
Fusing gate 6(1) for rank 9
c,t 30,29
Matrix Multiplication (4, 2), mask 6
Fusing gate 6(1) for rank 10
c,t 30,29
Matrix Multiplication (4, 2), mask 6
Fusing gate 6(1) for rank 11
c,t 30,29
Matrix Multiplication (4, 2), mask 6
Gate 3: [29, 28, ]
Fusing gate 6(1) for rank 8
c,t 29,28
Matrix Multiplication (4, 2), mask 3
Fusing gate 6(1) for rank 9
c,t 29,28
Matrix Multiplication (4, 2), mask 3
Fusing gate 6(1) for rank 10
c,t 29,28
Matrix Multiplication (4, 2), mask 3
Fusing gate 6(1) for rank 11
c,t 29,28
Matrix Multiplication (4, 2), mask 3
Current Layout0: [0, 1, 2, 3, 4, 5, 6, 7, 8, 9, 10, 11, 12, 13, 14, 15, 16, 17, 18, 19, 20, 21, 25, 26, 23, 24, 22, 27, 30, 29, 28, 31, Start fusing gates...
Reset qubit group map
(22, 25) (23, 26) (24, 23) (25, 24) (27, 27) current Layout: [0,1,2,3,4,5,6,7,8,9,10,11,12,13,14,15,16,17,18,19,20,21,25,26,23,24,22,27,30,29,28,31,]
Fusing Kernel (5 gates): qubits [23, 24, 25, 26, 27], gates fusion, qubits [23, 24, 25, 26, 27], gates CircuitSeq {
  [Q28, Q27] = cx(Q28, Q27)
  [Q27, Q26] = cx(Q27, Q26)
  [Q26, Q25] = cx(Q26, Q25)
  [Q25, Q24] = cx(Q25, Q24)
  [Q24, Q23] = cx(Q24, Q23)
}

Gate 0: [28, 27, ]
Fusing gate 6(1) for rank 8
c,t 28,27
Fusing gate 6(1) for rank 9
c,t 28,27
Fusing gate 6(1) for rank 10
c,t 28,27
Fusing gate 6(1) for rank 11
c,t 28,27
Gate 1: [27, 26, ]
Fusing gate 6(1) for rank 8
c,t 27,26
Matrix Multiplication (5, 2), mask 18
Fusing gate 6(1) for rank 9
c,t 27,26
Matrix Multiplication (5, 2), mask 18
Fusing gate 6(1) for rank 10
c,t 27,26
Matrix Multiplication (5, 2), mask 18
Fusing gate 6(1) for rank 11
c,t 27,26
Matrix Multiplication (5, 2), mask 18
Gate 2: [26, 25, ]
Fusing gate 6(1) for rank 8
c,t 26,25
Matrix Multiplication (5, 2), mask 3
Fusing gate 6(1) for rank 9
c,t 26,25
Matrix Multiplication (5, 2), mask 3
Fusing gate 6(1) for rank 10
c,t 26,25
Matrix Multiplication (5, 2), mask 3
Fusing gate 6(1) for rank 11
c,t 26,25
Matrix Multiplication (5, 2), mask 3
Gate 3: [25, 24, ]
Fusing gate 6(1) for rank 8
c,t 25,24
Matrix Multiplication (5, 2), mask 9
Fusing gate 6(1) for rank 9
c,t 25,24
Matrix Multiplication (5, 2), mask 9
Fusing gate 6(1) for rank 10
c,t 25,24
Matrix Multiplication (5, 2), mask 9
Fusing gate 6(1) for rank 11
c,t 25,24
Matrix Multiplication (5, 2), mask 9
Gate 4: [24, 23, ]
Fusing gate 6(1) for rank 8
c,t 24,23
Matrix Multiplication (5, 2), mask 12
Fusing gate 6(1) for rank 9
c,t 24,23
Matrix Multiplication (5, 2), mask 12
Fusing gate 6(1) for rank 10
c,t 24,23
Matrix Multiplication (5, 2), mask 12
Fusing gate 6(1) for rank 11
c,t 24,23
Matrix Multiplication (5, 2), mask 12
SHM Kernel Physical (6): [ 17,18,19,20,21,26]
shared_memory, qubits [17, 18, 19, 20, 21, 22], gates CircuitSeq {
  [Q23, Q22] = cx(Q23, Q22)
  [Q22, Q21] = cx(Q22, Q21)
  [Q21, Q20] = cx(Q21, Q20)
  [Q20, Q19] = cx(Q20, Q19)
  [Q19, Q18] = cx(Q19, Q18)
  [Q18, Q17] = cx(Q18, Q17)
}

SHM Kernel Physical (7): [ 10,11,12,13,14,15,16]
shared_memory, qubits [10, 11, 12, 13, 14, 15, 16], gates CircuitSeq {
  [Q17, Q16] = cx(Q17, Q16)
  [Q16, Q15] = cx(Q16, Q15)
  [Q15, Q14] = cx(Q15, Q14)
  [Q14, Q13] = cx(Q14, Q13)
  [Q13, Q12] = cx(Q13, Q12)
  [Q12, Q11] = cx(Q12, Q11)
  [Q11, Q10] = cx(Q11, Q10)
}

SHM Kernel Physical (10): [ 0,1,2,3,4,5,6,7,8,9]
shared_memory, qubits [0, 1, 2, 3, 4, 5, 6, 7, 8, 9], gates CircuitSeq {
  [Q10, Q9] = cx(Q10, Q9)
  [Q9, Q8] = cx(Q9, Q8)
  [Q8, Q7] = cx(Q8, Q7)
  [Q7, Q6] = cx(Q7, Q6)
  [Q6, Q5] = cx(Q6, Q5)
  [Q5, Q4] = cx(Q5, Q4)
  [Q4, Q3] = cx(Q4, Q3)
  [Q3, Q2] = cx(Q3, Q2)
  [Q2, Q1] = cx(Q2, Q1)
  [Q1, Q0] = cx(Q1, Q0)
}

Compilation Done! 
Num Shuffles: 1
Num FUSION Kernel: 2
Num SHM Kernel: 3
Start Simulating...
Computed and cached schedule in 3.933 seconds.
Current Layout0: [0, 1, 2, 3, 4, 5, 6, 7, 8, 9, 10, 11, 12, 13, 14, 15, 16, 17, 18, 19, 20, 21, 25, 26, 28, 29, 30, 31, 23, 24, 22, 27, Start fusing gates...
Reset qubit group map
(24, 28) (25, 29) (26, 30) (27, 31) current Layout: [0,1,2,3,4,5,6,7,8,9,10,11,12,13,14,15,16,17,18,19,20,21,25,26,28,29,30,31,23,24,22,27,]
Fusing Kernel (4 gates): qubits [28, 29, 30, 31], gates fusion, qubits [28, 29, 30, 31], gates CircuitSeq {
  Q31 = h(Q31)
  [Q31, Q30] = cx(Q31, Q30)
  [Q30, Q29] = cx(Q30, Q29)
  [Q29, Q28] = cx(Q29, Q28)
}

Gate 0: [31, ]
Fusing gate 0(0) for rank 0
t 31
Matrix Multiplication (4, 1), mask 8
Fusing gate 0(0) for rank 1
t 31
Matrix Multiplication (4, 1), mask 8
Fusing gate 0(0) for rank 2
t 31
Matrix Multiplication (4, 1), mask 8
Fusing gate 0(0) for rank 3
t 31
Matrix Multiplication (4, 1), mask 8
Gate 1: [31, 30, ]
Fusing gate 6(1) for rank 0
c,t 31,30
Matrix Multiplication (4, 2), mask 12
Fusing gate 6(1) for rank 1
c,t 31,30
Matrix Multiplication (4, 2), mask 12
Fusing gate 6(1) for rank 2
c,t 31,30
Matrix Multiplication (4, 2), mask 12
Fusing gate 6(1) for rank 3
c,t 31,30
Matrix Multiplication (4, 2), mask 12
Gate 2: [30, 29, ]
Fusing gate 6(1) for rank 0
c,t 30,29
Matrix Multiplication (4, 2), mask 6
Fusing gate 6(1) for rank 1
c,t 30,29
Matrix Multiplication (4, 2), mask 6
Fusing gate 6(1) for rank 2
c,t 30,29
Matrix Multiplication (4, 2), mask 6
Fusing gate 6(1) for rank 3
c,t 30,29
Matrix Multiplication (4, 2), mask 6
Gate 3: [29, 28, ]
Fusing gate 6(1) for rank 0
c,t 29,28
Matrix Multiplication (4, 2), mask 3
Fusing gate 6(1) for rank 1
c,t 29,28
Matrix Multiplication (4, 2), mask 3
Fusing gate 6(1) for rank 2
c,t 29,28
Matrix Multiplication (4, 2), mask 3
Fusing gate 6(1) for rank 3
c,t 29,28
Matrix Multiplication (4, 2), mask 3
Current Layout0: [0, 1, 2, 3, 4, 5, 6, 7, 8, 9, 10, 11, 12, 13, 14, 15, 16, 17, 18, 19, 20, 21, 25, 26, 23, 24, 22, 27, 30, 29, 28, 31, Start fusing gates...
Reset qubit group map
(22, 25) (23, 26) (24, 23) (25, 24) (27, 27) current Layout: [0,1,2,3,4,5,6,7,8,9,10,11,12,13,14,15,16,17,18,19,20,21,25,26,23,24,22,27,30,29,28,31,]
Fusing Kernel (5 gates): qubits [23, 24, 25, 26, 27], gates fusion, qubits [23, 24, 25, 26, 27], gates CircuitSeq {
  [Q28, Q27] = cx(Q28, Q27)
  [Q27, Q26] = cx(Q27, Q26)
  [Q26, Q25] = cx(Q26, Q25)
  [Q25, Q24] = cx(Q25, Q24)
  [Q24, Q23] = cx(Q24, Q23)
}

Gate 0: [28, 27, ]
Fusing gate 6(1) for rank 0
c,t 28,27
Fusing gate 6(1) for rank 1
c,t 28,27
Fusing gate 6(1) for rank 2
c,t 28,27
Fusing gate 6(1) for rank 3
c,t 28,27
Gate 1: [27, 26, ]
Fusing gate 6(1) for rank 0
c,t 27,26
Matrix Multiplication (5, 2), mask 18
Fusing gate 6(1) for rank 1
c,t 27,26
Matrix Multiplication (5, 2), mask 18
Fusing gate 6(1) for rank 2
c,t 27,26
Matrix Multiplication (5, 2), mask 18
Fusing gate 6(1) for rank 3
c,t 27,26
Matrix Multiplication (5, 2), mask 18
Gate 2: [26, 25, ]
Fusing gate 6(1) for rank 0
c,t 26,25
Matrix Multiplication (5, 2), mask 3
Fusing gate 6(1) for rank 1
c,t 26,25
Matrix Multiplication (5, 2), mask 3
Fusing gate 6(1) for rank 2
c,t 26,25
Matrix Multiplication (5, 2), mask 3
Fusing gate 6(1) for rank 3
c,t 26,25
Matrix Multiplication (5, 2), mask 3
Gate 3: [25, 24, ]
Fusing gate 6(1) for rank 0
c,t 25,24
Matrix Multiplication (5, 2), mask 9
Fusing gate 6(1) for rank 1
c,t 25,24
Matrix Multiplication (5, 2), mask 9
Fusing gate 6(1) for rank 2
c,t 25,24
Matrix Multiplication (5, 2), mask 9
Fusing gate 6(1) for rank 3
c,t 25,24
Matrix Multiplication (5, 2), mask 9
Gate 4: [24, 23, ]
Fusing gate 6(1) for rank 0
c,t 24,23
Matrix Multiplication (5, 2), mask 12
Fusing gate 6(1) for rank 1
c,t 24,23
Matrix Multiplication (5, 2), mask 12
Fusing gate 6(1) for rank 2
c,t 24,23
Matrix Multiplication (5, 2), mask 12
Fusing gate 6(1) for rank 3
c,t 24,23
Matrix Multiplication (5, 2), mask 12
SHM Kernel Physical (6): [ 17,18,19,20,21,26]
shared_memory, qubits [17, 18, 19, 20, 21, 22], gates CircuitSeq {
  [Q23, Q22] = cx(Q23, Q22)
  [Q22, Q21] = cx(Q22, Q21)
  [Q21, Q20] = cx(Q21, Q20)
  [Q20, Q19] = cx(Q20, Q19)
  [Q19, Q18] = cx(Q19, Q18)
  [Q18, Q17] = cx(Q18, Q17)
}

SHM Kernel Physical (7): [ 10,11,12,13,14,15,16]
shared_memory, qubits [10, 11, 12, 13, 14, 15, 16], gates CircuitSeq {
  [Q17, Q16] = cx(Q17, Q16)
  [Q16, Q15] = cx(Q16, Q15)
  [Q15, Q14] = cx(Q15, Q14)
  [Q14, Q13] = cx(Q14, Q13)
  [Q13, Q12] = cx(Q13, Q12)
  [Q12, Q11] = cx(Q12, Q11)
  [Q11, Q10] = cx(Q11, Q10)
}

SHM Kernel Physical (10): [ 0,1,2,3,4,5,6,7,8,9]
shared_memory, qubits [0, 1, 2, 3, 4, 5, 6, 7, 8, 9], gates CircuitSeq {
  [Q10, Q9] = cx(Q10, Q9)
  [Q9, Q8] = cx(Q9, Q8)
  [Q8, Q7] = cx(Q8, Q7)
  [Q7, Q6] = cx(Q7, Q6)
  [Q6, Q5] = cx(Q6, Q5)
  [Q5, Q4] = cx(Q5, Q4)
  [Q4, Q3] = cx(Q4, Q3)
  [Q3, Q2] = cx(Q3, Q2)
  [Q2, Q1] = cx(Q2, Q1)
  [Q1, Q0] = cx(Q1, Q0)
}

Compilation Done! 
Num Shuffles: 1
Num FUSION Kernel: 2
Num SHM Kernel: 3
Start Simulating...
[warmup] size total:268435456
[warmup] size total:268435456
NCCL comm nRanks: 16, i am 0
I am 0, mask 15, I am sending to 0
I am 0, mask 15, I am sending to 1
I am 0, mask 15, I am sending to 2
I am 0, mask 15, I am sending to 3
I am 0, mask 15, I am sending to 4
I am 0, mask 15, I am sending to 5
I am 0, mask 15, I am sending to 6
I am 0, mask 15, I am sending to 7
I am 0, mask 15, I am sending to 8
I am 0, mask 15, I am sending to 9
I am 0, mask 15, I am sending to 10
I am 0, mask 15, I am sending to 11
I am 0, mask 15, I am sending to 12
I am 0, mask 15, I am sending to 13
I am 0, mask 15, I am sending to 14
I am 0, mask 15, I am sending to 15
NCCL comm nRanks: 16, i am 1
I am 1, mask 15, I am sending to 0
I am 1, mask 15, I am sending to 1
I am 1, mask 15, I am sending to 2
I am 1, mask 15, I am sending to 3
I am 1, mask 15, I am sending to 4
I am 1, mask 15, I am sending to 5
I am 1, mask 15, I am sending to 6
I am 1, mask 15, I am sending to 7
I am 1, mask 15, I am sending to 8
I am 1, mask 15, I am sending to 9
I am 1, mask 15, I am sending to 10
I am 1, mask 15, I am sending to 11
I am 1, mask 15, I am sending to 12
I am 1, mask 15, I am sending to 13
I am 1, mask 15, I am sending to 14
I am 1, mask 15, I am sending to 15
NCCL comm nRanks: 16, i am 2
I am 2, mask 15, I am sending to 0
I am 2, mask 15, I am sending to 1
I am 2, mask 15, I am sending to 2
I am 2, mask 15, I am sending to 3
I am 2, mask 15, I am sending to 4
I am 2, mask 15, I am sending to 5
I am 2, mask 15, I am sending to 6
I am 2, mask 15, I am sending to 7
I am 2, mask 15, I am sending to 8
I am 2, mask 15, I am sending to 9
I am 2, mask 15, I am sending to 10
I am 2, mask 15, I am sending to 11
I am 2, mask 15, I am sending to 12
I am 2, mask 15, I am sending to 13
I am 2, mask 15, I am sending to 14
I am 2, mask 15, I am sending to 15
NCCL comm nRanks: 16, i am 3
I am 3, mask 15, I am sending to 0
I am 3, mask 15, I am sending to 1
I am 3, mask 15, I am sending to 2
I am 3, mask 15, I am sending to 3
I am 3, mask 15, I am sending to 4
I am 3, mask 15, I am sending to 5
I am 3, mask 15, I am sending to 6
I am 3, mask 15, I am sending to 7
I am 3, mask 15, I am sending to 8
I am 3, mask 15, I am sending to 9
I am 3, mask 15, I am sending to 10
I am 3, mask 15, I am sending to 11
I am 3, mask 15, I am sending to 12
I am 3, mask 15, I am sending to 13
I am 3, mask 15, I am sending to 14
I am 3, mask 15, I am sending to 15
NCCL comm nRanks: 16, i am 12
I am 12, mask 15, I am sending to 0
I am 12, mask 15, I am sending to 1
I am 12, mask 15, I am sending to 2
I am 12, mask 15, I am sending to 3
I am 12, mask 15, I am sending to 4
I am 12, mask 15, I am sending to 5
I am 12, mask 15, I am sending to 6
I am 12, mask 15, I am sending to 7
I am 12, mask 15, I am sending to 8
I am 12, mask 15, I am sending to 9
I am 12, mask 15, I am sending to 10
I am 12, mask 15, I am sending to 11
I am 12, mask 15, I am sending to 12
I am 12, mask 15, I am sending to 13
I am 12, mask 15, I am sending to 14
I am 12, mask 15, I am sending to 15
NCCL comm nRanks: 16, i am 13
I am 13, mask 15, I am sending to 0
I am 13, mask 15, I am sending to 1
I am 13, mask 15, I am sending to 2
I am 13, mask 15, I am sending to 3
I am 13, mask 15, I am sending to 4
I am 13, mask 15, I am sending to 5
I am 13, mask 15, I am sending to 6
I am 13, mask 15, I am sending to 7
I am 13, mask 15, I am sending to 8
I am 13, mask 15, I am sending to 9
I am 13, mask 15, I am sending to 10
I am 13, mask 15, I am sending to 11
I am 13, mask 15, I am sending to 12
I am 13, mask 15, I am sending to 13
I am 13, mask 15, I am sending to 14
I am 13, mask 15, I am sending to 15
NCCL comm nRanks: 16, i am 14
I am 14, mask 15, I am sending to 0
I am 14, mask 15, I am sending to 1
I am 14, mask 15, I am sending to 2
I am 14, mask 15, I am sending to 3
I am 14, mask 15, I am sending to 4
I am 14, mask 15, I am sending to 5
I am 14, mask 15, I am sending to 6
I am 14, mask 15, I am sending to 7
I am 14, mask 15, I am sending to 8
I am 14, mask 15, I am sending to 9
I am 14, mask 15, I am sending to 10
I am 14, mask 15, I am sending to 11
I am 14, mask 15, I am sending to 12
I am 14, mask 15, I am sending to 13
I am 14, mask 15, I am sending to 14
I am 14, mask 15, I am sending to 15
NCCL comm nRanks: 16, i am 15
I am 15, mask 15, I am sending to 0
I am 15, mask 15, I am sending to 1
I am 15, mask 15, I am sending to 2
I am 15, mask 15, I am sending to 3
I am 15, mask 15, I am sending to 4
I am 15, mask 15, I am sending to 5
I am 15, mask 15, I am sending to 6
I am 15, mask 15, I am sending to 7
I am 15, mask 15, I am sending to 8
I am 15, mask 15, I am sending to 9
I am 15, mask 15, I am sending to 10
I am 15, mask 15, I am sending to 11
I am 15, mask 15, I am sending to 12
I am 15, mask 15, I am sending to 13
I am 15, mask 15, I am sending to 14
I am 15, mask 15, I am sending to 15
[warmup] size total:268435456
[warmup] size total:268435456
NCCL comm nRanks: 16, i am 8
I am 8, mask 15, I am sending to 0
I am 8, mask 15, I am sending to 1
I am 8, mask 15, I am sending to 2
I am 8, mask 15, I am sending to 3
I am 8, mask 15, I am sending to 4
I am 8, mask 15, I am sending to 5
I am 8, mask 15, I am sending to 6
I am 8, mask 15, I am sending to 7
I am 8, mask 15, I am sending to 8
I am 8, mask 15, I am sending to 9
I am 8, mask 15, I am sending to 10
I am 8, mask 15, I am sending to 11
I am 8, mask 15, I am sending to 12
I am 8, mask 15, I am sending to 13
I am 8, mask 15, I am sending to 14
I am 8, mask 15, I am sending to 15
NCCL comm nRanks: 16, i am 9
I am 9, mask 15, I am sending to 0
I am 9, mask 15, I am sending to 1
I am 9, mask 15, I am sending to 2
I am 9, mask 15, I am sending to 3
I am 9, mask 15, I am sending to 4
I am 9, mask 15, I am sending to 5
I am 9, mask 15, I am sending to 6
I am 9, mask 15, I am sending to 7
I am 9, mask 15, I am sending to 8
I am 9, mask 15, I am sending to 9
I am 9, mask 15, I am sending to 10
I am 9, mask 15, I am sending to 11
I am 9, mask 15, I am sending to 12
I am 9, mask 15, I am sending to 13
I am 9, mask 15, I am sending to 14
I am 9, mask 15, I am sending to 15
NCCL comm nRanks: 16, i am 10
I am 10, mask 15, I am sending to 0
I am 10, mask 15, I am sending to 1
I am 10, mask 15, I am sending to 2
I am 10, mask 15, I am sending to 3
I am 10, mask 15, I am sending to 4
I am 10, mask 15, I am sending to 5
I am 10, mask 15, I am sending to 6
I am 10, mask 15, I am sending to 7
I am 10, mask 15, I am sending to 8
I am 10, mask 15, I am sending to 9
I am 10, mask 15, I am sending to 10
I am 10, mask 15, I am sending to 11
I am 10, mask 15, I am sending to 12
I am 10, mask 15, I am sending to 13
I am 10, mask 15, I am sending to 14
I am 10, mask 15, I am sending to 15
NCCL comm nRanks: 16, i am 11
I am 11, mask 15, I am sending to 0
I am 11, mask 15, I am sending to 1
I am 11, mask 15, I am sending to 2
I am 11, mask 15, I am sending to 3
I am 11, mask 15, I am sending to 4
I am 11, mask 15, I am sending to 5
I am 11, mask 15, I am sending to 6
I am 11, mask 15, I am sending to 7
I am 11, mask 15, I am sending to 8
I am 11, mask 15, I am sending to 9
I am 11, mask 15, I am sending to 10
I am 11, mask 15, I am sending to 11
I am 11, mask 15, I am sending to 12
I am 11, mask 15, I am sending to 13
I am 11, mask 15, I am sending to 14
I am 11, mask 15, I am sending to 15
NCCL comm nRanks: 16, i am 4
I am 4, mask 15, I am sending to 0
I am 4, mask 15, I am sending to 1
I am 4, mask 15, I am sending to 2
I am 4, mask 15, I am sending to 3
I am 4, mask 15, I am sending to 4
I am 4, mask 15, I am sending to 5
I am 4, mask 15, I am sending to 6
I am 4, mask 15, I am sending to 7
I am 4, mask 15, I am sending to 8
I am 4, mask 15, I am sending to 9
I am 4, mask 15, I am sending to 10
I am 4, mask 15, I am sending to 11
I am 4, mask 15, I am sending to 12
I am 4, mask 15, I am sending to 13
I am 4, mask 15, I am sending to 14
I am 4, mask 15, I am sending to 15
NCCL comm nRanks: 16, i am 5
I am 5, mask 15, I am sending to 0
I am 5, mask 15, I am sending to 1
I am 5, mask 15, I am sending to 2
I am 5, mask 15, I am sending to 3
I am 5, mask 15, I am sending to 4
I am 5, mask 15, I am sending to 5
I am 5, mask 15, I am sending to 6
I am 5, mask 15, I am sending to 7
I am 5, mask 15, I am sending to 8
I am 5, mask 15, I am sending to 9
I am 5, mask 15, I am sending to 10
I am 5, mask 15, I am sending to 11
I am 5, mask 15, I am sending to 12
I am 5, mask 15, I am sending to 13
I am 5, mask 15, I am sending to 14
I am 5, mask 15, I am sending to 15
NCCL comm nRanks: 16, i am 6
I am 6, mask 15, I am sending to 0
I am 6, mask 15, I am sending to 1
I am 6, mask 15, I am sending to 2
I am 6, mask 15, I am sending to 3
I am 6, mask 15, I am sending to 4
I am 6, mask 15, I am sending to 5
I am 6, mask 15, I am sending to 6
I am 6, mask 15, I am sending to 7
I am 6, mask 15, I am sending to 8
I am 6, mask 15, I am sending to 9
I am 6, mask 15, I am sending to 10
I am 6, mask 15, I am sending to 11
I am 6, mask 15, I am sending to 12
I am 6, mask 15, I am sending to 13
I am 6, mask 15, I am sending to 14
I am 6, mask 15, I am sending to 15
NCCL comm nRanks: 16, i am 7
I am 7, mask 15, I am sending to 0
I am 7, mask 15, I am sending to 1
I am 7, mask 15, I am sending to 2
I am 7, mask 15, I am sending to 3
I am 7, mask 15, I am sending to 4
I am 7, mask 15, I am sending to 5
I am 7, mask 15, I am sending to 6
I am 7, mask 15, I am sending to 7
I am 7, mask 15, I am sending to 8
I am 7, mask 15, I am sending to 9
I am 7, mask 15, I am sending to 10
I am 7, mask 15, I am sending to 11
I am 7, mask 15, I am sending to 12
I am 7, mask 15, I am sending to 13
I am 7, mask 15, I am sending to 14
I am 7, mask 15, I am sending to 15
hello checking all2all
hello checking all2all
hello checking all2all
hello checking all2all
Init State Vectors!
Init State Vectors!
Using NCCL for cross-node shuffle
Using NCCL for cross-node shuffle
Init State Vectors!
Init State Vectors!
Using NCCL for cross-node shuffle
Using NCCL for cross-node shuffle
My physical id:4, 15
NCCL comm nRanks: 16, i am 4
I am 4, mask 15, I am sending to 0
I am 4, mask 15, I am sending to 1
I am 4, mask 15, I am sending to 2
I am 4, mask 15, I am sending to 3
I am 4, mask 15, I am sending to 4
I am 4, mask 15, I am sending to 5
I am 4, mask 15, I am sending to 6
I am 4, mask 15, I am sending to 7
I am 4, mask 15, I am sending to 8
I am 4, mask 15, I am sending to 9
I am 4, mask 15, I am sending to 10
I am 4, mask 15, I am sending to 11
I am 4, mask 15, I am sending to 12
I am 4, mask 15, I am sending to 13
I am 4, mask 15, I am sending to 14
I am 4, mask 15, I am sending to 15
My physical id:5, 15
NCCL comm nRanks: 16, i am 5
I am 5, mask 15, I am sending to 0
I am 5, mask 15, I am sending to 1
I am 5, mask 15, I am sending to 2
I am 5, mask 15, I am sending to 3
I am 5, mask 15, I am sending to 4
I am 5, mask 15, I am sending to 5
I am 5, mask 15, I am sending to 6
I am 5, mask 15, I am sending to 7
I am 5, mask 15, I am sending to 8
I am 5, mask 15, I am sending to 9
I am 5, mask 15, I am sending to 10
I am 5, mask 15, I am sending to 11
I am 5, mask 15, I am sending to 12
I am 5, mask 15, I am sending to 13
I am 5, mask 15, I am sending to 14
I am 5, mask 15, I am sending to 15
My physical id:6, 15
NCCL comm nRanks: 16, i am 6
I am 6, mask 15, I am sending to 0
I am 6, mask 15, I am sending to 1
I am 6, mask 15, I am sending to 2
I am 6, mask 15, I am sending to 3
I am 6, mask 15, I am sending to 4
I am 6, mask 15, I am sending to 5
I am 6, mask 15, I am sending to 6
I am 6, mask 15, I am sending to 7
I am 6, mask 15, I am sending to 8
I am 6, mask 15, I am sending to 9
I am 6, mask 15, I am sending to 10
I am 6, mask 15, I am sending to 11
I am 6, mask 15, I am sending to 12
I am 6, mask 15, I am sending to 13
I am 6, mask 15, I am sending to 14
I am 6, mask 15, I am sending to 15
My physical id:7, 15
NCCL comm nRanks: 16, i am 7
I am 7, mask 15, I am sending to 0
I am 7, mask 15, I am sending to 1
I am 7, mask 15, I am sending to 2
I am 7, mask 15, I am sending to 3
I am 7, mask 15, I am sending to 4
I am 7, mask 15, I am sending to 5
I am 7, mask 15, I am sending to 6
I am 7, mask 15, I am sending to 7
I am 7, mask 15, I am sending to 8
I am 7, mask 15, I am sending to 9
I am 7, mask 15, I am sending to 10
I am 7, mask 15, I am sending to 11
I am 7, mask 15, I am sending to 12
I am 7, mask 15, I am sending to 13
I am 7, mask 15, I am sending to 14
I am 7, mask 15, I am sending to 15
My physical id:12, 15
NCCL comm nRanks: 16, i am 12
I am 12, mask 15, I am sending to 0
I am 12, mask 15, I am sending to 1
I am 12, mask 15, I am sending to 2
I am 12, mask 15, I am sending to 3
I am 12, mask 15, I am sending to 4
I am 12, mask 15, I am sending to 5
I am 12, mask 15, I am sending to 6
I am 12, mask 15, I am sending to 7
I am 12, mask 15, I am sending to 8
I am 12, mask 15, I am sending to 9
I am 12, mask 15, I am sending to 10
I am 12, mask 15, I am sending to 11
I am 12, mask 15, I am sending to 12
I am 12, mask 15, I am sending to 13
I am 12, mask 15, I am sending to 14
I am 12, mask 15, I am sending to 15
My physical id:13, 15
NCCL comm nRanks: 16, i am 13
I am 13, mask 15, I am sending to 0
I am 13, mask 15, I am sending to 1
I am 13, mask 15, I am sending to 2
I am 13, mask 15, I am sending to 3
I am 13, mask 15, I am sending to 4
I am 13, mask 15, I am sending to 5
I am 13, mask 15, I am sending to 6
I am 13, mask 15, I am sending to 7
I am 13, mask 15, I am sending to 8
I am 13, mask 15, I am sending to 9
I am 13, mask 15, I am sending to 10
I am 13, mask 15, I am sending to 11
I am 13, mask 15, I am sending to 12
I am 13, mask 15, I am sending to 13
I am 13, mask 15, I am sending to 14
I am 13, mask 15, I am sending to 15
My physical id:14, 15
NCCL comm nRanks: 16, i am 14
I am 14, mask 15, I am sending to 0
I am 14, mask 15, I am sending to 1
I am 14, mask 15, I am sending to 2
I am 14, mask 15, I am sending to 3
I am 14, mask 15, I am sending to 4
I am 14, mask 15, I am sending to 5
I am 14, mask 15, I am sending to 6
I am 14, mask 15, I am sending to 7
I am 14, mask 15, I am sending to 8
I am 14, mask 15, I am sending to 9
I am 14, mask 15, I am sending to 10
I am 14, mask 15, I am sending to 11
I am 14, mask 15, I am sending to 12
I am 14, mask 15, I am sending to 13
I am 14, mask 15, I am sending to 14
I am 14, mask 15, I am sending to 15
My physical id:15, 15
NCCL comm nRanks: 16, i am 15
I am 15, mask 15, I am sending to 0
I am 15, mask 15, I am sending to 1
I am 15, mask 15, I am sending to 2
I am 15, mask 15, I am sending to 3
I am 15, mask 15, I am sending to 4
I am 15, mask 15, I am sending to 5
I am 15, mask 15, I am sending to 6
I am 15, mask 15, I am sending to 7
I am 15, mask 15, I am sending to 8
I am 15, mask 15, I am sending to 9
I am 15, mask 15, I am sending to 10
I am 15, mask 15, I am sending to 11
I am 15, mask 15, I am sending to 12
I am 15, mask 15, I am sending to 13
I am 15, mask 15, I am sending to 14
I am 15, mask 15, I am sending to 15
My physical id:8, 15
NCCL comm nRanks: 16, i am 8
I am 8, mask 15, I am sending to 0
I am 8, mask 15, I am sending to 1
I am 8, mask 15, I am sending to 2
I am 8, mask 15, I am sending to 3
I am 8, mask 15, I am sending to 4
I am 8, mask 15, I am sending to 5
I am 8, mask 15, I am sending to 6
I am 8, mask 15, I am sending to 7
I am 8, mask 15, I am sending to 8
I am 8, mask 15, I am sending to 9
I am 8, mask 15, I am sending to 10
I am 8, mask 15, I am sending to 11
I am 8, mask 15, I am sending to 12
I am 8, mask 15, I am sending to 13
I am 8, mask 15, I am sending to 14
I am 8, mask 15, I am sending to 15
My physical id:9, 15
NCCL comm nRanks: 16, i am 9
I am 9, mask 15, I am sending to 0
I am 9, mask 15, I am sending to 1
I am 9, mask 15, I am sending to 2
I am 9, mask 15, I am sending to 3
I am 9, mask 15, I am sending to 4
I am 9, mask 15, I am sending to 5
I am 9, mask 15, I am sending to 6
I am 9, mask 15, I am sending to 7
I am 9, mask 15, I am sending to 8
I am 9, mask 15, I am sending to 9
I am 9, mask 15, I am sending to 10
I am 9, mask 15, I am sending to 11
I am 9, mask 15, I am sending to 12
I am 9, mask 15, I am sending to 13
I am 9, mask 15, I am sending to 14
I am 9, mask 15, I am sending to 15
My physical id:10, 15
NCCL comm nRanks: 16, i am 10
I am 10, mask 15, I am sending to 0
I am 10, mask 15, I am sending to 1
I am 10, mask 15, I am sending to 2
I am 10, mask 15, I am sending to 3
I am 10, mask 15, I am sending to 4
I am 10, mask 15, I am sending to 5
I am 10, mask 15, I am sending to 6
I am 10, mask 15, I am sending to 7
I am 10, mask 15, I am sending to 8
I am 10, mask 15, I am sending to 9
I am 10, mask 15, I am sending to 10
I am 10, mask 15, I am sending to 11
I am 10, mask 15, I am sending to 12
I am 10, mask 15, I am sending to 13
I am 10, mask 15, I am sending to 14
I am 10, mask 15, I am sending to 15
My physical id:11, 15
NCCL comm nRanks: 16, i am 11
I am 11, mask 15, I am sending to 0
I am 11, mask 15, I am sending to 1
I am 11, mask 15, I am sending to 2
I am 11, mask 15, I am sending to 3
I am 11, mask 15, I am sending to 4
I am 11, mask 15, I am sending to 5
I am 11, mask 15, I am sending to 6
I am 11, mask 15, I am sending to 7
I am 11, mask 15, I am sending to 8
I am 11, mask 15, I am sending to 9
I am 11, mask 15, I am sending to 10
I am 11, mask 15, I am sending to 11
I am 11, mask 15, I am sending to 12
I am 11, mask 15, I am sending to 13
I am 11, mask 15, I am sending to 14
I am 11, mask 15, I am sending to 15
My physical id:0, 15
NCCL comm nRanks: 16, i am 0
I am 0, mask 15, I am sending to 0
I am 0, mask 15, I am sending to 1
I am 0, mask 15, I am sending to 2
I am 0, mask 15, I am sending to 3
I am 0, mask 15, I am sending to 4
I am 0, mask 15, I am sending to 5
I am 0, mask 15, I am sending to 6
I am 0, mask 15, I am sending to 7
I am 0, mask 15, I am sending to 8
I am 0, mask 15, I am sending to 9
I am 0, mask 15, I am sending to 10
I am 0, mask 15, I am sending to 11
I am 0, mask 15, I am sending to 12
I am 0, mask 15, I am sending to 13
I am 0, mask 15, I am sending to 14
I am 0, mask 15, I am sending to 15
My physical id:1, 15
NCCL comm nRanks: 16, i am 1
I am 1, mask 15, I am sending to 0
I am 1, mask 15, I am sending to 1
I am 1, mask 15, I am sending to 2
I am 1, mask 15, I am sending to 3
I am 1, mask 15, I am sending to 4
I am 1, mask 15, I am sending to 5
I am 1, mask 15, I am sending to 6
I am 1, mask 15, I am sending to 7
I am 1, mask 15, I am sending to 8
I am 1, mask 15, I am sending to 9
I am 1, mask 15, I am sending to 10
I am 1, mask 15, I am sending to 11
I am 1, mask 15, I am sending to 12
I am 1, mask 15, I am sending to 13
I am 1, mask 15, I am sending to 14
I am 1, mask 15, I am sending to 15
My physical id:2, 15
NCCL comm nRanks: 16, i am 2
I am 2, mask 15, I am sending to 0
I am 2, mask 15, I am sending to 1
I am 2, mask 15, I am sending to 2
I am 2, mask 15, I am sending to 3
I am 2, mask 15, I am sending to 4
I am 2, mask 15, I am sending to 5
I am 2, mask 15, I am sending to 6
I am 2, mask 15, I am sending to 7
I am 2, mask 15, I am sending to 8
I am 2, mask 15, I am sending to 9
I am 2, mask 15, I am sending to 10
I am 2, mask 15, I am sending to 11
I am 2, mask 15, I am sending to 12
I am 2, mask 15, I am sending to 13
I am 2, mask 15, I am sending to 14
I am 2, mask 15, I am sending to 15
My physical id:3, 15
NCCL comm nRanks: 16, i am 3
I am 3, mask 15, I am sending to 0
I am 3, mask 15, I am sending to 1
I am 3, mask 15, I am sending to 2
I am 3, mask 15, I am sending to 3
I am 3, mask 15, I am sending to 4
I am 3, mask 15, I am sending to 5
I am 3, mask 15, I am sending to 6
I am 3, mask 15, I am sending to 7
I am 3, mask 15, I am sending to 8
I am 3, mask 15, I am sending to 9
I am 3, mask 15, I am sending to 10
I am 3, mask 15, I am sending to 11
I am 3, mask 15, I am sending to 12
I am 3, mask 15, I am sending to 13
I am 3, mask 15, I am sending to 14
I am 3, mask 15, I am sending to 15
[NCCL Rank 4] Shuffle Time: 209.63ms
[NCCL Rank 5] Shuffle Time: 209.72ms
[NCCL Rank 6] Shuffle Time: 210.11ms
[NCCL Rank 7] Shuffle Time: 210.12ms
[NCCL Rank 8] Shuffle Time: 207.55ms
[NCCL Rank 9] Shuffle Time: 207.57ms
[NCCL Rank 10] Shuffle Time: 208.33ms
[NCCL Rank 11] Shuffle Time: 208.34ms
[NCCL Rank 12] Shuffle Time: 212.31ms
[NCCL Rank 13] Shuffle Time: 212.33ms
[NCCL Rank 0] Shuffle Time: 202.84ms
[NCCL Rank 1] Shuffle Time: 202.87ms
[NCCL Rank 2] Shuffle Time: 202.88ms
[NCCL Rank 14] Shuffle Time: 213.05ms
[NCCL Rank 15] Shuffle Time: 213.06ms
[NCCL Rank 3] Shuffle Time: 202.89ms
Finish Simulating! Total: 2 FUSE Kernel, 3 SHM Kernel, 1 Shuffles.
Finish Simulating! Total: 2 FUSE Kernel, 3 SHM Kernel, 1 Shuffles.
Finish Simulating! Total: 2 FUSE Kernel, 3 SHM Kernel, 1 Shuffles.
Finish Simulating! Total: 2 FUSE Kernel, 3 SHM Kernel, 1 Shuffles.
[NCCL Rank 4] Total Simulation Time: 271.92ms
[NCCL Rank 5] Total Simulation Time: 272.21ms
[NCCL Rank 8] Total Simulation Time: 274.24ms
[NCCL Rank 9] Total Simulation Time: 274.45ms
[NCCL Rank 6] Total Simulation Time: 275.57ms
[NCCL Rank 7] Total Simulation Time: 275.58ms
[NCCL Rank 0] Total Simulation Time: 276.39ms
[NCCL Rank 1] Total Simulation Time: 276.75ms
[NCCL Rank 10] Total Simulation Time: 277.97ms
[NCCL Rank 11] Total Simulation Time: 277.98ms
[NCCL Rank 12] Total Simulation Time: 278.83ms
[NCCL Rank 2] Total Simulation Time: 280.02ms
[NCCL Rank 3] Total Simulation Time: 280.03ms
[MPI Rank 0]: Shuffle 0 cost 202.87ms on average.
[NCCL Rank 13] Total Simulation Time: 280.52ms
[NCCL Rank 14] Total Simulation Time: 284.88ms
[NCCL Rank 15] Total Simulation Time: 284.89ms
[MPI Rank 3]: Destroyed everthing!
Time Cost: 435860 us
Destroyed the simulator
[MPI Rank 0]: Destroyed everthing!
Time Cost: 452538 us
Destroyed the simulator
[MPI Rank 1]: Destroyed everthing!
Time Cost: 453003 us
Destroyed the simulator
[MPI Rank 2]: Destroyed everthing!
Time Cost: 468949 us
Destroyed the simulator
