Num ranks: 32, myrank: 1
Num ranks: 32, myrank: 10
Num ranks: 32, myrank: 6
Num ranks: 32, myrank: 13
Num ranks: 32, myrank: 4
Num ranks: 32, myrank: 7
Num ranks: 32, myrank: 25
Num ranks: 32, myrank: 19
Num ranks: 32, myrank: 27
Num ranks: 32, myrank: 12
Num ranks: 32, myrank: 5
Num ranks: 32, myrank: 29
Num ranks: 32, myrank: 9
Num ranks: 32, myrank: 18
Num ranks: 32, myrank: 24
Num ranks: 32, myrank: 30
Num ranks: 32, myrank: 8
Num ranks: 32, myrank: 22
Num ranks: 32, myrank: 17
Num ranks: 32, myrank: 21
Num ranks: 32, myrank: 23
Num ranks: 32, myrank: 31
Num ranks: 32, myrank: 16
Num ranks: 32, myrank: 2
Num ranks: 32, myrank: 20
Num ranks: 32, myrank: 15
Num ranks: 32, myrank: 28
Num ranks: 32, myrank: 11
Num ranks: 32, myrank: 26
Num ranks: 32, myrank: 14
Num ranks: 32, myrank: 3
Num ranks: 32, myrank: 0
Use cached schedule
Use cached schedule
Use cached schedule
Use cached schedule
Use cached schedule
Use cached schedule
Use cached schedule
Use cached schedule
Use cached schedule
Use cached schedule
Use cached schedule
Use cached schedule
Use cached schedule
Use cached schedule
Use cached schedule
Use cached schedule
Use cached schedule
Use cached schedule
Use cached schedule
Use cached schedule
Use cached schedule
Use cached schedule
Use cached schedule
Use cached schedule
Use cached schedule
Use cached schedule
Use cached schedule
Use cached schedule
Compilation Done! 
Num Shuffles: 1
Num FUSION Kernel: 6
Num SHM Kernel: 1
Start Simulating...
Use cached schedule
Compilation Done! 
Num Shuffles: 1
Num FUSION Kernel: 6
Num SHM Kernel: 1
Start Simulating...
Compilation Done! 
Num Shuffles: 1
Num FUSION Kernel: 6
Num SHM Kernel: 1
Start Simulating...
Compilation Done! 
Num Shuffles: 1
Num FUSION Kernel: 6
Num SHM Kernel: 1
Start Simulating...
Compilation Done! 
Num Shuffles: 1
Num FUSION Kernel: 6
Num SHM Kernel: 1
Start Simulating...
Compilation Done! 
Num Shuffles: 1
Num FUSION Kernel: 6
Num SHM Kernel: 1
Start Simulating...
Compilation Done! 
Num Shuffles: 1
Num FUSION Kernel: 6
Num SHM Kernel: 1
Start Simulating...
Compilation Done! 
Num Shuffles: 1
Num FUSION Kernel: 6
Num SHM Kernel: 1
Start Simulating...
Use cached schedule
Compilation Done! 
Num Shuffles: 1
Num FUSION Kernel: 6
Num SHM Kernel: 1
Start Simulating...
Use cached schedule
Use cached schedule
Compilation Done! 
Num Shuffles: 1
Num FUSION Kernel: 6
Num SHM Kernel: 1
Start Simulating...
Compilation Done! 
Num Shuffles: 1
Num FUSION Kernel: 6
Num SHM Kernel: 1
Start Simulating...
Compilation Done! 
Num Shuffles: 1
Num FUSION Kernel: 6
Num SHM Kernel: 1
Start Simulating...
Compilation Done! 
Num Shuffles: 1
Num FUSION Kernel: 6
Num SHM Kernel: 1
Start Simulating...
Compilation Done! 
Num Shuffles: 1
Num FUSION Kernel: 6
Num SHM Kernel: 1
Start Simulating...
Compilation Done! 
Num Shuffles: 1
Num FUSION Kernel: 6
Num SHM Kernel: 1
Start Simulating...
Compilation Done! 
Num Shuffles: 1
Num FUSION Kernel: 6
Num SHM Kernel: 1
Start Simulating...
Compilation Done! 
Num Shuffles: 1
Num FUSION Kernel: 6
Num SHM Kernel: 1
Start Simulating...
Compilation Done! 
Num Shuffles: 1
Num FUSION Kernel: 6
Num SHM Kernel: 1
Start Simulating...
Compilation Done! 
Num Shuffles: 1
Num FUSION Kernel: 6
Num SHM Kernel: 1
Start Simulating...
Compilation Done! 
Num Shuffles: 1
Num FUSION Kernel: 6
Num SHM Kernel: 1
Start Simulating...
Compilation Done! 
Num Shuffles: 1
Num FUSION Kernel: 6
Num SHM Kernel: 1
Start Simulating...
Compilation Done! 
Num Shuffles: 1
Num FUSION Kernel: 6
Num SHM Kernel: 1
Start Simulating...
Compilation Done! 
Num Shuffles: 1
Num FUSION Kernel: 6
Num SHM Kernel: 1
Start Simulating...
Compilation Done! 
Num Shuffles: 1
Num FUSION Kernel: 6
Num SHM Kernel: 1
Start Simulating...
Compilation Done! 
Num Shuffles: 1
Num FUSION Kernel: 6
Num SHM Kernel: 1
Start Simulating...
Compilation Done! 
Num Shuffles: 1
Num FUSION Kernel: 6
Num SHM Kernel: 1
Start Simulating...
Compilation Done! 
Num Shuffles: 1
Num FUSION Kernel: 6
Num SHM Kernel: 1
Start Simulating...
Compilation Done! 
Num Shuffles: 1
Num FUSION Kernel: 6
Num SHM Kernel: 1
Start Simulating...
Compilation Done! 
Num Shuffles: 1
Num FUSION Kernel: 6
Num SHM Kernel: 1
Start Simulating...
Compilation Done! 
Num Shuffles: 1
Num FUSION Kernel: 6
Num SHM Kernel: 1
Start Simulating...
Compilation Done! 
Num Shuffles: 1
Num FUSION Kernel: 6
Num SHM Kernel: 1
Start Simulating...
Compilation Done! 
Num Shuffles: 1
Num FUSION Kernel: 6
Num SHM Kernel: 1
Start Simulating...
[warmup] size total:33554432
[warmup] size total:33554432
[warmup] size total:33554432
[warmup] size total:33554432
[warmup] size total:33554432
[warmup] size total:33554432
[warmup] size total:33554432
[warmup] size total:33554432
[warmup] size total:33554432
[warmup] size total:33554432
[warmup] size total:33554432
[warmup] size total:33554432
[warmup] size total:33554432
[warmup] size total:33554432
[warmup] size total:33554432
[warmup] size total:33554432
[warmup] size total:33554432
[warmup] size total:33554432
[warmup] size total:33554432
[warmup] size total:33554432
[warmup] size total:33554432
[warmup] size total:33554432
[warmup] size total:33554432
[warmup] size total:33554432
[warmup] size total:33554432
[warmup] size total:33554432
[warmup] size total:33554432
[warmup] size total:33554432
[warmup] size total:33554432
[warmup] size total:33554432
[warmup] size total:33554432
[warmup] size total:33554432
Init State Vectors on 4 devices
Init State Vectors on 4 devices
Init State Vectors on 4 devices
Init State Vectors on 4 devices
Init State Vectors on 4 devices
Init State Vectors on 4 devices
Init State Vectors on 4 devices
Init State Vectors on 4 devices
Init State Vectors on 4 devices
Init State Vectors on 4 devices
Init State Vectors on 4 devices
Init State Vectors on 4 devices
Init State Vectors on 4 devices
Init State Vectors on 4 devices
Init State Vectors on 4 devices
Init State Vectors on 4 devices
Init State Vectors on 4 devices
Init State Vectors on 4 devices
Init State Vectors on 4 devices
Init State Vectors on 4 devices
Init State Vectors on 4 devices
Init State Vectors on 4 devices
Init State Vectors on 4 devices
Init State Vectors on 4 devices
Init State Vectors on 4 devices
Init State Vectors on 4 devices
Init State Vectors on 4 devices
Init State Vectors on 4 devices
Init State Vectors on 4 devices
Init State Vectors on 4 devices
Init State Vectors on 4 devices
Init State Vectors on 4 devices
[NCCL Rank 116] Shuffle Time: 328.44ms
[NCCL Rank 117] Shuffle Time: 328.49ms
[NCCL Rank 118] Shuffle Time: 328.61ms
[NCCL Rank 119] Shuffle Time: 328.62ms
[NCCL Rank 64] Shuffle Time: 331.12ms
[NCCL Rank 65] Shuffle Time: 331.19ms
[NCCL Rank 16] Shuffle Time: 329.14ms
[NCCL Rank 17] Shuffle Time: 329.16ms
[NCCL Rank 18] Shuffle Time: 329.17ms
[NCCL Rank 19] Shuffle Time: 329.18ms
[NCCL Rank 66] Shuffle Time: 331.20ms
[NCCL Rank 67] Shuffle Time: 331.21ms
[NCCL Rank 80] Shuffle Time: 311.56ms
[NCCL Rank 81] Shuffle Time: 311.85ms
[NCCL Rank 0] Shuffle Time: 319.33ms
[NCCL Rank 1] Shuffle Time: 319.37ms
[NCCL Rank 24] Shuffle Time: 328.12ms
[NCCL Rank 25] Shuffle Time: 328.14ms
[NCCL Rank 26] Shuffle Time: 328.15ms
[NCCL Rank 52] Shuffle Time: 324.46ms
[NCCL Rank 20] Shuffle Time: 329.05ms
[NCCL Rank 21] Shuffle Time: 329.07ms
[NCCL Rank 72] Shuffle Time: 321.67ms
[NCCL Rank 73] Shuffle Time: 321.69ms
[NCCL Rank 74] Shuffle Time: 321.70ms
[NCCL Rank 88] Shuffle Time: 329.92ms
[NCCL Rank 84] Shuffle Time: 318.20ms
[NCCL Rank 85] Shuffle Time: 318.23ms
[NCCL Rank 86] Shuffle Time: 318.25ms
[NCCL Rank 82] Shuffle Time: 311.90ms
[NCCL Rank 56] Shuffle Time: 309.79ms
[NCCL Rank 57] Shuffle Time: 309.81ms
[NCCL Rank 58] Shuffle Time: 309.81ms
[NCCL Rank 59] Shuffle Time: 309.82ms
[NCCL Rank 2] Shuffle Time: 319.38ms
[NCCL Rank 27] Shuffle Time: 328.16ms
[NCCL Rank 53] Shuffle Time: 324.94ms
[NCCL Rank 54] Shuffle Time: 324.95ms
[NCCL Rank 55] Shuffle Time: 324.96ms
[NCCL Rank 22] Shuffle Time: 329.08ms
[NCCL Rank 75] Shuffle Time: 321.71ms
[NCCL Rank 89] Shuffle Time: 330.35ms
[NCCL Rank 90] Shuffle Time: 330.35ms
[NCCL Rank 87] Shuffle Time: 318.25ms
[NCCL Rank 83] Shuffle Time: 311.91ms
[NCCL Rank 3] Shuffle Time: 319.39ms
[NCCL Rank 23] Shuffle Time: 329.11ms
[NCCL Rank 91] Shuffle Time: 330.42ms
[NCCL Rank 28] Shuffle Time: 331.75ms
[NCCL Rank 120] Shuffle Time: 315.31ms
[NCCL Rank 121] Shuffle Time: 315.34ms
[NCCL Rank 122] Shuffle Time: 315.34ms
[NCCL Rank 92] Shuffle Time: 331.66ms
[NCCL Rank 93] Shuffle Time: 331.67ms
[NCCL Rank 94] Shuffle Time: 331.68ms
[NCCL Rank 95] Shuffle Time: 331.70ms
[NCCL Rank 29] Shuffle Time: 331.83ms
[NCCL Rank 30] Shuffle Time: 331.84ms
[NCCL Rank 96] Shuffle Time: 318.59ms
[NCCL Rank 123] Shuffle Time: 315.35ms
[NCCL Rank 31] Shuffle Time: 331.85ms
[NCCL Rank 100] Shuffle Time: 334.42ms
[NCCL Rank 101] Shuffle Time: 334.45ms
[NCCL Rank 102] Shuffle Time: 334.46ms
[NCCL Rank 36] Shuffle Time: 334.69ms
[NCCL Rank 12] Shuffle Time: 332.95ms
[NCCL Rank 13] Shuffle Time: 332.97ms
[NCCL Rank 14] Shuffle Time: 332.98ms
[NCCL Rank 15] Shuffle Time: 332.99ms
[NCCL Rank 103] Shuffle Time: 334.47ms
[NCCL Rank 97] Shuffle Time: 319.83ms
[NCCL Rank 37] Shuffle Time: 334.91ms
[NCCL Rank 38] Shuffle Time: 334.92ms
[NCCL Rank 39] Shuffle Time: 334.92ms
[NCCL Rank 108] Shuffle Time: 334.35ms
[NCCL Rank 8] Shuffle Time: 311.81ms
[NCCL Rank 9] Shuffle Time: 311.83ms
[NCCL Rank 10] Shuffle Time: 311.84ms
[NCCL Rank 11] Shuffle Time: 311.85ms
[NCCL Rank 60] Shuffle Time: 334.12ms
[NCCL Rank 61] Shuffle Time: 334.13ms
[NCCL Rank 62] Shuffle Time: 334.14ms
[NCCL Rank 63] Shuffle Time: 334.15ms
[NCCL Rank 44] Shuffle Time: 334.65ms
[NCCL Rank 45] Shuffle Time: 334.67ms
[NCCL Rank 46] Shuffle Time: 334.67ms
[NCCL Rank 47] Shuffle Time: 334.69ms
[NCCL Rank 109] Shuffle Time: 334.44ms
[NCCL Rank 4] Shuffle Time: 324.54ms
[NCCL Rank 5] Shuffle Time: 324.56ms
[NCCL Rank 6] Shuffle Time: 324.58ms
[NCCL Rank 110] Shuffle Time: 334.45ms
[NCCL Rank 98] Shuffle Time: 321.21ms
[NCCL Rank 99] Shuffle Time: 321.22ms
[NCCL Rank 124] Shuffle Time: 335.27ms
[NCCL Rank 125] Shuffle Time: 335.29ms
[NCCL Rank 7] Shuffle Time: 324.64ms
[NCCL Rank 111] Shuffle Time: 334.46ms
[NCCL Rank 68] Shuffle Time: 315.54ms
[NCCL Rank 69] Shuffle Time: 315.56ms
[NCCL Rank 70] Shuffle Time: 315.57ms
[NCCL Rank 71] Shuffle Time: 315.57ms
[NCCL Rank 126] Shuffle Time: 335.31ms
[NCCL Rank 76] Shuffle Time: 314.15ms
[NCCL Rank 77] Shuffle Time: 314.17ms
[NCCL Rank 32] Shuffle Time: 335.72ms
[NCCL Rank 33] Shuffle Time: 335.96ms
[NCCL Rank 34] Shuffle Time: 335.97ms
[NCCL Rank 35] Shuffle Time: 335.98ms
[NCCL Rank 127] Shuffle Time: 335.39ms
[NCCL Rank 40] Shuffle Time: 322.64ms
[NCCL Rank 41] Shuffle Time: 322.66ms
[NCCL Rank 42] Shuffle Time: 322.66ms
[NCCL Rank 104] Shuffle Time: 321.00ms
[NCCL Rank 105] Shuffle Time: 321.01ms
[NCCL Rank 43] Shuffle Time: 322.67ms
[NCCL Rank 106] Shuffle Time: 321.07ms
[NCCL Rank 107] Shuffle Time: 321.08ms
[NCCL Rank 48] Shuffle Time: 338.33ms
[NCCL Rank 49] Shuffle Time: 338.35ms
[NCCL Rank 50] Shuffle Time: 338.36ms
[NCCL Rank 78] Shuffle Time: 315.82ms
[NCCL Rank 79] Shuffle Time: 315.83ms
[NCCL Rank 51] Shuffle Time: 338.36ms
[NCCL Rank 112] Shuffle Time: 338.69ms
[NCCL Rank 113] Shuffle Time: 338.71ms
[NCCL Rank 114] Shuffle Time: 338.71ms
[NCCL Rank 115] Shuffle Time: 338.72ms
Finish Simulating! Total: 6 FUSE Kernel, 1 SHM Kernel, 1 Shuffles.
Finish Simulating! Total: 6 FUSE Kernel, 1 SHM Kernel, 1 Shuffles.
[NCCL Rank 116] Total Simulation Time: 416.49ms
[NCCL Rank 64] Total Simulation Time: 418.20ms
Finish Simulating! Total: 6 FUSE Kernel, 1 SHM Kernel, 1 Shuffles.
Finish Simulating! Total: 6 FUSE Kernel, 1 SHM Kernel, 1 Shuffles.
[NCCL Rank 16] Total Simulation Time: 416.49ms
[NCCL Rank 20] Total Simulation Time: 417.67ms
Finish Simulating! Total: 6 FUSE Kernel, 1 SHM Kernel, 1 Shuffles.
Finish Simulating! Total: 6 FUSE Kernel, 1 SHM Kernel, 1 Shuffles.
Finish Simulating! Total: 6 FUSE Kernel, 1 SHM Kernel, 1 Shuffles.
[NCCL Rank 88] Total Simulation Time: 417.69ms
Finish Simulating! Total: 6 FUSE Kernel, 1 SHM Kernel, 1 Shuffles.
[NCCL Rank 24] Total Simulation Time: 417.61ms
[NCCL Rank 28] Total Simulation Time: 419.15ms
[NCCL Rank 92] Total Simulation Time: 419.13ms
Finish Simulating! Total: 6 FUSE Kernel, 1 SHM Kernel, 1 Shuffles.
[NCCL Rank 117] Total Simulation Time: 420.23ms
[NCCL Rank 65] Total Simulation Time: 421.94ms
Finish Simulating! Total: 6 FUSE Kernel, 1 SHM Kernel, 1 Shuffles.
Finish Simulating! Total: 6 FUSE Kernel, 1 SHM Kernel, 1 Shuffles.
[NCCL Rank 12] Total Simulation Time: 419.93ms
[NCCL Rank 100] Total Simulation Time: 421.94ms
Finish Simulating! Total: 6 FUSE Kernel, 1 SHM Kernel, 1 Shuffles.
Finish Simulating! Total: 6 FUSE Kernel, 1 SHM Kernel, 1 Shuffles.
[NCCL Rank 120] Total Simulation Time: 419.56ms
Finish Simulating! Total: 6 FUSE Kernel, 1 SHM Kernel, 1 Shuffles.
[NCCL Rank 17] Total Simulation Time: 420.21ms
[NCCL Rank 36] Total Simulation Time: 422.36ms
Finish Simulating! Total: 6 FUSE Kernel, 1 SHM Kernel, 1 Shuffles.
Finish Simulating! Total: 6 FUSE Kernel, 1 SHM Kernel, 1 Shuffles.
[NCCL Rank 60] Total Simulation Time: 421.36ms
[NCCL Rank 44] Total Simulation Time: 421.52ms
Finish Simulating! Total: 6 FUSE Kernel, 1 SHM Kernel, 1 Shuffles.
Finish Simulating! Total: 6 FUSE Kernel, 1 SHM Kernel, 1 Shuffles.
[NCCL Rank 0] Total Simulation Time: 424.87ms
[NCCL Rank 21] Total Simulation Time: 421.38ms
[NCCL Rank 124] Total Simulation Time: 421.90ms
[NCCL Rank 108] Total Simulation Time: 421.89ms
[NCCL Rank 32] Total Simulation Time: 422.94ms
[NCCL Rank 89] Total Simulation Time: 421.50ms
[NCCL Rank 25] Total Simulation Time: 421.32ms
[NCCL Rank 29] Total Simulation Time: 422.91ms
[NCCL Rank 93] Total Simulation Time: 422.89ms
Finish Simulating! Total: 6 FUSE Kernel, 1 SHM Kernel, 1 Shuffles.
[NCCL Rank 68] Total Simulation Time: 422.48ms
[NCCL Rank 118] Total Simulation Time: 423.93ms
[NCCL Rank 66] Total Simulation Time: 425.67ms
Finish Simulating! Total: 6 FUSE Kernel, 1 SHM Kernel, 1 Shuffles.
[NCCL Rank 56] Total Simulation Time: 415.84ms
Finish Simulating! Total: 6 FUSE Kernel, 1 SHM Kernel, 1 Shuffles.
[NCCL Rank 96] Total Simulation Time: 424.06ms
Finish Simulating! Total: 6 FUSE Kernel, 1 SHM Kernel, 1 Shuffles.
[NCCL Rank 4] Total Simulation Time: 423.19ms
[NCCL Rank 67] Total Simulation Time: 425.89ms
Finish Simulating! Total: 6 FUSE Kernel, 1 SHM Kernel, 1 Shuffles.
[NCCL Rank 8] Total Simulation Time: 415.16ms
[NCCL Rank 101] Total Simulation Time: 425.64ms
[NCCL Rank 119] Total Simulation Time: 424.17ms
[NCCL Rank 13] Total Simulation Time: 423.68ms
[NCCL Rank 18] Total Simulation Time: 423.90ms
Finish Simulating! Total: 6 FUSE Kernel, 1 SHM Kernel, 1 Shuffles.
[NCCL Rank 37] Total Simulation Time: 426.08ms
Finish Simulating! Total: 6 FUSE Kernel, 1 SHM Kernel, 1 Shuffles.
[NCCL Rank 40] Total Simulation Time: 425.63ms
[NCCL Rank 19] Total Simulation Time: 424.11ms
[NCCL Rank 48] Total Simulation Time: 425.55ms
[NCCL Rank 121] Total Simulation Time: 423.74ms
[NCCL Rank 45] Total Simulation Time: 425.28ms
[NCCL Rank 61] Total Simulation Time: 425.17ms
[NCCL Rank 22] Total Simulation Time: 425.08ms
[NCCL Rank 125] Total Simulation Time: 425.70ms
Finish Simulating! Total: 6 FUSE Kernel, 1 SHM Kernel, 1 Shuffles.
[NCCL Rank 112] Total Simulation Time: 426.75ms
[NCCL Rank 1] Total Simulation Time: 428.76ms
[NCCL Rank 23] Total Simulation Time: 425.30ms
[NCCL Rank 33] Total Simulation Time: 426.69ms
Finish Simulating! Total: 6 FUSE Kernel, 1 SHM Kernel, 1 Shuffles.
[NCCL Rank 80] Total Simulation Time: 415.99ms
[NCCL Rank 26] Total Simulation Time: 425.03ms
[NCCL Rank 109] Total Simulation Time: 426.24ms
[NCCL Rank 90] Total Simulation Time: 425.29ms
[NCCL Rank 27] Total Simulation Time: 425.26ms
[NCCL Rank 30] Total Simulation Time: 426.59ms
[NCCL Rank 91] Total Simulation Time: 425.52ms
[NCCL Rank 94] Total Simulation Time: 426.63ms
[NCCL Rank 31] Total Simulation Time: 426.86ms
Finish Simulating! Total: 6 FUSE Kernel, 1 SHM Kernel, 1 Shuffles.
[NCCL Rank 72] Total Simulation Time: 417.89ms
[NCCL Rank 95] Total Simulation Time: 426.87ms
[NCCL Rank 69] Total Simulation Time: 426.45ms
Finish Simulating! Total: 6 FUSE Kernel, 1 SHM Kernel, 1 Shuffles.
[NCCL Rank 84] Total Simulation Time: 419.86ms
[NCCL Rank 57] Total Simulation Time: 419.73ms
[NCCL Rank 97] Total Simulation Time: 427.85ms
[NCCL Rank 9] Total Simulation Time: 419.15ms
[NCCL Rank 5] Total Simulation Time: 427.14ms
[NCCL Rank 102] Total Simulation Time: 429.37ms
[NCCL Rank 14] Total Simulation Time: 427.42ms
[NCCL Rank 103] Total Simulation Time: 429.58ms
[NCCL Rank 15] Total Simulation Time: 427.67ms
[NCCL Rank 49] Total Simulation Time: 429.33ms
[NCCL Rank 38] Total Simulation Time: 429.84ms
Finish Simulating! Total: 6 FUSE Kernel, 1 SHM Kernel, 1 Shuffles.
[NCCL Rank 76] Total Simulation Time: 421.39ms
[NCCL Rank 41] Total Simulation Time: 429.67ms
[NCCL Rank 46] Total Simulation Time: 429.02ms
[NCCL Rank 39] Total Simulation Time: 430.08ms
[NCCL Rank 122] Total Simulation Time: 427.94ms
[NCCL Rank 62] Total Simulation Time: 429.00ms
[NCCL Rank 47] Total Simulation Time: 429.24ms
[NCCL Rank 123] Total Simulation Time: 428.15ms
[NCCL Rank 126] Total Simulation Time: 429.48ms
[NCCL Rank 63] Total Simulation Time: 429.28ms
[NCCL Rank 81] Total Simulation Time: 419.68ms
[NCCL Rank 113] Total Simulation Time: 430.53ms
[NCCL Rank 127] Total Simulation Time: 429.62ms
[NCCL Rank 110] Total Simulation Time: 429.98ms
[NCCL Rank 34] Total Simulation Time: 430.48ms
Finish Simulating! Total: 6 FUSE Kernel, 1 SHM Kernel, 1 Shuffles.
[NCCL Rank 104] Total Simulation Time: 428.96ms
[NCCL Rank 2] Total Simulation Time: 433.18ms
[NCCL Rank 35] Total Simulation Time: 430.72ms
[NCCL Rank 3] Total Simulation Time: 433.34ms
[MPI Rank 0]: Shuffle 0 cost 319.36ms on average.
Finish Simulating! Total: 6 FUSE Kernel, 1 SHM Kernel, 1 Shuffles.
[NCCL Rank 52] Total Simulation Time: 429.13ms
[NCCL Rank 111] Total Simulation Time: 430.18ms
[NCCL Rank 85] Total Simulation Time: 423.65ms
[NCCL Rank 73] Total Simulation Time: 422.20ms
[NCCL Rank 70] Total Simulation Time: 430.81ms
[NCCL Rank 71] Total Simulation Time: 430.96ms
[NCCL Rank 10] Total Simulation Time: 423.39ms
[NCCL Rank 58] Total Simulation Time: 424.21ms
[NCCL Rank 77] Total Simulation Time: 424.82ms
[NCCL Rank 11] Total Simulation Time: 423.59ms
[NCCL Rank 59] Total Simulation Time: 424.42ms
[NCCL Rank 6] Total Simulation Time: 431.46ms
[NCCL Rank 98] Total Simulation Time: 432.52ms
[NCCL Rank 99] Total Simulation Time: 432.74ms
[NCCL Rank 7] Total Simulation Time: 431.71ms
[NCCL Rank 50] Total Simulation Time: 433.97ms
[NCCL Rank 42] Total Simulation Time: 433.98ms
[NCCL Rank 43] Total Simulation Time: 434.20ms
[NCCL Rank 51] Total Simulation Time: 434.16ms
[NCCL Rank 82] Total Simulation Time: 424.26ms
[NCCL Rank 105] Total Simulation Time: 433.05ms
[NCCL Rank 114] Total Simulation Time: 435.21ms
[NCCL Rank 53] Total Simulation Time: 433.05ms
[NCCL Rank 83] Total Simulation Time: 424.48ms
[NCCL Rank 115] Total Simulation Time: 435.42ms
[NCCL Rank 74] Total Simulation Time: 426.08ms
[NCCL Rank 75] Total Simulation Time: 426.32ms
[NCCL Rank 86] Total Simulation Time: 428.18ms
[NCCL Rank 87] Total Simulation Time: 428.33ms
[NCCL Rank 78] Total Simulation Time: 429.58ms
[NCCL Rank 79] Total Simulation Time: 429.81ms
[NCCL Rank 106] Total Simulation Time: 437.37ms
[NCCL Rank 107] Total Simulation Time: 437.60ms
[NCCL Rank 54] Total Simulation Time: 437.59ms
[NCCL Rank 55] Total Simulation Time: 437.79ms
[MPI Rank 23]: Destroyed everything!
Time Cost: 638927 us
Destroyed the simulator
[MPI Rank 31]: Destroyed everything!
Time Cost: 648606 us
Destroyed the simulator
[MPI Rank 0]: Destroyed everything!
Time Cost: 652543 us
Destroyed the simulator
[MPI Rank 18]: Destroyed everything!
Time Cost: 644095 us
Destroyed the simulator
[MPI Rank 5]: Destroyed everything!
Time Cost: 654386 us
Destroyed the simulator
[MPI Rank 29]: Destroyed everything!
Time Cost: 658622 us
Destroyed the simulator
[MPI Rank 13]: Destroyed everything!
Time Cost: 657608 us
Destroyed the simulator
[MPI Rank 6]: Destroyed everything!
Time Cost: 660634 us
Destroyed the simulator
[MPI Rank 17]: Destroyed everything!
Time Cost: 662151 us
Destroyed the simulator
[MPI Rank 21]: Destroyed everything!
Time Cost: 656115 us
Destroyed the simulator
[MPI Rank 26]: Destroyed everything!
Time Cost: 666154 us
Destroyed the simulator
[MPI Rank 2]: Destroyed everything!
Time Cost: 660073 us
Destroyed the simulator
[MPI Rank 7]: Destroyed everything!
Time Cost: 670462 us
Destroyed the simulator
[MPI Rank 9]: Destroyed everything!
Time Cost: 672538 us
Destroyed the simulator
[MPI Rank 16]: Destroyed everything!
Time Cost: 672790 us
Destroyed the simulator
[MPI Rank 8]: Destroyed everything!
Time Cost: 672829 us
Destroyed the simulator
[MPI Rank 30]: Destroyed everything!
Time Cost: 672995 us
Destroyed the simulator
[MPI Rank 14]: Destroyed everything!
Time Cost: 670963 us
Destroyed the simulator
[MPI Rank 19]: Destroyed everything!
Time Cost: 672684 us
Destroyed the simulator
[MPI Rank 20]: Destroyed everything!
Time Cost: 671518 us
Destroyed the simulator
[MPI Rank 15]: Destroyed everything!
Time Cost: 681452 us
Destroyed the simulator
[MPI Rank 3]: Destroyed everything!
Time Cost: 683506 us
Destroyed the simulator
[MPI Rank 24]: Destroyed everything!
Time Cost: 685644 us
Destroyed the simulator
[MPI Rank 22]: Destroyed everything!
Time Cost: 684726 us
Destroyed the simulator
[MPI Rank 1]: Destroyed everything!
Time Cost: 685226 us
Destroyed the simulator
[MPI Rank 10]: Destroyed everything!
Time Cost: 687563 us
Destroyed the simulator
[MPI Rank 12]: Destroyed everything!
Time Cost: 691869 us
Destroyed the simulator
[MPI Rank 27]: Destroyed everything!
Time Cost: 691348 us
Destroyed the simulator
[MPI Rank 25]: Destroyed everything!
Time Cost: 694009 us
Destroyed the simulator
[MPI Rank 4]: Destroyed everything!
Time Cost: 695010 us
Destroyed the simulator
[MPI Rank 28]: Destroyed everything!
Time Cost: 696972 us
Destroyed the simulator
[MPI Rank 11]: Destroyed everything!
Time Cost: 704817 us
Destroyed the simulator
