Num ranks: 4, myrank: 0
Num ranks: 4, myrank: 2
Num ranks: 4, myrank: 1
Num ranks: 4, myrank: 3
Use cached schedule
Use cached schedule
Use cached schedule
Use cached schedule
Compilation Done! 
Num Shuffles: 1
Num FUSION Kernel: 4
Num SHM Kernel: 2
Start Simulating...
Compilation Done! 
Num Shuffles: 1
Num FUSION Kernel: 4
Num SHM Kernel: 2
Start Simulating...
Compilation Done! 
Num Shuffles: 1
Num FUSION Kernel: 4
Num SHM Kernel: 2
Start Simulating...
Compilation Done! 
Num Shuffles: 1
Num FUSION Kernel: 4
Num SHM Kernel: 2
Start Simulating...
[warmup] size total:268435456
[warmup] size total:268435456
[warmup] size total:268435456
[warmup] size total:268435456
Init State Vectors on 4 devices
Init State Vectors on 4 devices
Init State Vectors on 4 devices
Init State Vectors on 4 devices
[NCCL Rank 12] Shuffle Time: 236.43ms
[NCCL Rank 13] Shuffle Time: 236.45ms
[NCCL Rank 0] Shuffle Time: 235.01ms
[NCCL Rank 14] Shuffle Time: 236.48ms
[NCCL Rank 15] Shuffle Time: 236.49ms
[NCCL Rank 1] Shuffle Time: 235.26ms
[NCCL Rank 2] Shuffle Time: 235.27ms
[NCCL Rank 3] Shuffle Time: 235.29ms
[NCCL Rank 4] Shuffle Time: 235.31ms
[NCCL Rank 5] Shuffle Time: 235.33ms
[NCCL Rank 6] Shuffle Time: 235.34ms
[NCCL Rank 7] Shuffle Time: 235.35ms
[NCCL Rank 8] Shuffle Time: 233.13ms
[NCCL Rank 9] Shuffle Time: 233.18ms
[NCCL Rank 10] Shuffle Time: 233.19ms
[NCCL Rank 11] Shuffle Time: 233.20ms
Finish Simulating! Total: 4 FUSE Kernel, 2 SHM Kernel, 1 Shuffles.
Finish Simulating! Total: 4 FUSE Kernel, 2 SHM Kernel, 1 Shuffles.
Finish Simulating! Total: 4 FUSE Kernel, 2 SHM Kernel, 1 Shuffles.
Finish Simulating! Total: 4 FUSE Kernel, 2 SHM Kernel, 1 Shuffles.
[NCCL Rank 12] Total Simulation Time: 325.39ms
[NCCL Rank 13] Total Simulation Time: 325.41ms
[NCCL Rank 14] Total Simulation Time: 325.71ms
[NCCL Rank 15] Total Simulation Time: 325.84ms
[NCCL Rank 8] Total Simulation Time: 325.62ms
[NCCL Rank 9] Total Simulation Time: 325.64ms
[NCCL Rank 10] Total Simulation Time: 325.64ms
[NCCL Rank 11] Total Simulation Time: 325.65ms
[NCCL Rank 4] Total Simulation Time: 325.12ms
[NCCL Rank 5] Total Simulation Time: 325.14ms
[NCCL Rank 6] Total Simulation Time: 325.15ms
[NCCL Rank 0] Total Simulation Time: 326.16ms
[NCCL Rank 1] Total Simulation Time: 326.18ms
[NCCL Rank 7] Total Simulation Time: 325.16ms
[NCCL Rank 2] Total Simulation Time: 326.60ms
[NCCL Rank 3] Total Simulation Time: 326.62ms
[MPI Rank 0]: Shuffle 0 cost 235.21ms on average.
[MPI Rank 0]: Destroyed everything!
Time Cost: 434792 us
Destroyed the simulator
[MPI Rank 3]: Destroyed everything!
Time Cost: 440529 us
Destroyed the simulator
[MPI Rank 1]: Destroyed everything!
Time Cost: 455783 us
Destroyed the simulator
[MPI Rank 2]: Destroyed everything!
Time Cost: 468062 us
Destroyed the simulator
