Num ranks: 16, myrank: 9
Num ranks: 16, myrank: 10
Num ranks: 16, myrank: 1
Num ranks: 16, myrank: 2
Num ranks: 16, myrank: 14
Num ranks: 16, myrank: 8
Num ranks: 16, myrank: 4
Num ranks: 16, myrank: 13
Num ranks: 16, myrank: 5
Num ranks: 16, myrank: 11
Num ranks: 16, myrank: 3
Num ranks: 16, myrank: 6
Num ranks: 16, myrank: 12
Num ranks: 16, myrank: 7
Num ranks: 16, myrank: 0
Num ranks: 16, myrank: 15
Use cached schedule
Use cached schedule
Use cached schedule
Use cached schedule
Use cached schedule
Use cached schedule
Use cached schedule
Use cached schedule
Use cached schedule
Use cached schedule
Use cached schedule
Use cached schedule
Use cached schedule
Use cached schedule
Compilation Done! 
Num Shuffles: 1
Num FUSION Kernel: 6
Num SHM Kernel: 1
Start Simulating...
Compilation Done! 
Num Shuffles: 1
Num FUSION Kernel: 6
Num SHM Kernel: 1
Start Simulating...
Compilation Done! 
Num Shuffles: 1
Num FUSION Kernel: 6
Num SHM Kernel: 1
Start Simulating...
Compilation Done! 
Num Shuffles: 1
Num FUSION Kernel: 6
Num SHM Kernel: 1
Start Simulating...
Compilation Done! 
Num Shuffles: 1
Num FUSION Kernel: 6
Num SHM Kernel: 1
Start Simulating...
Compilation Done! 
Num Shuffles: 1
Num FUSION Kernel: 6
Num SHM Kernel: 1
Start Simulating...
Compilation Done! 
Num Shuffles: 1
Num FUSION Kernel: 6
Num SHM Kernel: 1
Start Simulating...
Compilation Done! 
Num Shuffles: 1
Num FUSION Kernel: 6
Num SHM Kernel: 1
Start Simulating...
Compilation Done! 
Num Shuffles: 1
Num FUSION Kernel: 6
Num SHM Kernel: 1
Start Simulating...
Compilation Done! 
Num Shuffles: 1
Num FUSION Kernel: 6
Num SHM Kernel: 1
Start Simulating...
Compilation Done! 
Num Shuffles: 1
Num FUSION Kernel: 6
Num SHM Kernel: 1
Start Simulating...
Compilation Done! 
Num Shuffles: 1
Num FUSION Kernel: 6
Num SHM Kernel: 1
Start Simulating...
Compilation Done! 
Num Shuffles: 1
Num FUSION Kernel: 6
Num SHM Kernel: 1
Start Simulating...
Compilation Done! 
Num Shuffles: 1
Num FUSION Kernel: 6
Num SHM Kernel: 1
Start Simulating...
Use cached schedule
Compilation Done! 
Num Shuffles: 1
Num FUSION Kernel: 6
Num SHM Kernel: 1
Start Simulating...
Use cached schedule
Compilation Done! 
Num Shuffles: 1
Num FUSION Kernel: 6
Num SHM Kernel: 1
Start Simulating...
[warmup] size total:67108864
[warmup] size total:67108864
[warmup] size total:67108864
[warmup] size total:67108864
[warmup] size total:67108864
[warmup] size total:67108864
[warmup] size total:67108864
[warmup] size total:67108864
[warmup] size total:67108864
[warmup] size total:67108864
[warmup] size total:67108864
[warmup] size total:67108864
[warmup] size total:67108864
[warmup] size total:67108864
[warmup] size total:67108864
[warmup] size total:67108864
Init State Vectors on 4 devices
Init State Vectors on 4 devices
Init State Vectors on 4 devices
Init State Vectors on 4 devices
Init State Vectors on 4 devices
Init State Vectors on 4 devices
Init State Vectors on 4 devices
Init State Vectors on 4 devices
Init State Vectors on 4 devices
Init State Vectors on 4 devices
Init State Vectors on 4 devices
Init State Vectors on 4 devices
Init State Vectors on 4 devices
Init State Vectors on 4 devices
Init State Vectors on 4 devices
Init State Vectors on 4 devices
[NCCL Rank 20] Shuffle Time: 295.24ms
[NCCL Rank 21] Shuffle Time: 295.26ms
[NCCL Rank 22] Shuffle Time: 295.27ms
[NCCL Rank 36] Shuffle Time: 303.10ms
[NCCL Rank 48] Shuffle Time: 307.10ms
[NCCL Rank 49] Shuffle Time: 307.13ms
[NCCL Rank 40] Shuffle Time: 314.80ms
[NCCL Rank 41] Shuffle Time: 314.82ms
[NCCL Rank 4] Shuffle Time: 295.18ms
[NCCL Rank 5] Shuffle Time: 295.20ms
[NCCL Rank 8] Shuffle Time: 312.77ms
[NCCL Rank 56] Shuffle Time: 310.86ms
[NCCL Rank 57] Shuffle Time: 310.88ms
[NCCL Rank 58] Shuffle Time: 310.89ms
[NCCL Rank 59] Shuffle Time: 310.90ms
[NCCL Rank 28] Shuffle Time: 310.27ms
[NCCL Rank 29] Shuffle Time: 310.29ms
[NCCL Rank 30] Shuffle Time: 310.30ms
[NCCL Rank 31] Shuffle Time: 310.30ms
[NCCL Rank 60] Shuffle Time: 306.07ms
[NCCL Rank 61] Shuffle Time: 306.08ms
[NCCL Rank 62] Shuffle Time: 306.09ms
[NCCL Rank 63] Shuffle Time: 306.10ms
[NCCL Rank 32] Shuffle Time: 301.20ms
[NCCL Rank 33] Shuffle Time: 301.22ms
[NCCL Rank 0] Shuffle Time: 312.42ms
[NCCL Rank 16] Shuffle Time: 306.15ms
[NCCL Rank 52] Shuffle Time: 296.25ms
[NCCL Rank 53] Shuffle Time: 296.27ms
[NCCL Rank 54] Shuffle Time: 296.27ms
[NCCL Rank 23] Shuffle Time: 296.51ms
[NCCL Rank 44] Shuffle Time: 309.73ms
[NCCL Rank 45] Shuffle Time: 309.75ms
[NCCL Rank 46] Shuffle Time: 309.75ms
[NCCL Rank 47] Shuffle Time: 309.76ms
[NCCL Rank 12] Shuffle Time: 294.09ms
[NCCL Rank 13] Shuffle Time: 294.11ms
[NCCL Rank 14] Shuffle Time: 294.12ms
[NCCL Rank 15] Shuffle Time: 294.13ms
[NCCL Rank 24] Shuffle Time: 311.00ms
[NCCL Rank 25] Shuffle Time: 311.01ms
[NCCL Rank 26] Shuffle Time: 311.02ms
[NCCL Rank 37] Shuffle Time: 303.49ms
[NCCL Rank 50] Shuffle Time: 307.15ms
[NCCL Rank 42] Shuffle Time: 314.86ms
[NCCL Rank 43] Shuffle Time: 314.86ms
[NCCL Rank 6] Shuffle Time: 295.22ms
[NCCL Rank 9] Shuffle Time: 312.91ms
[NCCL Rank 10] Shuffle Time: 312.92ms
[NCCL Rank 34] Shuffle Time: 301.23ms
[NCCL Rank 1] Shuffle Time: 312.80ms
[NCCL Rank 2] Shuffle Time: 312.81ms
[NCCL Rank 3] Shuffle Time: 312.82ms
[NCCL Rank 17] Shuffle Time: 306.39ms
[NCCL Rank 18] Shuffle Time: 306.40ms
[NCCL Rank 19] Shuffle Time: 306.41ms
[NCCL Rank 27] Shuffle Time: 311.03ms
[NCCL Rank 38] Shuffle Time: 303.82ms
[NCCL Rank 39] Shuffle Time: 303.83ms
[NCCL Rank 51] Shuffle Time: 307.16ms
[NCCL Rank 7] Shuffle Time: 297.49ms
[NCCL Rank 11] Shuffle Time: 312.93ms
[NCCL Rank 35] Shuffle Time: 301.24ms
[NCCL Rank 55] Shuffle Time: 296.28ms
Finish Simulating! Total: 6 FUSE Kernel, 1 SHM Kernel, 1 Shuffles.
[NCCL Rank 60] Total Simulation Time: 392.13ms
Finish Simulating! Total: 6 FUSE Kernel, 1 SHM Kernel, 1 Shuffles.
[NCCL Rank 16] Total Simulation Time: 392.03ms
Finish Simulating! Total: 6 FUSE Kernel, 1 SHM Kernel, 1 Shuffles.
[NCCL Rank 36] Total Simulation Time: 391.19ms
Finish Simulating! Total: 6 FUSE Kernel, 1 SHM Kernel, 1 Shuffles.
[NCCL Rank 44] Total Simulation Time: 396.03ms
[NCCL Rank 17] Total Simulation Time: 394.87ms
[NCCL Rank 61] Total Simulation Time: 394.95ms
Finish Simulating! Total: 6 FUSE Kernel, 1 SHM Kernel, 1 Shuffles.
[NCCL Rank 24] Total Simulation Time: 397.56ms
Finish Simulating! Total: 6 FUSE Kernel, 1 SHM Kernel, 1 Shuffles.
[NCCL Rank 56] Total Simulation Time: 398.94ms
[NCCL Rank 37] Total Simulation Time: 393.98ms
Finish Simulating! Total: 6 FUSE Kernel, 1 SHM Kernel, 1 Shuffles.
[NCCL Rank 12] Total Simulation Time: 399.55ms
[NCCL Rank 45] Total Simulation Time: 398.89ms
[NCCL Rank 25] Total Simulation Time: 400.53ms
Finish Simulating! Total: 6 FUSE Kernel, 1 SHM Kernel, 1 Shuffles.
[NCCL Rank 0] Total Simulation Time: 401.28ms
Finish Simulating! Total: 6 FUSE Kernel, 1 SHM Kernel, 1 Shuffles.
[NCCL Rank 8] Total Simulation Time: 399.15ms
Finish Simulating! Total: 6 FUSE Kernel, 1 SHM Kernel, 1 Shuffles.
[NCCL Rank 48] Total Simulation Time: 397.31ms
[NCCL Rank 57] Total Simulation Time: 401.08ms
[NCCL Rank 62] Total Simulation Time: 398.66ms
[NCCL Rank 18] Total Simulation Time: 398.56ms
[NCCL Rank 19] Total Simulation Time: 398.75ms
[NCCL Rank 63] Total Simulation Time: 398.84ms
Finish Simulating! Total: 6 FUSE Kernel, 1 SHM Kernel, 1 Shuffles.
[NCCL Rank 40] Total Simulation Time: 401.22ms
Finish Simulating! Total: 6 FUSE Kernel, 1 SHM Kernel, 1 Shuffles.
[NCCL Rank 28] Total Simulation Time: 398.73ms
Finish Simulating! Total: 6 FUSE Kernel, 1 SHM Kernel, 1 Shuffles.
[NCCL Rank 32] Total Simulation Time: 403.66ms
[NCCL Rank 49] Total Simulation Time: 399.03ms
[NCCL Rank 13] Total Simulation Time: 402.47ms
[NCCL Rank 38] Total Simulation Time: 397.72ms
[NCCL Rank 39] Total Simulation Time: 397.91ms
[NCCL Rank 46] Total Simulation Time: 402.58ms
[NCCL Rank 1] Total Simulation Time: 403.99ms
[NCCL Rank 47] Total Simulation Time: 402.75ms
[NCCL Rank 9] Total Simulation Time: 401.93ms
Finish Simulating! Total: 6 FUSE Kernel, 1 SHM Kernel, 1 Shuffles.
[NCCL Rank 52] Total Simulation Time: 395.03ms
[NCCL Rank 33] Total Simulation Time: 405.77ms
[NCCL Rank 26] Total Simulation Time: 404.11ms
[NCCL Rank 27] Total Simulation Time: 404.28ms
[NCCL Rank 41] Total Simulation Time: 403.96ms
[NCCL Rank 29] Total Simulation Time: 401.49ms
[NCCL Rank 58] Total Simulation Time: 405.46ms
[NCCL Rank 59] Total Simulation Time: 405.66ms
[NCCL Rank 14] Total Simulation Time: 406.09ms
[NCCL Rank 15] Total Simulation Time: 406.27ms
[NCCL Rank 53] Total Simulation Time: 397.78ms
[NCCL Rank 50] Total Simulation Time: 403.86ms
[NCCL Rank 2] Total Simulation Time: 407.81ms
Finish Simulating! Total: 6 FUSE Kernel, 1 SHM Kernel, 1 Shuffles.
[NCCL Rank 20] Total Simulation Time: 408.48ms
[NCCL Rank 51] Total Simulation Time: 404.02ms
[NCCL Rank 10] Total Simulation Time: 405.69ms
[NCCL Rank 3] Total Simulation Time: 408.00ms
[MPI Rank 0]: Shuffle 0 cost 312.71ms on average.
[NCCL Rank 11] Total Simulation Time: 405.87ms
[NCCL Rank 42] Total Simulation Time: 407.75ms
[NCCL Rank 43] Total Simulation Time: 407.94ms
[NCCL Rank 30] Total Simulation Time: 405.27ms
[NCCL Rank 34] Total Simulation Time: 410.19ms
[NCCL Rank 31] Total Simulation Time: 405.45ms
[NCCL Rank 35] Total Simulation Time: 410.38ms
[NCCL Rank 21] Total Simulation Time: 410.40ms
[NCCL Rank 54] Total Simulation Time: 401.57ms
[NCCL Rank 55] Total Simulation Time: 401.75ms
[NCCL Rank 22] Total Simulation Time: 415.01ms
[NCCL Rank 23] Total Simulation Time: 415.20ms
Finish Simulating! Total: 6 FUSE Kernel, 1 SHM Kernel, 1 Shuffles.
[NCCL Rank 4] Total Simulation Time: 495.67ms
[NCCL Rank 5] Total Simulation Time: 498.17ms
[NCCL Rank 6] Total Simulation Time: 502.01ms
[NCCL Rank 7] Total Simulation Time: 502.22ms
[MPI Rank 0]: Destroyed everything!
Time Cost: 545089 us
Destroyed the simulator
[MPI Rank 13]: Destroyed everything!
Time Cost: 561077 us
Destroyed the simulator
[MPI Rank 11]: Destroyed everything!
Time Cost: 571249 us
Destroyed the simulator
[MPI Rank 15]: Destroyed everything!
Time Cost: 580836 us
Destroyed the simulator
[MPI Rank 10]: Destroyed everything!
Time Cost: 583933 us
Destroyed the simulator
[MPI Rank 5]: Destroyed everything!
Time Cost: 592399 us
Destroyed the simulator
[MPI Rank 4]: Destroyed everything!
Time Cost: 599584 us
Destroyed the simulator
[MPI Rank 6]: Destroyed everything!
Time Cost: 606687 us
Destroyed the simulator
[MPI Rank 12]: Destroyed everything!
Time Cost: 606066 us
Destroyed the simulator
[MPI Rank 9]: Destroyed everything!
Time Cost: 604509 us
Destroyed the simulator
[MPI Rank 8]: Destroyed everything!
Time Cost: 616342 us
Destroyed the simulator
[MPI Rank 2]: Destroyed everything!
Time Cost: 613095 us
Destroyed the simulator
[MPI Rank 14]: Destroyed everything!
Time Cost: 627480 us
Destroyed the simulator
[MPI Rank 3]: Destroyed everything!
Time Cost: 629359 us
Destroyed the simulator
[MPI Rank 7]: Destroyed everything!
Time Cost: 639799 us
Destroyed the simulator
[MPI Rank 1]: Destroyed everything!
Time Cost: 669092 us
Destroyed the simulator
