Num ranks: 8, myrank: 2
Num ranks: 8, myrank: 1
Num ranks: 8, myrank: 4
Num ranks: 8, myrank: 6
Num ranks: 8, myrank: 7
Num ranks: 8, myrank: 3
Num ranks: 8, myrank: 5
Num ranks: 8, myrank: 0
Use cached schedule
Use cached schedule
Use cached schedule
Use cached schedule
Use cached schedule
Use cached schedule
Use cached schedule
Use cached schedule
Compilation Done! 
Num Shuffles: 1
Num FUSION Kernel: 4
Num SHM Kernel: 2
Start Simulating...
Compilation Done! 
Num Shuffles: 1
Num FUSION Kernel: 4
Num SHM Kernel: 2
Start Simulating...
Compilation Done! 
Num Shuffles: 1
Num FUSION Kernel: 4
Num SHM Kernel: 2
Start Simulating...
Compilation Done! 
Num Shuffles: 1
Num FUSION Kernel: 4
Num SHM Kernel: 2
Start Simulating...
Compilation Done! 
Num Shuffles: 1
Num FUSION Kernel: 4
Num SHM Kernel: 2
Start Simulating...
Compilation Done! 
Num Shuffles: 1
Num FUSION Kernel: 4
Num SHM Kernel: 2
Start Simulating...
Compilation Done! 
Num Shuffles: 1
Num FUSION Kernel: 4
Num SHM Kernel: 2
Start Simulating...
Compilation Done! 
Num Shuffles: 1
Num FUSION Kernel: 4
Num SHM Kernel: 2
Start Simulating...
[warmup] size total:134217728
[warmup] size total:134217728
[warmup] size total:134217728
[warmup] size total:134217728
[warmup] size total:134217728
[warmup] size total:134217728
[warmup] size total:134217728
[warmup] size total:134217728
Init State Vectors on 4 devices
Init State Vectors on 4 devices
Init State Vectors on 4 devices
Init State Vectors on 4 devices
Init State Vectors on 4 devices
Init State Vectors on 4 devices
Init State Vectors on 4 devices
Init State Vectors on 4 devices
[NCCL Rank 20] Shuffle Time: 296.57ms
[NCCL Rank 21] Shuffle Time: 297.18ms
[NCCL Rank 22] Shuffle Time: 297.18ms
[NCCL Rank 23] Shuffle Time: 297.19ms
[NCCL Rank 0] Shuffle Time: 304.17ms
[NCCL Rank 1] Shuffle Time: 304.37ms
[NCCL Rank 2] Shuffle Time: 304.38ms
[NCCL Rank 3] Shuffle Time: 304.39ms
[NCCL Rank 12] Shuffle Time: 276.13ms
[NCCL Rank 13] Shuffle Time: 276.28ms
[NCCL Rank 14] Shuffle Time: 276.29ms
[NCCL Rank 15] Shuffle Time: 276.30ms
[NCCL Rank 28] Shuffle Time: 299.76ms
[NCCL Rank 29] Shuffle Time: 299.91ms
[NCCL Rank 30] Shuffle Time: 299.92ms
[NCCL Rank 31] Shuffle Time: 299.93ms
[NCCL Rank 16] Shuffle Time: 277.93ms
[NCCL Rank 17] Shuffle Time: 277.95ms
[NCCL Rank 4] Shuffle Time: 298.59ms
[NCCL Rank 5] Shuffle Time: 298.62ms
[NCCL Rank 6] Shuffle Time: 298.63ms
[NCCL Rank 24] Shuffle Time: 286.92ms
[NCCL Rank 25] Shuffle Time: 286.94ms
[NCCL Rank 26] Shuffle Time: 286.95ms
[NCCL Rank 27] Shuffle Time: 286.95ms
[NCCL Rank 7] Shuffle Time: 298.64ms
[NCCL Rank 8] Shuffle Time: 284.83ms
[NCCL Rank 18] Shuffle Time: 278.88ms
[NCCL Rank 19] Shuffle Time: 278.89ms
[NCCL Rank 9] Shuffle Time: 284.93ms
[NCCL Rank 10] Shuffle Time: 284.94ms
[NCCL Rank 11] Shuffle Time: 284.95ms
Finish Simulating! Total: 4 FUSE Kernel, 2 SHM Kernel, 1 Shuffles.
Finish Simulating! Total: 4 FUSE Kernel, 2 SHM Kernel, 1 Shuffles.
Finish Simulating! Total: 4 FUSE Kernel, 2 SHM Kernel, 1 Shuffles.
Finish Simulating! Total: 4 FUSE Kernel, 2 SHM Kernel, 1 Shuffles.
Finish Simulating! Total: 4 FUSE Kernel, 2 SHM Kernel, 1 Shuffles.
Finish Simulating! Total: 4 FUSE Kernel, 2 SHM Kernel, 1 Shuffles.
Finish Simulating! Total: 4 FUSE Kernel, 2 SHM Kernel, 1 Shuffles.
Finish Simulating! Total: 4 FUSE Kernel, 2 SHM Kernel, 1 Shuffles.
[NCCL Rank 20] Total Simulation Time: 390.02ms
[NCCL Rank 21] Total Simulation Time: 390.26ms
[NCCL Rank 22] Total Simulation Time: 390.39ms
[NCCL Rank 23] Total Simulation Time: 390.66ms
[NCCL Rank 0] Total Simulation Time: 394.81ms
[NCCL Rank 1] Total Simulation Time: 394.97ms
[NCCL Rank 2] Total Simulation Time: 395.23ms
[NCCL Rank 3] Total Simulation Time: 395.43ms
[MPI Rank 0]: Shuffle 0 cost 304.33ms on average.
[NCCL Rank 28] Total Simulation Time: 391.91ms
[NCCL Rank 29] Total Simulation Time: 392.10ms
[NCCL Rank 30] Total Simulation Time: 392.34ms
[NCCL Rank 31] Total Simulation Time: 392.56ms
[NCCL Rank 12] Total Simulation Time: 395.50ms
[NCCL Rank 13] Total Simulation Time: 395.68ms
[NCCL Rank 14] Total Simulation Time: 395.88ms
[NCCL Rank 15] Total Simulation Time: 396.09ms
[NCCL Rank 4] Total Simulation Time: 394.91ms
[NCCL Rank 5] Total Simulation Time: 395.08ms
[NCCL Rank 6] Total Simulation Time: 395.26ms
[NCCL Rank 7] Total Simulation Time: 395.47ms
[NCCL Rank 8] Total Simulation Time: 396.49ms
[NCCL Rank 9] Total Simulation Time: 396.63ms
[NCCL Rank 10] Total Simulation Time: 396.86ms
[NCCL Rank 11] Total Simulation Time: 397.04ms
[NCCL Rank 24] Total Simulation Time: 395.91ms
[NCCL Rank 25] Total Simulation Time: 396.07ms
[NCCL Rank 26] Total Simulation Time: 396.32ms
[NCCL Rank 16] Total Simulation Time: 395.82ms
[NCCL Rank 17] Total Simulation Time: 396.01ms
[NCCL Rank 18] Total Simulation Time: 396.19ms
[NCCL Rank 19] Total Simulation Time: 396.46ms
[NCCL Rank 27] Total Simulation Time: 396.55ms
[MPI Rank 7]: Destroyed everything!
Time Cost: 521363 us
Destroyed the simulator
[MPI Rank 0]: Destroyed everything!
Time Cost: 547668 us
Destroyed the simulator
[MPI Rank 4]: Destroyed everything!
Time Cost: 554434 us
Destroyed the simulator
[MPI Rank 5]: Destroyed everything!
Time Cost: 560285 us
Destroyed the simulator
[MPI Rank 1]: Destroyed everything!
Time Cost: 586560 us
Destroyed the simulator
[MPI Rank 6]: Destroyed everything!
Time Cost: 601754 us
Destroyed the simulator
[MPI Rank 3]: Destroyed everything!
Time Cost: 670124 us
Destroyed the simulator
[MPI Rank 2]: Destroyed everything!
Time Cost: 700316 us
Destroyed the simulator
