Num ranks: 4, myrank: 0
Num ranks: 4, myrank: 1
Num ranks: 4, myrank: 2
Num ranks: 4, myrank: 3
Use cached schedule
Use cached schedule
Use cached schedule
Use cached schedule
Compilation Done! 
Num Shuffles: 1
Num FUSION Kernel: 10
Num SHM Kernel: 0
Start Simulating...
Compilation Done! 
Num Shuffles: 1
Num FUSION Kernel: 10
Num SHM Kernel: 0
Start Simulating...
Compilation Done! 
Num Shuffles: 1
Num FUSION Kernel: 10
Num SHM Kernel: 0
Start Simulating...
Compilation Done! 
Num Shuffles: 1
Num FUSION Kernel: 10
Num SHM Kernel: 0
Start Simulating...
[warmup] size total:268435456
[warmup] size total:268435456
[warmup] size total:268435456
[warmup] size total:268435456
Init State Vectors on 4 devices
Init State Vectors on 4 devices
Init State Vectors on 4 devices
Init State Vectors on 4 devices
[NCCL Rank 4] Shuffle Time: 235.78ms
[NCCL Rank 5] Shuffle Time: 235.79ms
[NCCL Rank 6] Shuffle Time: 235.80ms
[NCCL Rank 12] Shuffle Time: 236.85ms
[NCCL Rank 13] Shuffle Time: 236.86ms
[NCCL Rank 14] Shuffle Time: 236.87ms
[NCCL Rank 15] Shuffle Time: 236.88ms
[NCCL Rank 0] Shuffle Time: 237.74ms
[NCCL Rank 1] Shuffle Time: 237.76ms
[NCCL Rank 2] Shuffle Time: 237.78ms
[NCCL Rank 7] Shuffle Time: 237.75ms
[NCCL Rank 8] Shuffle Time: 237.10ms
[NCCL Rank 9] Shuffle Time: 237.11ms
[NCCL Rank 10] Shuffle Time: 237.12ms
[NCCL Rank 3] Shuffle Time: 237.79ms
[NCCL Rank 11] Shuffle Time: 237.13ms
Finish Simulating! Total: 10 FUSE Kernel, 0 SHM Kernel, 1 Shuffles.
Finish Simulating! Total: 10 FUSE Kernel, 0 SHM Kernel, 1 Shuffles.
Finish Simulating! Total: 10 FUSE Kernel, 0 SHM Kernel, 1 Shuffles.
Finish Simulating! Total: 10 FUSE Kernel, 0 SHM Kernel, 1 Shuffles.
[NCCL Rank 12] Total Simulation Time: 344.39ms
[NCCL Rank 13] Total Simulation Time: 344.41ms
[NCCL Rank 14] Total Simulation Time: 344.43ms
[NCCL Rank 15] Total Simulation Time: 344.45ms
[NCCL Rank 8] Total Simulation Time: 354.02ms
[NCCL Rank 9] Total Simulation Time: 354.05ms
[NCCL Rank 4] Total Simulation Time: 353.88ms
[NCCL Rank 5] Total Simulation Time: 353.91ms
[NCCL Rank 10] Total Simulation Time: 354.06ms
[NCCL Rank 6] Total Simulation Time: 353.93ms
[NCCL Rank 11] Total Simulation Time: 354.07ms
[NCCL Rank 7] Total Simulation Time: 353.95ms
[NCCL Rank 0] Total Simulation Time: 355.46ms
[NCCL Rank 1] Total Simulation Time: 355.48ms
[NCCL Rank 2] Total Simulation Time: 355.49ms
[NCCL Rank 3] Total Simulation Time: 355.50ms
[MPI Rank 0]: Shuffle 0 cost 237.77ms on average.
[MPI Rank 0]: Destroyed everything!
Time Cost: 513485 us
Destroyed the simulator
[MPI Rank 3]: Destroyed everything!
Time Cost: 507451 us
Destroyed the simulator
[MPI Rank 2]: Destroyed everything!
Time Cost: 528419 us
Destroyed the simulator
[MPI Rank 1]: Destroyed everything!
Time Cost: 529810 us
Destroyed the simulator
