Num ranks: 2, myrank: 0
Num ranks: 2, myrank: 1
Use cached schedule
Use cached schedule
Compilation Done! 
Num Shuffles: 1
Num FUSION Kernel: 10
Num SHM Kernel: 0
Start Simulating...
Compilation Done! 
Num Shuffles: 1
Num FUSION Kernel: 10
Num SHM Kernel: 0
Start Simulating...
[warmup] size total:536870912
[warmup] size total:536870912
Init State Vectors on 4 devices
Init State Vectors on 4 devices
[NCCL Rank 0] Shuffle Time: 158.59ms
[NCCL Rank 4] Shuffle Time: 156.21ms
[NCCL Rank 5] Shuffle Time: 156.22ms
[NCCL Rank 6] Shuffle Time: 156.23ms
[NCCL Rank 7] Shuffle Time: 156.24ms
[NCCL Rank 1] Shuffle Time: 159.55ms
[NCCL Rank 2] Shuffle Time: 159.56ms
[NCCL Rank 3] Shuffle Time: 159.57ms
Finish Simulating! Total: 10 FUSE Kernel, 0 SHM Kernel, 1 Shuffles.
Finish Simulating! Total: 10 FUSE Kernel, 0 SHM Kernel, 1 Shuffles.
[NCCL Rank 4] Total Simulation Time: 269.40ms
[NCCL Rank 5] Total Simulation Time: 269.41ms
[NCCL Rank 6] Total Simulation Time: 269.42ms
[NCCL Rank 7] Total Simulation Time: 269.43ms
[NCCL Rank 0] Total Simulation Time: 270.25ms
[NCCL Rank 1] Total Simulation Time: 270.27ms
[NCCL Rank 2] Total Simulation Time: 270.28ms
[NCCL Rank 3] Total Simulation Time: 270.30ms
[MPI Rank 0]: Shuffle 0 cost 159.32ms on average.
[MPI Rank 1]: Destroyed everything!
Time Cost: 401866 us
Destroyed the simulator
[MPI Rank 0]: Destroyed everything!
Time Cost: 411361 us
Destroyed the simulator
