Num ranks: 1, myrank: 0
Computed and cached schedule in 93.312 seconds.
Current Layout0: [0, 1, 2, 3, 4, 5, 6, 7, 8, 9, 10, 11, 12, 13, 14, 15, 16, 17, 18, 19, 20, 21, 22, 23, 24, 25, 26, 27, Start fusing gates...
Reset qubit group map
(4, 4) (5, 5) (6, 6) (7, 7) current Layout: [0,1,2,3,4,5,6,7,8,9,10,11,12,13,14,15,16,17,18,19,20,21,22,23,24,25,26,27,]
Fusing Kernel (30 gates): qubits [4, 5, 6, 7], gates fusion, qubits [4, 5, 6, 7], gates CircuitSeq {
  Q5 = h(Q5)
  Q5 = rz(Q5, P5)
  Q5 = rz(Q5, P5)
  Q4 = h(Q4)
  Q4 = rz(Q4, P4)
  [Q4, Q5] = cx[0](Q4, Q5)
  Q5 = rz(Q5, P4)
  [Q4, Q5] = cx[0](Q4, Q5)
  Q7 = h(Q7)
  Q7 = rz(Q7, P7)
  Q7 = rz(Q7, P7)
  Q6 = h(Q6)
  Q6 = rz(Q6, P6)
  [Q6, Q7] = cx[0](Q6, Q7)
  Q7 = rz(Q7, P6)
  [Q6, Q7] = cx[0](Q6, Q7)
  Q6 = rz(Q6, P33)
  Q6 = rz(Q6, P33)
  Q5 = rz(Q5, P32)
  [Q5, Q6] = cx(Q5, Q6)
  Q6 = rz(Q6, P32)
  [Q5, Q6] = cx(Q5, Q6)
  Q5 = h(Q5)
  Q5 = rz(Q5, P54)
  Q5 = h(Q5)
  Q5 = rz(Q5, P54)
  Q6 = h(Q6)
  Q6 = rz(Q6, P54)
  Q6 = h(Q6)
  Q6 = rz(Q6, P54)
}

Gate 0: [5, ]
Fusing gate 0(0) for rank 0
t 5
Matrix Multiplication (4, 1), mask 2
Gate 1: [5, ]
Fusing gate 5(0) for rank 0
t 5
Matrix Multiplication (4, 1), mask 2
Gate 2: [5, ]
Fusing gate 5(0) for rank 0
t 5
Matrix Multiplication (4, 1), mask 2
Gate 3: [4, ]
Fusing gate 0(0) for rank 0
t 4
Matrix Multiplication (4, 1), mask 1
Gate 4: [4, ]
Fusing gate 5(0) for rank 0
t 4
Matrix Multiplication (4, 1), mask 1
Gate 5: [4, 5, ]
Fusing gate 6(1) for rank 0
c,t 4,5
Matrix Multiplication (4, 2), mask 3
Gate 6: [5, ]
Fusing gate 5(0) for rank 0
t 5
Matrix Multiplication (4, 1), mask 2
Gate 7: [4, 5, ]
Fusing gate 6(1) for rank 0
c,t 4,5
Matrix Multiplication (4, 2), mask 3
Gate 8: [7, ]
Fusing gate 0(0) for rank 0
t 7
Matrix Multiplication (4, 1), mask 8
Gate 9: [7, ]
Fusing gate 5(0) for rank 0
t 7
Matrix Multiplication (4, 1), mask 8
Gate 10: [7, ]
Fusing gate 5(0) for rank 0
t 7
Matrix Multiplication (4, 1), mask 8
Gate 11: [6, ]
Fusing gate 0(0) for rank 0
t 6
Matrix Multiplication (4, 1), mask 4
Gate 12: [6, ]
Fusing gate 5(0) for rank 0
t 6
Matrix Multiplication (4, 1), mask 4
Gate 13: [6, 7, ]
Fusing gate 6(1) for rank 0
c,t 6,7
Matrix Multiplication (4, 2), mask 12
Gate 14: [7, ]
Fusing gate 5(0) for rank 0
t 7
Matrix Multiplication (4, 1), mask 8
Gate 15: [6, 7, ]
Fusing gate 6(1) for rank 0
c,t 6,7
Matrix Multiplication (4, 2), mask 12
Gate 16: [6, ]
Fusing gate 5(0) for rank 0
t 6
Matrix Multiplication (4, 1), mask 4
Gate 17: [6, ]
Fusing gate 5(0) for rank 0
t 6
Matrix Multiplication (4, 1), mask 4
Gate 18: [5, ]
Fusing gate 5(0) for rank 0
t 5
Matrix Multiplication (4, 1), mask 2
Gate 19: [5, 6, ]
Fusing gate 6(1) for rank 0
c,t 5,6
Matrix Multiplication (4, 2), mask 6
Gate 20: [6, ]
Fusing gate 5(0) for rank 0
t 6
Matrix Multiplication (4, 1), mask 4
Gate 21: [5, 6, ]
Fusing gate 6(1) for rank 0
c,t 5,6
Matrix Multiplication (4, 2), mask 6
Gate 22: [5, ]
Fusing gate 0(0) for rank 0
t 5
Matrix Multiplication (4, 1), mask 2
Gate 23: [5, ]
Fusing gate 5(0) for rank 0
t 5
Matrix Multiplication (4, 1), mask 2
Gate 24: [5, ]
Fusing gate 0(0) for rank 0
t 5
Matrix Multiplication (4, 1), mask 2
Gate 25: [5, ]
Fusing gate 5(0) for rank 0
t 5
Matrix Multiplication (4, 1), mask 2
Gate 26: [6, ]
Fusing gate 0(0) for rank 0
t 6
Matrix Multiplication (4, 1), mask 4
Gate 27: [6, ]
Fusing gate 5(0) for rank 0
t 6
Matrix Multiplication (4, 1), mask 4
Gate 28: [6, ]
Fusing gate 0(0) for rank 0
t 6
Matrix Multiplication (4, 1), mask 4
Gate 29: [6, ]
Fusing gate 5(0) for rank 0
t 6
Matrix Multiplication (4, 1), mask 4
Start fusing gates...
Reset qubit group map
(7, 7) (8, 8) (9, 9) (10, 10) (11, 11) current Layout: [0,1,2,3,4,5,6,7,8,9,10,11,12,13,14,15,16,17,18,19,20,21,22,23,24,25,26,27,]
Fusing Kernel (44 gates): qubits [7, 8, 9, 10, 11], gates fusion, qubits [7, 8, 9, 10, 11], gates CircuitSeq {
  Q9 = h(Q9)
  Q9 = rz(Q9, P9)
  Q9 = rz(Q9, P9)
  Q8 = h(Q8)
  Q8 = rz(Q8, P8)
  [Q8, Q9] = cx[0](Q8, Q9)
  Q9 = rz(Q9, P8)
  [Q8, Q9] = cx[0](Q8, Q9)
  Q11 = h(Q11)
  Q11 = rz(Q11, P11)
  Q11 = rz(Q11, P11)
  Q10 = h(Q10)
  Q10 = rz(Q10, P10)
  [Q10, Q11] = cx[0](Q10, Q11)
  Q11 = rz(Q11, P10)
  [Q10, Q11] = cx[0](Q10, Q11)
  Q8 = rz(Q8, P35)
  Q8 = rz(Q8, P35)
  Q7 = rz(Q7, P34)
  [Q7, Q8] = cx(Q7, Q8)
  Q8 = rz(Q8, P34)
  [Q7, Q8] = cx(Q7, Q8)
  Q7 = h(Q7)
  Q7 = rz(Q7, P54)
  Q7 = h(Q7)
  Q7 = rz(Q7, P54)
  Q8 = h(Q8)
  Q8 = rz(Q8, P54)
  Q8 = h(Q8)
  Q8 = rz(Q8, P54)
  Q10 = rz(Q10, P37)
  Q10 = rz(Q10, P37)
  Q9 = rz(Q9, P36)
  [Q9, Q10] = cx(Q9, Q10)
  Q10 = rz(Q10, P36)
  [Q9, Q10] = cx(Q9, Q10)
  Q9 = h(Q9)
  Q9 = rz(Q9, P54)
  Q9 = h(Q9)
  Q9 = rz(Q9, P54)
  Q10 = h(Q10)
  Q10 = rz(Q10, P54)
  Q10 = h(Q10)
  Q10 = rz(Q10, P54)
}

Gate 0: [9, ]
Fusing gate 0(0) for rank 0
t 9
Matrix Multiplication (5, 1), mask 4
Gate 1: [9, ]
Fusing gate 5(0) for rank 0
t 9
Matrix Multiplication (5, 1), mask 4
Gate 2: [9, ]
Fusing gate 5(0) for rank 0
t 9
Matrix Multiplication (5, 1), mask 4
Gate 3: [8, ]
Fusing gate 0(0) for rank 0
t 8
Matrix Multiplication (5, 1), mask 2
Gate 4: [8, ]
Fusing gate 5(0) for rank 0
t 8
Matrix Multiplication (5, 1), mask 2
Gate 5: [8, 9, ]
Fusing gate 6(1) for rank 0
c,t 8,9
Matrix Multiplication (5, 2), mask 6
Gate 6: [9, ]
Fusing gate 5(0) for rank 0
t 9
Matrix Multiplication (5, 1), mask 4
Gate 7: [8, 9, ]
Fusing gate 6(1) for rank 0
c,t 8,9
Matrix Multiplication (5, 2), mask 6
Gate 8: [11, ]
Fusing gate 0(0) for rank 0
t 11
Matrix Multiplication (5, 1), mask 16
Gate 9: [11, ]
Fusing gate 5(0) for rank 0
t 11
Matrix Multiplication (5, 1), mask 16
Gate 10: [11, ]
Fusing gate 5(0) for rank 0
t 11
Matrix Multiplication (5, 1), mask 16
Gate 11: [10, ]
Fusing gate 0(0) for rank 0
t 10
Matrix Multiplication (5, 1), mask 8
Gate 12: [10, ]
Fusing gate 5(0) for rank 0
t 10
Matrix Multiplication (5, 1), mask 8
Gate 13: [10, 11, ]
Fusing gate 6(1) for rank 0
c,t 10,11
Matrix Multiplication (5, 2), mask 24
Gate 14: [11, ]
Fusing gate 5(0) for rank 0
t 11
Matrix Multiplication (5, 1), mask 16
Gate 15: [10, 11, ]
Fusing gate 6(1) for rank 0
c,t 10,11
Matrix Multiplication (5, 2), mask 24
Gate 16: [8, ]
Fusing gate 5(0) for rank 0
t 8
Matrix Multiplication (5, 1), mask 2
Gate 17: [8, ]
Fusing gate 5(0) for rank 0
t 8
Matrix Multiplication (5, 1), mask 2
Gate 18: [7, ]
Fusing gate 5(0) for rank 0
t 7
Matrix Multiplication (5, 1), mask 1
Gate 19: [7, 8, ]
Fusing gate 6(1) for rank 0
c,t 7,8
Matrix Multiplication (5, 2), mask 3
Gate 20: [8, ]
Fusing gate 5(0) for rank 0
t 8
Matrix Multiplication (5, 1), mask 2
Gate 21: [7, 8, ]
Fusing gate 6(1) for rank 0
c,t 7,8
Matrix Multiplication (5, 2), mask 3
Gate 22: [7, ]
Fusing gate 0(0) for rank 0
t 7
Matrix Multiplication (5, 1), mask 1
Gate 23: [7, ]
Fusing gate 5(0) for rank 0
t 7
Matrix Multiplication (5, 1), mask 1
Gate 24: [7, ]
Fusing gate 0(0) for rank 0
t 7
Matrix Multiplication (5, 1), mask 1
Gate 25: [7, ]
Fusing gate 5(0) for rank 0
t 7
Matrix Multiplication (5, 1), mask 1
Gate 26: [8, ]
Fusing gate 0(0) for rank 0
t 8
Matrix Multiplication (5, 1), mask 2
Gate 27: [8, ]
Fusing gate 5(0) for rank 0
t 8
Matrix Multiplication (5, 1), mask 2
Gate 28: [8, ]
Fusing gate 0(0) for rank 0
t 8
Matrix Multiplication (5, 1), mask 2
Gate 29: [8, ]
Fusing gate 5(0) for rank 0
t 8
Matrix Multiplication (5, 1), mask 2
Gate 30: [10, ]
Fusing gate 5(0) for rank 0
t 10
Matrix Multiplication (5, 1), mask 8
Gate 31: [10, ]
Fusing gate 5(0) for rank 0
t 10
Matrix Multiplication (5, 1), mask 8
Gate 32: [9, ]
Fusing gate 5(0) for rank 0
t 9
Matrix Multiplication (5, 1), mask 4
Gate 33: [9, 10, ]
Fusing gate 6(1) for rank 0
c,t 9,10
Matrix Multiplication (5, 2), mask 12
Gate 34: [10, ]
Fusing gate 5(0) for rank 0
t 10
Matrix Multiplication (5, 1), mask 8
Gate 35: [9, 10, ]
Fusing gate 6(1) for rank 0
c,t 9,10
Matrix Multiplication (5, 2), mask 12
Gate 36: [9, ]
Fusing gate 0(0) for rank 0
t 9
Matrix Multiplication (5, 1), mask 4
Gate 37: [9, ]
Fusing gate 5(0) for rank 0
t 9
Matrix Multiplication (5, 1), mask 4
Gate 38: [9, ]
Fusing gate 0(0) for rank 0
t 9
Matrix Multiplication (5, 1), mask 4
Gate 39: [9, ]
Fusing gate 5(0) for rank 0
t 9
Matrix Multiplication (5, 1), mask 4
Gate 40: [10, ]
Fusing gate 0(0) for rank 0
t 10
Matrix Multiplication (5, 1), mask 8
Gate 41: [10, ]
Fusing gate 5(0) for rank 0
t 10
Matrix Multiplication (5, 1), mask 8
Gate 42: [10, ]
Fusing gate 0(0) for rank 0
t 10
Matrix Multiplication (5, 1), mask 8
Gate 43: [10, ]
Fusing gate 5(0) for rank 0
t 10
Matrix Multiplication (5, 1), mask 8
Start fusing gates...
Reset qubit group map
(11, 11) (12, 12) (13, 13) (14, 14) (15, 15) current Layout: [0,1,2,3,4,5,6,7,8,9,10,11,12,13,14,15,16,17,18,19,20,21,22,23,24,25,26,27,]
Fusing Kernel (44 gates): qubits [11, 12, 13, 14, 15], gates fusion, qubits [11, 12, 13, 14, 15], gates CircuitSeq {
  Q13 = h(Q13)
  Q13 = rz(Q13, P13)
  Q13 = rz(Q13, P13)
  Q12 = h(Q12)
  Q12 = rz(Q12, P12)
  [Q12, Q13] = cx[0](Q12, Q13)
  Q13 = rz(Q13, P12)
  [Q12, Q13] = cx[0](Q12, Q13)
  Q15 = h(Q15)
  Q15 = rz(Q15, P15)
  Q15 = rz(Q15, P15)
  Q14 = h(Q14)
  Q14 = rz(Q14, P14)
  [Q14, Q15] = cx[0](Q14, Q15)
  Q15 = rz(Q15, P14)
  [Q14, Q15] = cx[0](Q14, Q15)
  Q12 = rz(Q12, P39)
  Q12 = rz(Q12, P39)
  Q11 = rz(Q11, P38)
  [Q11, Q12] = cx(Q11, Q12)
  Q12 = rz(Q12, P38)
  [Q11, Q12] = cx(Q11, Q12)
  Q11 = h(Q11)
  Q11 = rz(Q11, P54)
  Q11 = h(Q11)
  Q11 = rz(Q11, P54)
  Q12 = h(Q12)
  Q12 = rz(Q12, P54)
  Q12 = h(Q12)
  Q12 = rz(Q12, P54)
  Q14 = rz(Q14, P41)
  Q14 = rz(Q14, P41)
  Q13 = rz(Q13, P40)
  [Q13, Q14] = cx(Q13, Q14)
  Q14 = rz(Q14, P40)
  [Q13, Q14] = cx(Q13, Q14)
  Q13 = h(Q13)
  Q13 = rz(Q13, P54)
  Q13 = h(Q13)
  Q13 = rz(Q13, P54)
  Q14 = h(Q14)
  Q14 = rz(Q14, P54)
  Q14 = h(Q14)
  Q14 = rz(Q14, P54)
}

Gate 0: [13, ]
Fusing gate 0(0) for rank 0
t 13
Matrix Multiplication (5, 1), mask 4
Gate 1: [13, ]
Fusing gate 5(0) for rank 0
t 13
Matrix Multiplication (5, 1), mask 4
Gate 2: [13, ]
Fusing gate 5(0) for rank 0
t 13
Matrix Multiplication (5, 1), mask 4
Gate 3: [12, ]
Fusing gate 0(0) for rank 0
t 12
Matrix Multiplication (5, 1), mask 2
Gate 4: [12, ]
Fusing gate 5(0) for rank 0
t 12
Matrix Multiplication (5, 1), mask 2
Gate 5: [12, 13, ]
Fusing gate 6(1) for rank 0
c,t 12,13
Matrix Multiplication (5, 2), mask 6
Gate 6: [13, ]
Fusing gate 5(0) for rank 0
t 13
Matrix Multiplication (5, 1), mask 4
Gate 7: [12, 13, ]
Fusing gate 6(1) for rank 0
c,t 12,13
Matrix Multiplication (5, 2), mask 6
Gate 8: [15, ]
Fusing gate 0(0) for rank 0
t 15
Matrix Multiplication (5, 1), mask 16
Gate 9: [15, ]
Fusing gate 5(0) for rank 0
t 15
Matrix Multiplication (5, 1), mask 16
Gate 10: [15, ]
Fusing gate 5(0) for rank 0
t 15
Matrix Multiplication (5, 1), mask 16
Gate 11: [14, ]
Fusing gate 0(0) for rank 0
t 14
Matrix Multiplication (5, 1), mask 8
Gate 12: [14, ]
Fusing gate 5(0) for rank 0
t 14
Matrix Multiplication (5, 1), mask 8
Gate 13: [14, 15, ]
Fusing gate 6(1) for rank 0
c,t 14,15
Matrix Multiplication (5, 2), mask 24
Gate 14: [15, ]
Fusing gate 5(0) for rank 0
t 15
Matrix Multiplication (5, 1), mask 16
Gate 15: [14, 15, ]
Fusing gate 6(1) for rank 0
c,t 14,15
Matrix Multiplication (5, 2), mask 24
Gate 16: [12, ]
Fusing gate 5(0) for rank 0
t 12
Matrix Multiplication (5, 1), mask 2
Gate 17: [12, ]
Fusing gate 5(0) for rank 0
t 12
Matrix Multiplication (5, 1), mask 2
Gate 18: [11, ]
Fusing gate 5(0) for rank 0
t 11
Matrix Multiplication (5, 1), mask 1
Gate 19: [11, 12, ]
Fusing gate 6(1) for rank 0
c,t 11,12
Matrix Multiplication (5, 2), mask 3
Gate 20: [12, ]
Fusing gate 5(0) for rank 0
t 12
Matrix Multiplication (5, 1), mask 2
Gate 21: [11, 12, ]
Fusing gate 6(1) for rank 0
c,t 11,12
Matrix Multiplication (5, 2), mask 3
Gate 22: [11, ]
Fusing gate 0(0) for rank 0
t 11
Matrix Multiplication (5, 1), mask 1
Gate 23: [11, ]
Fusing gate 5(0) for rank 0
t 11
Matrix Multiplication (5, 1), mask 1
Gate 24: [11, ]
Fusing gate 0(0) for rank 0
t 11
Matrix Multiplication (5, 1), mask 1
Gate 25: [11, ]
Fusing gate 5(0) for rank 0
t 11
Matrix Multiplication (5, 1), mask 1
Gate 26: [12, ]
Fusing gate 0(0) for rank 0
t 12
Matrix Multiplication (5, 1), mask 2
Gate 27: [12, ]
Fusing gate 5(0) for rank 0
t 12
Matrix Multiplication (5, 1), mask 2
Gate 28: [12, ]
Fusing gate 0(0) for rank 0
t 12
Matrix Multiplication (5, 1), mask 2
Gate 29: [12, ]
Fusing gate 5(0) for rank 0
t 12
Matrix Multiplication (5, 1), mask 2
Gate 30: [14, ]
Fusing gate 5(0) for rank 0
t 14
Matrix Multiplication (5, 1), mask 8
Gate 31: [14, ]
Fusing gate 5(0) for rank 0
t 14
Matrix Multiplication (5, 1), mask 8
Gate 32: [13, ]
Fusing gate 5(0) for rank 0
t 13
Matrix Multiplication (5, 1), mask 4
Gate 33: [13, 14, ]
Fusing gate 6(1) for rank 0
c,t 13,14
Matrix Multiplication (5, 2), mask 12
Gate 34: [14, ]
Fusing gate 5(0) for rank 0
t 14
Matrix Multiplication (5, 1), mask 8
Gate 35: [13, 14, ]
Fusing gate 6(1) for rank 0
c,t 13,14
Matrix Multiplication (5, 2), mask 12
Gate 36: [13, ]
Fusing gate 0(0) for rank 0
t 13
Matrix Multiplication (5, 1), mask 4
Gate 37: [13, ]
Fusing gate 5(0) for rank 0
t 13
Matrix Multiplication (5, 1), mask 4
Gate 38: [13, ]
Fusing gate 0(0) for rank 0
t 13
Matrix Multiplication (5, 1), mask 4
Gate 39: [13, ]
Fusing gate 5(0) for rank 0
t 13
Matrix Multiplication (5, 1), mask 4
Gate 40: [14, ]
Fusing gate 0(0) for rank 0
t 14
Matrix Multiplication (5, 1), mask 8
Gate 41: [14, ]
Fusing gate 5(0) for rank 0
t 14
Matrix Multiplication (5, 1), mask 8
Gate 42: [14, ]
Fusing gate 0(0) for rank 0
t 14
Matrix Multiplication (5, 1), mask 8
Gate 43: [14, ]
Fusing gate 5(0) for rank 0
t 14
Matrix Multiplication (5, 1), mask 8
Start fusing gates...
Reset qubit group map
(15, 15) (16, 16) (17, 17) (18, 18) (19, 19) current Layout: [0,1,2,3,4,5,6,7,8,9,10,11,12,13,14,15,16,17,18,19,20,21,22,23,24,25,26,27,]
Fusing Kernel (44 gates): qubits [15, 16, 17, 18, 19], gates fusion, qubits [15, 16, 17, 18, 19], gates CircuitSeq {
  Q17 = h(Q17)
  Q17 = rz(Q17, P17)
  Q17 = rz(Q17, P17)
  Q16 = h(Q16)
  Q16 = rz(Q16, P16)
  [Q16, Q17] = cx[0](Q16, Q17)
  Q17 = rz(Q17, P16)
  [Q16, Q17] = cx[0](Q16, Q17)
  Q19 = h(Q19)
  Q19 = rz(Q19, P19)
  Q19 = rz(Q19, P19)
  Q18 = h(Q18)
  Q18 = rz(Q18, P18)
  [Q18, Q19] = cx[0](Q18, Q19)
  Q19 = rz(Q19, P18)
  [Q18, Q19] = cx[0](Q18, Q19)
  Q16 = rz(Q16, P43)
  Q16 = rz(Q16, P43)
  Q15 = rz(Q15, P42)
  [Q15, Q16] = cx(Q15, Q16)
  Q16 = rz(Q16, P42)
  [Q15, Q16] = cx(Q15, Q16)
  Q15 = h(Q15)
  Q15 = rz(Q15, P54)
  Q15 = h(Q15)
  Q15 = rz(Q15, P54)
  Q16 = h(Q16)
  Q16 = rz(Q16, P54)
  Q16 = h(Q16)
  Q16 = rz(Q16, P54)
  Q18 = rz(Q18, P45)
  Q18 = rz(Q18, P45)
  Q17 = rz(Q17, P44)
  [Q17, Q18] = cx(Q17, Q18)
  Q18 = rz(Q18, P44)
  [Q17, Q18] = cx(Q17, Q18)
  Q17 = h(Q17)
  Q17 = rz(Q17, P54)
  Q17 = h(Q17)
  Q17 = rz(Q17, P54)
  Q18 = h(Q18)
  Q18 = rz(Q18, P54)
  Q18 = h(Q18)
  Q18 = rz(Q18, P54)
}

Gate 0: [17, ]
Fusing gate 0(0) for rank 0
t 17
Matrix Multiplication (5, 1), mask 4
Gate 1: [17, ]
Fusing gate 5(0) for rank 0
t 17
Matrix Multiplication (5, 1), mask 4
Gate 2: [17, ]
Fusing gate 5(0) for rank 0
t 17
Matrix Multiplication (5, 1), mask 4
Gate 3: [16, ]
Fusing gate 0(0) for rank 0
t 16
Matrix Multiplication (5, 1), mask 2
Gate 4: [16, ]
Fusing gate 5(0) for rank 0
t 16
Matrix Multiplication (5, 1), mask 2
Gate 5: [16, 17, ]
Fusing gate 6(1) for rank 0
c,t 16,17
Matrix Multiplication (5, 2), mask 6
Gate 6: [17, ]
Fusing gate 5(0) for rank 0
t 17
Matrix Multiplication (5, 1), mask 4
Gate 7: [16, 17, ]
Fusing gate 6(1) for rank 0
c,t 16,17
Matrix Multiplication (5, 2), mask 6
Gate 8: [19, ]
Fusing gate 0(0) for rank 0
t 19
Matrix Multiplication (5, 1), mask 16
Gate 9: [19, ]
Fusing gate 5(0) for rank 0
t 19
Matrix Multiplication (5, 1), mask 16
Gate 10: [19, ]
Fusing gate 5(0) for rank 0
t 19
Matrix Multiplication (5, 1), mask 16
Gate 11: [18, ]
Fusing gate 0(0) for rank 0
t 18
Matrix Multiplication (5, 1), mask 8
Gate 12: [18, ]
Fusing gate 5(0) for rank 0
t 18
Matrix Multiplication (5, 1), mask 8
Gate 13: [18, 19, ]
Fusing gate 6(1) for rank 0
c,t 18,19
Matrix Multiplication (5, 2), mask 24
Gate 14: [19, ]
Fusing gate 5(0) for rank 0
t 19
Matrix Multiplication (5, 1), mask 16
Gate 15: [18, 19, ]
Fusing gate 6(1) for rank 0
c,t 18,19
Matrix Multiplication (5, 2), mask 24
Gate 16: [16, ]
Fusing gate 5(0) for rank 0
t 16
Matrix Multiplication (5, 1), mask 2
Gate 17: [16, ]
Fusing gate 5(0) for rank 0
t 16
Matrix Multiplication (5, 1), mask 2
Gate 18: [15, ]
Fusing gate 5(0) for rank 0
t 15
Matrix Multiplication (5, 1), mask 1
Gate 19: [15, 16, ]
Fusing gate 6(1) for rank 0
c,t 15,16
Matrix Multiplication (5, 2), mask 3
Gate 20: [16, ]
Fusing gate 5(0) for rank 0
t 16
Matrix Multiplication (5, 1), mask 2
Gate 21: [15, 16, ]
Fusing gate 6(1) for rank 0
c,t 15,16
Matrix Multiplication (5, 2), mask 3
Gate 22: [15, ]
Fusing gate 0(0) for rank 0
t 15
Matrix Multiplication (5, 1), mask 1
Gate 23: [15, ]
Fusing gate 5(0) for rank 0
t 15
Matrix Multiplication (5, 1), mask 1
Gate 24: [15, ]
Fusing gate 0(0) for rank 0
t 15
Matrix Multiplication (5, 1), mask 1
Gate 25: [15, ]
Fusing gate 5(0) for rank 0
t 15
Matrix Multiplication (5, 1), mask 1
Gate 26: [16, ]
Fusing gate 0(0) for rank 0
t 16
Matrix Multiplication (5, 1), mask 2
Gate 27: [16, ]
Fusing gate 5(0) for rank 0
t 16
Matrix Multiplication (5, 1), mask 2
Gate 28: [16, ]
Fusing gate 0(0) for rank 0
t 16
Matrix Multiplication (5, 1), mask 2
Gate 29: [16, ]
Fusing gate 5(0) for rank 0
t 16
Matrix Multiplication (5, 1), mask 2
Gate 30: [18, ]
Fusing gate 5(0) for rank 0
t 18
Matrix Multiplication (5, 1), mask 8
Gate 31: [18, ]
Fusing gate 5(0) for rank 0
t 18
Matrix Multiplication (5, 1), mask 8
Gate 32: [17, ]
Fusing gate 5(0) for rank 0
t 17
Matrix Multiplication (5, 1), mask 4
Gate 33: [17, 18, ]
Fusing gate 6(1) for rank 0
c,t 17,18
Matrix Multiplication (5, 2), mask 12
Gate 34: [18, ]
Fusing gate 5(0) for rank 0
t 18
Matrix Multiplication (5, 1), mask 8
Gate 35: [17, 18, ]
Fusing gate 6(1) for rank 0
c,t 17,18
Matrix Multiplication (5, 2), mask 12
Gate 36: [17, ]
Fusing gate 0(0) for rank 0
t 17
Matrix Multiplication (5, 1), mask 4
Gate 37: [17, ]
Fusing gate 5(0) for rank 0
t 17
Matrix Multiplication (5, 1), mask 4
Gate 38: [17, ]
Fusing gate 0(0) for rank 0
t 17
Matrix Multiplication (5, 1), mask 4
Gate 39: [17, ]
Fusing gate 5(0) for rank 0
t 17
Matrix Multiplication (5, 1), mask 4
Gate 40: [18, ]
Fusing gate 0(0) for rank 0
t 18
Matrix Multiplication (5, 1), mask 8
Gate 41: [18, ]
Fusing gate 5(0) for rank 0
t 18
Matrix Multiplication (5, 1), mask 8
Gate 42: [18, ]
Fusing gate 0(0) for rank 0
t 18
Matrix Multiplication (5, 1), mask 8
Gate 43: [18, ]
Fusing gate 5(0) for rank 0
t 18
Matrix Multiplication (5, 1), mask 8
Start fusing gates...
Reset qubit group map
(19, 19) (20, 20) (21, 21) (22, 22) (23, 23) current Layout: [0,1,2,3,4,5,6,7,8,9,10,11,12,13,14,15,16,17,18,19,20,21,22,23,24,25,26,27,]
Fusing Kernel (44 gates): qubits [19, 20, 21, 22, 23], gates fusion, qubits [19, 20, 21, 22, 23], gates CircuitSeq {
  Q21 = h(Q21)
  Q21 = rz(Q21, P21)
  Q21 = rz(Q21, P21)
  Q20 = h(Q20)
  Q20 = rz(Q20, P20)
  [Q20, Q21] = cx[0](Q20, Q21)
  Q21 = rz(Q21, P20)
  [Q20, Q21] = cx[0](Q20, Q21)
  Q23 = h(Q23)
  Q23 = rz(Q23, P23)
  Q23 = rz(Q23, P23)
  Q22 = h(Q22)
  Q22 = rz(Q22, P22)
  [Q22, Q23] = cx[0](Q22, Q23)
  Q23 = rz(Q23, P22)
  [Q22, Q23] = cx[0](Q22, Q23)
  Q20 = rz(Q20, P47)
  Q20 = rz(Q20, P47)
  Q19 = rz(Q19, P46)
  [Q19, Q20] = cx(Q19, Q20)
  Q20 = rz(Q20, P46)
  [Q19, Q20] = cx(Q19, Q20)
  Q19 = h(Q19)
  Q19 = rz(Q19, P54)
  Q19 = h(Q19)
  Q19 = rz(Q19, P54)
  Q20 = h(Q20)
  Q20 = rz(Q20, P54)
  Q20 = h(Q20)
  Q20 = rz(Q20, P54)
  Q22 = rz(Q22, P49)
  Q22 = rz(Q22, P49)
  Q21 = rz(Q21, P48)
  [Q21, Q22] = cx(Q21, Q22)
  Q22 = rz(Q22, P48)
  [Q21, Q22] = cx(Q21, Q22)
  Q21 = h(Q21)
  Q21 = rz(Q21, P54)
  Q21 = h(Q21)
  Q21 = rz(Q21, P54)
  Q22 = h(Q22)
  Q22 = rz(Q22, P54)
  Q22 = h(Q22)
  Q22 = rz(Q22, P54)
}

Gate 0: [21, ]
Fusing gate 0(0) for rank 0
t 21
Matrix Multiplication (5, 1), mask 4
Gate 1: [21, ]
Fusing gate 5(0) for rank 0
t 21
Matrix Multiplication (5, 1), mask 4
Gate 2: [21, ]
Fusing gate 5(0) for rank 0
t 21
Matrix Multiplication (5, 1), mask 4
Gate 3: [20, ]
Fusing gate 0(0) for rank 0
t 20
Matrix Multiplication (5, 1), mask 2
Gate 4: [20, ]
Fusing gate 5(0) for rank 0
t 20
Matrix Multiplication (5, 1), mask 2
Gate 5: [20, 21, ]
Fusing gate 6(1) for rank 0
c,t 20,21
Matrix Multiplication (5, 2), mask 6
Gate 6: [21, ]
Fusing gate 5(0) for rank 0
t 21
Matrix Multiplication (5, 1), mask 4
Gate 7: [20, 21, ]
Fusing gate 6(1) for rank 0
c,t 20,21
Matrix Multiplication (5, 2), mask 6
Gate 8: [23, ]
Fusing gate 0(0) for rank 0
t 23
Matrix Multiplication (5, 1), mask 16
Gate 9: [23, ]
Fusing gate 5(0) for rank 0
t 23
Matrix Multiplication (5, 1), mask 16
Gate 10: [23, ]
Fusing gate 5(0) for rank 0
t 23
Matrix Multiplication (5, 1), mask 16
Gate 11: [22, ]
Fusing gate 0(0) for rank 0
t 22
Matrix Multiplication (5, 1), mask 8
Gate 12: [22, ]
Fusing gate 5(0) for rank 0
t 22
Matrix Multiplication (5, 1), mask 8
Gate 13: [22, 23, ]
Fusing gate 6(1) for rank 0
c,t 22,23
Matrix Multiplication (5, 2), mask 24
Gate 14: [23, ]
Fusing gate 5(0) for rank 0
t 23
Matrix Multiplication (5, 1), mask 16
Gate 15: [22, 23, ]
Fusing gate 6(1) for rank 0
c,t 22,23
Matrix Multiplication (5, 2), mask 24
Gate 16: [20, ]
Fusing gate 5(0) for rank 0
t 20
Matrix Multiplication (5, 1), mask 2
Gate 17: [20, ]
Fusing gate 5(0) for rank 0
t 20
Matrix Multiplication (5, 1), mask 2
Gate 18: [19, ]
Fusing gate 5(0) for rank 0
t 19
Matrix Multiplication (5, 1), mask 1
Gate 19: [19, 20, ]
Fusing gate 6(1) for rank 0
c,t 19,20
Matrix Multiplication (5, 2), mask 3
Gate 20: [20, ]
Fusing gate 5(0) for rank 0
t 20
Matrix Multiplication (5, 1), mask 2
Gate 21: [19, 20, ]
Fusing gate 6(1) for rank 0
c,t 19,20
Matrix Multiplication (5, 2), mask 3
Gate 22: [19, ]
Fusing gate 0(0) for rank 0
t 19
Matrix Multiplication (5, 1), mask 1
Gate 23: [19, ]
Fusing gate 5(0) for rank 0
t 19
Matrix Multiplication (5, 1), mask 1
Gate 24: [19, ]
Fusing gate 0(0) for rank 0
t 19
Matrix Multiplication (5, 1), mask 1
Gate 25: [19, ]
Fusing gate 5(0) for rank 0
t 19
Matrix Multiplication (5, 1), mask 1
Gate 26: [20, ]
Fusing gate 0(0) for rank 0
t 20
Matrix Multiplication (5, 1), mask 2
Gate 27: [20, ]
Fusing gate 5(0) for rank 0
t 20
Matrix Multiplication (5, 1), mask 2
Gate 28: [20, ]
Fusing gate 0(0) for rank 0
t 20
Matrix Multiplication (5, 1), mask 2
Gate 29: [20, ]
Fusing gate 5(0) for rank 0
t 20
Matrix Multiplication (5, 1), mask 2
Gate 30: [22, ]
Fusing gate 5(0) for rank 0
t 22
Matrix Multiplication (5, 1), mask 8
Gate 31: [22, ]
Fusing gate 5(0) for rank 0
t 22
Matrix Multiplication (5, 1), mask 8
Gate 32: [21, ]
Fusing gate 5(0) for rank 0
t 21
Matrix Multiplication (5, 1), mask 4
Gate 33: [21, 22, ]
Fusing gate 6(1) for rank 0
c,t 21,22
Matrix Multiplication (5, 2), mask 12
Gate 34: [22, ]
Fusing gate 5(0) for rank 0
t 22
Matrix Multiplication (5, 1), mask 8
Gate 35: [21, 22, ]
Fusing gate 6(1) for rank 0
c,t 21,22
Matrix Multiplication (5, 2), mask 12
Gate 36: [21, ]
Fusing gate 0(0) for rank 0
t 21
Matrix Multiplication (5, 1), mask 4
Gate 37: [21, ]
Fusing gate 5(0) for rank 0
t 21
Matrix Multiplication (5, 1), mask 4
Gate 38: [21, ]
Fusing gate 0(0) for rank 0
t 21
Matrix Multiplication (5, 1), mask 4
Gate 39: [21, ]
Fusing gate 5(0) for rank 0
t 21
Matrix Multiplication (5, 1), mask 4
Gate 40: [22, ]
Fusing gate 0(0) for rank 0
t 22
Matrix Multiplication (5, 1), mask 8
Gate 41: [22, ]
Fusing gate 5(0) for rank 0
t 22
Matrix Multiplication (5, 1), mask 8
Gate 42: [22, ]
Fusing gate 0(0) for rank 0
t 22
Matrix Multiplication (5, 1), mask 8
Gate 43: [22, ]
Fusing gate 5(0) for rank 0
t 22
Matrix Multiplication (5, 1), mask 8
Start fusing gates...
Reset qubit group map
(0, 0) (1, 1) (2, 2) (3, 3) (4, 4) current Layout: [0,1,2,3,4,5,6,7,8,9,10,11,12,13,14,15,16,17,18,19,20,21,22,23,24,25,26,27,]
Fusing Kernel (48 gates): qubits [0, 1, 2, 3, 4], gates fusion, qubits [0, 1, 2, 3, 4], gates CircuitSeq {
  Q1 = h(Q1)
  Q1 = rz(Q1, P1)
  Q1 = rz(Q1, P1)
  Q0 = h(Q0)
  Q0 = rz(Q0, P0)
  [Q0, Q1] = cx(Q0, Q1)
  Q1 = rz(Q1, P0)
  [Q0, Q1] = cx(Q0, Q1)
  Q0 = h(Q0)
  Q0 = rz(Q0, P54)
  Q0 = h(Q0)
  Q0 = rz(Q0, P54)
  Q3 = h(Q3)
  Q3 = rz(Q3, P3)
  Q3 = rz(Q3, P3)
  Q2 = h(Q2)
  Q2 = rz(Q2, P2)
  [Q2, Q3] = cx(Q2, Q3)
  Q3 = rz(Q3, P2)
  [Q2, Q3] = cx(Q2, Q3)
  Q2 = rz(Q2, P29)
  Q2 = rz(Q2, P29)
  Q1 = rz(Q1, P28)
  [Q1, Q2] = cx[0](Q1, Q2)
  Q2 = rz(Q2, P28)
  [Q1, Q2] = cx[0](Q1, Q2)
  Q1 = h(Q1)
  Q1 = rz(Q1, P54)
  Q1 = h(Q1)
  Q1 = rz(Q1, P54)
  Q2 = h(Q2)
  Q2 = rz(Q2, P54)
  Q2 = h(Q2)
  Q2 = rz(Q2, P54)
  Q4 = rz(Q4, P31)
  Q4 = rz(Q4, P31)
  Q3 = rz(Q3, P30)
  [Q3, Q4] = cx[0](Q3, Q4)
  Q4 = rz(Q4, P30)
  [Q3, Q4] = cx[0](Q3, Q4)
  Q3 = h(Q3)
  Q3 = rz(Q3, P54)
  Q3 = h(Q3)
  Q3 = rz(Q3, P54)
  Q4 = h(Q4)
  Q4 = rz(Q4, P54)
  Q4 = h(Q4)
  Q4 = rz(Q4, P54)
}

Gate 0: [1, ]
Fusing gate 0(0) for rank 0
t 1
Matrix Multiplication (5, 1), mask 2
Gate 1: [1, ]
Fusing gate 5(0) for rank 0
t 1
Matrix Multiplication (5, 1), mask 2
Gate 2: [1, ]
Fusing gate 5(0) for rank 0
t 1
Matrix Multiplication (5, 1), mask 2
Gate 3: [0, ]
Fusing gate 0(0) for rank 0
t 0
Matrix Multiplication (5, 1), mask 1
Gate 4: [0, ]
Fusing gate 5(0) for rank 0
t 0
Matrix Multiplication (5, 1), mask 1
Gate 5: [0, 1, ]
Fusing gate 6(1) for rank 0
c,t 0,1
Matrix Multiplication (5, 2), mask 3
Gate 6: [1, ]
Fusing gate 5(0) for rank 0
t 1
Matrix Multiplication (5, 1), mask 2
Gate 7: [0, 1, ]
Fusing gate 6(1) for rank 0
c,t 0,1
Matrix Multiplication (5, 2), mask 3
Gate 8: [0, ]
Fusing gate 0(0) for rank 0
t 0
Matrix Multiplication (5, 1), mask 1
Gate 9: [0, ]
Fusing gate 5(0) for rank 0
t 0
Matrix Multiplication (5, 1), mask 1
Gate 10: [0, ]
Fusing gate 0(0) for rank 0
t 0
Matrix Multiplication (5, 1), mask 1
Gate 11: [0, ]
Fusing gate 5(0) for rank 0
t 0
Matrix Multiplication (5, 1), mask 1
Gate 12: [3, ]
Fusing gate 0(0) for rank 0
t 3
Matrix Multiplication (5, 1), mask 8
Gate 13: [3, ]
Fusing gate 5(0) for rank 0
t 3
Matrix Multiplication (5, 1), mask 8
Gate 14: [3, ]
Fusing gate 5(0) for rank 0
t 3
Matrix Multiplication (5, 1), mask 8
Gate 15: [2, ]
Fusing gate 0(0) for rank 0
t 2
Matrix Multiplication (5, 1), mask 4
Gate 16: [2, ]
Fusing gate 5(0) for rank 0
t 2
Matrix Multiplication (5, 1), mask 4
Gate 17: [2, 3, ]
Fusing gate 6(1) for rank 0
c,t 2,3
Matrix Multiplication (5, 2), mask 12
Gate 18: [3, ]
Fusing gate 5(0) for rank 0
t 3
Matrix Multiplication (5, 1), mask 8
Gate 19: [2, 3, ]
Fusing gate 6(1) for rank 0
c,t 2,3
Matrix Multiplication (5, 2), mask 12
Gate 20: [2, ]
Fusing gate 5(0) for rank 0
t 2
Matrix Multiplication (5, 1), mask 4
Gate 21: [2, ]
Fusing gate 5(0) for rank 0
t 2
Matrix Multiplication (5, 1), mask 4
Gate 22: [1, ]
Fusing gate 5(0) for rank 0
t 1
Matrix Multiplication (5, 1), mask 2
Gate 23: [1, 2, ]
Fusing gate 6(1) for rank 0
c,t 1,2
Matrix Multiplication (5, 2), mask 6
Gate 24: [2, ]
Fusing gate 5(0) for rank 0
t 2
Matrix Multiplication (5, 1), mask 4
Gate 25: [1, 2, ]
Fusing gate 6(1) for rank 0
c,t 1,2
Matrix Multiplication (5, 2), mask 6
Gate 26: [1, ]
Fusing gate 0(0) for rank 0
t 1
Matrix Multiplication (5, 1), mask 2
Gate 27: [1, ]
Fusing gate 5(0) for rank 0
t 1
Matrix Multiplication (5, 1), mask 2
Gate 28: [1, ]
Fusing gate 0(0) for rank 0
t 1
Matrix Multiplication (5, 1), mask 2
Gate 29: [1, ]
Fusing gate 5(0) for rank 0
t 1
Matrix Multiplication (5, 1), mask 2
Gate 30: [2, ]
Fusing gate 0(0) for rank 0
t 2
Matrix Multiplication (5, 1), mask 4
Gate 31: [2, ]
Fusing gate 5(0) for rank 0
t 2
Matrix Multiplication (5, 1), mask 4
Gate 32: [2, ]
Fusing gate 0(0) for rank 0
t 2
Matrix Multiplication (5, 1), mask 4
Gate 33: [2, ]
Fusing gate 5(0) for rank 0
t 2
Matrix Multiplication (5, 1), mask 4
Gate 34: [4, ]
Fusing gate 5(0) for rank 0
t 4
Matrix Multiplication (5, 1), mask 16
Gate 35: [4, ]
Fusing gate 5(0) for rank 0
t 4
Matrix Multiplication (5, 1), mask 16
Gate 36: [3, ]
Fusing gate 5(0) for rank 0
t 3
Matrix Multiplication (5, 1), mask 8
Gate 37: [3, 4, ]
Fusing gate 6(1) for rank 0
c,t 3,4
Matrix Multiplication (5, 2), mask 24
Gate 38: [4, ]
Fusing gate 5(0) for rank 0
t 4
Matrix Multiplication (5, 1), mask 16
Gate 39: [3, 4, ]
Fusing gate 6(1) for rank 0
c,t 3,4
Matrix Multiplication (5, 2), mask 24
Gate 40: [3, ]
Fusing gate 0(0) for rank 0
t 3
Matrix Multiplication (5, 1), mask 8
Gate 41: [3, ]
Fusing gate 5(0) for rank 0
t 3
Matrix Multiplication (5, 1), mask 8
Gate 42: [3, ]
Fusing gate 0(0) for rank 0
t 3
Matrix Multiplication (5, 1), mask 8
Gate 43: [3, ]
Fusing gate 5(0) for rank 0
t 3
Matrix Multiplication (5, 1), mask 8
Gate 44: [4, ]
Fusing gate 0(0) for rank 0
t 4
Matrix Multiplication (5, 1), mask 16
Gate 45: [4, ]
Fusing gate 5(0) for rank 0
t 4
Matrix Multiplication (5, 1), mask 16
Gate 46: [4, ]
Fusing gate 0(0) for rank 0
t 4
Matrix Multiplication (5, 1), mask 16
Gate 47: [4, ]
Fusing gate 5(0) for rank 0
t 4
Matrix Multiplication (5, 1), mask 16
Start fusing gates...
Reset qubit group map
(23, 23) (24, 24) (25, 25) (26, 26) (27, 27) current Layout: [0,1,2,3,4,5,6,7,8,9,10,11,12,13,14,15,16,17,18,19,20,21,22,23,24,25,26,27,]
Fusing Kernel (48 gates): qubits [23, 24, 25, 26, 27], gates fusion, qubits [23, 24, 25, 26, 27], gates CircuitSeq {
  Q25 = h(Q25)
  Q25 = rz(Q25, P25)
  Q25 = rz(Q25, P25)
  Q24 = h(Q24)
  Q24 = rz(Q24, P24)
  [Q24, Q25] = cx(Q24, Q25)
  Q25 = rz(Q25, P24)
  [Q24, Q25] = cx(Q24, Q25)
  Q27 = h(Q27)
  Q27 = rz(Q27, P27)
  Q27 = rz(Q27, P27)
  Q26 = h(Q26)
  Q26 = rz(Q26, P26)
  [Q26, Q27] = cx(Q26, Q27)
  Q27 = rz(Q27, P26)
  [Q26, Q27] = cx(Q26, Q27)
  Q27 = h(Q27)
  Q27 = rz(Q27, P54)
  Q27 = h(Q27)
  Q27 = rz(Q27, P54)
  Q24 = rz(Q24, P51)
  Q24 = rz(Q24, P51)
  Q23 = rz(Q23, P50)
  [Q23, Q24] = cx[0](Q23, Q24)
  Q24 = rz(Q24, P50)
  [Q23, Q24] = cx[0](Q23, Q24)
  Q23 = h(Q23)
  Q23 = rz(Q23, P54)
  Q23 = h(Q23)
  Q23 = rz(Q23, P54)
  Q24 = h(Q24)
  Q24 = rz(Q24, P54)
  Q24 = h(Q24)
  Q24 = rz(Q24, P54)
  Q26 = rz(Q26, P53)
  Q26 = rz(Q26, P53)
  Q25 = rz(Q25, P52)
  [Q25, Q26] = cx[0](Q25, Q26)
  Q26 = rz(Q26, P52)
  [Q25, Q26] = cx[0](Q25, Q26)
  Q25 = h(Q25)
  Q25 = rz(Q25, P54)
  Q25 = h(Q25)
  Q25 = rz(Q25, P54)
  Q26 = h(Q26)
  Q26 = rz(Q26, P54)
  Q26 = h(Q26)
  Q26 = rz(Q26, P54)
}

Gate 0: [25, ]
Fusing gate 0(0) for rank 0
t 25
Matrix Multiplication (5, 1), mask 4
Gate 1: [25, ]
Fusing gate 5(0) for rank 0
t 25
Matrix Multiplication (5, 1), mask 4
Gate 2: [25, ]
Fusing gate 5(0) for rank 0
t 25
Matrix Multiplication (5, 1), mask 4
Gate 3: [24, ]
Fusing gate 0(0) for rank 0
t 24
Matrix Multiplication (5, 1), mask 2
Gate 4: [24, ]
Fusing gate 5(0) for rank 0
t 24
Matrix Multiplication (5, 1), mask 2
Gate 5: [24, 25, ]
Fusing gate 6(1) for rank 0
c,t 24,25
Matrix Multiplication (5, 2), mask 6
Gate 6: [25, ]
Fusing gate 5(0) for rank 0
t 25
Matrix Multiplication (5, 1), mask 4
Gate 7: [24, 25, ]
Fusing gate 6(1) for rank 0
c,t 24,25
Matrix Multiplication (5, 2), mask 6
Gate 8: [27, ]
Fusing gate 0(0) for rank 0
t 27
Matrix Multiplication (5, 1), mask 16
Gate 9: [27, ]
Fusing gate 5(0) for rank 0
t 27
Matrix Multiplication (5, 1), mask 16
Gate 10: [27, ]
Fusing gate 5(0) for rank 0
t 27
Matrix Multiplication (5, 1), mask 16
Gate 11: [26, ]
Fusing gate 0(0) for rank 0
t 26
Matrix Multiplication (5, 1), mask 8
Gate 12: [26, ]
Fusing gate 5(0) for rank 0
t 26
Matrix Multiplication (5, 1), mask 8
Gate 13: [26, 27, ]
Fusing gate 6(1) for rank 0
c,t 26,27
Matrix Multiplication (5, 2), mask 24
Gate 14: [27, ]
Fusing gate 5(0) for rank 0
t 27
Matrix Multiplication (5, 1), mask 16
Gate 15: [26, 27, ]
Fusing gate 6(1) for rank 0
c,t 26,27
Matrix Multiplication (5, 2), mask 24
Gate 16: [27, ]
Fusing gate 0(0) for rank 0
t 27
Matrix Multiplication (5, 1), mask 16
Gate 17: [27, ]
Fusing gate 5(0) for rank 0
t 27
Matrix Multiplication (5, 1), mask 16
Gate 18: [27, ]
Fusing gate 0(0) for rank 0
t 27
Matrix Multiplication (5, 1), mask 16
Gate 19: [27, ]
Fusing gate 5(0) for rank 0
t 27
Matrix Multiplication (5, 1), mask 16
Gate 20: [24, ]
Fusing gate 5(0) for rank 0
t 24
Matrix Multiplication (5, 1), mask 2
Gate 21: [24, ]
Fusing gate 5(0) for rank 0
t 24
Matrix Multiplication (5, 1), mask 2
Gate 22: [23, ]
Fusing gate 5(0) for rank 0
t 23
Matrix Multiplication (5, 1), mask 1
Gate 23: [23, 24, ]
Fusing gate 6(1) for rank 0
c,t 23,24
Matrix Multiplication (5, 2), mask 3
Gate 24: [24, ]
Fusing gate 5(0) for rank 0
t 24
Matrix Multiplication (5, 1), mask 2
Gate 25: [23, 24, ]
Fusing gate 6(1) for rank 0
c,t 23,24
Matrix Multiplication (5, 2), mask 3
Gate 26: [23, ]
Fusing gate 0(0) for rank 0
t 23
Matrix Multiplication (5, 1), mask 1
Gate 27: [23, ]
Fusing gate 5(0) for rank 0
t 23
Matrix Multiplication (5, 1), mask 1
Gate 28: [23, ]
Fusing gate 0(0) for rank 0
t 23
Matrix Multiplication (5, 1), mask 1
Gate 29: [23, ]
Fusing gate 5(0) for rank 0
t 23
Matrix Multiplication (5, 1), mask 1
Gate 30: [24, ]
Fusing gate 0(0) for rank 0
t 24
Matrix Multiplication (5, 1), mask 2
Gate 31: [24, ]
Fusing gate 5(0) for rank 0
t 24
Matrix Multiplication (5, 1), mask 2
Gate 32: [24, ]
Fusing gate 0(0) for rank 0
t 24
Matrix Multiplication (5, 1), mask 2
Gate 33: [24, ]
Fusing gate 5(0) for rank 0
t 24
Matrix Multiplication (5, 1), mask 2
Gate 34: [26, ]
Fusing gate 5(0) for rank 0
t 26
Matrix Multiplication (5, 1), mask 8
Gate 35: [26, ]
Fusing gate 5(0) for rank 0
t 26
Matrix Multiplication (5, 1), mask 8
Gate 36: [25, ]
Fusing gate 5(0) for rank 0
t 25
Matrix Multiplication (5, 1), mask 4
Gate 37: [25, 26, ]
Fusing gate 6(1) for rank 0
c,t 25,26
Matrix Multiplication (5, 2), mask 12
Gate 38: [26, ]
Fusing gate 5(0) for rank 0
t 26
Matrix Multiplication (5, 1), mask 8
Gate 39: [25, 26, ]
Fusing gate 6(1) for rank 0
c,t 25,26
Matrix Multiplication (5, 2), mask 12
Gate 40: [25, ]
Fusing gate 0(0) for rank 0
t 25
Matrix Multiplication (5, 1), mask 4
Gate 41: [25, ]
Fusing gate 5(0) for rank 0
t 25
Matrix Multiplication (5, 1), mask 4
Gate 42: [25, ]
Fusing gate 0(0) for rank 0
t 25
Matrix Multiplication (5, 1), mask 4
Gate 43: [25, ]
Fusing gate 5(0) for rank 0
t 25
Matrix Multiplication (5, 1), mask 4
Gate 44: [26, ]
Fusing gate 0(0) for rank 0
t 26
Matrix Multiplication (5, 1), mask 8
Gate 45: [26, ]
Fusing gate 5(0) for rank 0
t 26
Matrix Multiplication (5, 1), mask 8
Gate 46: [26, ]
Fusing gate 0(0) for rank 0
t 26
Matrix Multiplication (5, 1), mask 8
Gate 47: [26, ]
Fusing gate 5(0) for rank 0
t 26
Matrix Multiplication (5, 1), mask 8
Compilation Done! 
Num Shuffles: 0
Num FUSION Kernel: 7
Num SHM Kernel: 0
Start Simulating...
[warmup] size total:4294967296
NCCL comm nRanks: 1, i am 0
I am 0, mask 0, I am sending to 0
hello checking all2all
Init State Vectors!
Finish Simulating! Total: 7 FUSE Kernel, 0 SHM Kernel, 0 Shuffles.
[NCCL Rank 0] Total Simulation Time: 46.46ms
[MPI Rank 0]: Destroyed everthing!
Time Cost: 61222 us
Destroyed the simulator
