Num ranks: 8, myrank: 2
Num ranks: 8, myrank: 4
Num ranks: 8, myrank: 7
Num ranks: 8, myrank: 6
Num ranks: 8, myrank: 5
Num ranks: 8, myrank: 3
Num ranks: 8, myrank: 1
Num ranks: 8, myrank: 0
Use cached schedule
Use cached schedule
Use cached schedule
Use cached schedule
Use cached schedule
Use cached schedule
Use cached schedule
Use cached schedule
Compilation Done! 
Num Shuffles: 1
Num FUSION Kernel: 10
Num SHM Kernel: 0
Start Simulating...
Compilation Done! 
Num Shuffles: 1
Num FUSION Kernel: 10
Num SHM Kernel: 0
Start Simulating...
Compilation Done! 
Num Shuffles: 1
Num FUSION Kernel: 10
Num SHM Kernel: 0
Start Simulating...
Compilation Done! 
Num Shuffles: 1
Num FUSION Kernel: 10
Num SHM Kernel: 0
Start Simulating...
Compilation Done! 
Num Shuffles: 1
Num FUSION Kernel: 10
Num SHM Kernel: 0
Start Simulating...
Compilation Done! 
Num Shuffles: 1
Num FUSION Kernel: 10
Num SHM Kernel: 0
Start Simulating...
Compilation Done! 
Num Shuffles: 1
Num FUSION Kernel: 10
Num SHM Kernel: 0
Start Simulating...
Compilation Done! 
Num Shuffles: 1
Num FUSION Kernel: 10
Num SHM Kernel: 0
Start Simulating...
[warmup] size total:134217728
[warmup] size total:134217728
[warmup] size total:134217728
[warmup] size total:134217728
[warmup] size total:134217728
[warmup] size total:134217728
[warmup] size total:134217728
[warmup] size total:134217728
Init State Vectors on 4 devices
Init State Vectors on 4 devices
Init State Vectors on 4 devices
Init State Vectors on 4 devices
Init State Vectors on 4 devices
Init State Vectors on 4 devices
Init State Vectors on 4 devices
Init State Vectors on 4 devices
[NCCL Rank 4] Shuffle Time: 272.59ms
[NCCL Rank 16] Shuffle Time: 285.64ms
[NCCL Rank 17] Shuffle Time: 285.65ms
[NCCL Rank 18] Shuffle Time: 285.67ms
[NCCL Rank 19] Shuffle Time: 286.34ms
[NCCL Rank 12] Shuffle Time: 282.59ms
[NCCL Rank 13] Shuffle Time: 282.61ms
[NCCL Rank 14] Shuffle Time: 282.62ms
[NCCL Rank 15] Shuffle Time: 282.63ms
[NCCL Rank 20] Shuffle Time: 286.08ms
[NCCL Rank 21] Shuffle Time: 286.34ms
[NCCL Rank 22] Shuffle Time: 286.35ms
[NCCL Rank 24] Shuffle Time: 286.40ms
[NCCL Rank 25] Shuffle Time: 286.43ms
[NCCL Rank 23] Shuffle Time: 287.42ms
[NCCL Rank 5] Shuffle Time: 275.41ms
[NCCL Rank 6] Shuffle Time: 275.42ms
[NCCL Rank 26] Shuffle Time: 286.56ms
[NCCL Rank 27] Shuffle Time: 286.57ms
[NCCL Rank 7] Shuffle Time: 275.43ms
[NCCL Rank 28] Shuffle Time: 288.77ms
[NCCL Rank 29] Shuffle Time: 288.99ms
[NCCL Rank 30] Shuffle Time: 289.00ms
[NCCL Rank 31] Shuffle Time: 289.01ms
[NCCL Rank 0] Shuffle Time: 288.19ms
[NCCL Rank 8] Shuffle Time: 274.88ms
[NCCL Rank 9] Shuffle Time: 274.90ms
[NCCL Rank 10] Shuffle Time: 274.91ms
[NCCL Rank 11] Shuffle Time: 274.92ms
[NCCL Rank 1] Shuffle Time: 288.29ms
[NCCL Rank 2] Shuffle Time: 288.30ms
[NCCL Rank 3] Shuffle Time: 288.31ms
Finish Simulating! Total: 10 FUSE Kernel, 0 SHM Kernel, 1 Shuffles.
Finish Simulating! Total: 10 FUSE Kernel, 0 SHM Kernel, 1 Shuffles.
Finish Simulating! Total: 10 FUSE Kernel, 0 SHM Kernel, 1 Shuffles.
Finish Simulating! Total: 10 FUSE Kernel, 0 SHM Kernel, 1 Shuffles.
Finish Simulating! Total: 10 FUSE Kernel, 0 SHM Kernel, 1 Shuffles.
Finish Simulating! Total: 10 FUSE Kernel, 0 SHM Kernel, 1 Shuffles.
Finish Simulating! Total: 10 FUSE Kernel, 0 SHM Kernel, 1 Shuffles.
Finish Simulating! Total: 10 FUSE Kernel, 0 SHM Kernel, 1 Shuffles.
[NCCL Rank 12] Total Simulation Time: 385.17ms
[NCCL Rank 13] Total Simulation Time: 385.19ms
[NCCL Rank 14] Total Simulation Time: 385.20ms
[NCCL Rank 15] Total Simulation Time: 385.21ms
[NCCL Rank 16] Total Simulation Time: 390.00ms
[NCCL Rank 17] Total Simulation Time: 390.02ms
[NCCL Rank 18] Total Simulation Time: 390.03ms
[NCCL Rank 19] Total Simulation Time: 390.04ms
[NCCL Rank 28] Total Simulation Time: 391.24ms
[NCCL Rank 29] Total Simulation Time: 391.27ms
[NCCL Rank 30] Total Simulation Time: 391.28ms
[NCCL Rank 20] Total Simulation Time: 390.80ms
[NCCL Rank 21] Total Simulation Time: 390.82ms
[NCCL Rank 22] Total Simulation Time: 390.83ms
[NCCL Rank 23] Total Simulation Time: 390.85ms
[NCCL Rank 31] Total Simulation Time: 391.29ms
[NCCL Rank 8] Total Simulation Time: 391.41ms
[NCCL Rank 9] Total Simulation Time: 391.43ms
[NCCL Rank 10] Total Simulation Time: 391.45ms
[NCCL Rank 11] Total Simulation Time: 391.46ms
[NCCL Rank 24] Total Simulation Time: 391.46ms
[NCCL Rank 25] Total Simulation Time: 391.49ms
[NCCL Rank 26] Total Simulation Time: 391.50ms
[NCCL Rank 27] Total Simulation Time: 391.51ms
[NCCL Rank 0] Total Simulation Time: 392.60ms
[NCCL Rank 1] Total Simulation Time: 392.61ms
[NCCL Rank 2] Total Simulation Time: 392.63ms
[NCCL Rank 3] Total Simulation Time: 392.64ms
[MPI Rank 0]: Shuffle 0 cost 288.27ms on average.
[NCCL Rank 4] Total Simulation Time: 388.06ms
[NCCL Rank 5] Total Simulation Time: 388.07ms
[NCCL Rank 6] Total Simulation Time: 388.09ms
[NCCL Rank 7] Total Simulation Time: 388.10ms
[MPI Rank 0]: Destroyed everything!
Time Cost: 516760 us
Destroyed the simulator
[MPI Rank 3]: Destroyed everything!
Time Cost: 532303 us
Destroyed the simulator
[MPI Rank 4]: Destroyed everything!
Time Cost: 542014 us
Destroyed the simulator
[MPI Rank 6]: Destroyed everything!
Time Cost: 546904 us
Destroyed the simulator
[MPI Rank 1]: Destroyed everything!
Time Cost: 546262 us
Destroyed the simulator
[MPI Rank 7]: Destroyed everything!
Time Cost: 560177 us
Destroyed the simulator
[MPI Rank 5]: Destroyed everything!
Time Cost: 577640 us
Destroyed the simulator
[MPI Rank 2]: Destroyed everything!
Time Cost: 598060 us
Destroyed the simulator
