Num ranks: 1, myrank: 0
Use cached schedule
Compilation Done! 
Num Shuffles: 1
Num FUSION Kernel: 8
Num SHM Kernel: 0
Start Simulating...
[warmup] size total:1073741824
Init State Vectors on 4 devices
[NCCL Rank 0] Shuffle Time: 17.54ms
[NCCL Rank 1] Shuffle Time: 17.93ms
[NCCL Rank 2] Shuffle Time: 17.93ms
[NCCL Rank 3] Shuffle Time: 18.38ms
Finish Simulating! Total: 8 FUSE Kernel, 0 SHM Kernel, 1 Shuffles.
[NCCL Rank 0] Total Simulation Time: 101.66ms
[NCCL Rank 1] Total Simulation Time: 101.93ms
[NCCL Rank 2] Total Simulation Time: 102.25ms
[NCCL Rank 3] Total Simulation Time: 102.56ms
[MPI Rank 0]: Shuffle 0 cost 17.94ms on average.
[MPI Rank 0]: Destroyed everything!
Time Cost: 344771 us
Destroyed the simulator
