Num ranks: 1, myrank: 0
Computed and cached schedule in 32.45 seconds.
Current Layout0: [0, 1, 2, 3, 4, 5, 6, 7, 8, 9, 10, 11, 12, 13, 14, 15, 16, 17, 18, 19, 20, 21, 22, 23, 24, 25, 27, 28, 26, Start fusing gates...
Reset qubit group map
(0, 0) (1, 1) current Layout: [0,1,2,3,4,5,6,7,8,9,10,11,12,13,14,15,16,17,18,19,20,21,22,23,24,25,27,28,26,]
Fusing Kernel (12 gates): qubits [0, 1], gates fusion, qubits [0, 1], gates CircuitSeq {
  Q1 = h(Q1)
  Q1 = rz(Q1, P1)
  Q1 = rz(Q1, P1)
  Q0 = h(Q0)
  Q0 = rz(Q0, P0)
  [Q0, Q1] = cx(Q0, Q1)
  Q1 = rz(Q1, P0)
  [Q0, Q1] = cx(Q0, Q1)
  Q0 = h(Q0)
  Q0 = rz(Q0, P56)
  Q0 = h(Q0)
  Q0 = rz(Q0, P56)
}

Gate 0: [1, ]
Fusing gate 0(0) for rank 0
t 1
Matrix Multiplication (2, 1), mask 2
Fusing gate 0(0) for rank 1
t 1
Matrix Multiplication (2, 1), mask 2
Gate 1: [1, ]
Fusing gate 5(0) for rank 0
t 1
Matrix Multiplication (2, 1), mask 2
Fusing gate 5(0) for rank 1
t 1
Matrix Multiplication (2, 1), mask 2
Gate 2: [1, ]
Fusing gate 5(0) for rank 0
t 1
Matrix Multiplication (2, 1), mask 2
Fusing gate 5(0) for rank 1
t 1
Matrix Multiplication (2, 1), mask 2
Gate 3: [0, ]
Fusing gate 0(0) for rank 0
t 0
Matrix Multiplication (2, 1), mask 1
Fusing gate 0(0) for rank 1
t 0
Matrix Multiplication (2, 1), mask 1
Gate 4: [0, ]
Fusing gate 5(0) for rank 0
t 0
Matrix Multiplication (2, 1), mask 1
Fusing gate 5(0) for rank 1
t 0
Matrix Multiplication (2, 1), mask 1
Gate 5: [0, 1, ]
Fusing gate 6(1) for rank 0
c,t 0,1
Matrix Multiplication (2, 2), mask 3
Fusing gate 6(1) for rank 1
c,t 0,1
Matrix Multiplication (2, 2), mask 3
Gate 6: [1, ]
Fusing gate 5(0) for rank 0
t 1
Matrix Multiplication (2, 1), mask 2
Fusing gate 5(0) for rank 1
t 1
Matrix Multiplication (2, 1), mask 2
Gate 7: [0, 1, ]
Fusing gate 6(1) for rank 0
c,t 0,1
Matrix Multiplication (2, 2), mask 3
Fusing gate 6(1) for rank 1
c,t 0,1
Matrix Multiplication (2, 2), mask 3
Gate 8: [0, ]
Fusing gate 0(0) for rank 0
t 0
Matrix Multiplication (2, 1), mask 1
Fusing gate 0(0) for rank 1
t 0
Matrix Multiplication (2, 1), mask 1
Gate 9: [0, ]
Fusing gate 5(0) for rank 0
t 0
Matrix Multiplication (2, 1), mask 1
Fusing gate 5(0) for rank 1
t 0
Matrix Multiplication (2, 1), mask 1
Gate 10: [0, ]
Fusing gate 0(0) for rank 0
t 0
Matrix Multiplication (2, 1), mask 1
Fusing gate 0(0) for rank 1
t 0
Matrix Multiplication (2, 1), mask 1
Gate 11: [0, ]
Fusing gate 5(0) for rank 0
t 0
Matrix Multiplication (2, 1), mask 1
Fusing gate 5(0) for rank 1
t 0
Matrix Multiplication (2, 1), mask 1
Start fusing gates...
Reset qubit group map
(1, 1) (2, 2) (3, 3) (22, 22) (23, 23) current Layout: [0,1,2,3,4,5,6,7,8,9,10,11,12,13,14,15,16,17,18,19,20,21,22,23,24,25,27,28,26,]
Fusing Kernel (30 gates): qubits [1, 2, 3, 22, 23], gates fusion, qubits [1, 2, 3, 22, 23], gates CircuitSeq {
  Q3 = h(Q3)
  Q3 = rz(Q3, P3)
  Q3 = rz(Q3, P3)
  Q2 = h(Q2)
  Q2 = rz(Q2, P2)
  [Q2, Q3] = cx(Q2, Q3)
  Q3 = rz(Q3, P2)
  [Q2, Q3] = cx(Q2, Q3)
  Q23 = h(Q23)
  Q23 = rz(Q23, P23)
  Q23 = rz(Q23, P23)
  Q22 = h(Q22)
  Q22 = rz(Q22, P22)
  [Q22, Q23] = cx(Q22, Q23)
  Q23 = rz(Q23, P22)
  [Q22, Q23] = cx(Q22, Q23)
  Q2 = rz(Q2, P29)
  Q2 = rz(Q2, P29)
  Q1 = rz(Q1, P28)
  [Q1, Q2] = cx[0](Q1, Q2)
  Q2 = rz(Q2, P28)
  [Q1, Q2] = cx[0](Q1, Q2)
  Q1 = h(Q1)
  Q1 = rz(Q1, P56)
  Q1 = h(Q1)
  Q1 = rz(Q1, P56)
  Q2 = h(Q2)
  Q2 = rz(Q2, P56)
  Q2 = h(Q2)
  Q2 = rz(Q2, P56)
}

Gate 0: [3, ]
Fusing gate 0(0) for rank 0
t 3
Matrix Multiplication (5, 1), mask 4
Fusing gate 0(0) for rank 1
t 3
Matrix Multiplication (5, 1), mask 4
Gate 1: [3, ]
Fusing gate 5(0) for rank 0
t 3
Matrix Multiplication (5, 1), mask 4
Fusing gate 5(0) for rank 1
t 3
Matrix Multiplication (5, 1), mask 4
Gate 2: [3, ]
Fusing gate 5(0) for rank 0
t 3
Matrix Multiplication (5, 1), mask 4
Fusing gate 5(0) for rank 1
t 3
Matrix Multiplication (5, 1), mask 4
Gate 3: [2, ]
Fusing gate 0(0) for rank 0
t 2
Matrix Multiplication (5, 1), mask 2
Fusing gate 0(0) for rank 1
t 2
Matrix Multiplication (5, 1), mask 2
Gate 4: [2, ]
Fusing gate 5(0) for rank 0
t 2
Matrix Multiplication (5, 1), mask 2
Fusing gate 5(0) for rank 1
t 2
Matrix Multiplication (5, 1), mask 2
Gate 5: [2, 3, ]
Fusing gate 6(1) for rank 0
c,t 2,3
Matrix Multiplication (5, 2), mask 6
Fusing gate 6(1) for rank 1
c,t 2,3
Matrix Multiplication (5, 2), mask 6
Gate 6: [3, ]
Fusing gate 5(0) for rank 0
t 3
Matrix Multiplication (5, 1), mask 4
Fusing gate 5(0) for rank 1
t 3
Matrix Multiplication (5, 1), mask 4
Gate 7: [2, 3, ]
Fusing gate 6(1) for rank 0
c,t 2,3
Matrix Multiplication (5, 2), mask 6
Fusing gate 6(1) for rank 1
c,t 2,3
Matrix Multiplication (5, 2), mask 6
Gate 8: [23, ]
Fusing gate 0(0) for rank 0
t 23
Matrix Multiplication (5, 1), mask 16
Fusing gate 0(0) for rank 1
t 23
Matrix Multiplication (5, 1), mask 16
Gate 9: [23, ]
Fusing gate 5(0) for rank 0
t 23
Matrix Multiplication (5, 1), mask 16
Fusing gate 5(0) for rank 1
t 23
Matrix Multiplication (5, 1), mask 16
Gate 10: [23, ]
Fusing gate 5(0) for rank 0
t 23
Matrix Multiplication (5, 1), mask 16
Fusing gate 5(0) for rank 1
t 23
Matrix Multiplication (5, 1), mask 16
Gate 11: [22, ]
Fusing gate 0(0) for rank 0
t 22
Matrix Multiplication (5, 1), mask 8
Fusing gate 0(0) for rank 1
t 22
Matrix Multiplication (5, 1), mask 8
Gate 12: [22, ]
Fusing gate 5(0) for rank 0
t 22
Matrix Multiplication (5, 1), mask 8
Fusing gate 5(0) for rank 1
t 22
Matrix Multiplication (5, 1), mask 8
Gate 13: [22, 23, ]
Fusing gate 6(1) for rank 0
c,t 22,23
Matrix Multiplication (5, 2), mask 24
Fusing gate 6(1) for rank 1
c,t 22,23
Matrix Multiplication (5, 2), mask 24
Gate 14: [23, ]
Fusing gate 5(0) for rank 0
t 23
Matrix Multiplication (5, 1), mask 16
Fusing gate 5(0) for rank 1
t 23
Matrix Multiplication (5, 1), mask 16
Gate 15: [22, 23, ]
Fusing gate 6(1) for rank 0
c,t 22,23
Matrix Multiplication (5, 2), mask 24
Fusing gate 6(1) for rank 1
c,t 22,23
Matrix Multiplication (5, 2), mask 24
Gate 16: [2, ]
Fusing gate 5(0) for rank 0
t 2
Matrix Multiplication (5, 1), mask 2
Fusing gate 5(0) for rank 1
t 2
Matrix Multiplication (5, 1), mask 2
Gate 17: [2, ]
Fusing gate 5(0) for rank 0
t 2
Matrix Multiplication (5, 1), mask 2
Fusing gate 5(0) for rank 1
t 2
Matrix Multiplication (5, 1), mask 2
Gate 18: [1, ]
Fusing gate 5(0) for rank 0
t 1
Matrix Multiplication (5, 1), mask 1
Fusing gate 5(0) for rank 1
t 1
Matrix Multiplication (5, 1), mask 1
Gate 19: [1, 2, ]
Fusing gate 6(1) for rank 0
c,t 1,2
Matrix Multiplication (5, 2), mask 3
Fusing gate 6(1) for rank 1
c,t 1,2
Matrix Multiplication (5, 2), mask 3
Gate 20: [2, ]
Fusing gate 5(0) for rank 0
t 2
Matrix Multiplication (5, 1), mask 2
Fusing gate 5(0) for rank 1
t 2
Matrix Multiplication (5, 1), mask 2
Gate 21: [1, 2, ]
Fusing gate 6(1) for rank 0
c,t 1,2
Matrix Multiplication (5, 2), mask 3
Fusing gate 6(1) for rank 1
c,t 1,2
Matrix Multiplication (5, 2), mask 3
Gate 22: [1, ]
Fusing gate 0(0) for rank 0
t 1
Matrix Multiplication (5, 1), mask 1
Fusing gate 0(0) for rank 1
t 1
Matrix Multiplication (5, 1), mask 1
Gate 23: [1, ]
Fusing gate 5(0) for rank 0
t 1
Matrix Multiplication (5, 1), mask 1
Fusing gate 5(0) for rank 1
t 1
Matrix Multiplication (5, 1), mask 1
Gate 24: [1, ]
Fusing gate 0(0) for rank 0
t 1
Matrix Multiplication (5, 1), mask 1
Fusing gate 0(0) for rank 1
t 1
Matrix Multiplication (5, 1), mask 1
Gate 25: [1, ]
Fusing gate 5(0) for rank 0
t 1
Matrix Multiplication (5, 1), mask 1
Fusing gate 5(0) for rank 1
t 1
Matrix Multiplication (5, 1), mask 1
Gate 26: [2, ]
Fusing gate 0(0) for rank 0
t 2
Matrix Multiplication (5, 1), mask 2
Fusing gate 0(0) for rank 1
t 2
Matrix Multiplication (5, 1), mask 2
Gate 27: [2, ]
Fusing gate 5(0) for rank 0
t 2
Matrix Multiplication (5, 1), mask 2
Fusing gate 5(0) for rank 1
t 2
Matrix Multiplication (5, 1), mask 2
Gate 28: [2, ]
Fusing gate 0(0) for rank 0
t 2
Matrix Multiplication (5, 1), mask 2
Fusing gate 0(0) for rank 1
t 2
Matrix Multiplication (5, 1), mask 2
Gate 29: [2, ]
Fusing gate 5(0) for rank 0
t 2
Matrix Multiplication (5, 1), mask 2
Fusing gate 5(0) for rank 1
t 2
Matrix Multiplication (5, 1), mask 2
Start fusing gates...
Reset qubit group map
(3, 3) (4, 4) (5, 5) (16, 16) (17, 17) current Layout: [0,1,2,3,4,5,6,7,8,9,10,11,12,13,14,15,16,17,18,19,20,21,22,23,24,25,27,28,26,]
Fusing Kernel (30 gates): qubits [3, 4, 5, 16, 17], gates fusion, qubits [3, 4, 5, 16, 17], gates CircuitSeq {
  Q5 = h(Q5)
  Q5 = rz(Q5, P5)
  Q5 = rz(Q5, P5)
  Q4 = h(Q4)
  Q4 = rz(Q4, P4)
  [Q4, Q5] = cx(Q4, Q5)
  Q5 = rz(Q5, P4)
  [Q4, Q5] = cx(Q4, Q5)
  Q17 = h(Q17)
  Q17 = rz(Q17, P17)
  Q17 = rz(Q17, P17)
  Q16 = h(Q16)
  Q16 = rz(Q16, P16)
  [Q16, Q17] = cx(Q16, Q17)
  Q17 = rz(Q17, P16)
  [Q16, Q17] = cx(Q16, Q17)
  Q4 = rz(Q4, P31)
  Q4 = rz(Q4, P31)
  Q3 = rz(Q3, P30)
  [Q3, Q4] = cx[0](Q3, Q4)
  Q4 = rz(Q4, P30)
  [Q3, Q4] = cx[0](Q3, Q4)
  Q3 = h(Q3)
  Q3 = rz(Q3, P56)
  Q3 = h(Q3)
  Q3 = rz(Q3, P56)
  Q4 = h(Q4)
  Q4 = rz(Q4, P56)
  Q4 = h(Q4)
  Q4 = rz(Q4, P56)
}

Gate 0: [5, ]
Fusing gate 0(0) for rank 0
t 5
Matrix Multiplication (5, 1), mask 4
Fusing gate 0(0) for rank 1
t 5
Matrix Multiplication (5, 1), mask 4
Gate 1: [5, ]
Fusing gate 5(0) for rank 0
t 5
Matrix Multiplication (5, 1), mask 4
Fusing gate 5(0) for rank 1
t 5
Matrix Multiplication (5, 1), mask 4
Gate 2: [5, ]
Fusing gate 5(0) for rank 0
t 5
Matrix Multiplication (5, 1), mask 4
Fusing gate 5(0) for rank 1
t 5
Matrix Multiplication (5, 1), mask 4
Gate 3: [4, ]
Fusing gate 0(0) for rank 0
t 4
Matrix Multiplication (5, 1), mask 2
Fusing gate 0(0) for rank 1
t 4
Matrix Multiplication (5, 1), mask 2
Gate 4: [4, ]
Fusing gate 5(0) for rank 0
t 4
Matrix Multiplication (5, 1), mask 2
Fusing gate 5(0) for rank 1
t 4
Matrix Multiplication (5, 1), mask 2
Gate 5: [4, 5, ]
Fusing gate 6(1) for rank 0
c,t 4,5
Matrix Multiplication (5, 2), mask 6
Fusing gate 6(1) for rank 1
c,t 4,5
Matrix Multiplication (5, 2), mask 6
Gate 6: [5, ]
Fusing gate 5(0) for rank 0
t 5
Matrix Multiplication (5, 1), mask 4
Fusing gate 5(0) for rank 1
t 5
Matrix Multiplication (5, 1), mask 4
Gate 7: [4, 5, ]
Fusing gate 6(1) for rank 0
c,t 4,5
Matrix Multiplication (5, 2), mask 6
Fusing gate 6(1) for rank 1
c,t 4,5
Matrix Multiplication (5, 2), mask 6
Gate 8: [17, ]
Fusing gate 0(0) for rank 0
t 17
Matrix Multiplication (5, 1), mask 16
Fusing gate 0(0) for rank 1
t 17
Matrix Multiplication (5, 1), mask 16
Gate 9: [17, ]
Fusing gate 5(0) for rank 0
t 17
Matrix Multiplication (5, 1), mask 16
Fusing gate 5(0) for rank 1
t 17
Matrix Multiplication (5, 1), mask 16
Gate 10: [17, ]
Fusing gate 5(0) for rank 0
t 17
Matrix Multiplication (5, 1), mask 16
Fusing gate 5(0) for rank 1
t 17
Matrix Multiplication (5, 1), mask 16
Gate 11: [16, ]
Fusing gate 0(0) for rank 0
t 16
Matrix Multiplication (5, 1), mask 8
Fusing gate 0(0) for rank 1
t 16
Matrix Multiplication (5, 1), mask 8
Gate 12: [16, ]
Fusing gate 5(0) for rank 0
t 16
Matrix Multiplication (5, 1), mask 8
Fusing gate 5(0) for rank 1
t 16
Matrix Multiplication (5, 1), mask 8
Gate 13: [16, 17, ]
Fusing gate 6(1) for rank 0
c,t 16,17
Matrix Multiplication (5, 2), mask 24
Fusing gate 6(1) for rank 1
c,t 16,17
Matrix Multiplication (5, 2), mask 24
Gate 14: [17, ]
Fusing gate 5(0) for rank 0
t 17
Matrix Multiplication (5, 1), mask 16
Fusing gate 5(0) for rank 1
t 17
Matrix Multiplication (5, 1), mask 16
Gate 15: [16, 17, ]
Fusing gate 6(1) for rank 0
c,t 16,17
Matrix Multiplication (5, 2), mask 24
Fusing gate 6(1) for rank 1
c,t 16,17
Matrix Multiplication (5, 2), mask 24
Gate 16: [4, ]
Fusing gate 5(0) for rank 0
t 4
Matrix Multiplication (5, 1), mask 2
Fusing gate 5(0) for rank 1
t 4
Matrix Multiplication (5, 1), mask 2
Gate 17: [4, ]
Fusing gate 5(0) for rank 0
t 4
Matrix Multiplication (5, 1), mask 2
Fusing gate 5(0) for rank 1
t 4
Matrix Multiplication (5, 1), mask 2
Gate 18: [3, ]
Fusing gate 5(0) for rank 0
t 3
Matrix Multiplication (5, 1), mask 1
Fusing gate 5(0) for rank 1
t 3
Matrix Multiplication (5, 1), mask 1
Gate 19: [3, 4, ]
Fusing gate 6(1) for rank 0
c,t 3,4
Matrix Multiplication (5, 2), mask 3
Fusing gate 6(1) for rank 1
c,t 3,4
Matrix Multiplication (5, 2), mask 3
Gate 20: [4, ]
Fusing gate 5(0) for rank 0
t 4
Matrix Multiplication (5, 1), mask 2
Fusing gate 5(0) for rank 1
t 4
Matrix Multiplication (5, 1), mask 2
Gate 21: [3, 4, ]
Fusing gate 6(1) for rank 0
c,t 3,4
Matrix Multiplication (5, 2), mask 3
Fusing gate 6(1) for rank 1
c,t 3,4
Matrix Multiplication (5, 2), mask 3
Gate 22: [3, ]
Fusing gate 0(0) for rank 0
t 3
Matrix Multiplication (5, 1), mask 1
Fusing gate 0(0) for rank 1
t 3
Matrix Multiplication (5, 1), mask 1
Gate 23: [3, ]
Fusing gate 5(0) for rank 0
t 3
Matrix Multiplication (5, 1), mask 1
Fusing gate 5(0) for rank 1
t 3
Matrix Multiplication (5, 1), mask 1
Gate 24: [3, ]
Fusing gate 0(0) for rank 0
t 3
Matrix Multiplication (5, 1), mask 1
Fusing gate 0(0) for rank 1
t 3
Matrix Multiplication (5, 1), mask 1
Gate 25: [3, ]
Fusing gate 5(0) for rank 0
t 3
Matrix Multiplication (5, 1), mask 1
Fusing gate 5(0) for rank 1
t 3
Matrix Multiplication (5, 1), mask 1
Gate 26: [4, ]
Fusing gate 0(0) for rank 0
t 4
Matrix Multiplication (5, 1), mask 2
Fusing gate 0(0) for rank 1
t 4
Matrix Multiplication (5, 1), mask 2
Gate 27: [4, ]
Fusing gate 5(0) for rank 0
t 4
Matrix Multiplication (5, 1), mask 2
Fusing gate 5(0) for rank 1
t 4
Matrix Multiplication (5, 1), mask 2
Gate 28: [4, ]
Fusing gate 0(0) for rank 0
t 4
Matrix Multiplication (5, 1), mask 2
Fusing gate 0(0) for rank 1
t 4
Matrix Multiplication (5, 1), mask 2
Gate 29: [4, ]
Fusing gate 5(0) for rank 0
t 4
Matrix Multiplication (5, 1), mask 2
Fusing gate 5(0) for rank 1
t 4
Matrix Multiplication (5, 1), mask 2
Start fusing gates...
Reset qubit group map
(5, 5) (6, 6) (7, 7) (18, 18) (19, 19) current Layout: [0,1,2,3,4,5,6,7,8,9,10,11,12,13,14,15,16,17,18,19,20,21,22,23,24,25,27,28,26,]
Fusing Kernel (30 gates): qubits [5, 6, 7, 18, 19], gates fusion, qubits [5, 6, 7, 18, 19], gates CircuitSeq {
  Q7 = h(Q7)
  Q7 = rz(Q7, P7)
  Q7 = rz(Q7, P7)
  Q6 = h(Q6)
  Q6 = rz(Q6, P6)
  [Q6, Q7] = cx(Q6, Q7)
  Q7 = rz(Q7, P6)
  [Q6, Q7] = cx(Q6, Q7)
  Q19 = h(Q19)
  Q19 = rz(Q19, P19)
  Q19 = rz(Q19, P19)
  Q18 = h(Q18)
  Q18 = rz(Q18, P18)
  [Q18, Q19] = cx(Q18, Q19)
  Q19 = rz(Q19, P18)
  [Q18, Q19] = cx(Q18, Q19)
  Q6 = rz(Q6, P33)
  Q6 = rz(Q6, P33)
  Q5 = rz(Q5, P32)
  [Q5, Q6] = cx[0](Q5, Q6)
  Q6 = rz(Q6, P32)
  [Q5, Q6] = cx[0](Q5, Q6)
  Q5 = h(Q5)
  Q5 = rz(Q5, P56)
  Q5 = h(Q5)
  Q5 = rz(Q5, P56)
  Q6 = h(Q6)
  Q6 = rz(Q6, P56)
  Q6 = h(Q6)
  Q6 = rz(Q6, P56)
}

Gate 0: [7, ]
Fusing gate 0(0) for rank 0
t 7
Matrix Multiplication (5, 1), mask 4
Fusing gate 0(0) for rank 1
t 7
Matrix Multiplication (5, 1), mask 4
Gate 1: [7, ]
Fusing gate 5(0) for rank 0
t 7
Matrix Multiplication (5, 1), mask 4
Fusing gate 5(0) for rank 1
t 7
Matrix Multiplication (5, 1), mask 4
Gate 2: [7, ]
Fusing gate 5(0) for rank 0
t 7
Matrix Multiplication (5, 1), mask 4
Fusing gate 5(0) for rank 1
t 7
Matrix Multiplication (5, 1), mask 4
Gate 3: [6, ]
Fusing gate 0(0) for rank 0
t 6
Matrix Multiplication (5, 1), mask 2
Fusing gate 0(0) for rank 1
t 6
Matrix Multiplication (5, 1), mask 2
Gate 4: [6, ]
Fusing gate 5(0) for rank 0
t 6
Matrix Multiplication (5, 1), mask 2
Fusing gate 5(0) for rank 1
t 6
Matrix Multiplication (5, 1), mask 2
Gate 5: [6, 7, ]
Fusing gate 6(1) for rank 0
c,t 6,7
Matrix Multiplication (5, 2), mask 6
Fusing gate 6(1) for rank 1
c,t 6,7
Matrix Multiplication (5, 2), mask 6
Gate 6: [7, ]
Fusing gate 5(0) for rank 0
t 7
Matrix Multiplication (5, 1), mask 4
Fusing gate 5(0) for rank 1
t 7
Matrix Multiplication (5, 1), mask 4
Gate 7: [6, 7, ]
Fusing gate 6(1) for rank 0
c,t 6,7
Matrix Multiplication (5, 2), mask 6
Fusing gate 6(1) for rank 1
c,t 6,7
Matrix Multiplication (5, 2), mask 6
Gate 8: [19, ]
Fusing gate 0(0) for rank 0
t 19
Matrix Multiplication (5, 1), mask 16
Fusing gate 0(0) for rank 1
t 19
Matrix Multiplication (5, 1), mask 16
Gate 9: [19, ]
Fusing gate 5(0) for rank 0
t 19
Matrix Multiplication (5, 1), mask 16
Fusing gate 5(0) for rank 1
t 19
Matrix Multiplication (5, 1), mask 16
Gate 10: [19, ]
Fusing gate 5(0) for rank 0
t 19
Matrix Multiplication (5, 1), mask 16
Fusing gate 5(0) for rank 1
t 19
Matrix Multiplication (5, 1), mask 16
Gate 11: [18, ]
Fusing gate 0(0) for rank 0
t 18
Matrix Multiplication (5, 1), mask 8
Fusing gate 0(0) for rank 1
t 18
Matrix Multiplication (5, 1), mask 8
Gate 12: [18, ]
Fusing gate 5(0) for rank 0
t 18
Matrix Multiplication (5, 1), mask 8
Fusing gate 5(0) for rank 1
t 18
Matrix Multiplication (5, 1), mask 8
Gate 13: [18, 19, ]
Fusing gate 6(1) for rank 0
c,t 18,19
Matrix Multiplication (5, 2), mask 24
Fusing gate 6(1) for rank 1
c,t 18,19
Matrix Multiplication (5, 2), mask 24
Gate 14: [19, ]
Fusing gate 5(0) for rank 0
t 19
Matrix Multiplication (5, 1), mask 16
Fusing gate 5(0) for rank 1
t 19
Matrix Multiplication (5, 1), mask 16
Gate 15: [18, 19, ]
Fusing gate 6(1) for rank 0
c,t 18,19
Matrix Multiplication (5, 2), mask 24
Fusing gate 6(1) for rank 1
c,t 18,19
Matrix Multiplication (5, 2), mask 24
Gate 16: [6, ]
Fusing gate 5(0) for rank 0
t 6
Matrix Multiplication (5, 1), mask 2
Fusing gate 5(0) for rank 1
t 6
Matrix Multiplication (5, 1), mask 2
Gate 17: [6, ]
Fusing gate 5(0) for rank 0
t 6
Matrix Multiplication (5, 1), mask 2
Fusing gate 5(0) for rank 1
t 6
Matrix Multiplication (5, 1), mask 2
Gate 18: [5, ]
Fusing gate 5(0) for rank 0
t 5
Matrix Multiplication (5, 1), mask 1
Fusing gate 5(0) for rank 1
t 5
Matrix Multiplication (5, 1), mask 1
Gate 19: [5, 6, ]
Fusing gate 6(1) for rank 0
c,t 5,6
Matrix Multiplication (5, 2), mask 3
Fusing gate 6(1) for rank 1
c,t 5,6
Matrix Multiplication (5, 2), mask 3
Gate 20: [6, ]
Fusing gate 5(0) for rank 0
t 6
Matrix Multiplication (5, 1), mask 2
Fusing gate 5(0) for rank 1
t 6
Matrix Multiplication (5, 1), mask 2
Gate 21: [5, 6, ]
Fusing gate 6(1) for rank 0
c,t 5,6
Matrix Multiplication (5, 2), mask 3
Fusing gate 6(1) for rank 1
c,t 5,6
Matrix Multiplication (5, 2), mask 3
Gate 22: [5, ]
Fusing gate 0(0) for rank 0
t 5
Matrix Multiplication (5, 1), mask 1
Fusing gate 0(0) for rank 1
t 5
Matrix Multiplication (5, 1), mask 1
Gate 23: [5, ]
Fusing gate 5(0) for rank 0
t 5
Matrix Multiplication (5, 1), mask 1
Fusing gate 5(0) for rank 1
t 5
Matrix Multiplication (5, 1), mask 1
Gate 24: [5, ]
Fusing gate 0(0) for rank 0
t 5
Matrix Multiplication (5, 1), mask 1
Fusing gate 0(0) for rank 1
t 5
Matrix Multiplication (5, 1), mask 1
Gate 25: [5, ]
Fusing gate 5(0) for rank 0
t 5
Matrix Multiplication (5, 1), mask 1
Fusing gate 5(0) for rank 1
t 5
Matrix Multiplication (5, 1), mask 1
Gate 26: [6, ]
Fusing gate 0(0) for rank 0
t 6
Matrix Multiplication (5, 1), mask 2
Fusing gate 0(0) for rank 1
t 6
Matrix Multiplication (5, 1), mask 2
Gate 27: [6, ]
Fusing gate 5(0) for rank 0
t 6
Matrix Multiplication (5, 1), mask 2
Fusing gate 5(0) for rank 1
t 6
Matrix Multiplication (5, 1), mask 2
Gate 28: [6, ]
Fusing gate 0(0) for rank 0
t 6
Matrix Multiplication (5, 1), mask 2
Fusing gate 0(0) for rank 1
t 6
Matrix Multiplication (5, 1), mask 2
Gate 29: [6, ]
Fusing gate 5(0) for rank 0
t 6
Matrix Multiplication (5, 1), mask 2
Fusing gate 5(0) for rank 1
t 6
Matrix Multiplication (5, 1), mask 2
Start fusing gates...
Reset qubit group map
(7, 7) (8, 8) (9, 9) (14, 14) (15, 15) current Layout: [0,1,2,3,4,5,6,7,8,9,10,11,12,13,14,15,16,17,18,19,20,21,22,23,24,25,27,28,26,]
Fusing Kernel (30 gates): qubits [7, 8, 9, 14, 15], gates fusion, qubits [7, 8, 9, 14, 15], gates CircuitSeq {
  Q9 = h(Q9)
  Q9 = rz(Q9, P9)
  Q9 = rz(Q9, P9)
  Q8 = h(Q8)
  Q8 = rz(Q8, P8)
  [Q8, Q9] = cx(Q8, Q9)
  Q9 = rz(Q9, P8)
  [Q8, Q9] = cx(Q8, Q9)
  Q15 = h(Q15)
  Q15 = rz(Q15, P15)
  Q15 = rz(Q15, P15)
  Q14 = h(Q14)
  Q14 = rz(Q14, P14)
  [Q14, Q15] = cx(Q14, Q15)
  Q15 = rz(Q15, P14)
  [Q14, Q15] = cx(Q14, Q15)
  Q8 = rz(Q8, P35)
  Q8 = rz(Q8, P35)
  Q7 = rz(Q7, P34)
  [Q7, Q8] = cx[0](Q7, Q8)
  Q8 = rz(Q8, P34)
  [Q7, Q8] = cx[0](Q7, Q8)
  Q7 = h(Q7)
  Q7 = rz(Q7, P56)
  Q7 = h(Q7)
  Q7 = rz(Q7, P56)
  Q8 = h(Q8)
  Q8 = rz(Q8, P56)
  Q8 = h(Q8)
  Q8 = rz(Q8, P56)
}

Gate 0: [9, ]
Fusing gate 0(0) for rank 0
t 9
Matrix Multiplication (5, 1), mask 4
Fusing gate 0(0) for rank 1
t 9
Matrix Multiplication (5, 1), mask 4
Gate 1: [9, ]
Fusing gate 5(0) for rank 0
t 9
Matrix Multiplication (5, 1), mask 4
Fusing gate 5(0) for rank 1
t 9
Matrix Multiplication (5, 1), mask 4
Gate 2: [9, ]
Fusing gate 5(0) for rank 0
t 9
Matrix Multiplication (5, 1), mask 4
Fusing gate 5(0) for rank 1
t 9
Matrix Multiplication (5, 1), mask 4
Gate 3: [8, ]
Fusing gate 0(0) for rank 0
t 8
Matrix Multiplication (5, 1), mask 2
Fusing gate 0(0) for rank 1
t 8
Matrix Multiplication (5, 1), mask 2
Gate 4: [8, ]
Fusing gate 5(0) for rank 0
t 8
Matrix Multiplication (5, 1), mask 2
Fusing gate 5(0) for rank 1
t 8
Matrix Multiplication (5, 1), mask 2
Gate 5: [8, 9, ]
Fusing gate 6(1) for rank 0
c,t 8,9
Matrix Multiplication (5, 2), mask 6
Fusing gate 6(1) for rank 1
c,t 8,9
Matrix Multiplication (5, 2), mask 6
Gate 6: [9, ]
Fusing gate 5(0) for rank 0
t 9
Matrix Multiplication (5, 1), mask 4
Fusing gate 5(0) for rank 1
t 9
Matrix Multiplication (5, 1), mask 4
Gate 7: [8, 9, ]
Fusing gate 6(1) for rank 0
c,t 8,9
Matrix Multiplication (5, 2), mask 6
Fusing gate 6(1) for rank 1
c,t 8,9
Matrix Multiplication (5, 2), mask 6
Gate 8: [15, ]
Fusing gate 0(0) for rank 0
t 15
Matrix Multiplication (5, 1), mask 16
Fusing gate 0(0) for rank 1
t 15
Matrix Multiplication (5, 1), mask 16
Gate 9: [15, ]
Fusing gate 5(0) for rank 0
t 15
Matrix Multiplication (5, 1), mask 16
Fusing gate 5(0) for rank 1
t 15
Matrix Multiplication (5, 1), mask 16
Gate 10: [15, ]
Fusing gate 5(0) for rank 0
t 15
Matrix Multiplication (5, 1), mask 16
Fusing gate 5(0) for rank 1
t 15
Matrix Multiplication (5, 1), mask 16
Gate 11: [14, ]
Fusing gate 0(0) for rank 0
t 14
Matrix Multiplication (5, 1), mask 8
Fusing gate 0(0) for rank 1
t 14
Matrix Multiplication (5, 1), mask 8
Gate 12: [14, ]
Fusing gate 5(0) for rank 0
t 14
Matrix Multiplication (5, 1), mask 8
Fusing gate 5(0) for rank 1
t 14
Matrix Multiplication (5, 1), mask 8
Gate 13: [14, 15, ]
Fusing gate 6(1) for rank 0
c,t 14,15
Matrix Multiplication (5, 2), mask 24
Fusing gate 6(1) for rank 1
c,t 14,15
Matrix Multiplication (5, 2), mask 24
Gate 14: [15, ]
Fusing gate 5(0) for rank 0
t 15
Matrix Multiplication (5, 1), mask 16
Fusing gate 5(0) for rank 1
t 15
Matrix Multiplication (5, 1), mask 16
Gate 15: [14, 15, ]
Fusing gate 6(1) for rank 0
c,t 14,15
Matrix Multiplication (5, 2), mask 24
Fusing gate 6(1) for rank 1
c,t 14,15
Matrix Multiplication (5, 2), mask 24
Gate 16: [8, ]
Fusing gate 5(0) for rank 0
t 8
Matrix Multiplication (5, 1), mask 2
Fusing gate 5(0) for rank 1
t 8
Matrix Multiplication (5, 1), mask 2
Gate 17: [8, ]
Fusing gate 5(0) for rank 0
t 8
Matrix Multiplication (5, 1), mask 2
Fusing gate 5(0) for rank 1
t 8
Matrix Multiplication (5, 1), mask 2
Gate 18: [7, ]
Fusing gate 5(0) for rank 0
t 7
Matrix Multiplication (5, 1), mask 1
Fusing gate 5(0) for rank 1
t 7
Matrix Multiplication (5, 1), mask 1
Gate 19: [7, 8, ]
Fusing gate 6(1) for rank 0
c,t 7,8
Matrix Multiplication (5, 2), mask 3
Fusing gate 6(1) for rank 1
c,t 7,8
Matrix Multiplication (5, 2), mask 3
Gate 20: [8, ]
Fusing gate 5(0) for rank 0
t 8
Matrix Multiplication (5, 1), mask 2
Fusing gate 5(0) for rank 1
t 8
Matrix Multiplication (5, 1), mask 2
Gate 21: [7, 8, ]
Fusing gate 6(1) for rank 0
c,t 7,8
Matrix Multiplication (5, 2), mask 3
Fusing gate 6(1) for rank 1
c,t 7,8
Matrix Multiplication (5, 2), mask 3
Gate 22: [7, ]
Fusing gate 0(0) for rank 0
t 7
Matrix Multiplication (5, 1), mask 1
Fusing gate 0(0) for rank 1
t 7
Matrix Multiplication (5, 1), mask 1
Gate 23: [7, ]
Fusing gate 5(0) for rank 0
t 7
Matrix Multiplication (5, 1), mask 1
Fusing gate 5(0) for rank 1
t 7
Matrix Multiplication (5, 1), mask 1
Gate 24: [7, ]
Fusing gate 0(0) for rank 0
t 7
Matrix Multiplication (5, 1), mask 1
Fusing gate 0(0) for rank 1
t 7
Matrix Multiplication (5, 1), mask 1
Gate 25: [7, ]
Fusing gate 5(0) for rank 0
t 7
Matrix Multiplication (5, 1), mask 1
Fusing gate 5(0) for rank 1
t 7
Matrix Multiplication (5, 1), mask 1
Gate 26: [8, ]
Fusing gate 0(0) for rank 0
t 8
Matrix Multiplication (5, 1), mask 2
Fusing gate 0(0) for rank 1
t 8
Matrix Multiplication (5, 1), mask 2
Gate 27: [8, ]
Fusing gate 5(0) for rank 0
t 8
Matrix Multiplication (5, 1), mask 2
Fusing gate 5(0) for rank 1
t 8
Matrix Multiplication (5, 1), mask 2
Gate 28: [8, ]
Fusing gate 0(0) for rank 0
t 8
Matrix Multiplication (5, 1), mask 2
Fusing gate 0(0) for rank 1
t 8
Matrix Multiplication (5, 1), mask 2
Gate 29: [8, ]
Fusing gate 5(0) for rank 0
t 8
Matrix Multiplication (5, 1), mask 2
Fusing gate 5(0) for rank 1
t 8
Matrix Multiplication (5, 1), mask 2
Start fusing gates...
Reset qubit group map
(9, 9) (10, 10) (11, 11) (12, 12) (13, 13) current Layout: [0,1,2,3,4,5,6,7,8,9,10,11,12,13,14,15,16,17,18,19,20,21,22,23,24,25,27,28,26,]
Fusing Kernel (44 gates): qubits [9, 10, 11, 12, 13], gates fusion, qubits [9, 10, 11, 12, 13], gates CircuitSeq {
  Q11 = h(Q11)
  Q11 = rz(Q11, P11)
  Q11 = rz(Q11, P11)
  Q10 = h(Q10)
  Q10 = rz(Q10, P10)
  [Q10, Q11] = cx(Q10, Q11)
  Q11 = rz(Q11, P10)
  [Q10, Q11] = cx(Q10, Q11)
  Q13 = h(Q13)
  Q13 = rz(Q13, P13)
  Q13 = rz(Q13, P13)
  Q12 = h(Q12)
  Q12 = rz(Q12, P12)
  [Q12, Q13] = cx(Q12, Q13)
  Q13 = rz(Q13, P12)
  [Q12, Q13] = cx(Q12, Q13)
  Q10 = rz(Q10, P37)
  Q10 = rz(Q10, P37)
  Q9 = rz(Q9, P36)
  [Q9, Q10] = cx[0](Q9, Q10)
  Q10 = rz(Q10, P36)
  [Q9, Q10] = cx[0](Q9, Q10)
  Q9 = h(Q9)
  Q9 = rz(Q9, P56)
  Q9 = h(Q9)
  Q9 = rz(Q9, P56)
  Q10 = h(Q10)
  Q10 = rz(Q10, P56)
  Q10 = h(Q10)
  Q10 = rz(Q10, P56)
  Q12 = rz(Q12, P39)
  Q12 = rz(Q12, P39)
  Q11 = rz(Q11, P38)
  [Q11, Q12] = cx[0](Q11, Q12)
  Q12 = rz(Q12, P38)
  [Q11, Q12] = cx[0](Q11, Q12)
  Q11 = h(Q11)
  Q11 = rz(Q11, P56)
  Q11 = h(Q11)
  Q11 = rz(Q11, P56)
  Q12 = h(Q12)
  Q12 = rz(Q12, P56)
  Q12 = h(Q12)
  Q12 = rz(Q12, P56)
}

Gate 0: [11, ]
Fusing gate 0(0) for rank 0
t 11
Matrix Multiplication (5, 1), mask 4
Fusing gate 0(0) for rank 1
t 11
Matrix Multiplication (5, 1), mask 4
Gate 1: [11, ]
Fusing gate 5(0) for rank 0
t 11
Matrix Multiplication (5, 1), mask 4
Fusing gate 5(0) for rank 1
t 11
Matrix Multiplication (5, 1), mask 4
Gate 2: [11, ]
Fusing gate 5(0) for rank 0
t 11
Matrix Multiplication (5, 1), mask 4
Fusing gate 5(0) for rank 1
t 11
Matrix Multiplication (5, 1), mask 4
Gate 3: [10, ]
Fusing gate 0(0) for rank 0
t 10
Matrix Multiplication (5, 1), mask 2
Fusing gate 0(0) for rank 1
t 10
Matrix Multiplication (5, 1), mask 2
Gate 4: [10, ]
Fusing gate 5(0) for rank 0
t 10
Matrix Multiplication (5, 1), mask 2
Fusing gate 5(0) for rank 1
t 10
Matrix Multiplication (5, 1), mask 2
Gate 5: [10, 11, ]
Fusing gate 6(1) for rank 0
c,t 10,11
Matrix Multiplication (5, 2), mask 6
Fusing gate 6(1) for rank 1
c,t 10,11
Matrix Multiplication (5, 2), mask 6
Gate 6: [11, ]
Fusing gate 5(0) for rank 0
t 11
Matrix Multiplication (5, 1), mask 4
Fusing gate 5(0) for rank 1
t 11
Matrix Multiplication (5, 1), mask 4
Gate 7: [10, 11, ]
Fusing gate 6(1) for rank 0
c,t 10,11
Matrix Multiplication (5, 2), mask 6
Fusing gate 6(1) for rank 1
c,t 10,11
Matrix Multiplication (5, 2), mask 6
Gate 8: [13, ]
Fusing gate 0(0) for rank 0
t 13
Matrix Multiplication (5, 1), mask 16
Fusing gate 0(0) for rank 1
t 13
Matrix Multiplication (5, 1), mask 16
Gate 9: [13, ]
Fusing gate 5(0) for rank 0
t 13
Matrix Multiplication (5, 1), mask 16
Fusing gate 5(0) for rank 1
t 13
Matrix Multiplication (5, 1), mask 16
Gate 10: [13, ]
Fusing gate 5(0) for rank 0
t 13
Matrix Multiplication (5, 1), mask 16
Fusing gate 5(0) for rank 1
t 13
Matrix Multiplication (5, 1), mask 16
Gate 11: [12, ]
Fusing gate 0(0) for rank 0
t 12
Matrix Multiplication (5, 1), mask 8
Fusing gate 0(0) for rank 1
t 12
Matrix Multiplication (5, 1), mask 8
Gate 12: [12, ]
Fusing gate 5(0) for rank 0
t 12
Matrix Multiplication (5, 1), mask 8
Fusing gate 5(0) for rank 1
t 12
Matrix Multiplication (5, 1), mask 8
Gate 13: [12, 13, ]
Fusing gate 6(1) for rank 0
c,t 12,13
Matrix Multiplication (5, 2), mask 24
Fusing gate 6(1) for rank 1
c,t 12,13
Matrix Multiplication (5, 2), mask 24
Gate 14: [13, ]
Fusing gate 5(0) for rank 0
t 13
Matrix Multiplication (5, 1), mask 16
Fusing gate 5(0) for rank 1
t 13
Matrix Multiplication (5, 1), mask 16
Gate 15: [12, 13, ]
Fusing gate 6(1) for rank 0
c,t 12,13
Matrix Multiplication (5, 2), mask 24
Fusing gate 6(1) for rank 1
c,t 12,13
Matrix Multiplication (5, 2), mask 24
Gate 16: [10, ]
Fusing gate 5(0) for rank 0
t 10
Matrix Multiplication (5, 1), mask 2
Fusing gate 5(0) for rank 1
t 10
Matrix Multiplication (5, 1), mask 2
Gate 17: [10, ]
Fusing gate 5(0) for rank 0
t 10
Matrix Multiplication (5, 1), mask 2
Fusing gate 5(0) for rank 1
t 10
Matrix Multiplication (5, 1), mask 2
Gate 18: [9, ]
Fusing gate 5(0) for rank 0
t 9
Matrix Multiplication (5, 1), mask 1
Fusing gate 5(0) for rank 1
t 9
Matrix Multiplication (5, 1), mask 1
Gate 19: [9, 10, ]
Fusing gate 6(1) for rank 0
c,t 9,10
Matrix Multiplication (5, 2), mask 3
Fusing gate 6(1) for rank 1
c,t 9,10
Matrix Multiplication (5, 2), mask 3
Gate 20: [10, ]
Fusing gate 5(0) for rank 0
t 10
Matrix Multiplication (5, 1), mask 2
Fusing gate 5(0) for rank 1
t 10
Matrix Multiplication (5, 1), mask 2
Gate 21: [9, 10, ]
Fusing gate 6(1) for rank 0
c,t 9,10
Matrix Multiplication (5, 2), mask 3
Fusing gate 6(1) for rank 1
c,t 9,10
Matrix Multiplication (5, 2), mask 3
Gate 22: [9, ]
Fusing gate 0(0) for rank 0
t 9
Matrix Multiplication (5, 1), mask 1
Fusing gate 0(0) for rank 1
t 9
Matrix Multiplication (5, 1), mask 1
Gate 23: [9, ]
Fusing gate 5(0) for rank 0
t 9
Matrix Multiplication (5, 1), mask 1
Fusing gate 5(0) for rank 1
t 9
Matrix Multiplication (5, 1), mask 1
Gate 24: [9, ]
Fusing gate 0(0) for rank 0
t 9
Matrix Multiplication (5, 1), mask 1
Fusing gate 0(0) for rank 1
t 9
Matrix Multiplication (5, 1), mask 1
Gate 25: [9, ]
Fusing gate 5(0) for rank 0
t 9
Matrix Multiplication (5, 1), mask 1
Fusing gate 5(0) for rank 1
t 9
Matrix Multiplication (5, 1), mask 1
Gate 26: [10, ]
Fusing gate 0(0) for rank 0
t 10
Matrix Multiplication (5, 1), mask 2
Fusing gate 0(0) for rank 1
t 10
Matrix Multiplication (5, 1), mask 2
Gate 27: [10, ]
Fusing gate 5(0) for rank 0
t 10
Matrix Multiplication (5, 1), mask 2
Fusing gate 5(0) for rank 1
t 10
Matrix Multiplication (5, 1), mask 2
Gate 28: [10, ]
Fusing gate 0(0) for rank 0
t 10
Matrix Multiplication (5, 1), mask 2
Fusing gate 0(0) for rank 1
t 10
Matrix Multiplication (5, 1), mask 2
Gate 29: [10, ]
Fusing gate 5(0) for rank 0
t 10
Matrix Multiplication (5, 1), mask 2
Fusing gate 5(0) for rank 1
t 10
Matrix Multiplication (5, 1), mask 2
Gate 30: [12, ]
Fusing gate 5(0) for rank 0
t 12
Matrix Multiplication (5, 1), mask 8
Fusing gate 5(0) for rank 1
t 12
Matrix Multiplication (5, 1), mask 8
Gate 31: [12, ]
Fusing gate 5(0) for rank 0
t 12
Matrix Multiplication (5, 1), mask 8
Fusing gate 5(0) for rank 1
t 12
Matrix Multiplication (5, 1), mask 8
Gate 32: [11, ]
Fusing gate 5(0) for rank 0
t 11
Matrix Multiplication (5, 1), mask 4
Fusing gate 5(0) for rank 1
t 11
Matrix Multiplication (5, 1), mask 4
Gate 33: [11, 12, ]
Fusing gate 6(1) for rank 0
c,t 11,12
Matrix Multiplication (5, 2), mask 12
Fusing gate 6(1) for rank 1
c,t 11,12
Matrix Multiplication (5, 2), mask 12
Gate 34: [12, ]
Fusing gate 5(0) for rank 0
t 12
Matrix Multiplication (5, 1), mask 8
Fusing gate 5(0) for rank 1
t 12
Matrix Multiplication (5, 1), mask 8
Gate 35: [11, 12, ]
Fusing gate 6(1) for rank 0
c,t 11,12
Matrix Multiplication (5, 2), mask 12
Fusing gate 6(1) for rank 1
c,t 11,12
Matrix Multiplication (5, 2), mask 12
Gate 36: [11, ]
Fusing gate 0(0) for rank 0
t 11
Matrix Multiplication (5, 1), mask 4
Fusing gate 0(0) for rank 1
t 11
Matrix Multiplication (5, 1), mask 4
Gate 37: [11, ]
Fusing gate 5(0) for rank 0
t 11
Matrix Multiplication (5, 1), mask 4
Fusing gate 5(0) for rank 1
t 11
Matrix Multiplication (5, 1), mask 4
Gate 38: [11, ]
Fusing gate 0(0) for rank 0
t 11
Matrix Multiplication (5, 1), mask 4
Fusing gate 0(0) for rank 1
t 11
Matrix Multiplication (5, 1), mask 4
Gate 39: [11, ]
Fusing gate 5(0) for rank 0
t 11
Matrix Multiplication (5, 1), mask 4
Fusing gate 5(0) for rank 1
t 11
Matrix Multiplication (5, 1), mask 4
Gate 40: [12, ]
Fusing gate 0(0) for rank 0
t 12
Matrix Multiplication (5, 1), mask 8
Fusing gate 0(0) for rank 1
t 12
Matrix Multiplication (5, 1), mask 8
Gate 41: [12, ]
Fusing gate 5(0) for rank 0
t 12
Matrix Multiplication (5, 1), mask 8
Fusing gate 5(0) for rank 1
t 12
Matrix Multiplication (5, 1), mask 8
Gate 42: [12, ]
Fusing gate 0(0) for rank 0
t 12
Matrix Multiplication (5, 1), mask 8
Fusing gate 0(0) for rank 1
t 12
Matrix Multiplication (5, 1), mask 8
Gate 43: [12, ]
Fusing gate 5(0) for rank 0
t 12
Matrix Multiplication (5, 1), mask 8
Fusing gate 5(0) for rank 1
t 12
Matrix Multiplication (5, 1), mask 8
Start fusing gates...
Reset qubit group map
(13, 13) (14, 14) (19, 19) (20, 20) (21, 21) current Layout: [0,1,2,3,4,5,6,7,8,9,10,11,12,13,14,15,16,17,18,19,20,21,22,23,24,25,27,28,26,]
Fusing Kernel (36 gates): qubits [13, 14, 19, 20, 21], gates fusion, qubits [13, 14, 19, 20, 21], gates CircuitSeq {
  Q21 = h(Q21)
  Q21 = rz(Q21, P21)
  Q21 = rz(Q21, P21)
  Q20 = h(Q20)
  Q20 = rz(Q20, P20)
  [Q20, Q21] = cx(Q20, Q21)
  Q21 = rz(Q21, P20)
  [Q20, Q21] = cx(Q20, Q21)
  Q14 = rz(Q14, P41)
  Q14 = rz(Q14, P41)
  Q13 = rz(Q13, P40)
  [Q13, Q14] = cx[0](Q13, Q14)
  Q14 = rz(Q14, P40)
  [Q13, Q14] = cx[0](Q13, Q14)
  Q13 = h(Q13)
  Q13 = rz(Q13, P56)
  Q13 = h(Q13)
  Q13 = rz(Q13, P56)
  Q14 = h(Q14)
  Q14 = rz(Q14, P56)
  Q14 = h(Q14)
  Q14 = rz(Q14, P56)
  Q20 = rz(Q20, P47)
  Q20 = rz(Q20, P47)
  Q19 = rz(Q19, P46)
  [Q19, Q20] = cx[0](Q19, Q20)
  Q20 = rz(Q20, P46)
  [Q19, Q20] = cx[0](Q19, Q20)
  Q19 = h(Q19)
  Q19 = rz(Q19, P56)
  Q19 = h(Q19)
  Q19 = rz(Q19, P56)
  Q20 = h(Q20)
  Q20 = rz(Q20, P56)
  Q20 = h(Q20)
  Q20 = rz(Q20, P56)
}

Gate 0: [21, ]
Fusing gate 0(0) for rank 0
t 21
Matrix Multiplication (5, 1), mask 16
Fusing gate 0(0) for rank 1
t 21
Matrix Multiplication (5, 1), mask 16
Gate 1: [21, ]
Fusing gate 5(0) for rank 0
t 21
Matrix Multiplication (5, 1), mask 16
Fusing gate 5(0) for rank 1
t 21
Matrix Multiplication (5, 1), mask 16
Gate 2: [21, ]
Fusing gate 5(0) for rank 0
t 21
Matrix Multiplication (5, 1), mask 16
Fusing gate 5(0) for rank 1
t 21
Matrix Multiplication (5, 1), mask 16
Gate 3: [20, ]
Fusing gate 0(0) for rank 0
t 20
Matrix Multiplication (5, 1), mask 8
Fusing gate 0(0) for rank 1
t 20
Matrix Multiplication (5, 1), mask 8
Gate 4: [20, ]
Fusing gate 5(0) for rank 0
t 20
Matrix Multiplication (5, 1), mask 8
Fusing gate 5(0) for rank 1
t 20
Matrix Multiplication (5, 1), mask 8
Gate 5: [20, 21, ]
Fusing gate 6(1) for rank 0
c,t 20,21
Matrix Multiplication (5, 2), mask 24
Fusing gate 6(1) for rank 1
c,t 20,21
Matrix Multiplication (5, 2), mask 24
Gate 6: [21, ]
Fusing gate 5(0) for rank 0
t 21
Matrix Multiplication (5, 1), mask 16
Fusing gate 5(0) for rank 1
t 21
Matrix Multiplication (5, 1), mask 16
Gate 7: [20, 21, ]
Fusing gate 6(1) for rank 0
c,t 20,21
Matrix Multiplication (5, 2), mask 24
Fusing gate 6(1) for rank 1
c,t 20,21
Matrix Multiplication (5, 2), mask 24
Gate 8: [14, ]
Fusing gate 5(0) for rank 0
t 14
Matrix Multiplication (5, 1), mask 2
Fusing gate 5(0) for rank 1
t 14
Matrix Multiplication (5, 1), mask 2
Gate 9: [14, ]
Fusing gate 5(0) for rank 0
t 14
Matrix Multiplication (5, 1), mask 2
Fusing gate 5(0) for rank 1
t 14
Matrix Multiplication (5, 1), mask 2
Gate 10: [13, ]
Fusing gate 5(0) for rank 0
t 13
Matrix Multiplication (5, 1), mask 1
Fusing gate 5(0) for rank 1
t 13
Matrix Multiplication (5, 1), mask 1
Gate 11: [13, 14, ]
Fusing gate 6(1) for rank 0
c,t 13,14
Matrix Multiplication (5, 2), mask 3
Fusing gate 6(1) for rank 1
c,t 13,14
Matrix Multiplication (5, 2), mask 3
Gate 12: [14, ]
Fusing gate 5(0) for rank 0
t 14
Matrix Multiplication (5, 1), mask 2
Fusing gate 5(0) for rank 1
t 14
Matrix Multiplication (5, 1), mask 2
Gate 13: [13, 14, ]
Fusing gate 6(1) for rank 0
c,t 13,14
Matrix Multiplication (5, 2), mask 3
Fusing gate 6(1) for rank 1
c,t 13,14
Matrix Multiplication (5, 2), mask 3
Gate 14: [13, ]
Fusing gate 0(0) for rank 0
t 13
Matrix Multiplication (5, 1), mask 1
Fusing gate 0(0) for rank 1
t 13
Matrix Multiplication (5, 1), mask 1
Gate 15: [13, ]
Fusing gate 5(0) for rank 0
t 13
Matrix Multiplication (5, 1), mask 1
Fusing gate 5(0) for rank 1
t 13
Matrix Multiplication (5, 1), mask 1
Gate 16: [13, ]
Fusing gate 0(0) for rank 0
t 13
Matrix Multiplication (5, 1), mask 1
Fusing gate 0(0) for rank 1
t 13
Matrix Multiplication (5, 1), mask 1
Gate 17: [13, ]
Fusing gate 5(0) for rank 0
t 13
Matrix Multiplication (5, 1), mask 1
Fusing gate 5(0) for rank 1
t 13
Matrix Multiplication (5, 1), mask 1
Gate 18: [14, ]
Fusing gate 0(0) for rank 0
t 14
Matrix Multiplication (5, 1), mask 2
Fusing gate 0(0) for rank 1
t 14
Matrix Multiplication (5, 1), mask 2
Gate 19: [14, ]
Fusing gate 5(0) for rank 0
t 14
Matrix Multiplication (5, 1), mask 2
Fusing gate 5(0) for rank 1
t 14
Matrix Multiplication (5, 1), mask 2
Gate 20: [14, ]
Fusing gate 0(0) for rank 0
t 14
Matrix Multiplication (5, 1), mask 2
Fusing gate 0(0) for rank 1
t 14
Matrix Multiplication (5, 1), mask 2
Gate 21: [14, ]
Fusing gate 5(0) for rank 0
t 14
Matrix Multiplication (5, 1), mask 2
Fusing gate 5(0) for rank 1
t 14
Matrix Multiplication (5, 1), mask 2
Gate 22: [20, ]
Fusing gate 5(0) for rank 0
t 20
Matrix Multiplication (5, 1), mask 8
Fusing gate 5(0) for rank 1
t 20
Matrix Multiplication (5, 1), mask 8
Gate 23: [20, ]
Fusing gate 5(0) for rank 0
t 20
Matrix Multiplication (5, 1), mask 8
Fusing gate 5(0) for rank 1
t 20
Matrix Multiplication (5, 1), mask 8
Gate 24: [19, ]
Fusing gate 5(0) for rank 0
t 19
Matrix Multiplication (5, 1), mask 4
Fusing gate 5(0) for rank 1
t 19
Matrix Multiplication (5, 1), mask 4
Gate 25: [19, 20, ]
Fusing gate 6(1) for rank 0
c,t 19,20
Matrix Multiplication (5, 2), mask 12
Fusing gate 6(1) for rank 1
c,t 19,20
Matrix Multiplication (5, 2), mask 12
Gate 26: [20, ]
Fusing gate 5(0) for rank 0
t 20
Matrix Multiplication (5, 1), mask 8
Fusing gate 5(0) for rank 1
t 20
Matrix Multiplication (5, 1), mask 8
Gate 27: [19, 20, ]
Fusing gate 6(1) for rank 0
c,t 19,20
Matrix Multiplication (5, 2), mask 12
Fusing gate 6(1) for rank 1
c,t 19,20
Matrix Multiplication (5, 2), mask 12
Gate 28: [19, ]
Fusing gate 0(0) for rank 0
t 19
Matrix Multiplication (5, 1), mask 4
Fusing gate 0(0) for rank 1
t 19
Matrix Multiplication (5, 1), mask 4
Gate 29: [19, ]
Fusing gate 5(0) for rank 0
t 19
Matrix Multiplication (5, 1), mask 4
Fusing gate 5(0) for rank 1
t 19
Matrix Multiplication (5, 1), mask 4
Gate 30: [19, ]
Fusing gate 0(0) for rank 0
t 19
Matrix Multiplication (5, 1), mask 4
Fusing gate 0(0) for rank 1
t 19
Matrix Multiplication (5, 1), mask 4
Gate 31: [19, ]
Fusing gate 5(0) for rank 0
t 19
Matrix Multiplication (5, 1), mask 4
Fusing gate 5(0) for rank 1
t 19
Matrix Multiplication (5, 1), mask 4
Gate 32: [20, ]
Fusing gate 0(0) for rank 0
t 20
Matrix Multiplication (5, 1), mask 8
Fusing gate 0(0) for rank 1
t 20
Matrix Multiplication (5, 1), mask 8
Gate 33: [20, ]
Fusing gate 5(0) for rank 0
t 20
Matrix Multiplication (5, 1), mask 8
Fusing gate 5(0) for rank 1
t 20
Matrix Multiplication (5, 1), mask 8
Gate 34: [20, ]
Fusing gate 0(0) for rank 0
t 20
Matrix Multiplication (5, 1), mask 8
Fusing gate 0(0) for rank 1
t 20
Matrix Multiplication (5, 1), mask 8
Gate 35: [20, ]
Fusing gate 5(0) for rank 0
t 20
Matrix Multiplication (5, 1), mask 8
Fusing gate 5(0) for rank 1
t 20
Matrix Multiplication (5, 1), mask 8
Start fusing gates...
Reset qubit group map
(21, 21) (22, 22) (23, 23) (24, 24) (25, 25) current Layout: [0,1,2,3,4,5,6,7,8,9,10,11,12,13,14,15,16,17,18,19,20,21,22,23,24,25,27,28,26,]
Fusing Kernel (36 gates): qubits [21, 22, 23, 24, 25], gates fusion, qubits [21, 22, 23, 24, 25], gates CircuitSeq {
  Q25 = h(Q25)
  Q25 = rz(Q25, P25)
  Q25 = rz(Q25, P25)
  Q24 = h(Q24)
  Q24 = rz(Q24, P24)
  [Q24, Q25] = cx(Q24, Q25)
  Q25 = rz(Q25, P24)
  [Q24, Q25] = cx(Q24, Q25)
  Q22 = rz(Q22, P49)
  Q22 = rz(Q22, P49)
  Q21 = rz(Q21, P48)
  [Q21, Q22] = cx[0](Q21, Q22)
  Q22 = rz(Q22, P48)
  [Q21, Q22] = cx[0](Q21, Q22)
  Q21 = h(Q21)
  Q21 = rz(Q21, P56)
  Q21 = h(Q21)
  Q21 = rz(Q21, P56)
  Q22 = h(Q22)
  Q22 = rz(Q22, P56)
  Q22 = h(Q22)
  Q22 = rz(Q22, P56)
  Q24 = rz(Q24, P51)
  Q24 = rz(Q24, P51)
  Q23 = rz(Q23, P50)
  [Q23, Q24] = cx[0](Q23, Q24)
  Q24 = rz(Q24, P50)
  [Q23, Q24] = cx[0](Q23, Q24)
  Q23 = h(Q23)
  Q23 = rz(Q23, P56)
  Q23 = h(Q23)
  Q23 = rz(Q23, P56)
  Q24 = h(Q24)
  Q24 = rz(Q24, P56)
  Q24 = h(Q24)
  Q24 = rz(Q24, P56)
}

Gate 0: [25, ]
Fusing gate 0(0) for rank 0
t 25
Matrix Multiplication (5, 1), mask 16
Fusing gate 0(0) for rank 1
t 25
Matrix Multiplication (5, 1), mask 16
Gate 1: [25, ]
Fusing gate 5(0) for rank 0
t 25
Matrix Multiplication (5, 1), mask 16
Fusing gate 5(0) for rank 1
t 25
Matrix Multiplication (5, 1), mask 16
Gate 2: [25, ]
Fusing gate 5(0) for rank 0
t 25
Matrix Multiplication (5, 1), mask 16
Fusing gate 5(0) for rank 1
t 25
Matrix Multiplication (5, 1), mask 16
Gate 3: [24, ]
Fusing gate 0(0) for rank 0
t 24
Matrix Multiplication (5, 1), mask 8
Fusing gate 0(0) for rank 1
t 24
Matrix Multiplication (5, 1), mask 8
Gate 4: [24, ]
Fusing gate 5(0) for rank 0
t 24
Matrix Multiplication (5, 1), mask 8
Fusing gate 5(0) for rank 1
t 24
Matrix Multiplication (5, 1), mask 8
Gate 5: [24, 25, ]
Fusing gate 6(1) for rank 0
c,t 24,25
Matrix Multiplication (5, 2), mask 24
Fusing gate 6(1) for rank 1
c,t 24,25
Matrix Multiplication (5, 2), mask 24
Gate 6: [25, ]
Fusing gate 5(0) for rank 0
t 25
Matrix Multiplication (5, 1), mask 16
Fusing gate 5(0) for rank 1
t 25
Matrix Multiplication (5, 1), mask 16
Gate 7: [24, 25, ]
Fusing gate 6(1) for rank 0
c,t 24,25
Matrix Multiplication (5, 2), mask 24
Fusing gate 6(1) for rank 1
c,t 24,25
Matrix Multiplication (5, 2), mask 24
Gate 8: [22, ]
Fusing gate 5(0) for rank 0
t 22
Matrix Multiplication (5, 1), mask 2
Fusing gate 5(0) for rank 1
t 22
Matrix Multiplication (5, 1), mask 2
Gate 9: [22, ]
Fusing gate 5(0) for rank 0
t 22
Matrix Multiplication (5, 1), mask 2
Fusing gate 5(0) for rank 1
t 22
Matrix Multiplication (5, 1), mask 2
Gate 10: [21, ]
Fusing gate 5(0) for rank 0
t 21
Matrix Multiplication (5, 1), mask 1
Fusing gate 5(0) for rank 1
t 21
Matrix Multiplication (5, 1), mask 1
Gate 11: [21, 22, ]
Fusing gate 6(1) for rank 0
c,t 21,22
Matrix Multiplication (5, 2), mask 3
Fusing gate 6(1) for rank 1
c,t 21,22
Matrix Multiplication (5, 2), mask 3
Gate 12: [22, ]
Fusing gate 5(0) for rank 0
t 22
Matrix Multiplication (5, 1), mask 2
Fusing gate 5(0) for rank 1
t 22
Matrix Multiplication (5, 1), mask 2
Gate 13: [21, 22, ]
Fusing gate 6(1) for rank 0
c,t 21,22
Matrix Multiplication (5, 2), mask 3
Fusing gate 6(1) for rank 1
c,t 21,22
Matrix Multiplication (5, 2), mask 3
Gate 14: [21, ]
Fusing gate 0(0) for rank 0
t 21
Matrix Multiplication (5, 1), mask 1
Fusing gate 0(0) for rank 1
t 21
Matrix Multiplication (5, 1), mask 1
Gate 15: [21, ]
Fusing gate 5(0) for rank 0
t 21
Matrix Multiplication (5, 1), mask 1
Fusing gate 5(0) for rank 1
t 21
Matrix Multiplication (5, 1), mask 1
Gate 16: [21, ]
Fusing gate 0(0) for rank 0
t 21
Matrix Multiplication (5, 1), mask 1
Fusing gate 0(0) for rank 1
t 21
Matrix Multiplication (5, 1), mask 1
Gate 17: [21, ]
Fusing gate 5(0) for rank 0
t 21
Matrix Multiplication (5, 1), mask 1
Fusing gate 5(0) for rank 1
t 21
Matrix Multiplication (5, 1), mask 1
Gate 18: [22, ]
Fusing gate 0(0) for rank 0
t 22
Matrix Multiplication (5, 1), mask 2
Fusing gate 0(0) for rank 1
t 22
Matrix Multiplication (5, 1), mask 2
Gate 19: [22, ]
Fusing gate 5(0) for rank 0
t 22
Matrix Multiplication (5, 1), mask 2
Fusing gate 5(0) for rank 1
t 22
Matrix Multiplication (5, 1), mask 2
Gate 20: [22, ]
Fusing gate 0(0) for rank 0
t 22
Matrix Multiplication (5, 1), mask 2
Fusing gate 0(0) for rank 1
t 22
Matrix Multiplication (5, 1), mask 2
Gate 21: [22, ]
Fusing gate 5(0) for rank 0
t 22
Matrix Multiplication (5, 1), mask 2
Fusing gate 5(0) for rank 1
t 22
Matrix Multiplication (5, 1), mask 2
Gate 22: [24, ]
Fusing gate 5(0) for rank 0
t 24
Matrix Multiplication (5, 1), mask 8
Fusing gate 5(0) for rank 1
t 24
Matrix Multiplication (5, 1), mask 8
Gate 23: [24, ]
Fusing gate 5(0) for rank 0
t 24
Matrix Multiplication (5, 1), mask 8
Fusing gate 5(0) for rank 1
t 24
Matrix Multiplication (5, 1), mask 8
Gate 24: [23, ]
Fusing gate 5(0) for rank 0
t 23
Matrix Multiplication (5, 1), mask 4
Fusing gate 5(0) for rank 1
t 23
Matrix Multiplication (5, 1), mask 4
Gate 25: [23, 24, ]
Fusing gate 6(1) for rank 0
c,t 23,24
Matrix Multiplication (5, 2), mask 12
Fusing gate 6(1) for rank 1
c,t 23,24
Matrix Multiplication (5, 2), mask 12
Gate 26: [24, ]
Fusing gate 5(0) for rank 0
t 24
Matrix Multiplication (5, 1), mask 8
Fusing gate 5(0) for rank 1
t 24
Matrix Multiplication (5, 1), mask 8
Gate 27: [23, 24, ]
Fusing gate 6(1) for rank 0
c,t 23,24
Matrix Multiplication (5, 2), mask 12
Fusing gate 6(1) for rank 1
c,t 23,24
Matrix Multiplication (5, 2), mask 12
Gate 28: [23, ]
Fusing gate 0(0) for rank 0
t 23
Matrix Multiplication (5, 1), mask 4
Fusing gate 0(0) for rank 1
t 23
Matrix Multiplication (5, 1), mask 4
Gate 29: [23, ]
Fusing gate 5(0) for rank 0
t 23
Matrix Multiplication (5, 1), mask 4
Fusing gate 5(0) for rank 1
t 23
Matrix Multiplication (5, 1), mask 4
Gate 30: [23, ]
Fusing gate 0(0) for rank 0
t 23
Matrix Multiplication (5, 1), mask 4
Fusing gate 0(0) for rank 1
t 23
Matrix Multiplication (5, 1), mask 4
Gate 31: [23, ]
Fusing gate 5(0) for rank 0
t 23
Matrix Multiplication (5, 1), mask 4
Fusing gate 5(0) for rank 1
t 23
Matrix Multiplication (5, 1), mask 4
Gate 32: [24, ]
Fusing gate 0(0) for rank 0
t 24
Matrix Multiplication (5, 1), mask 8
Fusing gate 0(0) for rank 1
t 24
Matrix Multiplication (5, 1), mask 8
Gate 33: [24, ]
Fusing gate 5(0) for rank 0
t 24
Matrix Multiplication (5, 1), mask 8
Fusing gate 5(0) for rank 1
t 24
Matrix Multiplication (5, 1), mask 8
Gate 34: [24, ]
Fusing gate 0(0) for rank 0
t 24
Matrix Multiplication (5, 1), mask 8
Fusing gate 0(0) for rank 1
t 24
Matrix Multiplication (5, 1), mask 8
Gate 35: [24, ]
Fusing gate 5(0) for rank 0
t 24
Matrix Multiplication (5, 1), mask 8
Fusing gate 5(0) for rank 1
t 24
Matrix Multiplication (5, 1), mask 8
Start fusing gates...
Reset qubit group map
(15, 15) (16, 16) (17, 17) (18, 18) current Layout: [0,1,2,3,4,5,6,7,8,9,10,11,12,13,14,15,16,17,18,19,20,21,22,23,24,25,27,28,26,]
Fusing Kernel (28 gates): qubits [15, 16, 17, 18], gates fusion, qubits [15, 16, 17, 18], gates CircuitSeq {
  Q16 = rz(Q16, P43)
  Q16 = rz(Q16, P43)
  Q15 = rz(Q15, P42)
  [Q15, Q16] = cx[0](Q15, Q16)
  Q16 = rz(Q16, P42)
  [Q15, Q16] = cx[0](Q15, Q16)
  Q15 = h(Q15)
  Q15 = rz(Q15, P56)
  Q15 = h(Q15)
  Q15 = rz(Q15, P56)
  Q16 = h(Q16)
  Q16 = rz(Q16, P56)
  Q16 = h(Q16)
  Q16 = rz(Q16, P56)
  Q18 = rz(Q18, P45)
  Q18 = rz(Q18, P45)
  Q17 = rz(Q17, P44)
  [Q17, Q18] = cx[0](Q17, Q18)
  Q18 = rz(Q18, P44)
  [Q17, Q18] = cx[0](Q17, Q18)
  Q17 = h(Q17)
  Q17 = rz(Q17, P56)
  Q17 = h(Q17)
  Q17 = rz(Q17, P56)
  Q18 = h(Q18)
  Q18 = rz(Q18, P56)
  Q18 = h(Q18)
  Q18 = rz(Q18, P56)
}

Gate 0: [16, ]
Fusing gate 5(0) for rank 0
t 16
Matrix Multiplication (4, 1), mask 2
Fusing gate 5(0) for rank 1
t 16
Matrix Multiplication (4, 1), mask 2
Gate 1: [16, ]
Fusing gate 5(0) for rank 0
t 16
Matrix Multiplication (4, 1), mask 2
Fusing gate 5(0) for rank 1
t 16
Matrix Multiplication (4, 1), mask 2
Gate 2: [15, ]
Fusing gate 5(0) for rank 0
t 15
Matrix Multiplication (4, 1), mask 1
Fusing gate 5(0) for rank 1
t 15
Matrix Multiplication (4, 1), mask 1
Gate 3: [15, 16, ]
Fusing gate 6(1) for rank 0
c,t 15,16
Matrix Multiplication (4, 2), mask 3
Fusing gate 6(1) for rank 1
c,t 15,16
Matrix Multiplication (4, 2), mask 3
Gate 4: [16, ]
Fusing gate 5(0) for rank 0
t 16
Matrix Multiplication (4, 1), mask 2
Fusing gate 5(0) for rank 1
t 16
Matrix Multiplication (4, 1), mask 2
Gate 5: [15, 16, ]
Fusing gate 6(1) for rank 0
c,t 15,16
Matrix Multiplication (4, 2), mask 3
Fusing gate 6(1) for rank 1
c,t 15,16
Matrix Multiplication (4, 2), mask 3
Gate 6: [15, ]
Fusing gate 0(0) for rank 0
t 15
Matrix Multiplication (4, 1), mask 1
Fusing gate 0(0) for rank 1
t 15
Matrix Multiplication (4, 1), mask 1
Gate 7: [15, ]
Fusing gate 5(0) for rank 0
t 15
Matrix Multiplication (4, 1), mask 1
Fusing gate 5(0) for rank 1
t 15
Matrix Multiplication (4, 1), mask 1
Gate 8: [15, ]
Fusing gate 0(0) for rank 0
t 15
Matrix Multiplication (4, 1), mask 1
Fusing gate 0(0) for rank 1
t 15
Matrix Multiplication (4, 1), mask 1
Gate 9: [15, ]
Fusing gate 5(0) for rank 0
t 15
Matrix Multiplication (4, 1), mask 1
Fusing gate 5(0) for rank 1
t 15
Matrix Multiplication (4, 1), mask 1
Gate 10: [16, ]
Fusing gate 0(0) for rank 0
t 16
Matrix Multiplication (4, 1), mask 2
Fusing gate 0(0) for rank 1
t 16
Matrix Multiplication (4, 1), mask 2
Gate 11: [16, ]
Fusing gate 5(0) for rank 0
t 16
Matrix Multiplication (4, 1), mask 2
Fusing gate 5(0) for rank 1
t 16
Matrix Multiplication (4, 1), mask 2
Gate 12: [16, ]
Fusing gate 0(0) for rank 0
t 16
Matrix Multiplication (4, 1), mask 2
Fusing gate 0(0) for rank 1
t 16
Matrix Multiplication (4, 1), mask 2
Gate 13: [16, ]
Fusing gate 5(0) for rank 0
t 16
Matrix Multiplication (4, 1), mask 2
Fusing gate 5(0) for rank 1
t 16
Matrix Multiplication (4, 1), mask 2
Gate 14: [18, ]
Fusing gate 5(0) for rank 0
t 18
Matrix Multiplication (4, 1), mask 8
Fusing gate 5(0) for rank 1
t 18
Matrix Multiplication (4, 1), mask 8
Gate 15: [18, ]
Fusing gate 5(0) for rank 0
t 18
Matrix Multiplication (4, 1), mask 8
Fusing gate 5(0) for rank 1
t 18
Matrix Multiplication (4, 1), mask 8
Gate 16: [17, ]
Fusing gate 5(0) for rank 0
t 17
Matrix Multiplication (4, 1), mask 4
Fusing gate 5(0) for rank 1
t 17
Matrix Multiplication (4, 1), mask 4
Gate 17: [17, 18, ]
Fusing gate 6(1) for rank 0
c,t 17,18
Matrix Multiplication (4, 2), mask 12
Fusing gate 6(1) for rank 1
c,t 17,18
Matrix Multiplication (4, 2), mask 12
Gate 18: [18, ]
Fusing gate 5(0) for rank 0
t 18
Matrix Multiplication (4, 1), mask 8
Fusing gate 5(0) for rank 1
t 18
Matrix Multiplication (4, 1), mask 8
Gate 19: [17, 18, ]
Fusing gate 6(1) for rank 0
c,t 17,18
Matrix Multiplication (4, 2), mask 12
Fusing gate 6(1) for rank 1
c,t 17,18
Matrix Multiplication (4, 2), mask 12
Gate 20: [17, ]
Fusing gate 0(0) for rank 0
t 17
Matrix Multiplication (4, 1), mask 4
Fusing gate 0(0) for rank 1
t 17
Matrix Multiplication (4, 1), mask 4
Gate 21: [17, ]
Fusing gate 5(0) for rank 0
t 17
Matrix Multiplication (4, 1), mask 4
Fusing gate 5(0) for rank 1
t 17
Matrix Multiplication (4, 1), mask 4
Gate 22: [17, ]
Fusing gate 0(0) for rank 0
t 17
Matrix Multiplication (4, 1), mask 4
Fusing gate 0(0) for rank 1
t 17
Matrix Multiplication (4, 1), mask 4
Gate 23: [17, ]
Fusing gate 5(0) for rank 0
t 17
Matrix Multiplication (4, 1), mask 4
Fusing gate 5(0) for rank 1
t 17
Matrix Multiplication (4, 1), mask 4
Gate 24: [18, ]
Fusing gate 0(0) for rank 0
t 18
Matrix Multiplication (4, 1), mask 8
Fusing gate 0(0) for rank 1
t 18
Matrix Multiplication (4, 1), mask 8
Gate 25: [18, ]
Fusing gate 5(0) for rank 0
t 18
Matrix Multiplication (4, 1), mask 8
Fusing gate 5(0) for rank 1
t 18
Matrix Multiplication (4, 1), mask 8
Gate 26: [18, ]
Fusing gate 0(0) for rank 0
t 18
Matrix Multiplication (4, 1), mask 8
Fusing gate 0(0) for rank 1
t 18
Matrix Multiplication (4, 1), mask 8
Gate 27: [18, ]
Fusing gate 5(0) for rank 0
t 18
Matrix Multiplication (4, 1), mask 8
Fusing gate 5(0) for rank 1
t 18
Matrix Multiplication (4, 1), mask 8
Current Layout0: [28, 1, 2, 3, 4, 5, 6, 7, 8, 9, 10, 11, 12, 13, 14, 15, 16, 17, 18, 19, 20, 21, 22, 23, 24, 25, 27, 26, 0, Start fusing gates...
Reset qubit group map
(0, 28) (25, 25) (26, 27) (27, 26) current Layout: [28,1,2,3,4,5,6,7,8,9,10,11,12,13,14,15,16,17,18,19,20,21,22,23,24,25,27,26,0,]
Fusing Kernel (37 gates): qubits [25, 26, 27, 28], gates fusion, qubits [25, 26, 27, 28], gates CircuitSeq {
  Q27 = h(Q27)
  Q27 = rz(Q27, P27)
  Q27 = rz(Q27, P27)
  Q26 = h(Q26)
  Q26 = rz(Q26, P26)
  [Q26, Q27] = cx(Q26, Q27)
  Q27 = rz(Q27, P26)
  [Q26, Q27] = cx(Q26, Q27)
  Q26 = rz(Q26, P53)
  Q26 = rz(Q26, P53)
  Q25 = rz(Q25, P52)
  [Q25, Q26] = cx[0](Q25, Q26)
  Q26 = rz(Q26, P52)
  [Q25, Q26] = cx[0](Q25, Q26)
  Q25 = h(Q25)
  Q25 = rz(Q25, P56)
  Q25 = h(Q25)
  Q25 = rz(Q25, P56)
  Q26 = h(Q26)
  Q26 = rz(Q26, P56)
  Q26 = h(Q26)
  Q26 = rz(Q26, P56)
  Q28 = h(Q28)
  Q28 = rz(Q28, P55)
  Q28 = rz(Q28, P55)
  Q27 = rz(Q27, P54)
  [Q27, Q28] = cx[0](Q27, Q28)
  Q28 = rz(Q28, P54)
  [Q27, Q28] = cx[0](Q27, Q28)
  Q27 = h(Q27)
  Q27 = rz(Q27, P56)
  Q27 = h(Q27)
  Q27 = rz(Q27, P56)
  Q28 = h(Q28)
  Q28 = rz(Q28, P56)
  Q28 = h(Q28)
  Q28 = rz(Q28, P56)
}

Gate 0: [27, ]
Fusing gate 0(0) for rank 0
t 27
Matrix Multiplication (4, 1), mask 4
Fusing gate 0(0) for rank 1
t 27
Matrix Multiplication (4, 1), mask 4
Gate 1: [27, ]
Fusing gate 5(0) for rank 0
t 27
Matrix Multiplication (4, 1), mask 4
Fusing gate 5(0) for rank 1
t 27
Matrix Multiplication (4, 1), mask 4
Gate 2: [27, ]
Fusing gate 5(0) for rank 0
t 27
Matrix Multiplication (4, 1), mask 4
Fusing gate 5(0) for rank 1
t 27
Matrix Multiplication (4, 1), mask 4
Gate 3: [26, ]
Fusing gate 0(0) for rank 0
t 26
Matrix Multiplication (4, 1), mask 8
Fusing gate 0(0) for rank 1
t 26
Matrix Multiplication (4, 1), mask 8
Gate 4: [26, ]
Fusing gate 5(0) for rank 0
t 26
Matrix Multiplication (4, 1), mask 8
Fusing gate 5(0) for rank 1
t 26
Matrix Multiplication (4, 1), mask 8
Gate 5: [26, 27, ]
Fusing gate 6(1) for rank 0
c,t 26,27
Matrix Multiplication (4, 2), mask 12
Fusing gate 6(1) for rank 1
c,t 26,27
Matrix Multiplication (4, 2), mask 12
Gate 6: [27, ]
Fusing gate 5(0) for rank 0
t 27
Matrix Multiplication (4, 1), mask 4
Fusing gate 5(0) for rank 1
t 27
Matrix Multiplication (4, 1), mask 4
Gate 7: [26, 27, ]
Fusing gate 6(1) for rank 0
c,t 26,27
Matrix Multiplication (4, 2), mask 12
Fusing gate 6(1) for rank 1
c,t 26,27
Matrix Multiplication (4, 2), mask 12
Gate 8: [26, ]
Fusing gate 5(0) for rank 0
t 26
Matrix Multiplication (4, 1), mask 8
Fusing gate 5(0) for rank 1
t 26
Matrix Multiplication (4, 1), mask 8
Gate 9: [26, ]
Fusing gate 5(0) for rank 0
t 26
Matrix Multiplication (4, 1), mask 8
Fusing gate 5(0) for rank 1
t 26
Matrix Multiplication (4, 1), mask 8
Gate 10: [25, ]
Fusing gate 5(0) for rank 0
t 25
Matrix Multiplication (4, 1), mask 2
Fusing gate 5(0) for rank 1
t 25
Matrix Multiplication (4, 1), mask 2
Gate 11: [25, 26, ]
Fusing gate 6(1) for rank 0
c,t 25,26
Matrix Multiplication (4, 2), mask 10
Fusing gate 6(1) for rank 1
c,t 25,26
Matrix Multiplication (4, 2), mask 10
Gate 12: [26, ]
Fusing gate 5(0) for rank 0
t 26
Matrix Multiplication (4, 1), mask 8
Fusing gate 5(0) for rank 1
t 26
Matrix Multiplication (4, 1), mask 8
Gate 13: [25, 26, ]
Fusing gate 6(1) for rank 0
c,t 25,26
Matrix Multiplication (4, 2), mask 10
Fusing gate 6(1) for rank 1
c,t 25,26
Matrix Multiplication (4, 2), mask 10
Gate 14: [25, ]
Fusing gate 0(0) for rank 0
t 25
Matrix Multiplication (4, 1), mask 2
Fusing gate 0(0) for rank 1
t 25
Matrix Multiplication (4, 1), mask 2
Gate 15: [25, ]
Fusing gate 5(0) for rank 0
t 25
Matrix Multiplication (4, 1), mask 2
Fusing gate 5(0) for rank 1
t 25
Matrix Multiplication (4, 1), mask 2
Gate 16: [25, ]
Fusing gate 0(0) for rank 0
t 25
Matrix Multiplication (4, 1), mask 2
Fusing gate 0(0) for rank 1
t 25
Matrix Multiplication (4, 1), mask 2
Gate 17: [25, ]
Fusing gate 5(0) for rank 0
t 25
Matrix Multiplication (4, 1), mask 2
Fusing gate 5(0) for rank 1
t 25
Matrix Multiplication (4, 1), mask 2
Gate 18: [26, ]
Fusing gate 0(0) for rank 0
t 26
Matrix Multiplication (4, 1), mask 8
Fusing gate 0(0) for rank 1
t 26
Matrix Multiplication (4, 1), mask 8
Gate 19: [26, ]
Fusing gate 5(0) for rank 0
t 26
Matrix Multiplication (4, 1), mask 8
Fusing gate 5(0) for rank 1
t 26
Matrix Multiplication (4, 1), mask 8
Gate 20: [26, ]
Fusing gate 0(0) for rank 0
t 26
Matrix Multiplication (4, 1), mask 8
Fusing gate 0(0) for rank 1
t 26
Matrix Multiplication (4, 1), mask 8
Gate 21: [26, ]
Fusing gate 5(0) for rank 0
t 26
Matrix Multiplication (4, 1), mask 8
Fusing gate 5(0) for rank 1
t 26
Matrix Multiplication (4, 1), mask 8
Gate 22: [28, ]
Fusing gate 0(0) for rank 0
t 28
Matrix Multiplication (4, 1), mask 1
Fusing gate 0(0) for rank 1
t 28
Matrix Multiplication (4, 1), mask 1
Gate 23: [28, ]
Fusing gate 5(0) for rank 0
t 28
Matrix Multiplication (4, 1), mask 1
Fusing gate 5(0) for rank 1
t 28
Matrix Multiplication (4, 1), mask 1
Gate 24: [28, ]
Fusing gate 5(0) for rank 0
t 28
Matrix Multiplication (4, 1), mask 1
Fusing gate 5(0) for rank 1
t 28
Matrix Multiplication (4, 1), mask 1
Gate 25: [27, ]
Fusing gate 5(0) for rank 0
t 27
Matrix Multiplication (4, 1), mask 4
Fusing gate 5(0) for rank 1
t 27
Matrix Multiplication (4, 1), mask 4
Gate 26: [27, 28, ]
Fusing gate 6(1) for rank 0
c,t 27,28
Matrix Multiplication (4, 2), mask 5
Fusing gate 6(1) for rank 1
c,t 27,28
Matrix Multiplication (4, 2), mask 5
Gate 27: [28, ]
Fusing gate 5(0) for rank 0
t 28
Matrix Multiplication (4, 1), mask 1
Fusing gate 5(0) for rank 1
t 28
Matrix Multiplication (4, 1), mask 1
Gate 28: [27, 28, ]
Fusing gate 6(1) for rank 0
c,t 27,28
Matrix Multiplication (4, 2), mask 5
Fusing gate 6(1) for rank 1
c,t 27,28
Matrix Multiplication (4, 2), mask 5
Gate 29: [27, ]
Fusing gate 0(0) for rank 0
t 27
Matrix Multiplication (4, 1), mask 4
Fusing gate 0(0) for rank 1
t 27
Matrix Multiplication (4, 1), mask 4
Gate 30: [27, ]
Fusing gate 5(0) for rank 0
t 27
Matrix Multiplication (4, 1), mask 4
Fusing gate 5(0) for rank 1
t 27
Matrix Multiplication (4, 1), mask 4
Gate 31: [27, ]
Fusing gate 0(0) for rank 0
t 27
Matrix Multiplication (4, 1), mask 4
Fusing gate 0(0) for rank 1
t 27
Matrix Multiplication (4, 1), mask 4
Gate 32: [27, ]
Fusing gate 5(0) for rank 0
t 27
Matrix Multiplication (4, 1), mask 4
Fusing gate 5(0) for rank 1
t 27
Matrix Multiplication (4, 1), mask 4
Gate 33: [28, ]
Fusing gate 0(0) for rank 0
t 28
Matrix Multiplication (4, 1), mask 1
Fusing gate 0(0) for rank 1
t 28
Matrix Multiplication (4, 1), mask 1
Gate 34: [28, ]
Fusing gate 5(0) for rank 0
t 28
Matrix Multiplication (4, 1), mask 1
Fusing gate 5(0) for rank 1
t 28
Matrix Multiplication (4, 1), mask 1
Gate 35: [28, ]
Fusing gate 0(0) for rank 0
t 28
Matrix Multiplication (4, 1), mask 1
Fusing gate 0(0) for rank 1
t 28
Matrix Multiplication (4, 1), mask 1
Gate 36: [28, ]
Fusing gate 5(0) for rank 0
t 28
Matrix Multiplication (4, 1), mask 1
Fusing gate 5(0) for rank 1
t 28
Matrix Multiplication (4, 1), mask 1
Compilation Done! 
Num Shuffles: 1
Num FUSION Kernel: 10
Num SHM Kernel: 0
Start Simulating...
[warmup] size total:2147483648
NCCL comm nRanks: 2, i am 0
I am 0, mask 1, I am sending to 0
I am 0, mask 1, I am sending to 1
NCCL comm nRanks: 2, i am 1
I am 1, mask 1, I am sending to 0
I am 1, mask 1, I am sending to 1
hello checking all2all
Init State Vectors!
Using NCCL for cross-node shuffle
My physical id:0, 1
NCCL comm nRanks: 2, i am 0
I am 0, mask 1, I am sending to 0
I am 0, mask 1, I am sending to 1
My physical id:1, 1
NCCL comm nRanks: 2, i am 1
I am 1, mask 1, I am sending to 0
I am 1, mask 1, I am sending to 1
[NCCL Rank 0] Shuffle Time: 36.61ms
[NCCL Rank 1] Shuffle Time: 36.84ms
Finish Simulating! Total: 10 FUSE Kernel, 0 SHM Kernel, 1 Shuffles.
[NCCL Rank 0] Total Simulation Time: 116.26ms
[NCCL Rank 1] Total Simulation Time: 116.27ms
[MPI Rank 0]: Shuffle 0 cost 36.72ms on average.
Solving ILP for num_qubits=29, num_local_qubits=28, num_global_qubits=0, num_iterations=1...
Available solvers: ['PULP_CBC_CMD', 'HiGHS_CMD']
Running HiGHS 1.5.0 [date: 2023-11-09, git hash: 8a114449a]
Copyright (c) 2022 HiGHS under MIT licence terms
Number of BV entries in BOUNDS section is 684
MIP  ccefeb602f144e3cbb62da2cb00eb73a-pulp has 1793 rows; 685 cols; 3157 nonzeros; 684 integer variables
Presolving model
1137 rows, 29 cols, 172 nonzeros
Presolve: Infeasible

Solving report
  Status            Infeasible
  Primal bound      inf
  Dual bound        -inf
  Gap               inf
  Solution status   -
  Timing            0.00 (total)
                    0.00 (presolve)
                    0.00 (postsolve)
  Nodes             0
  LP iterations     0 (total)
                    0 (strong br.)
                    0 (separation)
                    0 (heuristics)
Writing the solution to /tmp/ccefeb602f144e3cbb62da2cb00eb73a-pulp.sol
Solving ILP for num_qubits=29, num_local_qubits=28, num_global_qubits=0, num_iterations=2...
Available solvers: ['PULP_CBC_CMD', 'HiGHS_CMD']
Running HiGHS 1.5.0 [date: 2023-11-09, git hash: 8a114449a]
Copyright (c) 2022 HiGHS under MIT licence terms
Number of BV entries in BOUNDS section is 1113
MIP  84c1e4c724904373b2c1fa5a2c2bf3e8-pulp has 2678 rows; 1113 cols; 5182 nonzeros; 1113 integer variables
Presolving model
1963 rows, 400 cols, 2023 nonzeros
444 rows, 187 cols, 971 nonzeros
328 rows, 172 cols, 739 nonzeros
256 rows, 143 cols, 595 nonzeros
256 rows, 143 cols, 595 nonzeros
Objective function is integral with scale 1

Solving MIP model with:
   256 rows
   143 cols (143 binary, 0 integer, 0 implied int., 0 continuous)
   595 nonzeros

        Nodes      |    B&B Tree     |            Objective Bounds              |  Dynamic Constraints |       Work      
     Proc. InQueue |  Leaves   Expl. | BestBound       BestSol              Gap |   Cuts   InLp Confl. | LpIters     Time

         0       0         0   0.00%   0               inf                  inf        0      0      0         0     0.0s

Solving report
  Status            Optimal
  Primal bound      1
  Dual bound        1
  Gap               0% (tolerance: 0.01%)
  Solution status   feasible
                    1 (objective)
                    0 (bound viol.)
                    0 (int. viol.)
                    0 (row viol.)
  Timing            0.01 (total)
                    0.01 (presolve)
                    0.00 (postsolve)
  Nodes             1
  LP iterations     133 (total)
                    0 (strong br.)
                    0 (separation)
                    0 (heuristics)
Writing the solution to /tmp/84c1e4c724904373b2c1fa5a2c2bf3e8-pulp.sol
[MPI Rank 0]: Destroyed everthing!
Time Cost: 205653 us
Destroyed the simulator
