Num ranks: 16, myrank: 1
Num ranks: 16, myrank: 0
Num ranks: 16, myrank: 12
Num ranks: 16, myrank: 6
Num ranks: 16, myrank: 7
Num ranks: 16, myrank: 3
Num ranks: 16, myrank: 8
Num ranks: 16, myrank: 2
Num ranks: 16, myrank: 9
Num ranks: 16, myrank: 5
Num ranks: 16, myrank: 15
Num ranks: 16, myrank: 4
Num ranks: 16, myrank: 13
Num ranks: 16, myrank: 11
Num ranks: 16, myrank: 10
Num ranks: 16, myrank: 14
Use cached schedule
Use cached schedule
Use cached schedule
Use cached schedule
Use cached schedule
Use cached schedule
Use cached schedule
Use cached schedule
Use cached schedule
Use cached schedule
Use cached schedule
Use cached schedule
Use cached schedule
Use cached schedule
Use cached schedule
Use cached schedule
Compilation Done! 
Num Shuffles: 1
Num FUSION Kernel: 5
Num SHM Kernel: 4
Start Simulating...
Compilation Done! 
Num Shuffles: 1
Num FUSION Kernel: 5
Num SHM Kernel: 4
Start Simulating...
Compilation Done! 
Num Shuffles: 1
Num FUSION Kernel: 5
Num SHM Kernel: 4
Start Simulating...
Compilation Done! 
Num Shuffles: 1
Num FUSION Kernel: 5
Num SHM Kernel: 4
Start Simulating...
Compilation Done! 
Num Shuffles: 1
Num FUSION Kernel: 5
Num SHM Kernel: 4
Start Simulating...
Compilation Done! 
Num Shuffles: 1
Num FUSION Kernel: 5
Num SHM Kernel: 4
Start Simulating...
Compilation Done! 
Num Shuffles: 1
Num FUSION Kernel: 5
Num SHM Kernel: 4
Start Simulating...
Compilation Done! 
Num Shuffles: 1
Num FUSION Kernel: 5
Num SHM Kernel: 4
Start Simulating...
Compilation Done! 
Num Shuffles: 1
Num FUSION Kernel: 5
Num SHM Kernel: 4
Start Simulating...
Compilation Done! 
Num Shuffles: 1
Num FUSION Kernel: 5
Num SHM Kernel: 4
Start Simulating...
Compilation Done! 
Num Shuffles: 1
Num FUSION Kernel: 5
Num SHM Kernel: 4
Start Simulating...
Compilation Done! 
Num Shuffles: 1
Num FUSION Kernel: 5
Num SHM Kernel: 4
Start Simulating...
Compilation Done! 
Num Shuffles: 1
Num FUSION Kernel: 5
Num SHM Kernel: 4
Start Simulating...
Compilation Done! 
Num Shuffles: 1
Num FUSION Kernel: 5
Num SHM Kernel: 4
Start Simulating...
Compilation Done! 
Num Shuffles: 1
Num FUSION Kernel: 5
Num SHM Kernel: 4
Start Simulating...
Compilation Done! 
Num Shuffles: 1
Num FUSION Kernel: 5
Num SHM Kernel: 4
Start Simulating...
[warmup] size total:67108864
[warmup] size total:67108864
[warmup] size total:67108864
[warmup] size total:67108864
[warmup] size total:67108864
[warmup] size total:67108864
[warmup] size total:67108864
[warmup] size total:67108864
[warmup] size total:67108864
[warmup] size total:67108864
[warmup] size total:67108864
[warmup] size total:67108864
[warmup] size total:67108864
[warmup] size total:67108864
[warmup] size total:67108864
[warmup] size total:67108864
Init State Vectors on 4 devices
Init State Vectors on 4 devices
Init State Vectors on 4 devices
Init State Vectors on 4 devices
Init State Vectors on 4 devices
Init State Vectors on 4 devices
Init State Vectors on 4 devices
Init State Vectors on 4 devices
Init State Vectors on 4 devices
Init State Vectors on 4 devices
Init State Vectors on 4 devices
Init State Vectors on 4 devices
Init State Vectors on 4 devices
Init State Vectors on 4 devices
Init State Vectors on 4 devices
Init State Vectors on 4 devices
[NCCL Rank 16] Shuffle Time: 304.44ms
[NCCL Rank 17] Shuffle Time: 304.46ms
[NCCL Rank 18] Shuffle Time: 304.47ms
[NCCL Rank 19] Shuffle Time: 304.48ms
[NCCL Rank 56] Shuffle Time: 303.36ms
[NCCL Rank 57] Shuffle Time: 303.63ms
[NCCL Rank 58] Shuffle Time: 303.63ms
[NCCL Rank 59] Shuffle Time: 303.64ms
[NCCL Rank 60] Shuffle Time: 304.67ms
[NCCL Rank 61] Shuffle Time: 304.68ms
[NCCL Rank 44] Shuffle Time: 303.11ms
[NCCL Rank 45] Shuffle Time: 303.13ms
[NCCL Rank 46] Shuffle Time: 303.13ms
[NCCL Rank 47] Shuffle Time: 303.14ms
[NCCL Rank 62] Shuffle Time: 304.74ms
[NCCL Rank 24] Shuffle Time: 299.82ms
[NCCL Rank 25] Shuffle Time: 299.84ms
[NCCL Rank 26] Shuffle Time: 299.84ms
[NCCL Rank 27] Shuffle Time: 299.85ms
[NCCL Rank 20] Shuffle Time: 305.94ms
[NCCL Rank 21] Shuffle Time: 305.96ms
[NCCL Rank 22] Shuffle Time: 305.99ms
[NCCL Rank 63] Shuffle Time: 304.81ms
[NCCL Rank 28] Shuffle Time: 300.78ms
[NCCL Rank 29] Shuffle Time: 300.80ms
[NCCL Rank 30] Shuffle Time: 300.81ms
[NCCL Rank 31] Shuffle Time: 300.82ms
[NCCL Rank 23] Shuffle Time: 306.00ms
[NCCL Rank 12] Shuffle Time: 300.34ms
[NCCL Rank 13] Shuffle Time: 300.36ms
[NCCL Rank 14] Shuffle Time: 300.37ms
[NCCL Rank 15] Shuffle Time: 300.37ms
[NCCL Rank 0] Shuffle Time: 307.60ms
[NCCL Rank 48] Shuffle Time: 302.77ms
[NCCL Rank 4] Shuffle Time: 306.11ms
[NCCL Rank 36] Shuffle Time: 306.21ms
[NCCL Rank 37] Shuffle Time: 306.26ms
[NCCL Rank 1] Shuffle Time: 307.76ms
[NCCL Rank 49] Shuffle Time: 302.88ms
[NCCL Rank 5] Shuffle Time: 306.18ms
[NCCL Rank 38] Shuffle Time: 306.29ms
[NCCL Rank 2] Shuffle Time: 307.81ms
[NCCL Rank 50] Shuffle Time: 302.89ms
[NCCL Rank 6] Shuffle Time: 306.19ms
[NCCL Rank 39] Shuffle Time: 306.31ms
[NCCL Rank 3] Shuffle Time: 307.95ms
[NCCL Rank 51] Shuffle Time: 302.90ms
[NCCL Rank 7] Shuffle Time: 306.22ms
[NCCL Rank 8] Shuffle Time: 310.00ms
[NCCL Rank 9] Shuffle Time: 310.03ms
[NCCL Rank 52] Shuffle Time: 295.15ms
[NCCL Rank 53] Shuffle Time: 295.17ms
[NCCL Rank 54] Shuffle Time: 295.18ms
[NCCL Rank 55] Shuffle Time: 295.19ms
[NCCL Rank 40] Shuffle Time: 307.56ms
[NCCL Rank 10] Shuffle Time: 310.09ms
[NCCL Rank 41] Shuffle Time: 307.66ms
[NCCL Rank 32] Shuffle Time: 298.43ms
[NCCL Rank 11] Shuffle Time: 310.10ms
[NCCL Rank 42] Shuffle Time: 307.67ms
[NCCL Rank 43] Shuffle Time: 307.68ms
[NCCL Rank 33] Shuffle Time: 298.53ms
[NCCL Rank 34] Shuffle Time: 298.54ms
[NCCL Rank 35] Shuffle Time: 298.54ms
Finish Simulating! Total: 5 FUSE Kernel, 4 SHM Kernel, 1 Shuffles.
Finish Simulating! Total: 5 FUSE Kernel, 4 SHM Kernel, 1 Shuffles.
Finish Simulating! Total: 5 FUSE Kernel, 4 SHM Kernel, 1 Shuffles.
Finish Simulating! Total: 5 FUSE Kernel, 4 SHM Kernel, 1 Shuffles.
Finish Simulating! Total: 5 FUSE Kernel, 4 SHM Kernel, 1 Shuffles.
Finish Simulating! Total: 5 FUSE Kernel, 4 SHM Kernel, 1 Shuffles.
Finish Simulating! Total: 5 FUSE Kernel, 4 SHM Kernel, 1 Shuffles.
Finish Simulating! Total: 5 FUSE Kernel, 4 SHM Kernel, 1 Shuffles.
Finish Simulating! Total: 5 FUSE Kernel, 4 SHM Kernel, 1 Shuffles.
Finish Simulating! Total: 5 FUSE Kernel, 4 SHM Kernel, 1 Shuffles.
Finish Simulating! Total: 5 FUSE Kernel, 4 SHM Kernel, 1 Shuffles.
Finish Simulating! Total: 5 FUSE Kernel, 4 SHM Kernel, 1 Shuffles.
Finish Simulating! Total: 5 FUSE Kernel, 4 SHM Kernel, 1 Shuffles.
Finish Simulating! Total: 5 FUSE Kernel, 4 SHM Kernel, 1 Shuffles.
Finish Simulating! Total: 5 FUSE Kernel, 4 SHM Kernel, 1 Shuffles.
Finish Simulating! Total: 5 FUSE Kernel, 4 SHM Kernel, 1 Shuffles.
[NCCL Rank 16] Total Simulation Time: 496.56ms
[NCCL Rank 17] Total Simulation Time: 496.62ms
[NCCL Rank 56] Total Simulation Time: 497.00ms
[NCCL Rank 57] Total Simulation Time: 497.22ms
[NCCL Rank 58] Total Simulation Time: 497.25ms
[NCCL Rank 18] Total Simulation Time: 496.74ms
[NCCL Rank 19] Total Simulation Time: 496.78ms
[NCCL Rank 59] Total Simulation Time: 497.35ms
[NCCL Rank 60] Total Simulation Time: 498.92ms
[NCCL Rank 61] Total Simulation Time: 499.06ms
[NCCL Rank 62] Total Simulation Time: 499.13ms
[NCCL Rank 63] Total Simulation Time: 499.17ms
[NCCL Rank 44] Total Simulation Time: 497.42ms
[NCCL Rank 45] Total Simulation Time: 497.58ms
[NCCL Rank 46] Total Simulation Time: 497.63ms
[NCCL Rank 47] Total Simulation Time: 497.65ms
[NCCL Rank 36] Total Simulation Time: 498.85ms
[NCCL Rank 20] Total Simulation Time: 499.92ms
[NCCL Rank 37] Total Simulation Time: 498.94ms
[NCCL Rank 21] Total Simulation Time: 500.06ms
[NCCL Rank 4] Total Simulation Time: 499.55ms
[NCCL Rank 38] Total Simulation Time: 499.07ms
[NCCL Rank 39] Total Simulation Time: 499.08ms
[NCCL Rank 22] Total Simulation Time: 500.16ms
[NCCL Rank 48] Total Simulation Time: 498.51ms
[NCCL Rank 49] Total Simulation Time: 498.58ms
[NCCL Rank 50] Total Simulation Time: 498.67ms
[NCCL Rank 51] Total Simulation Time: 498.68ms
[NCCL Rank 5] Total Simulation Time: 499.61ms
[NCCL Rank 23] Total Simulation Time: 500.17ms
[NCCL Rank 6] Total Simulation Time: 499.72ms
[NCCL Rank 7] Total Simulation Time: 499.89ms
[NCCL Rank 40] Total Simulation Time: 500.79ms
[NCCL Rank 8] Total Simulation Time: 502.28ms
[NCCL Rank 41] Total Simulation Time: 501.00ms
[NCCL Rank 9] Total Simulation Time: 502.35ms
[NCCL Rank 42] Total Simulation Time: 501.08ms
[NCCL Rank 0] Total Simulation Time: 501.22ms
[NCCL Rank 1] Total Simulation Time: 501.24ms
[NCCL Rank 10] Total Simulation Time: 502.53ms
[NCCL Rank 11] Total Simulation Time: 502.54ms
[NCCL Rank 43] Total Simulation Time: 501.10ms
[NCCL Rank 2] Total Simulation Time: 501.48ms
[NCCL Rank 3] Total Simulation Time: 501.49ms
[MPI Rank 0]: Shuffle 0 cost 307.78ms on average.
[NCCL Rank 52] Total Simulation Time: 502.07ms
[NCCL Rank 53] Total Simulation Time: 502.13ms
[NCCL Rank 12] Total Simulation Time: 504.74ms
[NCCL Rank 13] Total Simulation Time: 504.76ms
[NCCL Rank 54] Total Simulation Time: 502.30ms
[NCCL Rank 55] Total Simulation Time: 502.41ms
[NCCL Rank 14] Total Simulation Time: 504.93ms
[NCCL Rank 15] Total Simulation Time: 504.95ms
[NCCL Rank 24] Total Simulation Time: 499.83ms
[NCCL Rank 25] Total Simulation Time: 499.90ms
[NCCL Rank 26] Total Simulation Time: 500.10ms
[NCCL Rank 27] Total Simulation Time: 500.11ms
[NCCL Rank 32] Total Simulation Time: 503.92ms
[NCCL Rank 33] Total Simulation Time: 504.01ms
[NCCL Rank 34] Total Simulation Time: 504.18ms
[NCCL Rank 35] Total Simulation Time: 504.26ms
[NCCL Rank 28] Total Simulation Time: 506.08ms
[NCCL Rank 29] Total Simulation Time: 506.15ms
[NCCL Rank 30] Total Simulation Time: 506.30ms
[NCCL Rank 31] Total Simulation Time: 506.38ms
[MPI Rank 15]: Destroyed everything!
Time Cost: 646979 us
Destroyed the simulator
[MPI Rank 13]: Destroyed everything!
Time Cost: 676091 us
Destroyed the simulator
[MPI Rank 3]: Destroyed everything!
Time Cost: 680279 us
Destroyed the simulator
[MPI Rank 8]: Destroyed everything!
Time Cost: 679720 us
Destroyed the simulator
[MPI Rank 6]: Destroyed everything!
Time Cost: 679890 us
Destroyed the simulator
[MPI Rank 7]: Destroyed everything!
Time Cost: 684054 us
Destroyed the simulator
[MPI Rank 0]: Destroyed everything!
Time Cost: 686735 us
Destroyed the simulator
[MPI Rank 12]: Destroyed everything!
Time Cost: 688910 us
Destroyed the simulator
[MPI Rank 10]: Destroyed everything!
Time Cost: 689979 us
Destroyed the simulator
[MPI Rank 9]: Destroyed everything!
Time Cost: 696655 us
Destroyed the simulator
[MPI Rank 2]: Destroyed everything!
Time Cost: 702390 us
Destroyed the simulator
[MPI Rank 4]: Destroyed everything!
Time Cost: 704023 us
Destroyed the simulator
[MPI Rank 5]: Destroyed everything!
Time Cost: 708199 us
Destroyed the simulator
[MPI Rank 14]: Destroyed everything!
Time Cost: 715334 us
Destroyed the simulator
[MPI Rank 11]: Destroyed everything!
Time Cost: 719859 us
Destroyed the simulator
[MPI Rank 1]: Destroyed everything!
Time Cost: 721306 us
Destroyed the simulator
