Num ranks: 8, myrank: 0
Num ranks: 8, myrank: 7
Num ranks: 8, myrank: 3
Num ranks: 8, myrank: 2
Num ranks: 8, myrank: 1
Num ranks: 8, myrank: 5
Num ranks: 8, myrank: 4
Num ranks: 8, myrank: 6
Use cached schedule
Use cached schedule
Use cached schedule
Use cached schedule
Use cached schedule
Use cached schedule
Compilation Done! 
Num Shuffles: 1
Num FUSION Kernel: 5
Num SHM Kernel: 4
Start Simulating...
Compilation Done! 
Num Shuffles: 1
Num FUSION Kernel: 5
Num SHM Kernel: 4
Start Simulating...
Compilation Done! 
Num Shuffles: 1
Num FUSION Kernel: 5
Num SHM Kernel: 4
Start Simulating...
Compilation Done! 
Num Shuffles: 1
Num FUSION Kernel: 5
Num SHM Kernel: 4
Start Simulating...
Compilation Done! 
Num Shuffles: 1
Num FUSION Kernel: 5
Num SHM Kernel: 4
Start Simulating...
Compilation Done! 
Num Shuffles: 1
Num FUSION Kernel: 5
Num SHM Kernel: 4
Start Simulating...
Use cached schedule
Compilation Done! 
Num Shuffles: 1
Num FUSION Kernel: 5
Num SHM Kernel: 4
Start Simulating...
Use cached schedule
Compilation Done! 
Num Shuffles: 1
Num FUSION Kernel: 5
Num SHM Kernel: 4
Start Simulating...
[warmup] size total:134217728
[warmup] size total:134217728
[warmup] size total:134217728
[warmup] size total:134217728
[warmup] size total:134217728
[warmup] size total:134217728
[warmup] size total:134217728
[warmup] size total:134217728
Init State Vectors on 4 devices
Init State Vectors on 4 devices
Init State Vectors on 4 devices
Init State Vectors on 4 devices
Init State Vectors on 4 devices
Init State Vectors on 4 devices
Init State Vectors on 4 devices
Init State Vectors on 4 devices
[NCCL Rank 0] Shuffle Time: 277.21ms
[NCCL Rank 1] Shuffle Time: 277.22ms
[NCCL Rank 12] Shuffle Time: 277.01ms
[NCCL Rank 20] Shuffle Time: 277.33ms
[NCCL Rank 21] Shuffle Time: 277.35ms
[NCCL Rank 22] Shuffle Time: 277.36ms
[NCCL Rank 23] Shuffle Time: 277.37ms
[NCCL Rank 2] Shuffle Time: 277.41ms
[NCCL Rank 13] Shuffle Time: 277.48ms
[NCCL Rank 14] Shuffle Time: 277.48ms
[NCCL Rank 15] Shuffle Time: 277.49ms
[NCCL Rank 3] Shuffle Time: 277.82ms
[NCCL Rank 24] Shuffle Time: 280.63ms
[NCCL Rank 25] Shuffle Time: 280.66ms
[NCCL Rank 26] Shuffle Time: 281.18ms
[NCCL Rank 27] Shuffle Time: 281.22ms
[NCCL Rank 28] Shuffle Time: 283.09ms
[NCCL Rank 29] Shuffle Time: 283.12ms
[NCCL Rank 30] Shuffle Time: 283.13ms
[NCCL Rank 16] Shuffle Time: 273.25ms
[NCCL Rank 17] Shuffle Time: 273.27ms
[NCCL Rank 18] Shuffle Time: 273.27ms
[NCCL Rank 31] Shuffle Time: 283.16ms
[NCCL Rank 4] Shuffle Time: 286.85ms
[NCCL Rank 5] Shuffle Time: 286.87ms
[NCCL Rank 6] Shuffle Time: 286.88ms
[NCCL Rank 7] Shuffle Time: 286.89ms
[NCCL Rank 8] Shuffle Time: 287.06ms
[NCCL Rank 9] Shuffle Time: 287.08ms
[NCCL Rank 10] Shuffle Time: 287.09ms
[NCCL Rank 11] Shuffle Time: 287.10ms
[NCCL Rank 19] Shuffle Time: 274.40ms
Finish Simulating! Total: 5 FUSE Kernel, 4 SHM Kernel, 1 Shuffles.
Finish Simulating! Total: 5 FUSE Kernel, 4 SHM Kernel, 1 Shuffles.
Finish Simulating! Total: 5 FUSE Kernel, 4 SHM Kernel, 1 Shuffles.
Finish Simulating! Total: 5 FUSE Kernel, 4 SHM Kernel, 1 Shuffles.
Finish Simulating! Total: 5 FUSE Kernel, 4 SHM Kernel, 1 Shuffles.
Finish Simulating! Total: 5 FUSE Kernel, 4 SHM Kernel, 1 Shuffles.
Finish Simulating! Total: 5 FUSE Kernel, 4 SHM Kernel, 1 Shuffles.
Finish Simulating! Total: 5 FUSE Kernel, 4 SHM Kernel, 1 Shuffles.
[NCCL Rank 20] Total Simulation Time: 462.82ms
[NCCL Rank 21] Total Simulation Time: 462.99ms
[NCCL Rank 22] Total Simulation Time: 463.04ms
[NCCL Rank 23] Total Simulation Time: 463.16ms
[NCCL Rank 12] Total Simulation Time: 464.64ms
[NCCL Rank 13] Total Simulation Time: 464.71ms
[NCCL Rank 14] Total Simulation Time: 464.83ms
[NCCL Rank 15] Total Simulation Time: 464.90ms
[NCCL Rank 0] Total Simulation Time: 463.76ms
[NCCL Rank 1] Total Simulation Time: 463.86ms
[NCCL Rank 2] Total Simulation Time: 464.01ms
[NCCL Rank 3] Total Simulation Time: 464.09ms
[MPI Rank 0]: Shuffle 0 cost 277.42ms on average.
[NCCL Rank 24] Total Simulation Time: 469.26ms
[NCCL Rank 25] Total Simulation Time: 469.42ms
[NCCL Rank 26] Total Simulation Time: 469.53ms
[NCCL Rank 27] Total Simulation Time: 469.60ms
[NCCL Rank 28] Total Simulation Time: 469.58ms
[NCCL Rank 29] Total Simulation Time: 469.72ms
[NCCL Rank 30] Total Simulation Time: 469.87ms
[NCCL Rank 31] Total Simulation Time: 469.88ms
[NCCL Rank 8] Total Simulation Time: 472.08ms
[NCCL Rank 9] Total Simulation Time: 472.21ms
[NCCL Rank 4] Total Simulation Time: 472.69ms
[NCCL Rank 10] Total Simulation Time: 472.34ms
[NCCL Rank 11] Total Simulation Time: 472.35ms
[NCCL Rank 5] Total Simulation Time: 472.75ms
[NCCL Rank 16] Total Simulation Time: 461.63ms
[NCCL Rank 6] Total Simulation Time: 472.83ms
[NCCL Rank 17] Total Simulation Time: 461.74ms
[NCCL Rank 7] Total Simulation Time: 473.03ms
[NCCL Rank 18] Total Simulation Time: 461.83ms
[NCCL Rank 19] Total Simulation Time: 461.85ms
[MPI Rank 5]: Destroyed everything!
Time Cost: 612117 us
Destroyed the simulator
[MPI Rank 3]: Destroyed everything!
Time Cost: 614042 us
Destroyed the simulator
[MPI Rank 1]: Destroyed everything!
Time Cost: 626042 us
Destroyed the simulator
[MPI Rank 4]: Destroyed everything!
Time Cost: 615462 us
Destroyed the simulator
[MPI Rank 6]: Destroyed everything!
Time Cost: 641575 us
Destroyed the simulator
[MPI Rank 7]: Destroyed everything!
Time Cost: 640571 us
Destroyed the simulator
[MPI Rank 0]: Destroyed everything!
Time Cost: 648567 us
Destroyed the simulator
[MPI Rank 2]: Destroyed everything!
Time Cost: 681144 us
Destroyed the simulator
