Num ranks: 2, myrank: 0
Num ranks: 2, myrank: 1
Use cached schedule
Use cached schedule
Compilation Done! 
Num Shuffles: 1
Num FUSION Kernel: 5
Num SHM Kernel: 4
Start Simulating...
Compilation Done! 
Num Shuffles: 1
Num FUSION Kernel: 5
Num SHM Kernel: 4
Start Simulating...
[warmup] size total:536870912
[warmup] size total:536870912
Init State Vectors on 4 devices
Init State Vectors on 4 devices
[NCCL Rank 0] Shuffle Time: 154.03ms
[NCCL Rank 4] Shuffle Time: 154.75ms
[NCCL Rank 5] Shuffle Time: 154.77ms
[NCCL Rank 1] Shuffle Time: 155.33ms
[NCCL Rank 2] Shuffle Time: 155.34ms
[NCCL Rank 6] Shuffle Time: 154.82ms
[NCCL Rank 3] Shuffle Time: 155.35ms
[NCCL Rank 7] Shuffle Time: 154.83ms
Finish Simulating! Total: 5 FUSE Kernel, 4 SHM Kernel, 1 Shuffles.
Finish Simulating! Total: 5 FUSE Kernel, 4 SHM Kernel, 1 Shuffles.
[NCCL Rank 0] Total Simulation Time: 327.39ms
[NCCL Rank 1] Total Simulation Time: 327.46ms
[NCCL Rank 2] Total Simulation Time: 327.65ms
[NCCL Rank 3] Total Simulation Time: 327.66ms
[MPI Rank 0]: Shuffle 0 cost 155.01ms on average.
[NCCL Rank 4] Total Simulation Time: 332.73ms
[NCCL Rank 5] Total Simulation Time: 332.78ms
[NCCL Rank 6] Total Simulation Time: 333.01ms
[NCCL Rank 7] Total Simulation Time: 333.02ms
[MPI Rank 1]: Destroyed everything!
Time Cost: 450601 us
Destroyed the simulator
[MPI Rank 0]: Destroyed everything!
Time Cost: 541659 us
Destroyed the simulator
