Num ranks: 4, myrank: 3
Num ranks: 4, myrank: 2
Num ranks: 4, myrank: 0
Num ranks: 4, myrank: 1
Use cached schedule
Use cached schedule
Use cached schedule
Use cached schedule
Compilation Done! 
Num Shuffles: 1
Num FUSION Kernel: 5
Num SHM Kernel: 4
Start Simulating...
Compilation Done! 
Num Shuffles: 1
Num FUSION Kernel: 5
Num SHM Kernel: 4
Start Simulating...
Compilation Done! 
Num Shuffles: 1
Num FUSION Kernel: 5
Num SHM Kernel: 4
Start Simulating...
Compilation Done! 
Num Shuffles: 1
Num FUSION Kernel: 5
Num SHM Kernel: 4
Start Simulating...
[warmup] size total:268435456
[warmup] size total:268435456
[warmup] size total:268435456
[warmup] size total:268435456
Init State Vectors on 4 devices
Init State Vectors on 4 devices
Init State Vectors on 4 devices
Init State Vectors on 4 devices
[NCCL Rank 0] Shuffle Time: 241.26ms
[NCCL Rank 8] Shuffle Time: 235.69ms
[NCCL Rank 1] Shuffle Time: 241.69ms
[NCCL Rank 2] Shuffle Time: 241.71ms
[NCCL Rank 3] Shuffle Time: 241.72ms
[NCCL Rank 9] Shuffle Time: 235.81ms
[NCCL Rank 10] Shuffle Time: 235.82ms
[NCCL Rank 12] Shuffle Time: 245.01ms
[NCCL Rank 13] Shuffle Time: 245.04ms
[NCCL Rank 14] Shuffle Time: 245.06ms
[NCCL Rank 4] Shuffle Time: 232.52ms
[NCCL Rank 5] Shuffle Time: 232.54ms
[NCCL Rank 11] Shuffle Time: 235.83ms
[NCCL Rank 15] Shuffle Time: 245.07ms
[NCCL Rank 6] Shuffle Time: 232.55ms
[NCCL Rank 7] Shuffle Time: 232.56ms
Finish Simulating! Total: 5 FUSE Kernel, 4 SHM Kernel, 1 Shuffles.
Finish Simulating! Total: 5 FUSE Kernel, 4 SHM Kernel, 1 Shuffles.
Finish Simulating! Total: 5 FUSE Kernel, 4 SHM Kernel, 1 Shuffles.
Finish Simulating! Total: 5 FUSE Kernel, 4 SHM Kernel, 1 Shuffles.
[NCCL Rank 8] Total Simulation Time: 418.09ms
[NCCL Rank 9] Total Simulation Time: 418.16ms
[NCCL Rank 4] Total Simulation Time: 418.71ms
[NCCL Rank 10] Total Simulation Time: 418.30ms
[NCCL Rank 11] Total Simulation Time: 418.34ms
[NCCL Rank 12] Total Simulation Time: 428.06ms
[NCCL Rank 5] Total Simulation Time: 418.75ms
[NCCL Rank 13] Total Simulation Time: 428.16ms
[NCCL Rank 6] Total Simulation Time: 418.89ms
[NCCL Rank 7] Total Simulation Time: 418.92ms
[NCCL Rank 14] Total Simulation Time: 428.32ms
[NCCL Rank 15] Total Simulation Time: 428.34ms
[NCCL Rank 0] Total Simulation Time: 429.51ms
[NCCL Rank 1] Total Simulation Time: 429.61ms
[NCCL Rank 2] Total Simulation Time: 429.73ms
[NCCL Rank 3] Total Simulation Time: 429.78ms
[MPI Rank 0]: Shuffle 0 cost 241.59ms on average.
[MPI Rank 1]: Destroyed everything!
Time Cost: 561275 us
Destroyed the simulator
[MPI Rank 2]: Destroyed everything!
Time Cost: 563371 us
Destroyed the simulator
[MPI Rank 3]: Destroyed everything!
Time Cost: 595021 us
Destroyed the simulator
[MPI Rank 0]: Destroyed everything!
Time Cost: 600499 us
Destroyed the simulator
