Num ranks: 1, myrank: 0
Use cached schedule
Compilation Done! 
Num Shuffles: 1
Num FUSION Kernel: 4
Num SHM Kernel: 4
Start Simulating...
[warmup] size total:1073741824
Init State Vectors on 4 devices
[NCCL Rank 0] Shuffle Time: 22.93ms
[NCCL Rank 1] Shuffle Time: 22.79ms
[NCCL Rank 2] Shuffle Time: 19.50ms
[NCCL Rank 3] Shuffle Time: 19.39ms
Finish Simulating! Total: 4 FUSE Kernel, 4 SHM Kernel, 1 Shuffles.
[NCCL Rank 0] Total Simulation Time: 195.92ms
[NCCL Rank 1] Total Simulation Time: 195.94ms
[NCCL Rank 2] Total Simulation Time: 196.34ms
[NCCL Rank 3] Total Simulation Time: 196.69ms
[MPI Rank 0]: Shuffle 0 cost 21.15ms on average.
[MPI Rank 0]: Destroyed everything!
Time Cost: 431792 us
Destroyed the simulator
