Num ranks: 8, myrank: 7
Num ranks: 8, myrank: 2
Num ranks: 8, myrank: 0
Num ranks: 8, myrank: 6
Num ranks: 8, myrank: 3
Num ranks: 8, myrank: 4
Num ranks: 8, myrank: 1
Num ranks: 8, myrank: 5
Use cached schedule
Use cached schedule
Use cached schedule
Use cached schedule
Use cached schedule
Use cached schedule
Use cached schedule
Compilation Done! 
Num Shuffles: 2
Num FUSION Kernel: 8
Num SHM Kernel: 5
Start Simulating...
Compilation Done! 
Num Shuffles: 2
Num FUSION Kernel: 8
Num SHM Kernel: 5
Start Simulating...
Compilation Done! 
Num Shuffles: 2
Num FUSION Kernel: 8
Num SHM Kernel: 5
Start Simulating...
Compilation Done! 
Num Shuffles: 2
Num FUSION Kernel: 8
Num SHM Kernel: 5
Start Simulating...
Compilation Done! 
Num Shuffles: 2
Num FUSION Kernel: 8
Num SHM Kernel: 5
Start Simulating...
Compilation Done! 
Num Shuffles: 2
Num FUSION Kernel: 8
Num SHM Kernel: 5
Start Simulating...
Compilation Done! 
Num Shuffles: 2
Num FUSION Kernel: 8
Num SHM Kernel: 5
Start Simulating...
Use cached schedule
Compilation Done! 
Num Shuffles: 2
Num FUSION Kernel: 8
Num SHM Kernel: 5
Start Simulating...
[warmup] size total:134217728
[warmup] size total:134217728
[warmup] size total:134217728
[warmup] size total:134217728
[warmup] size total:134217728
[warmup] size total:134217728
[warmup] size total:134217728
[warmup] size total:134217728
Init State Vectors on 4 devices
Init State Vectors on 4 devices
Init State Vectors on 4 devices
Init State Vectors on 4 devices
Init State Vectors on 4 devices
Init State Vectors on 4 devices
Init State Vectors on 4 devices
Init State Vectors on 4 devices
[NCCL Rank 16] Shuffle Time: 247.79ms
[NCCL Rank 17] Shuffle Time: 247.81ms
[NCCL Rank 18] Shuffle Time: 247.81ms
[NCCL Rank 19] Shuffle Time: 247.83ms
[NCCL Rank 8] Shuffle Time: 251.96ms
[NCCL Rank 9] Shuffle Time: 252.03ms
[NCCL Rank 4] Shuffle Time: 238.51ms
[NCCL Rank 5] Shuffle Time: 238.53ms
[NCCL Rank 6] Shuffle Time: 238.54ms
[NCCL Rank 7] Shuffle Time: 238.55ms
[NCCL Rank 10] Shuffle Time: 252.04ms
[NCCL Rank 11] Shuffle Time: 254.17ms
[NCCL Rank 0] Shuffle Time: 231.00ms
[NCCL Rank 1] Shuffle Time: 231.02ms
[NCCL Rank 24] Shuffle Time: 256.17ms
[NCCL Rank 25] Shuffle Time: 256.19ms
[NCCL Rank 26] Shuffle Time: 256.19ms
[NCCL Rank 2] Shuffle Time: 231.54ms
[NCCL Rank 3] Shuffle Time: 231.55ms
[NCCL Rank 27] Shuffle Time: 256.37ms
[NCCL Rank 28] Shuffle Time: 260.09ms
[NCCL Rank 29] Shuffle Time: 260.17ms
[NCCL Rank 30] Shuffle Time: 260.18ms
[NCCL Rank 31] Shuffle Time: 260.19ms
[NCCL Rank 20] Shuffle Time: 233.32ms
[NCCL Rank 21] Shuffle Time: 233.35ms
[NCCL Rank 22] Shuffle Time: 233.40ms
[NCCL Rank 23] Shuffle Time: 235.31ms
[NCCL Rank 12] Shuffle Time: 260.31ms
[NCCL Rank 13] Shuffle Time: 260.34ms
[NCCL Rank 14] Shuffle Time: 260.35ms
[NCCL Rank 15] Shuffle Time: 260.36ms
[NCCL Rank 28] Shuffle Time: 319.73ms
[NCCL Rank 29] Shuffle Time: 315.58ms
[NCCL Rank 30] Shuffle Time: 312.17ms
[NCCL Rank 31] Shuffle Time: 311.60ms
[NCCL Rank 12] Shuffle Time: 231.61ms
[NCCL Rank 20] Shuffle Time: 323.58ms
[NCCL Rank 21] Shuffle Time: 319.56ms
[NCCL Rank 22] Shuffle Time: 316.22ms
[NCCL Rank 23] Shuffle Time: 315.73ms
[NCCL Rank 8] Shuffle Time: 323.81ms
[NCCL Rank 9] Shuffle Time: 319.16ms
[NCCL Rank 10] Shuffle Time: 315.05ms
[NCCL Rank 11] Shuffle Time: 314.48ms
[NCCL Rank 13] Shuffle Time: 230.40ms
[NCCL Rank 4] Shuffle Time: 332.28ms
[NCCL Rank 5] Shuffle Time: 328.11ms
[NCCL Rank 6] Shuffle Time: 324.82ms
[NCCL Rank 14] Shuffle Time: 227.28ms
[NCCL Rank 15] Shuffle Time: 226.62ms
[NCCL Rank 7] Shuffle Time: 324.21ms
[NCCL Rank 24] Shuffle Time: 232.42ms
[NCCL Rank 25] Shuffle Time: 230.73ms
[NCCL Rank 0] Shuffle Time: 335.90ms
[NCCL Rank 1] Shuffle Time: 331.89ms
[NCCL Rank 2] Shuffle Time: 328.70ms
[NCCL Rank 3] Shuffle Time: 328.08ms
[NCCL Rank 26] Shuffle Time: 232.04ms
[NCCL Rank 27] Shuffle Time: 232.88ms
[NCCL Rank 16] Shuffle Time: 246.17ms
[NCCL Rank 17] Shuffle Time: 242.36ms
[NCCL Rank 18] Shuffle Time: 239.44ms
[NCCL Rank 19] Shuffle Time: 238.84ms
Finish Simulating! Total: 8 FUSE Kernel, 5 SHM Kernel, 2 Shuffles.
Finish Simulating! Total: 8 FUSE Kernel, 5 SHM Kernel, 2 Shuffles.
Finish Simulating! Total: 8 FUSE Kernel, 5 SHM Kernel, 2 Shuffles.
Finish Simulating! Total: 8 FUSE Kernel, 5 SHM Kernel, 2 Shuffles.
Finish Simulating! Total: 8 FUSE Kernel, 5 SHM Kernel, 2 Shuffles.
Finish Simulating! Total: 8 FUSE Kernel, 5 SHM Kernel, 2 Shuffles.
Finish Simulating! Total: 8 FUSE Kernel, 5 SHM Kernel, 2 Shuffles.
Finish Simulating! Total: 8 FUSE Kernel, 5 SHM Kernel, 2 Shuffles.
[NCCL Rank 28] Total Simulation Time: 811.55ms
[NCCL Rank 29] Total Simulation Time: 811.69ms
[NCCL Rank 30] Total Simulation Time: 811.81ms
[NCCL Rank 31] Total Simulation Time: 811.84ms
[NCCL Rank 12] Total Simulation Time: 810.84ms
[NCCL Rank 13] Total Simulation Time: 810.90ms
[NCCL Rank 14] Total Simulation Time: 810.92ms
[NCCL Rank 15] Total Simulation Time: 810.94ms
[NCCL Rank 4] Total Simulation Time: 820.31ms
[NCCL Rank 5] Total Simulation Time: 820.33ms
[NCCL Rank 6] Total Simulation Time: 820.39ms
[NCCL Rank 7] Total Simulation Time: 820.42ms
[NCCL Rank 8] Total Simulation Time: 820.46ms
[NCCL Rank 9] Total Simulation Time: 820.47ms
[NCCL Rank 10] Total Simulation Time: 820.82ms
[NCCL Rank 11] Total Simulation Time: 820.83ms
[NCCL Rank 20] Total Simulation Time: 815.05ms
[NCCL Rank 21] Total Simulation Time: 815.14ms
[NCCL Rank 24] Total Simulation Time: 825.19ms
[NCCL Rank 22] Total Simulation Time: 815.28ms
[NCCL Rank 23] Total Simulation Time: 815.32ms
[NCCL Rank 25] Total Simulation Time: 825.34ms
[NCCL Rank 26] Total Simulation Time: 825.43ms
[NCCL Rank 27] Total Simulation Time: 825.44ms
[NCCL Rank 16] Total Simulation Time: 829.00ms
[NCCL Rank 17] Total Simulation Time: 829.07ms
[NCCL Rank 18] Total Simulation Time: 829.20ms
[NCCL Rank 19] Total Simulation Time: 829.21ms
[NCCL Rank 0] Total Simulation Time: 816.20ms
[NCCL Rank 1] Total Simulation Time: 816.22ms
[NCCL Rank 2] Total Simulation Time: 816.36ms
[NCCL Rank 3] Total Simulation Time: 816.49ms
[MPI Rank 0]: Shuffle 0 cost 231.28ms on average.
[MPI Rank 0]: Shuffle 1 cost 331.14ms on average.
[MPI Rank 0]: Destroyed everything!
Time Cost: 946193 us
Destroyed the simulator
[MPI Rank 4]: Destroyed everything!
Time Cost: 983681 us
Destroyed the simulator
[MPI Rank 2]: Destroyed everything!
Time Cost: 981174 us
Destroyed the simulator
[MPI Rank 1]: Destroyed everything!
Time Cost: 988705 us
Destroyed the simulator
[MPI Rank 5]: Destroyed everything!
Time Cost: 985038 us
Destroyed the simulator
[MPI Rank 7]: Destroyed everything!
Time Cost: 997574 us
Destroyed the simulator
[MPI Rank 3]: Destroyed everything!
Time Cost: 1001420 us
Destroyed the simulator
[MPI Rank 6]: Destroyed everything!
Time Cost: 1027175 us
Destroyed the simulator
