Num ranks: 1, myrank: 0
Use cached schedule
Compilation Done! 
Num Shuffles: 1
Num FUSION Kernel: 9
Num SHM Kernel: 3
Start Simulating...
[warmup] size total:1073741824
Init State Vectors on 4 devices
[NCCL Rank 0] Shuffle Time: 29.77ms
[NCCL Rank 1] Shuffle Time: 29.78ms
[NCCL Rank 2] Shuffle Time: 29.94ms
[NCCL Rank 3] Shuffle Time: 30.33ms
Finish Simulating! Total: 9 FUSE Kernel, 3 SHM Kernel, 1 Shuffles.
[NCCL Rank 0] Total Simulation Time: 207.75ms
[NCCL Rank 1] Total Simulation Time: 208.18ms
[NCCL Rank 2] Total Simulation Time: 228.03ms
[NCCL Rank 3] Total Simulation Time: 228.34ms
[MPI Rank 0]: Shuffle 0 cost 29.96ms on average.
[MPI Rank 0]: Destroyed everything!
Time Cost: 419965 us
Destroyed the simulator
