Num ranks: 16, myrank: 0
Num ranks: 16, myrank: 2
Num ranks: 16, myrank: 9
Num ranks: 16, myrank: 4
Num ranks: 16, myrank: 6
Num ranks: 16, myrank: 3
Num ranks: 16, myrank: 15
Num ranks: 16, myrank: 5
Num ranks: 16, myrank: 13
Num ranks: 16, myrank: 8
Num ranks: 16, myrank: 11
Num ranks: 16, myrank: 14
Num ranks: 16, myrank: 7
Num ranks: 16, myrank: 10
Num ranks: 16, myrank: 12
Num ranks: 16, myrank: 1
Use cached schedule
Use cached schedule
Use cached schedule
Use cached schedule
Use cached schedule
Use cached schedule
Use cached schedule
Use cached schedule
Use cached schedule
Use cached schedule
Use cached schedule
Use cached schedule
Compilation Done! 
Num Shuffles: 2
Num FUSION Kernel: 11
Num SHM Kernel: 5
Start Simulating...
Compilation Done! 
Num Shuffles: 2
Num FUSION Kernel: 11
Num SHM Kernel: 5
Start Simulating...
Compilation Done! 
Num Shuffles: 2
Num FUSION Kernel: 11
Num SHM Kernel: 5
Start Simulating...
Compilation Done! 
Num Shuffles: 2
Num FUSION Kernel: 11
Num SHM Kernel: 5
Start Simulating...
Compilation Done! 
Num Shuffles: 2
Num FUSION Kernel: 11
Num SHM Kernel: 5
Start Simulating...
Compilation Done! 
Num Shuffles: 2
Num FUSION Kernel: 11
Num SHM Kernel: 5
Start Simulating...
Compilation Done! 
Num Shuffles: 2
Num FUSION Kernel: 11
Num SHM Kernel: 5
Start Simulating...
Compilation Done! 
Num Shuffles: 2
Num FUSION Kernel: 11
Num SHM Kernel: 5
Start Simulating...
Compilation Done! 
Num Shuffles: 2
Num FUSION Kernel: 11
Num SHM Kernel: 5
Start Simulating...
Compilation Done! 
Num Shuffles: 2
Num FUSION Kernel: 11
Num SHM Kernel: 5
Start Simulating...
Compilation Done! 
Num Shuffles: 2
Num FUSION Kernel: 11
Num SHM Kernel: 5
Start Simulating...
Compilation Done! 
Num Shuffles: 2
Num FUSION Kernel: 11
Num SHM Kernel: 5
Start Simulating...
Use cached schedule
Use cached schedule
Compilation Done! 
Num Shuffles: 2
Num FUSION Kernel: 11
Num SHM Kernel: 5
Start Simulating...
Compilation Done! 
Num Shuffles: 2
Num FUSION Kernel: 11
Num SHM Kernel: 5
Start Simulating...
Use cached schedule
Compilation Done! 
Num Shuffles: 2
Num FUSION Kernel: 11
Num SHM Kernel: 5
Start Simulating...
Use cached schedule
Compilation Done! 
Num Shuffles: 2
Num FUSION Kernel: 11
Num SHM Kernel: 5
Start Simulating...
[warmup] size total:67108864
[warmup] size total:67108864
[warmup] size total:67108864
[warmup] size total:67108864
[warmup] size total:67108864
[warmup] size total:67108864
[warmup] size total:67108864
[warmup] size total:67108864
[warmup] size total:67108864
[warmup] size total:67108864
[warmup] size total:67108864
[warmup] size total:67108864
[warmup] size total:67108864
[warmup] size total:67108864
[warmup] size total:67108864
[warmup] size total:67108864
Init State Vectors on 4 devices
Init State Vectors on 4 devices
Init State Vectors on 4 devices
Init State Vectors on 4 devices
Init State Vectors on 4 devices
Init State Vectors on 4 devices
Init State Vectors on 4 devices
Init State Vectors on 4 devices
Init State Vectors on 4 devices
Init State Vectors on 4 devices
Init State Vectors on 4 devices
Init State Vectors on 4 devices
Init State Vectors on 4 devices
Init State Vectors on 4 devices
Init State Vectors on 4 devices
Init State Vectors on 4 devices
[NCCL Rank 0] Shuffle Time: 275.77ms
[NCCL Rank 1] Shuffle Time: 276.28ms
[NCCL Rank 32] Shuffle Time: 278.02ms
[NCCL Rank 56] Shuffle Time: 282.96ms
[NCCL Rank 57] Shuffle Time: 282.98ms
[NCCL Rank 58] Shuffle Time: 282.98ms
[NCCL Rank 8] Shuffle Time: 279.55ms
[NCCL Rank 9] Shuffle Time: 279.57ms
[NCCL Rank 59] Shuffle Time: 282.99ms
[NCCL Rank 10] Shuffle Time: 279.78ms
[NCCL Rank 11] Shuffle Time: 279.79ms
[NCCL Rank 16] Shuffle Time: 279.50ms
[NCCL Rank 24] Shuffle Time: 283.79ms
[NCCL Rank 48] Shuffle Time: 279.69ms
[NCCL Rank 49] Shuffle Time: 279.71ms
[NCCL Rank 50] Shuffle Time: 279.72ms
[NCCL Rank 51] Shuffle Time: 279.72ms
[NCCL Rank 33] Shuffle Time: 279.15ms
[NCCL Rank 34] Shuffle Time: 279.16ms
[NCCL Rank 35] Shuffle Time: 279.17ms
[NCCL Rank 2] Shuffle Time: 279.39ms
[NCCL Rank 3] Shuffle Time: 279.40ms
[NCCL Rank 17] Shuffle Time: 279.63ms
[NCCL Rank 25] Shuffle Time: 284.01ms
[NCCL Rank 26] Shuffle Time: 284.02ms
[NCCL Rank 27] Shuffle Time: 284.02ms
[NCCL Rank 40] Shuffle Time: 277.91ms
[NCCL Rank 41] Shuffle Time: 277.93ms
[NCCL Rank 42] Shuffle Time: 277.94ms
[NCCL Rank 43] Shuffle Time: 277.95ms
[NCCL Rank 18] Shuffle Time: 279.80ms
[NCCL Rank 19] Shuffle Time: 279.81ms
[NCCL Rank 20] Shuffle Time: 286.46ms
[NCCL Rank 60] Shuffle Time: 287.35ms
[NCCL Rank 61] Shuffle Time: 287.37ms
[NCCL Rank 62] Shuffle Time: 287.55ms
[NCCL Rank 63] Shuffle Time: 287.56ms
[NCCL Rank 21] Shuffle Time: 287.52ms
[NCCL Rank 22] Shuffle Time: 287.53ms
[NCCL Rank 23] Shuffle Time: 287.55ms
[NCCL Rank 44] Shuffle Time: 277.05ms
[NCCL Rank 45] Shuffle Time: 277.06ms
[NCCL Rank 46] Shuffle Time: 277.07ms
[NCCL Rank 47] Shuffle Time: 277.08ms
[NCCL Rank 12] Shuffle Time: 295.49ms
[NCCL Rank 28] Shuffle Time: 296.94ms
[NCCL Rank 36] Shuffle Time: 297.44ms
[NCCL Rank 37] Shuffle Time: 297.54ms
[NCCL Rank 4] Shuffle Time: 297.09ms
[NCCL Rank 5] Shuffle Time: 297.11ms
[NCCL Rank 6] Shuffle Time: 297.12ms
[NCCL Rank 13] Shuffle Time: 295.86ms
[NCCL Rank 14] Shuffle Time: 295.86ms
[NCCL Rank 15] Shuffle Time: 295.87ms
[NCCL Rank 29] Shuffle Time: 297.33ms
[NCCL Rank 30] Shuffle Time: 297.34ms
[NCCL Rank 31] Shuffle Time: 297.35ms
[NCCL Rank 38] Shuffle Time: 297.58ms
[NCCL Rank 7] Shuffle Time: 297.19ms
[NCCL Rank 52] Shuffle Time: 274.21ms
[NCCL Rank 53] Shuffle Time: 274.24ms
[NCCL Rank 54] Shuffle Time: 274.25ms
[NCCL Rank 55] Shuffle Time: 274.26ms
[NCCL Rank 39] Shuffle Time: 297.67ms
[NCCL Rank 0] Shuffle Time: 275.99ms
[NCCL Rank 1] Shuffle Time: 272.34ms
[NCCL Rank 32] Shuffle Time: 279.79ms
[NCCL Rank 8] Shuffle Time: 282.36ms
[NCCL Rank 2] Shuffle Time: 270.80ms
[NCCL Rank 3] Shuffle Time: 270.27ms
[NCCL Rank 56] Shuffle Time: 282.77ms
[NCCL Rank 57] Shuffle Time: 278.59ms
[NCCL Rank 58] Shuffle Time: 274.74ms
[NCCL Rank 9] Shuffle Time: 278.68ms
[NCCL Rank 10] Shuffle Time: 274.78ms
[NCCL Rank 11] Shuffle Time: 274.24ms
[NCCL Rank 16] Shuffle Time: 284.14ms
[NCCL Rank 17] Shuffle Time: 280.01ms
[NCCL Rank 18] Shuffle Time: 276.20ms
[NCCL Rank 24] Shuffle Time: 281.22ms
[NCCL Rank 25] Shuffle Time: 277.07ms
[NCCL Rank 26] Shuffle Time: 273.20ms
[NCCL Rank 40] Shuffle Time: 281.31ms
[NCCL Rank 41] Shuffle Time: 277.17ms
[NCCL Rank 42] Shuffle Time: 273.52ms
[NCCL Rank 48] Shuffle Time: 281.62ms
[NCCL Rank 49] Shuffle Time: 277.48ms
[NCCL Rank 33] Shuffle Time: 278.54ms
[NCCL Rank 34] Shuffle Time: 274.72ms
[NCCL Rank 35] Shuffle Time: 274.09ms
[NCCL Rank 59] Shuffle Time: 274.13ms
[NCCL Rank 19] Shuffle Time: 275.63ms
[NCCL Rank 27] Shuffle Time: 272.78ms
[NCCL Rank 43] Shuffle Time: 273.07ms
[NCCL Rank 50] Shuffle Time: 273.72ms
[NCCL Rank 51] Shuffle Time: 273.20ms
[NCCL Rank 20] Shuffle Time: 289.03ms
[NCCL Rank 60] Shuffle Time: 289.61ms
[NCCL Rank 61] Shuffle Time: 285.60ms
[NCCL Rank 21] Shuffle Time: 286.55ms
[NCCL Rank 22] Shuffle Time: 282.71ms
[NCCL Rank 23] Shuffle Time: 282.18ms
[NCCL Rank 44] Shuffle Time: 289.73ms
[NCCL Rank 45] Shuffle Time: 285.61ms
[NCCL Rank 46] Shuffle Time: 281.78ms
[NCCL Rank 62] Shuffle Time: 281.75ms
[NCCL Rank 47] Shuffle Time: 281.26ms
[NCCL Rank 63] Shuffle Time: 281.20ms
[NCCL Rank 52] Shuffle Time: 278.81ms
[NCCL Rank 53] Shuffle Time: 278.50ms
[NCCL Rank 28] Shuffle Time: 290.73ms
[NCCL Rank 12] Shuffle Time: 291.19ms
[NCCL Rank 13] Shuffle Time: 287.01ms
[NCCL Rank 14] Shuffle Time: 283.29ms
[NCCL Rank 15] Shuffle Time: 282.76ms
[NCCL Rank 29] Shuffle Time: 286.86ms
[NCCL Rank 30] Shuffle Time: 282.98ms
[NCCL Rank 31] Shuffle Time: 282.43ms
Finish Simulating! Total: 11 FUSE Kernel, 5 SHM Kernel, 2 Shuffles.
[NCCL Rank 36] Shuffle Time: 291.54ms
[NCCL Rank 37] Shuffle Time: 287.39ms
[NCCL Rank 38] Shuffle Time: 283.57ms
[NCCL Rank 39] Shuffle Time: 283.01ms
[NCCL Rank 4] Shuffle Time: 292.33ms
[NCCL Rank 5] Shuffle Time: 288.14ms
[NCCL Rank 6] Shuffle Time: 284.28ms
[NCCL Rank 7] Shuffle Time: 283.70ms
Finish Simulating! Total: 11 FUSE Kernel, 5 SHM Kernel, 2 Shuffles.
Finish Simulating! Total: 11 FUSE Kernel, 5 SHM Kernel, 2 Shuffles.
[NCCL Rank 54] Shuffle Time: 277.86ms
[NCCL Rank 55] Shuffle Time: 277.39ms
Finish Simulating! Total: 11 FUSE Kernel, 5 SHM Kernel, 2 Shuffles.
Finish Simulating! Total: 11 FUSE Kernel, 5 SHM Kernel, 2 Shuffles.
Finish Simulating! Total: 11 FUSE Kernel, 5 SHM Kernel, 2 Shuffles.
Finish Simulating! Total: 11 FUSE Kernel, 5 SHM Kernel, 2 Shuffles.
Finish Simulating! Total: 11 FUSE Kernel, 5 SHM Kernel, 2 Shuffles.
Finish Simulating! Total: 11 FUSE Kernel, 5 SHM Kernel, 2 Shuffles.
Finish Simulating! Total: 11 FUSE Kernel, 5 SHM Kernel, 2 Shuffles.
Finish Simulating! Total: 11 FUSE Kernel, 5 SHM Kernel, 2 Shuffles.
Finish Simulating! Total: 11 FUSE Kernel, 5 SHM Kernel, 2 Shuffles.
Finish Simulating! Total: 11 FUSE Kernel, 5 SHM Kernel, 2 Shuffles.
Finish Simulating! Total: 11 FUSE Kernel, 5 SHM Kernel, 2 Shuffles.
Finish Simulating! Total: 11 FUSE Kernel, 5 SHM Kernel, 2 Shuffles.
Finish Simulating! Total: 11 FUSE Kernel, 5 SHM Kernel, 2 Shuffles.
[NCCL Rank 56] Total Simulation Time: 820.26ms
[NCCL Rank 24] Total Simulation Time: 820.49ms
[NCCL Rank 40] Total Simulation Time: 814.38ms
[NCCL Rank 57] Total Simulation Time: 820.38ms
[NCCL Rank 25] Total Simulation Time: 820.67ms
[NCCL Rank 41] Total Simulation Time: 814.59ms
[NCCL Rank 48] Total Simulation Time: 817.05ms
[NCCL Rank 32] Total Simulation Time: 816.89ms
[NCCL Rank 58] Total Simulation Time: 820.44ms
[NCCL Rank 26] Total Simulation Time: 820.75ms
[NCCL Rank 42] Total Simulation Time: 814.66ms
[NCCL Rank 49] Total Simulation Time: 817.28ms
[NCCL Rank 50] Total Simulation Time: 817.29ms
[NCCL Rank 51] Total Simulation Time: 817.31ms
[NCCL Rank 33] Total Simulation Time: 816.94ms
[NCCL Rank 59] Total Simulation Time: 820.64ms
[NCCL Rank 16] Total Simulation Time: 818.06ms
[NCCL Rank 27] Total Simulation Time: 820.77ms
[NCCL Rank 43] Total Simulation Time: 814.74ms
[NCCL Rank 34] Total Simulation Time: 817.05ms
[NCCL Rank 35] Total Simulation Time: 817.06ms
[NCCL Rank 17] Total Simulation Time: 818.13ms
[NCCL Rank 8] Total Simulation Time: 820.23ms
[NCCL Rank 18] Total Simulation Time: 818.28ms
[NCCL Rank 19] Total Simulation Time: 818.29ms
[NCCL Rank 0] Total Simulation Time: 820.33ms
[NCCL Rank 1] Total Simulation Time: 820.37ms
[NCCL Rank 9] Total Simulation Time: 820.30ms
[NCCL Rank 2] Total Simulation Time: 820.50ms
[NCCL Rank 10] Total Simulation Time: 820.52ms
[NCCL Rank 11] Total Simulation Time: 820.53ms
[NCCL Rank 3] Total Simulation Time: 820.51ms
[MPI Rank 0]: Shuffle 0 cost 277.71ms on average.
[MPI Rank 0]: Shuffle 1 cost 272.35ms on average.
[NCCL Rank 44] Total Simulation Time: 823.65ms
[NCCL Rank 45] Total Simulation Time: 823.82ms
[NCCL Rank 46] Total Simulation Time: 823.87ms
[NCCL Rank 20] Total Simulation Time: 829.92ms
[NCCL Rank 47] Total Simulation Time: 823.99ms
[NCCL Rank 21] Total Simulation Time: 830.05ms
[NCCL Rank 22] Total Simulation Time: 830.17ms
[NCCL Rank 23] Total Simulation Time: 830.19ms
[NCCL Rank 60] Total Simulation Time: 833.22ms
[NCCL Rank 61] Total Simulation Time: 833.23ms
[NCCL Rank 62] Total Simulation Time: 833.36ms
[NCCL Rank 63] Total Simulation Time: 833.39ms
[NCCL Rank 12] Total Simulation Time: 839.25ms
[NCCL Rank 28] Total Simulation Time: 840.99ms
[NCCL Rank 4] Total Simulation Time: 842.29ms
[NCCL Rank 13] Total Simulation Time: 839.40ms
[NCCL Rank 29] Total Simulation Time: 841.13ms
[NCCL Rank 36] Total Simulation Time: 842.20ms
[NCCL Rank 5] Total Simulation Time: 842.42ms
[NCCL Rank 14] Total Simulation Time: 839.51ms
[NCCL Rank 15] Total Simulation Time: 839.53ms
[NCCL Rank 30] Total Simulation Time: 841.20ms
[NCCL Rank 37] Total Simulation Time: 842.26ms
[NCCL Rank 6] Total Simulation Time: 842.63ms
[NCCL Rank 31] Total Simulation Time: 841.24ms
[NCCL Rank 38] Total Simulation Time: 842.40ms
[NCCL Rank 39] Total Simulation Time: 842.41ms
[NCCL Rank 7] Total Simulation Time: 842.72ms
[NCCL Rank 52] Total Simulation Time: 831.01ms
[NCCL Rank 53] Total Simulation Time: 831.18ms
[NCCL Rank 54] Total Simulation Time: 831.28ms
[NCCL Rank 55] Total Simulation Time: 831.30ms
[MPI Rank 8]: Destroyed everything!
Time Cost: 997230 us
Destroyed the simulator
[MPI Rank 15]: Destroyed everything!
Time Cost: 1010228 us
Destroyed the simulator
[MPI Rank 10]: Destroyed everything!
Time Cost: 1010684 us
Destroyed the simulator
[MPI Rank 14]: Destroyed everything!
Time Cost: 1023012 us
Destroyed the simulator
[MPI Rank 0]: Destroyed everything!
Time Cost: 1021969 us
Destroyed the simulator
[MPI Rank 4]: Destroyed everything!
Time Cost: 1019267 us
Destroyed the simulator
[MPI Rank 12]: Destroyed everything!
Time Cost: 1021016 us
Destroyed the simulator
[MPI Rank 5]: Destroyed everything!
Time Cost: 1022460 us
Destroyed the simulator
[MPI Rank 11]: Destroyed everything!
Time Cost: 1022155 us
Destroyed the simulator
[MPI Rank 6]: Destroyed everything!
Time Cost: 1031455 us
Destroyed the simulator
[MPI Rank 1]: Destroyed everything!
Time Cost: 1035872 us
Destroyed the simulator
[MPI Rank 7]: Destroyed everything!
Time Cost: 1040736 us
Destroyed the simulator
[MPI Rank 13]: Destroyed everything!
Time Cost: 1030972 us
Destroyed the simulator
[MPI Rank 9]: Destroyed everything!
Time Cost: 1044110 us
Destroyed the simulator
[MPI Rank 2]: Destroyed everything!
Time Cost: 1046546 us
Destroyed the simulator
[MPI Rank 3]: Destroyed everything!
Time Cost: 1046417 us
Destroyed the simulator
