Num ranks: 2, myrank: 0
Num ranks: 2, myrank: 1
Use cached schedule
Use cached schedule
Compilation Done! 
Num Shuffles: 1
Num FUSION Kernel: 9
Num SHM Kernel: 3
Start Simulating...
Compilation Done! 
Num Shuffles: 1
Num FUSION Kernel: 9
Num SHM Kernel: 3
Start Simulating...
[warmup] size total:536870912
[warmup] size total:536870912
Init State Vectors on 4 devices
Init State Vectors on 4 devices
[NCCL Rank 4] Shuffle Time: 122.55ms
[NCCL Rank 5] Shuffle Time: 122.57ms
[NCCL Rank 6] Shuffle Time: 122.58ms
[NCCL Rank 7] Shuffle Time: 122.59ms
[NCCL Rank 0] Shuffle Time: 122.66ms
[NCCL Rank 1] Shuffle Time: 122.68ms
[NCCL Rank 2] Shuffle Time: 122.71ms
[NCCL Rank 3] Shuffle Time: 122.72ms
Finish Simulating! Total: 9 FUSE Kernel, 3 SHM Kernel, 1 Shuffles.
Finish Simulating! Total: 9 FUSE Kernel, 3 SHM Kernel, 1 Shuffles.
[NCCL Rank 4] Total Simulation Time: 298.19ms
[NCCL Rank 0] Total Simulation Time: 297.54ms
[NCCL Rank 5] Total Simulation Time: 302.31ms
[NCCL Rank 1] Total Simulation Time: 301.65ms
[NCCL Rank 6] Total Simulation Time: 306.01ms
[NCCL Rank 7] Total Simulation Time: 306.56ms
[NCCL Rank 2] Total Simulation Time: 305.44ms
[NCCL Rank 3] Total Simulation Time: 306.13ms
[MPI Rank 0]: Shuffle 0 cost 122.69ms on average.
[MPI Rank 0]: Destroyed everything!
Time Cost: 418550 us
Destroyed the simulator
[MPI Rank 1]: Destroyed everything!
Time Cost: 457098 us
Destroyed the simulator
