Num ranks: 1, myrank: 0
Computed and cached schedule in 0.856 seconds.
Current Layout0: [0, 1, 2, 3, 4, 5, 6, 7, 8, 9, 10, 11, 12, 13, 14, 15, 16, 17, 18, 19, 20, 21, 22, 23, 24, 25, 26, 27, Start fusing gates...
Reset qubit group map
(0, 0) (1, 1) (2, 2) (3, 3) (4, 4) current Layout: [0,1,2,3,4,5,6,7,8,9,10,11,12,13,14,15,16,17,18,19,20,21,22,23,24,25,26,27,]
Fusing Kernel (9 gates): qubits [0, 1, 2, 3, 4], gates fusion, qubits [0, 1, 2, 3, 4], gates CircuitSeq {
  Q0 = x(Q0)
  Q1 = h(Q1)
  [Q0, Q1] = cp(Q0, Q1, P0)
  Q2 = h(Q2)
  [Q0, Q2] = cp(Q0, Q2, P1)
  Q3 = h(Q3)
  [Q0, Q3] = cp(Q0, Q3, P2)
  Q4 = h(Q4)
  [Q0, Q4] = cp(Q0, Q4, P3)
}

Gate 0: [0, ]
Fusing gate 1(0) for rank 0
t 0
Matrix Multiplication (5, 1), mask 1
Gate 1: [1, ]
Fusing gate 0(0) for rank 0
t 1
Matrix Multiplication (5, 1), mask 2
Gate 2: [0, 1, ]
Fusing gate 26(1) for rank 0
c,t 0,1
Matrix Multiplication (5, 2), mask 3
Gate 3: [2, ]
Fusing gate 0(0) for rank 0
t 2
Matrix Multiplication (5, 1), mask 4
Gate 4: [0, 2, ]
Fusing gate 26(1) for rank 0
c,t 0,2
Matrix Multiplication (5, 2), mask 5
Gate 5: [3, ]
Fusing gate 0(0) for rank 0
t 3
Matrix Multiplication (5, 1), mask 8
Gate 6: [0, 3, ]
Fusing gate 26(1) for rank 0
c,t 0,3
Matrix Multiplication (5, 2), mask 9
Gate 7: [4, ]
Fusing gate 0(0) for rank 0
t 4
Matrix Multiplication (5, 1), mask 16
Gate 8: [0, 4, ]
Fusing gate 26(1) for rank 0
c,t 0,4
Matrix Multiplication (5, 2), mask 17
SHM Kernel Physical (12): [ 5,6,7,8,9,10]
shared_memory, qubits [5, 6, 7, 8, 9, 10], gates CircuitSeq {
  Q5 = h(Q5)
  [Q0, Q5] = cp(Q0, Q5, P4)
  Q6 = h(Q6)
  [Q0, Q6] = cp(Q0, Q6, P5)
  Q7 = h(Q7)
  [Q0, Q7] = cp(Q0, Q7, P6)
  Q8 = h(Q8)
  [Q0, Q8] = cp(Q0, Q8, P7)
  Q9 = h(Q9)
  [Q0, Q9] = cp(Q0, Q9, P8)
  Q10 = h(Q10)
  [Q0, Q10] = cp(Q0, Q10, P9)
}

Start fusing gates...
Reset qubit group map
(0, 0) (11, 11) (12, 12) (13, 13) (14, 14) current Layout: [0,1,2,3,4,5,6,7,8,9,10,11,12,13,14,15,16,17,18,19,20,21,22,23,24,25,26,27,]
Fusing Kernel (8 gates): qubits [0, 11, 12, 13, 14], gates fusion, qubits [0, 11, 12, 13, 14], gates CircuitSeq {
  Q11 = h(Q11)
  [Q0, Q11] = cp(Q0, Q11, P10)
  Q12 = h(Q12)
  [Q0, Q12] = cp(Q0, Q12, P11)
  Q13 = h(Q13)
  [Q0, Q13] = cp(Q0, Q13, P12)
  Q14 = h(Q14)
  [Q0, Q14] = cp(Q0, Q14, P13)
}

Gate 0: [11, ]
Fusing gate 0(0) for rank 0
t 11
Matrix Multiplication (5, 1), mask 2
Gate 1: [0, 11, ]
Fusing gate 26(1) for rank 0
c,t 0,11
Matrix Multiplication (5, 2), mask 3
Gate 2: [12, ]
Fusing gate 0(0) for rank 0
t 12
Matrix Multiplication (5, 1), mask 4
Gate 3: [0, 12, ]
Fusing gate 26(1) for rank 0
c,t 0,12
Matrix Multiplication (5, 2), mask 5
Gate 4: [13, ]
Fusing gate 0(0) for rank 0
t 13
Matrix Multiplication (5, 1), mask 8
Gate 5: [0, 13, ]
Fusing gate 26(1) for rank 0
c,t 0,13
Matrix Multiplication (5, 2), mask 9
Gate 6: [14, ]
Fusing gate 0(0) for rank 0
t 14
Matrix Multiplication (5, 1), mask 16
Gate 7: [0, 14, ]
Fusing gate 26(1) for rank 0
c,t 0,14
Matrix Multiplication (5, 2), mask 17
Start fusing gates...
Reset qubit group map
(0, 0) (15, 15) (16, 16) (17, 17) (18, 18) current Layout: [0,1,2,3,4,5,6,7,8,9,10,11,12,13,14,15,16,17,18,19,20,21,22,23,24,25,26,27,]
Fusing Kernel (8 gates): qubits [0, 15, 16, 17, 18], gates fusion, qubits [0, 15, 16, 17, 18], gates CircuitSeq {
  Q15 = h(Q15)
  [Q0, Q15] = cp(Q0, Q15, P14)
  Q16 = h(Q16)
  [Q0, Q16] = cp(Q0, Q16, P15)
  Q17 = h(Q17)
  [Q0, Q17] = cp(Q0, Q17, P16)
  Q18 = h(Q18)
  [Q0, Q18] = cp(Q0, Q18, P17)
}

Gate 0: [15, ]
Fusing gate 0(0) for rank 0
t 15
Matrix Multiplication (5, 1), mask 2
Gate 1: [0, 15, ]
Fusing gate 26(1) for rank 0
c,t 0,15
Matrix Multiplication (5, 2), mask 3
Gate 2: [16, ]
Fusing gate 0(0) for rank 0
t 16
Matrix Multiplication (5, 1), mask 4
Gate 3: [0, 16, ]
Fusing gate 26(1) for rank 0
c,t 0,16
Matrix Multiplication (5, 2), mask 5
Gate 4: [17, ]
Fusing gate 0(0) for rank 0
t 17
Matrix Multiplication (5, 1), mask 8
Gate 5: [0, 17, ]
Fusing gate 26(1) for rank 0
c,t 0,17
Matrix Multiplication (5, 2), mask 9
Gate 6: [18, ]
Fusing gate 0(0) for rank 0
t 18
Matrix Multiplication (5, 1), mask 16
Gate 7: [0, 18, ]
Fusing gate 26(1) for rank 0
c,t 0,18
Matrix Multiplication (5, 2), mask 17
Start fusing gates...
Reset qubit group map
(0, 0) (19, 19) (20, 20) (21, 21) (22, 22) current Layout: [0,1,2,3,4,5,6,7,8,9,10,11,12,13,14,15,16,17,18,19,20,21,22,23,24,25,26,27,]
Fusing Kernel (8 gates): qubits [0, 19, 20, 21, 22], gates fusion, qubits [0, 19, 20, 21, 22], gates CircuitSeq {
  Q19 = h(Q19)
  [Q0, Q19] = cp(Q0, Q19, P18)
  Q20 = h(Q20)
  [Q0, Q20] = cp(Q0, Q20, P19)
  Q21 = h(Q21)
  [Q0, Q21] = cp(Q0, Q21, P20)
  Q22 = h(Q22)
  [Q0, Q22] = cp(Q0, Q22, P21)
}

Gate 0: [19, ]
Fusing gate 0(0) for rank 0
t 19
Matrix Multiplication (5, 1), mask 2
Gate 1: [0, 19, ]
Fusing gate 26(1) for rank 0
c,t 0,19
Matrix Multiplication (5, 2), mask 3
Gate 2: [20, ]
Fusing gate 0(0) for rank 0
t 20
Matrix Multiplication (5, 1), mask 4
Gate 3: [0, 20, ]
Fusing gate 26(1) for rank 0
c,t 0,20
Matrix Multiplication (5, 2), mask 5
Gate 4: [21, ]
Fusing gate 0(0) for rank 0
t 21
Matrix Multiplication (5, 1), mask 8
Gate 5: [0, 21, ]
Fusing gate 26(1) for rank 0
c,t 0,21
Matrix Multiplication (5, 2), mask 9
Gate 6: [22, ]
Fusing gate 0(0) for rank 0
t 22
Matrix Multiplication (5, 1), mask 16
Gate 7: [0, 22, ]
Fusing gate 26(1) for rank 0
c,t 0,22
Matrix Multiplication (5, 2), mask 17
Start fusing gates...
Reset qubit group map
(0, 0) (23, 23) (24, 24) (25, 25) (26, 26) current Layout: [0,1,2,3,4,5,6,7,8,9,10,11,12,13,14,15,16,17,18,19,20,21,22,23,24,25,26,27,]
Fusing Kernel (8 gates): qubits [0, 23, 24, 25, 26], gates fusion, qubits [0, 23, 24, 25, 26], gates CircuitSeq {
  Q23 = h(Q23)
  [Q0, Q23] = cp(Q0, Q23, P22)
  Q24 = h(Q24)
  [Q0, Q24] = cp(Q0, Q24, P23)
  Q25 = h(Q25)
  [Q0, Q25] = cp(Q0, Q25, P24)
  Q26 = h(Q26)
  [Q0, Q26] = cp(Q0, Q26, P25)
}

Gate 0: [23, ]
Fusing gate 0(0) for rank 0
t 23
Matrix Multiplication (5, 1), mask 2
Gate 1: [0, 23, ]
Fusing gate 26(1) for rank 0
c,t 0,23
Matrix Multiplication (5, 2), mask 3
Gate 2: [24, ]
Fusing gate 0(0) for rank 0
t 24
Matrix Multiplication (5, 1), mask 4
Gate 3: [0, 24, ]
Fusing gate 26(1) for rank 0
c,t 0,24
Matrix Multiplication (5, 2), mask 5
Gate 4: [25, ]
Fusing gate 0(0) for rank 0
t 25
Matrix Multiplication (5, 1), mask 8
Gate 5: [0, 25, ]
Fusing gate 26(1) for rank 0
c,t 0,25
Matrix Multiplication (5, 2), mask 9
Gate 6: [26, ]
Fusing gate 0(0) for rank 0
t 26
Matrix Multiplication (5, 1), mask 16
Gate 7: [0, 26, ]
Fusing gate 26(1) for rank 0
c,t 0,26
Matrix Multiplication (5, 2), mask 17
Start fusing gates...
Reset qubit group map
(23, 23) (24, 24) (25, 25) (26, 26) (27, 27) current Layout: [0,1,2,3,4,5,6,7,8,9,10,11,12,13,14,15,16,17,18,19,20,21,22,23,24,25,26,27,]
Fusing Kernel (15 gates): qubits [23, 24, 25, 26, 27], gates fusion, qubits [23, 24, 25, 26, 27], gates CircuitSeq {
  Q27 = h(Q27)
  Q27 = h(Q27)
  [Q26, Q27] = cp[0](Q26, Q27, P24)
  [Q25, Q27] = cp[0](Q25, Q27, P26)
  Q26 = h(Q26)
  [Q25, Q26] = cp[0](Q25, Q26, P24)
  [Q24, Q27] = cp[0](Q24, Q27, P27)
  [Q24, Q26] = cp[0](Q24, Q26, P26)
  Q25 = h(Q25)
  [Q24, Q25] = cp[0](Q24, Q25, P24)
  [Q23, Q27] = cp[0](Q23, Q27, P28)
  [Q23, Q26] = cp[0](Q23, Q26, P27)
  [Q23, Q25] = cp[0](Q23, Q25, P26)
  Q24 = h(Q24)
  [Q23, Q24] = cp[0](Q23, Q24, P24)
}

Gate 0: [27, ]
Fusing gate 0(0) for rank 0
t 27
Matrix Multiplication (5, 1), mask 16
Gate 1: [27, ]
Fusing gate 0(0) for rank 0
t 27
Matrix Multiplication (5, 1), mask 16
Gate 2: [26, 27, ]
Fusing gate 26(1) for rank 0
c,t 26,27
Matrix Multiplication (5, 2), mask 24
Gate 3: [25, 27, ]
Fusing gate 26(1) for rank 0
c,t 25,27
Matrix Multiplication (5, 2), mask 20
Gate 4: [26, ]
Fusing gate 0(0) for rank 0
t 26
Matrix Multiplication (5, 1), mask 8
Gate 5: [25, 26, ]
Fusing gate 26(1) for rank 0
c,t 25,26
Matrix Multiplication (5, 2), mask 12
Gate 6: [24, 27, ]
Fusing gate 26(1) for rank 0
c,t 24,27
Matrix Multiplication (5, 2), mask 18
Gate 7: [24, 26, ]
Fusing gate 26(1) for rank 0
c,t 24,26
Matrix Multiplication (5, 2), mask 10
Gate 8: [25, ]
Fusing gate 0(0) for rank 0
t 25
Matrix Multiplication (5, 1), mask 4
Gate 9: [24, 25, ]
Fusing gate 26(1) for rank 0
c,t 24,25
Matrix Multiplication (5, 2), mask 6
Gate 10: [23, 27, ]
Fusing gate 26(1) for rank 0
c,t 23,27
Matrix Multiplication (5, 2), mask 17
Gate 11: [23, 26, ]
Fusing gate 26(1) for rank 0
c,t 23,26
Matrix Multiplication (5, 2), mask 9
Gate 12: [23, 25, ]
Fusing gate 26(1) for rank 0
c,t 23,25
Matrix Multiplication (5, 2), mask 5
Gate 13: [24, ]
Fusing gate 0(0) for rank 0
t 24
Matrix Multiplication (5, 1), mask 2
Gate 14: [23, 24, ]
Fusing gate 26(1) for rank 0
c,t 23,24
Matrix Multiplication (5, 2), mask 3
SHM Kernel Physical (228): [ 17,18,19,20,21,22,23]
shared_memory, qubits [17, 18, 19, 20, 21, 22, 23], gates CircuitSeq {
  [Q22, Q27] = cp[0](Q22, Q27, P29)
  [Q22, Q26] = cp[0](Q22, Q26, P28)
  [Q22, Q25] = cp[0](Q22, Q25, P27)
  [Q22, Q24] = cp[0](Q22, Q24, P26)
  Q23 = h(Q23)
  [Q22, Q23] = cp[0](Q22, Q23, P24)
  [Q21, Q27] = cp[0](Q21, Q27, P30)
  [Q21, Q26] = cp[0](Q21, Q26, P29)
  [Q21, Q25] = cp[0](Q21, Q25, P28)
  [Q21, Q24] = cp[0](Q21, Q24, P27)
  [Q21, Q23] = cp[0](Q21, Q23, P26)
  Q22 = h(Q22)
  [Q21, Q22] = cp[0](Q21, Q22, P24)
  [Q20, Q27] = cp[0](Q20, Q27, P31)
  [Q20, Q26] = cp[0](Q20, Q26, P30)
  [Q20, Q25] = cp[0](Q20, Q25, P29)
  [Q20, Q24] = cp[0](Q20, Q24, P28)
  [Q20, Q23] = cp[0](Q20, Q23, P27)
  [Q20, Q22] = cp[0](Q20, Q22, P26)
  Q21 = h(Q21)
  [Q20, Q21] = cp[0](Q20, Q21, P24)
  [Q19, Q27] = cp[0](Q19, Q27, P32)
  [Q19, Q26] = cp[0](Q19, Q26, P31)
  [Q19, Q25] = cp[0](Q19, Q25, P30)
  [Q19, Q24] = cp[0](Q19, Q24, P29)
  [Q19, Q23] = cp[0](Q19, Q23, P28)
  [Q19, Q22] = cp[0](Q19, Q22, P27)
  [Q19, Q21] = cp[0](Q19, Q21, P26)
  Q20 = h(Q20)
  [Q19, Q20] = cp[0](Q19, Q20, P24)
  [Q18, Q27] = cp[0](Q18, Q27, P33)
  [Q17, Q27] = cp[0](Q17, Q27, P34)
  [Q16, Q27] = cp[0](Q16, Q27, P35)
  [Q15, Q27] = cp[0](Q15, Q27, P36)
  [Q14, Q27] = cp[0](Q14, Q27, P37)
  [Q13, Q27] = cp[0](Q13, Q27, P38)
  [Q12, Q27] = cp[0](Q12, Q27, P39)
  [Q11, Q27] = cp[0](Q11, Q27, P40)
  [Q10, Q27] = cp[0](Q10, Q27, P41)
  [Q9, Q27] = cp[0](Q9, Q27, P42)
  [Q8, Q27] = cp[0](Q8, Q27, P43)
  [Q7, Q27] = cp[0](Q7, Q27, P44)
  [Q6, Q27] = cp[0](Q6, Q27, P45)
  [Q5, Q27] = cp[0](Q5, Q27, P46)
  [Q4, Q27] = cp[0](Q4, Q27, P47)
  [Q3, Q27] = cp[0](Q3, Q27, P48)
  [Q2, Q27] = cp[0](Q2, Q27, P49)
  [Q1, Q27] = cp[0](Q1, Q27, P50)
  [Q18, Q26] = cp[0](Q18, Q26, P32)
  [Q17, Q26] = cp[0](Q17, Q26, P33)
  [Q16, Q26] = cp[0](Q16, Q26, P34)
  [Q15, Q26] = cp[0](Q15, Q26, P35)
  [Q14, Q26] = cp[0](Q14, Q26, P36)
  [Q13, Q26] = cp[0](Q13, Q26, P37)
  [Q12, Q26] = cp[0](Q12, Q26, P38)
  [Q11, Q26] = cp[0](Q11, Q26, P39)
  [Q10, Q26] = cp[0](Q10, Q26, P40)
  [Q9, Q26] = cp[0](Q9, Q26, P41)
  [Q8, Q26] = cp[0](Q8, Q26, P42)
  [Q7, Q26] = cp[0](Q7, Q26, P43)
  [Q6, Q26] = cp[0](Q6, Q26, P44)
  [Q5, Q26] = cp[0](Q5, Q26, P45)
  [Q4, Q26] = cp[0](Q4, Q26, P46)
  [Q3, Q26] = cp[0](Q3, Q26, P47)
  [Q2, Q26] = cp[0](Q2, Q26, P48)
  [Q1, Q26] = cp[0](Q1, Q26, P49)
  [Q18, Q25] = cp[0](Q18, Q25, P31)
  [Q17, Q25] = cp[0](Q17, Q25, P32)
  [Q16, Q25] = cp[0](Q16, Q25, P33)
  [Q15, Q25] = cp[0](Q15, Q25, P34)
  [Q14, Q25] = cp[0](Q14, Q25, P35)
  [Q13, Q25] = cp[0](Q13, Q25, P36)
  [Q12, Q25] = cp[0](Q12, Q25, P37)
  [Q11, Q25] = cp[0](Q11, Q25, P38)
  [Q10, Q25] = cp[0](Q10, Q25, P39)
  [Q9, Q25] = cp[0](Q9, Q25, P40)
  [Q8, Q25] = cp[0](Q8, Q25, P41)
  [Q7, Q25] = cp[0](Q7, Q25, P42)
  [Q6, Q25] = cp[0](Q6, Q25, P43)
  [Q5, Q25] = cp[0](Q5, Q25, P44)
  [Q4, Q25] = cp[0](Q4, Q25, P45)
  [Q3, Q25] = cp[0](Q3, Q25, P46)
  [Q2, Q25] = cp[0](Q2, Q25, P47)
  [Q1, Q25] = cp[0](Q1, Q25, P48)
  [Q18, Q24] = cp[0](Q18, Q24, P30)
  [Q17, Q24] = cp[0](Q17, Q24, P31)
  [Q16, Q24] = cp[0](Q16, Q24, P32)
  [Q15, Q24] = cp[0](Q15, Q24, P33)
  [Q14, Q24] = cp[0](Q14, Q24, P34)
  [Q13, Q24] = cp[0](Q13, Q24, P35)
  [Q12, Q24] = cp[0](Q12, Q24, P36)
  [Q11, Q24] = cp[0](Q11, Q24, P37)
  [Q10, Q24] = cp[0](Q10, Q24, P38)
  [Q9, Q24] = cp[0](Q9, Q24, P39)
  [Q8, Q24] = cp[0](Q8, Q24, P40)
  [Q7, Q24] = cp[0](Q7, Q24, P41)
  [Q6, Q24] = cp[0](Q6, Q24, P42)
  [Q5, Q24] = cp[0](Q5, Q24, P43)
  [Q4, Q24] = cp[0](Q4, Q24, P44)
  [Q3, Q24] = cp[0](Q3, Q24, P45)
  [Q2, Q24] = cp[0](Q2, Q24, P46)
  [Q1, Q24] = cp[0](Q1, Q24, P47)
  [Q18, Q23] = cp[0](Q18, Q23, P29)
  [Q17, Q23] = cp[0](Q17, Q23, P30)
  [Q16, Q23] = cp[0](Q16, Q23, P31)
  [Q15, Q23] = cp[0](Q15, Q23, P32)
  [Q14, Q23] = cp[0](Q14, Q23, P33)
  [Q13, Q23] = cp[0](Q13, Q23, P34)
  [Q12, Q23] = cp[0](Q12, Q23, P35)
  [Q11, Q23] = cp[0](Q11, Q23, P36)
  [Q10, Q23] = cp[0](Q10, Q23, P37)
  [Q9, Q23] = cp[0](Q9, Q23, P38)
  [Q8, Q23] = cp[0](Q8, Q23, P39)
  [Q7, Q23] = cp[0](Q7, Q23, P40)
  [Q6, Q23] = cp[0](Q6, Q23, P41)
  [Q5, Q23] = cp[0](Q5, Q23, P42)
  [Q4, Q23] = cp[0](Q4, Q23, P43)
  [Q3, Q23] = cp[0](Q3, Q23, P44)
  [Q2, Q23] = cp[0](Q2, Q23, P45)
  [Q1, Q23] = cp[0](Q1, Q23, P46)
  [Q18, Q22] = cp[0](Q18, Q22, P28)
  [Q17, Q22] = cp[0](Q17, Q22, P29)
  [Q16, Q22] = cp[0](Q16, Q22, P30)
  [Q15, Q22] = cp[0](Q15, Q22, P31)
  [Q14, Q22] = cp[0](Q14, Q22, P32)
  [Q13, Q22] = cp[0](Q13, Q22, P33)
  [Q12, Q22] = cp[0](Q12, Q22, P34)
  [Q11, Q22] = cp[0](Q11, Q22, P35)
  [Q10, Q22] = cp[0](Q10, Q22, P36)
  [Q9, Q22] = cp[0](Q9, Q22, P37)
  [Q8, Q22] = cp[0](Q8, Q22, P38)
  [Q7, Q22] = cp[0](Q7, Q22, P39)
  [Q6, Q22] = cp[0](Q6, Q22, P40)
  [Q5, Q22] = cp[0](Q5, Q22, P41)
  [Q4, Q22] = cp[0](Q4, Q22, P42)
  [Q3, Q22] = cp[0](Q3, Q22, P43)
  [Q2, Q22] = cp[0](Q2, Q22, P44)
  [Q1, Q22] = cp[0](Q1, Q22, P45)
  [Q18, Q21] = cp[0](Q18, Q21, P27)
  [Q17, Q21] = cp[0](Q17, Q21, P28)
  [Q16, Q21] = cp[0](Q16, Q21, P29)
  [Q15, Q21] = cp[0](Q15, Q21, P30)
  [Q14, Q21] = cp[0](Q14, Q21, P31)
  [Q13, Q21] = cp[0](Q13, Q21, P32)
  [Q12, Q21] = cp[0](Q12, Q21, P33)
  [Q11, Q21] = cp[0](Q11, Q21, P34)
  [Q10, Q21] = cp[0](Q10, Q21, P35)
  [Q9, Q21] = cp[0](Q9, Q21, P36)
  [Q8, Q21] = cp[0](Q8, Q21, P37)
  [Q7, Q21] = cp[0](Q7, Q21, P38)
  [Q6, Q21] = cp[0](Q6, Q21, P39)
  [Q5, Q21] = cp[0](Q5, Q21, P40)
  [Q4, Q21] = cp[0](Q4, Q21, P41)
  [Q3, Q21] = cp[0](Q3, Q21, P42)
  [Q2, Q21] = cp[0](Q2, Q21, P43)
  [Q1, Q21] = cp[0](Q1, Q21, P44)
  [Q18, Q20] = cp[0](Q18, Q20, P26)
  [Q17, Q20] = cp[0](Q17, Q20, P27)
  [Q16, Q20] = cp[0](Q16, Q20, P28)
  [Q15, Q20] = cp[0](Q15, Q20, P29)
  [Q14, Q20] = cp[0](Q14, Q20, P30)
  [Q13, Q20] = cp[0](Q13, Q20, P31)
  [Q12, Q20] = cp[0](Q12, Q20, P32)
  [Q11, Q20] = cp[0](Q11, Q20, P33)
  [Q10, Q20] = cp[0](Q10, Q20, P34)
  [Q9, Q20] = cp[0](Q9, Q20, P35)
  [Q8, Q20] = cp[0](Q8, Q20, P36)
  [Q7, Q20] = cp[0](Q7, Q20, P37)
  [Q6, Q20] = cp[0](Q6, Q20, P38)
  [Q5, Q20] = cp[0](Q5, Q20, P39)
  [Q4, Q20] = cp[0](Q4, Q20, P40)
  [Q3, Q20] = cp[0](Q3, Q20, P41)
  [Q2, Q20] = cp[0](Q2, Q20, P42)
  [Q1, Q20] = cp[0](Q1, Q20, P43)
  Q19 = h(Q19)
  [Q18, Q19] = cp[0](Q18, Q19, P24)
  [Q17, Q19] = cp[0](Q17, Q19, P26)
  [Q16, Q19] = cp[0](Q16, Q19, P27)
  [Q15, Q19] = cp[0](Q15, Q19, P28)
  [Q14, Q19] = cp[0](Q14, Q19, P29)
  [Q13, Q19] = cp[0](Q13, Q19, P30)
  [Q12, Q19] = cp[0](Q12, Q19, P31)
  [Q11, Q19] = cp[0](Q11, Q19, P32)
  [Q10, Q19] = cp[0](Q10, Q19, P33)
  [Q9, Q19] = cp[0](Q9, Q19, P34)
  [Q8, Q19] = cp[0](Q8, Q19, P35)
  [Q7, Q19] = cp[0](Q7, Q19, P36)
  [Q6, Q19] = cp[0](Q6, Q19, P37)
  [Q5, Q19] = cp[0](Q5, Q19, P38)
  [Q4, Q19] = cp[0](Q4, Q19, P39)
  [Q3, Q19] = cp[0](Q3, Q19, P40)
  [Q2, Q19] = cp[0](Q2, Q19, P41)
  [Q1, Q19] = cp[0](Q1, Q19, P42)
  Q18 = h(Q18)
  [Q17, Q18] = cp[0](Q17, Q18, P24)
  [Q16, Q18] = cp[0](Q16, Q18, P26)
  Q17 = h(Q17)
  [Q16, Q17] = cp[0](Q16, Q17, P24)
  [Q15, Q18] = cp[0](Q15, Q18, P27)
  [Q15, Q17] = cp[0](Q15, Q17, P26)
  [Q14, Q18] = cp[0](Q14, Q18, P28)
  [Q14, Q17] = cp[0](Q14, Q17, P27)
  [Q13, Q18] = cp[0](Q13, Q18, P29)
  [Q13, Q17] = cp[0](Q13, Q17, P28)
  [Q12, Q18] = cp[0](Q12, Q18, P30)
  [Q12, Q17] = cp[0](Q12, Q17, P29)
  [Q11, Q18] = cp[0](Q11, Q18, P31)
  [Q11, Q17] = cp[0](Q11, Q17, P30)
  [Q10, Q18] = cp[0](Q10, Q18, P32)
  [Q10, Q17] = cp[0](Q10, Q17, P31)
  [Q9, Q18] = cp[0](Q9, Q18, P33)
  [Q9, Q17] = cp[0](Q9, Q17, P32)
  [Q8, Q18] = cp[0](Q8, Q18, P34)
  [Q8, Q17] = cp[0](Q8, Q17, P33)
  [Q7, Q18] = cp[0](Q7, Q18, P35)
  [Q7, Q17] = cp[0](Q7, Q17, P34)
  [Q6, Q18] = cp[0](Q6, Q18, P36)
  [Q6, Q17] = cp[0](Q6, Q17, P35)
  [Q5, Q18] = cp[0](Q5, Q18, P37)
  [Q5, Q17] = cp[0](Q5, Q17, P36)
  [Q4, Q18] = cp[0](Q4, Q18, P38)
  [Q4, Q17] = cp[0](Q4, Q17, P37)
  [Q3, Q18] = cp[0](Q3, Q18, P39)
  [Q3, Q17] = cp[0](Q3, Q17, P38)
  [Q2, Q18] = cp[0](Q2, Q18, P40)
  [Q2, Q17] = cp[0](Q2, Q17, P39)
  [Q1, Q18] = cp[0](Q1, Q18, P41)
  [Q1, Q17] = cp[0](Q1, Q17, P40)
}

we have general control gates
we have general control gates
we have general control gates
we have general control gates
we have general control gates
we have general control gates
we have general control gates
we have general control gates
we have general control gates
we have general control gates
we have general control gates
we have general control gates
we have general control gates
we have general control gates
we have general control gates
we have general control gates
we have general control gates
we have general control gates
we have general control gates
we have general control gates
we have general control gates
we have general control gates
we have general control gates
we have general control gates
we have general control gates
we have general control gates
we have general control gates
we have general control gates
we have general control gates
we have general control gates
we have general control gates
we have general control gates
we have general control gates
we have general control gates
we have general control gates
we have general control gates
we have general control gates
we have general control gates
we have general control gates
we have general control gates
we have general control gates
we have general control gates
we have general control gates
we have general control gates
we have general control gates
we have general control gates
we have general control gates
we have general control gates
we have general control gates
we have general control gates
we have general control gates
we have general control gates
we have general control gates
we have general control gates
we have general control gates
we have general control gates
we have general control gates
we have general control gates
we have general control gates
we have general control gates
we have general control gates
we have general control gates
we have general control gates
we have general control gates
we have general control gates
we have general control gates
we have general control gates
we have general control gates
we have general control gates
we have general control gates
we have general control gates
we have general control gates
we have general control gates
we have general control gates
we have general control gates
we have general control gates
we have general control gates
we have general control gates
we have general control gates
we have general control gates
we have general control gates
we have general control gates
we have general control gates
we have general control gates
we have general control gates
we have general control gates
we have general control gates
we have general control gates
we have general control gates
we have general control gates
we have general control gates
we have general control gates
we have general control gates
we have general control gates
we have general control gates
we have general control gates
we have general control gates
we have general control gates
we have general control gates
we have general control gates
we have general control gates
we have general control gates
we have general control gates
we have general control gates
we have general control gates
we have general control gates
we have general control gates
we have general control gates
we have general control gates
we have general control gates
we have general control gates
we have general control gates
we have general control gates
we have general control gates
we have general control gates
we have general control gates
we have general control gates
we have general control gates
we have general control gates
we have general control gates
we have general control gates
we have general control gates
we have general control gates
we have general control gates
we have general control gates
we have general control gates
we have general control gates
we have general control gates
we have general control gates
we have general control gates
we have general control gates
we have general control gates
we have general control gates
we have general control gates
we have general control gates
we have general control gates
we have general control gates
we have general control gates
we have general control gates
we have general control gates
we have general control gates
we have general control gates
we have general control gates
we have general control gates
we have general control gates
we have general control gates
we have general control gates
we have general control gates
we have general control gates
we have general control gates
we have general control gates
we have general control gates
we have general control gates
we have general control gates
we have general control gates
we have general control gates
we have general control gates
we have general control gates
we have general control gates
we have general control gates
we have general control gates
we have general control gates
we have general control gates
we have general control gates
we have general control gates
we have general control gates
we have general control gates
we have general control gates
we have general control gates
we have general control gates
we have general control gates
we have general control gates
we have general control gates
we have general control gates
we have general control gates
we have general control gates
we have general control gates
we have general control gates
we have general control gates
we have general control gates
we have general control gates
we have general control gates
we have general control gates
we have general control gates
we have general control gates
we have general control gates
we have general control gates
we have general control gates
we have general control gates
we have general control gates
we have general control gates
we have general control gates
we have general control gates
we have general control gates
we have general control gates
we have general control gates
we have general control gates
we have general control gates
we have general control gates
we have general control gates
we have general control gates
we have general control gates
we have general control gates
we have general control gates
we have general control gates
we have general control gates
we have general control gates
we have general control gates
we have general control gates
we have general control gates
we have general control gates
we have general control gates
we have general control gates
we have general control gates
we have general control gates
we have general control gates
we have general control gates
we have general control gates
we have general control gates
we have general control gates
we have general control gates
Start fusing gates...
Reset qubit group map
(12, 12) (13, 13) (14, 14) (15, 15) (16, 16) current Layout: [0,1,2,3,4,5,6,7,8,9,10,11,12,13,14,15,16,17,18,19,20,21,22,23,24,25,26,27,]
Fusing Kernel (14 gates): qubits [12, 13, 14, 15, 16], gates fusion, qubits [12, 13, 14, 15, 16], gates CircuitSeq {
  Q16 = h(Q16)
  [Q15, Q16] = cp[0](Q15, Q16, P24)
  [Q14, Q16] = cp[0](Q14, Q16, P26)
  Q15 = h(Q15)
  [Q14, Q15] = cp[0](Q14, Q15, P24)
  [Q13, Q16] = cp[0](Q13, Q16, P27)
  [Q13, Q15] = cp[0](Q13, Q15, P26)
  Q14 = h(Q14)
  [Q13, Q14] = cp[0](Q13, Q14, P24)
  [Q12, Q16] = cp[0](Q12, Q16, P28)
  [Q12, Q15] = cp[0](Q12, Q15, P27)
  [Q12, Q14] = cp[0](Q12, Q14, P26)
  Q13 = h(Q13)
  [Q12, Q13] = cp[0](Q12, Q13, P24)
}

Gate 0: [16, ]
Fusing gate 0(0) for rank 0
t 16
Matrix Multiplication (5, 1), mask 16
Gate 1: [15, 16, ]
Fusing gate 26(1) for rank 0
c,t 15,16
Matrix Multiplication (5, 2), mask 24
Gate 2: [14, 16, ]
Fusing gate 26(1) for rank 0
c,t 14,16
Matrix Multiplication (5, 2), mask 20
Gate 3: [15, ]
Fusing gate 0(0) for rank 0
t 15
Matrix Multiplication (5, 1), mask 8
Gate 4: [14, 15, ]
Fusing gate 26(1) for rank 0
c,t 14,15
Matrix Multiplication (5, 2), mask 12
Gate 5: [13, 16, ]
Fusing gate 26(1) for rank 0
c,t 13,16
Matrix Multiplication (5, 2), mask 18
Gate 6: [13, 15, ]
Fusing gate 26(1) for rank 0
c,t 13,15
Matrix Multiplication (5, 2), mask 10
Gate 7: [14, ]
Fusing gate 0(0) for rank 0
t 14
Matrix Multiplication (5, 1), mask 4
Gate 8: [13, 14, ]
Fusing gate 26(1) for rank 0
c,t 13,14
Matrix Multiplication (5, 2), mask 6
Gate 9: [12, 16, ]
Fusing gate 26(1) for rank 0
c,t 12,16
Matrix Multiplication (5, 2), mask 17
Gate 10: [12, 15, ]
Fusing gate 26(1) for rank 0
c,t 12,15
Matrix Multiplication (5, 2), mask 9
Gate 11: [12, 14, ]
Fusing gate 26(1) for rank 0
c,t 12,14
Matrix Multiplication (5, 2), mask 5
Gate 12: [13, ]
Fusing gate 0(0) for rank 0
t 13
Matrix Multiplication (5, 1), mask 2
Gate 13: [12, 13, ]
Fusing gate 26(1) for rank 0
c,t 12,13
Matrix Multiplication (5, 2), mask 3
SHM Kernel Physical (107): [ 6,7,8,9,10,11,12]
shared_memory, qubits [6, 7, 8, 9, 10, 11, 12], gates CircuitSeq {
  [Q11, Q16] = cp[0](Q11, Q16, P29)
  [Q11, Q15] = cp[0](Q11, Q15, P28)
  [Q11, Q14] = cp[0](Q11, Q14, P27)
  [Q11, Q13] = cp[0](Q11, Q13, P26)
  Q12 = h(Q12)
  [Q11, Q12] = cp[0](Q11, Q12, P24)
  [Q10, Q16] = cp[0](Q10, Q16, P30)
  [Q10, Q15] = cp[0](Q10, Q15, P29)
  [Q10, Q14] = cp[0](Q10, Q14, P28)
  [Q10, Q13] = cp[0](Q10, Q13, P27)
  [Q10, Q12] = cp[0](Q10, Q12, P26)
  Q11 = h(Q11)
  [Q10, Q11] = cp[0](Q10, Q11, P24)
  [Q9, Q16] = cp[0](Q9, Q16, P31)
  [Q9, Q15] = cp[0](Q9, Q15, P30)
  [Q9, Q14] = cp[0](Q9, Q14, P29)
  [Q9, Q13] = cp[0](Q9, Q13, P28)
  [Q9, Q12] = cp[0](Q9, Q12, P27)
  [Q9, Q11] = cp[0](Q9, Q11, P26)
  Q10 = h(Q10)
  [Q9, Q10] = cp[0](Q9, Q10, P24)
  [Q8, Q16] = cp[0](Q8, Q16, P32)
  [Q8, Q15] = cp[0](Q8, Q15, P31)
  [Q8, Q14] = cp[0](Q8, Q14, P30)
  [Q8, Q13] = cp[0](Q8, Q13, P29)
  [Q8, Q12] = cp[0](Q8, Q12, P28)
  [Q8, Q11] = cp[0](Q8, Q11, P27)
  [Q8, Q10] = cp[0](Q8, Q10, P26)
  Q9 = h(Q9)
  [Q8, Q9] = cp[0](Q8, Q9, P24)
  [Q7, Q16] = cp[0](Q7, Q16, P33)
  [Q7, Q15] = cp[0](Q7, Q15, P32)
  [Q7, Q14] = cp[0](Q7, Q14, P31)
  [Q7, Q13] = cp[0](Q7, Q13, P30)
  [Q7, Q12] = cp[0](Q7, Q12, P29)
  [Q7, Q11] = cp[0](Q7, Q11, P28)
  [Q7, Q10] = cp[0](Q7, Q10, P27)
  [Q7, Q9] = cp[0](Q7, Q9, P26)
  Q8 = h(Q8)
  [Q7, Q8] = cp[0](Q7, Q8, P24)
  [Q6, Q16] = cp[0](Q6, Q16, P34)
  [Q6, Q15] = cp[0](Q6, Q15, P33)
  [Q6, Q14] = cp[0](Q6, Q14, P32)
  [Q6, Q13] = cp[0](Q6, Q13, P31)
  [Q6, Q12] = cp[0](Q6, Q12, P30)
  [Q6, Q11] = cp[0](Q6, Q11, P29)
  [Q6, Q10] = cp[0](Q6, Q10, P28)
  [Q6, Q9] = cp[0](Q6, Q9, P27)
  [Q6, Q8] = cp[0](Q6, Q8, P26)
  Q7 = h(Q7)
  [Q6, Q7] = cp[0](Q6, Q7, P24)
  [Q5, Q16] = cp[0](Q5, Q16, P35)
  [Q5, Q15] = cp[0](Q5, Q15, P34)
  [Q5, Q14] = cp[0](Q5, Q14, P33)
  [Q5, Q13] = cp[0](Q5, Q13, P32)
  [Q5, Q12] = cp[0](Q5, Q12, P31)
  [Q5, Q11] = cp[0](Q5, Q11, P30)
  [Q5, Q10] = cp[0](Q5, Q10, P29)
  [Q5, Q9] = cp[0](Q5, Q9, P28)
  [Q5, Q8] = cp[0](Q5, Q8, P27)
  [Q5, Q7] = cp[0](Q5, Q7, P26)
  Q6 = h(Q6)
  [Q5, Q6] = cp[0](Q5, Q6, P24)
  [Q4, Q16] = cp[0](Q4, Q16, P36)
  [Q4, Q15] = cp[0](Q4, Q15, P35)
  [Q4, Q14] = cp[0](Q4, Q14, P34)
  [Q4, Q13] = cp[0](Q4, Q13, P33)
  [Q4, Q12] = cp[0](Q4, Q12, P32)
  [Q4, Q11] = cp[0](Q4, Q11, P31)
  [Q4, Q10] = cp[0](Q4, Q10, P30)
  [Q4, Q9] = cp[0](Q4, Q9, P29)
  [Q4, Q8] = cp[0](Q4, Q8, P28)
  [Q4, Q7] = cp[0](Q4, Q7, P27)
  [Q4, Q6] = cp[0](Q4, Q6, P26)
  [Q3, Q16] = cp[0](Q3, Q16, P37)
  [Q3, Q15] = cp[0](Q3, Q15, P36)
  [Q3, Q14] = cp[0](Q3, Q14, P35)
  [Q3, Q13] = cp[0](Q3, Q13, P34)
  [Q3, Q12] = cp[0](Q3, Q12, P33)
  [Q3, Q11] = cp[0](Q3, Q11, P32)
  [Q3, Q10] = cp[0](Q3, Q10, P31)
  [Q3, Q9] = cp[0](Q3, Q9, P30)
  [Q3, Q8] = cp[0](Q3, Q8, P29)
  [Q3, Q7] = cp[0](Q3, Q7, P28)
  [Q3, Q6] = cp[0](Q3, Q6, P27)
  [Q2, Q16] = cp[0](Q2, Q16, P38)
  [Q2, Q15] = cp[0](Q2, Q15, P37)
  [Q2, Q14] = cp[0](Q2, Q14, P36)
  [Q2, Q13] = cp[0](Q2, Q13, P35)
  [Q2, Q12] = cp[0](Q2, Q12, P34)
  [Q2, Q11] = cp[0](Q2, Q11, P33)
  [Q2, Q10] = cp[0](Q2, Q10, P32)
  [Q2, Q9] = cp[0](Q2, Q9, P31)
  [Q2, Q8] = cp[0](Q2, Q8, P30)
  [Q2, Q7] = cp[0](Q2, Q7, P29)
  [Q2, Q6] = cp[0](Q2, Q6, P28)
  [Q1, Q16] = cp[0](Q1, Q16, P39)
  [Q1, Q15] = cp[0](Q1, Q15, P38)
  [Q1, Q14] = cp[0](Q1, Q14, P37)
  [Q1, Q13] = cp[0](Q1, Q13, P36)
  [Q1, Q12] = cp[0](Q1, Q12, P35)
  [Q1, Q11] = cp[0](Q1, Q11, P34)
  [Q1, Q10] = cp[0](Q1, Q10, P33)
  [Q1, Q9] = cp[0](Q1, Q9, P32)
  [Q1, Q8] = cp[0](Q1, Q8, P31)
  [Q1, Q7] = cp[0](Q1, Q7, P30)
  [Q1, Q6] = cp[0](Q1, Q6, P29)
}

we have general control gates
we have general control gates
we have general control gates
we have general control gates
we have general control gates
we have general control gates
we have general control gates
we have general control gates
we have general control gates
we have general control gates
we have general control gates
we have general control gates
we have general control gates
we have general control gates
we have general control gates
we have general control gates
we have general control gates
we have general control gates
we have general control gates
we have general control gates
we have general control gates
we have general control gates
we have general control gates
we have general control gates
we have general control gates
we have general control gates
we have general control gates
we have general control gates
we have general control gates
we have general control gates
we have general control gates
we have general control gates
we have general control gates
we have general control gates
we have general control gates
we have general control gates
we have general control gates
we have general control gates
we have general control gates
we have general control gates
we have general control gates
we have general control gates
we have general control gates
we have general control gates
we have general control gates
we have general control gates
we have general control gates
we have general control gates
we have general control gates
we have general control gates
we have general control gates
we have general control gates
we have general control gates
we have general control gates
we have general control gates
we have general control gates
we have general control gates
we have general control gates
we have general control gates
we have general control gates
we have general control gates
we have general control gates
we have general control gates
we have general control gates
we have general control gates
we have general control gates
we have general control gates
we have general control gates
we have general control gates
we have general control gates
we have general control gates
we have general control gates
we have general control gates
we have general control gates
we have general control gates
we have general control gates
we have general control gates
we have general control gates
we have general control gates
we have general control gates
we have general control gates
we have general control gates
we have general control gates
we have general control gates
we have general control gates
we have general control gates
we have general control gates
we have general control gates
we have general control gates
we have general control gates
we have general control gates
we have general control gates
we have general control gates
we have general control gates
we have general control gates
we have general control gates
we have general control gates
we have general control gates
we have general control gates
we have general control gates
Start fusing gates...
Reset qubit group map
(1, 1) (2, 2) (3, 3) (4, 4) (5, 5) current Layout: [0,1,2,3,4,5,6,7,8,9,10,11,12,13,14,15,16,17,18,19,20,21,22,23,24,25,26,27,]
Fusing Kernel (15 gates): qubits [1, 2, 3, 4, 5], gates fusion, qubits [1, 2, 3, 4, 5], gates CircuitSeq {
  Q5 = h(Q5)
  [Q4, Q5] = cp[0](Q4, Q5, P24)
  [Q3, Q5] = cp[0](Q3, Q5, P26)
  Q4 = h(Q4)
  [Q3, Q4] = cp[0](Q3, Q4, P24)
  [Q2, Q5] = cp[0](Q2, Q5, P27)
  [Q2, Q4] = cp[0](Q2, Q4, P26)
  Q3 = h(Q3)
  [Q2, Q3] = cp[0](Q2, Q3, P24)
  [Q1, Q5] = cp[0](Q1, Q5, P28)
  [Q1, Q4] = cp[0](Q1, Q4, P27)
  [Q1, Q3] = cp[0](Q1, Q3, P26)
  Q2 = h(Q2)
  [Q1, Q2] = cp[0](Q1, Q2, P24)
  Q1 = h(Q1)
}

Gate 0: [5, ]
Fusing gate 0(0) for rank 0
t 5
Matrix Multiplication (5, 1), mask 16
Gate 1: [4, 5, ]
Fusing gate 26(1) for rank 0
c,t 4,5
Matrix Multiplication (5, 2), mask 24
Gate 2: [3, 5, ]
Fusing gate 26(1) for rank 0
c,t 3,5
Matrix Multiplication (5, 2), mask 20
Gate 3: [4, ]
Fusing gate 0(0) for rank 0
t 4
Matrix Multiplication (5, 1), mask 8
Gate 4: [3, 4, ]
Fusing gate 26(1) for rank 0
c,t 3,4
Matrix Multiplication (5, 2), mask 12
Gate 5: [2, 5, ]
Fusing gate 26(1) for rank 0
c,t 2,5
Matrix Multiplication (5, 2), mask 18
Gate 6: [2, 4, ]
Fusing gate 26(1) for rank 0
c,t 2,4
Matrix Multiplication (5, 2), mask 10
Gate 7: [3, ]
Fusing gate 0(0) for rank 0
t 3
Matrix Multiplication (5, 1), mask 4
Gate 8: [2, 3, ]
Fusing gate 26(1) for rank 0
c,t 2,3
Matrix Multiplication (5, 2), mask 6
Gate 9: [1, 5, ]
Fusing gate 26(1) for rank 0
c,t 1,5
Matrix Multiplication (5, 2), mask 17
Gate 10: [1, 4, ]
Fusing gate 26(1) for rank 0
c,t 1,4
Matrix Multiplication (5, 2), mask 9
Gate 11: [1, 3, ]
Fusing gate 26(1) for rank 0
c,t 1,3
Matrix Multiplication (5, 2), mask 5
Gate 12: [2, ]
Fusing gate 0(0) for rank 0
t 2
Matrix Multiplication (5, 1), mask 2
Gate 13: [1, 2, ]
Fusing gate 26(1) for rank 0
c,t 1,2
Matrix Multiplication (5, 2), mask 3
Gate 14: [1, ]
Fusing gate 0(0) for rank 0
t 1
Matrix Multiplication (5, 1), mask 1
Compilation Done! 
Num Shuffles: 0
Num FUSION Kernel: 8
Num SHM Kernel: 3
Start Simulating...
[warmup] size total:4294967296
NCCL comm nRanks: 1, i am 0
I am 0, mask 0, I am sending to 0
hello checking all2all
Init State Vectors!
Finish Simulating! Total: 8 FUSE Kernel, 3 SHM Kernel, 0 Shuffles.
[NCCL Rank 0] Total Simulation Time: 148.87ms
[MPI Rank 0]: Destroyed everthing!
Time Cost: 166521 us
Destroyed the simulator
