Num ranks: 8, myrank: 3
Num ranks: 8, myrank: 0
Num ranks: 8, myrank: 2
Num ranks: 8, myrank: 6
Num ranks: 8, myrank: 5
Num ranks: 8, myrank: 1
Num ranks: 8, myrank: 7
Num ranks: 8, myrank: 4
Use cached schedule
Use cached schedule
Use cached schedule
Use cached schedule
Use cached schedule
Use cached schedule
Compilation Done! 
Num Shuffles: 2
Num FUSION Kernel: 16
Num SHM Kernel: 0
Start Simulating...
Compilation Done! 
Num Shuffles: 2
Num FUSION Kernel: 16
Num SHM Kernel: 0
Start Simulating...
Compilation Done! 
Num Shuffles: 2
Num FUSION Kernel: 16
Num SHM Kernel: 0
Start Simulating...
Compilation Done! 
Num Shuffles: 2
Num FUSION Kernel: 16
Num SHM Kernel: 0
Start Simulating...
Compilation Done! 
Num Shuffles: 2
Num FUSION Kernel: 16
Num SHM Kernel: 0
Start Simulating...
Compilation Done! 
Num Shuffles: 2
Num FUSION Kernel: 16
Num SHM Kernel: 0
Start Simulating...
Use cached schedule
Use cached schedule
Compilation Done! 
Num Shuffles: 2
Num FUSION Kernel: 16
Num SHM Kernel: 0
Start Simulating...
Compilation Done! 
Num Shuffles: 2
Num FUSION Kernel: 16
Num SHM Kernel: 0
Start Simulating...
[warmup] size total:134217728
[warmup] size total:134217728
[warmup] size total:134217728
[warmup] size total:134217728
[warmup] size total:134217728
[warmup] size total:134217728
[warmup] size total:134217728
[warmup] size total:134217728
Init State Vectors on 4 devices
Init State Vectors on 4 devices
Init State Vectors on 4 devices
Init State Vectors on 4 devices
Init State Vectors on 4 devices
Init State Vectors on 4 devices
Init State Vectors on 4 devices
Init State Vectors on 4 devices
[NCCL Rank 28] Shuffle Time: 275.71ms
[NCCL Rank 4] Shuffle Time: 275.26ms
[NCCL Rank 5] Shuffle Time: 275.30ms
[NCCL Rank 6] Shuffle Time: 275.31ms
[NCCL Rank 0] Shuffle Time: 278.96ms
[NCCL Rank 1] Shuffle Time: 278.98ms
[NCCL Rank 2] Shuffle Time: 278.99ms
[NCCL Rank 3] Shuffle Time: 279.00ms
[NCCL Rank 8] Shuffle Time: 277.11ms
[NCCL Rank 9] Shuffle Time: 277.47ms
[NCCL Rank 10] Shuffle Time: 277.48ms
[NCCL Rank 24] Shuffle Time: 268.32ms
[NCCL Rank 25] Shuffle Time: 268.33ms
[NCCL Rank 29] Shuffle Time: 276.55ms
[NCCL Rank 30] Shuffle Time: 276.57ms
[NCCL Rank 11] Shuffle Time: 277.64ms
[NCCL Rank 26] Shuffle Time: 268.58ms
[NCCL Rank 12] Shuffle Time: 278.57ms
[NCCL Rank 13] Shuffle Time: 278.58ms
[NCCL Rank 14] Shuffle Time: 278.59ms
[NCCL Rank 15] Shuffle Time: 278.60ms
[NCCL Rank 20] Shuffle Time: 278.31ms
[NCCL Rank 21] Shuffle Time: 278.33ms
[NCCL Rank 22] Shuffle Time: 278.34ms
[NCCL Rank 7] Shuffle Time: 276.57ms
[NCCL Rank 31] Shuffle Time: 278.23ms
[NCCL Rank 16] Shuffle Time: 277.82ms
[NCCL Rank 27] Shuffle Time: 268.74ms
[NCCL Rank 23] Shuffle Time: 278.35ms
[NCCL Rank 17] Shuffle Time: 277.89ms
[NCCL Rank 18] Shuffle Time: 277.91ms
[NCCL Rank 19] Shuffle Time: 277.91ms
[NCCL Rank 0] Shuffle Time: 271.77ms
[NCCL Rank 1] Shuffle Time: 271.78ms
[NCCL Rank 2] Shuffle Time: 271.84ms
[NCCL Rank 3] Shuffle Time: 271.85ms
[NCCL Rank 12] Shuffle Time: 275.46ms
[NCCL Rank 13] Shuffle Time: 275.63ms
[NCCL Rank 14] Shuffle Time: 275.59ms
[NCCL Rank 24] Shuffle Time: 273.50ms
[NCCL Rank 25] Shuffle Time: 273.51ms
[NCCL Rank 26] Shuffle Time: 273.55ms
[NCCL Rank 27] Shuffle Time: 273.56ms
[NCCL Rank 15] Shuffle Time: 276.24ms
[NCCL Rank 28] Shuffle Time: 276.77ms
[NCCL Rank 8] Shuffle Time: 280.13ms
[NCCL Rank 9] Shuffle Time: 280.60ms
[NCCL Rank 10] Shuffle Time: 280.61ms
[NCCL Rank 4] Shuffle Time: 278.13ms
[NCCL Rank 5] Shuffle Time: 278.12ms
[NCCL Rank 6] Shuffle Time: 278.10ms
[NCCL Rank 7] Shuffle Time: 278.15ms
[NCCL Rank 11] Shuffle Time: 280.61ms
[NCCL Rank 20] Shuffle Time: 280.07ms
[NCCL Rank 29] Shuffle Time: 279.46ms
[NCCL Rank 30] Shuffle Time: 279.50ms
[NCCL Rank 16] Shuffle Time: 279.40ms
[NCCL Rank 21] Shuffle Time: 281.34ms
[NCCL Rank 22] Shuffle Time: 281.30ms
[NCCL Rank 23] Shuffle Time: 281.53ms
[NCCL Rank 31] Shuffle Time: 280.91ms
[NCCL Rank 17] Shuffle Time: 280.50ms
[NCCL Rank 18] Shuffle Time: 280.48ms
[NCCL Rank 19] Shuffle Time: 280.51ms
Finish Simulating! Total: 16 FUSE Kernel, 0 SHM Kernel, 2 Shuffles.
Finish Simulating! Total: 16 FUSE Kernel, 0 SHM Kernel, 2 Shuffles.
Finish Simulating! Total: 16 FUSE Kernel, 0 SHM Kernel, 2 Shuffles.
Finish Simulating! Total: 16 FUSE Kernel, 0 SHM Kernel, 2 Shuffles.
Finish Simulating! Total: 16 FUSE Kernel, 0 SHM Kernel, 2 Shuffles.
Finish Simulating! Total: 16 FUSE Kernel, 0 SHM Kernel, 2 Shuffles.
Finish Simulating! Total: 16 FUSE Kernel, 0 SHM Kernel, 2 Shuffles.
Finish Simulating! Total: 16 FUSE Kernel, 0 SHM Kernel, 2 Shuffles.
[NCCL Rank 24] Total Simulation Time: 712.29ms
[NCCL Rank 25] Total Simulation Time: 712.31ms
[NCCL Rank 26] Total Simulation Time: 712.32ms
[NCCL Rank 27] Total Simulation Time: 712.33ms
[NCCL Rank 12] Total Simulation Time: 722.88ms
[NCCL Rank 13] Total Simulation Time: 722.91ms
[NCCL Rank 14] Total Simulation Time: 722.92ms
[NCCL Rank 15] Total Simulation Time: 722.93ms
[NCCL Rank 4] Total Simulation Time: 725.10ms
[NCCL Rank 5] Total Simulation Time: 725.11ms
[NCCL Rank 6] Total Simulation Time: 725.14ms
[NCCL Rank 7] Total Simulation Time: 725.15ms
[NCCL Rank 8] Total Simulation Time: 727.22ms
[NCCL Rank 9] Total Simulation Time: 727.24ms
[NCCL Rank 10] Total Simulation Time: 727.25ms
[NCCL Rank 11] Total Simulation Time: 727.26ms
[NCCL Rank 20] Total Simulation Time: 727.23ms
[NCCL Rank 21] Total Simulation Time: 727.25ms
[NCCL Rank 22] Total Simulation Time: 727.26ms
[NCCL Rank 23] Total Simulation Time: 727.27ms
[NCCL Rank 16] Total Simulation Time: 726.93ms
[NCCL Rank 17] Total Simulation Time: 726.95ms
[NCCL Rank 18] Total Simulation Time: 726.96ms
[NCCL Rank 19] Total Simulation Time: 726.97ms
[NCCL Rank 0] Total Simulation Time: 731.23ms
[NCCL Rank 28] Total Simulation Time: 728.08ms
[NCCL Rank 29] Total Simulation Time: 728.10ms
[NCCL Rank 30] Total Simulation Time: 728.11ms
[NCCL Rank 31] Total Simulation Time: 728.12ms
[NCCL Rank 1] Total Simulation Time: 731.25ms
[NCCL Rank 2] Total Simulation Time: 731.26ms
[NCCL Rank 3] Total Simulation Time: 731.28ms
[MPI Rank 0]: Shuffle 0 cost 278.98ms on average.
[MPI Rank 0]: Shuffle 1 cost 271.81ms on average.
[MPI Rank 7]: Destroyed everything!
Time Cost: 855999 us
Destroyed the simulator
[MPI Rank 0]: Destroyed everything!
Time Cost: 862910 us
Destroyed the simulator
[MPI Rank 1]: Destroyed everything!
Time Cost: 871559 us
Destroyed the simulator
[MPI Rank 2]: Destroyed everything!
Time Cost: 873552 us
Destroyed the simulator
[MPI Rank 4]: Destroyed everything!
Time Cost: 873681 us
Destroyed the simulator
[MPI Rank 5]: Destroyed everything!
Time Cost: 876134 us
Destroyed the simulator
[MPI Rank 3]: Destroyed everything!
Time Cost: 912973 us
Destroyed the simulator
[MPI Rank 6]: Destroyed everything!
Time Cost: 909517 us
Destroyed the simulator
