Num ranks: 1, myrank: 0
Computed and cached schedule in 0.267 seconds.
Current Layout0: [0, 1, 2, 3, 4, 5, 6, 7, 8, 9, 10, 11, 12, 13, 14, 15, 16, 17, 18, 19, 20, 21, 22, 23, 24, 25, 26, 27, Start fusing gates...
Reset qubit group map
(0, 0) (1, 1) (2, 2) (3, 3) current Layout: [0,1,2,3,4,5,6,7,8,9,10,11,12,13,14,15,16,17,18,19,20,21,22,23,24,25,26,27,]
Fusing Kernel (17 gates): qubits [0, 1, 2, 3], gates fusion, qubits [0, 1, 2, 3], gates CircuitSeq {
  Q1 = h(Q1)
  Q1 = p(Q1, P1)
  Q0 = h(Q0)
  Q0 = p(Q0, P0)
  [Q0, Q1] = cx(Q0, Q1)
  Q1 = rz(Q1, P28)
  [Q0, Q1] = cx(Q0, Q1)
  Q2 = h(Q2)
  Q2 = p(Q2, P2)
  [Q1, Q2] = cx[0](Q1, Q2)
  Q2 = rz(Q2, P29)
  [Q1, Q2] = cx[0](Q1, Q2)
  Q3 = h(Q3)
  Q3 = p(Q3, P3)
  [Q2, Q3] = cx[0](Q2, Q3)
  Q3 = rz(Q3, P30)
  [Q2, Q3] = cx[0](Q2, Q3)
}

Gate 0: [1, ]
Fusing gate 0(0) for rank 0
t 1
Matrix Multiplication (4, 1), mask 2
Gate 1: [1, ]
Fusing gate 17(0) for rank 0
t 1
Matrix Multiplication (4, 1), mask 2
Gate 2: [0, ]
Fusing gate 0(0) for rank 0
t 0
Matrix Multiplication (4, 1), mask 1
Gate 3: [0, ]
Fusing gate 17(0) for rank 0
t 0
Matrix Multiplication (4, 1), mask 1
Gate 4: [0, 1, ]
Fusing gate 6(1) for rank 0
c,t 0,1
Matrix Multiplication (4, 2), mask 3
Gate 5: [1, ]
Fusing gate 5(0) for rank 0
t 1
Matrix Multiplication (4, 1), mask 2
Gate 6: [0, 1, ]
Fusing gate 6(1) for rank 0
c,t 0,1
Matrix Multiplication (4, 2), mask 3
Gate 7: [2, ]
Fusing gate 0(0) for rank 0
t 2
Matrix Multiplication (4, 1), mask 4
Gate 8: [2, ]
Fusing gate 17(0) for rank 0
t 2
Matrix Multiplication (4, 1), mask 4
Gate 9: [1, 2, ]
Fusing gate 6(1) for rank 0
c,t 1,2
Matrix Multiplication (4, 2), mask 6
Gate 10: [2, ]
Fusing gate 5(0) for rank 0
t 2
Matrix Multiplication (4, 1), mask 4
Gate 11: [1, 2, ]
Fusing gate 6(1) for rank 0
c,t 1,2
Matrix Multiplication (4, 2), mask 6
Gate 12: [3, ]
Fusing gate 0(0) for rank 0
t 3
Matrix Multiplication (4, 1), mask 8
Gate 13: [3, ]
Fusing gate 17(0) for rank 0
t 3
Matrix Multiplication (4, 1), mask 8
Gate 14: [2, 3, ]
Fusing gate 6(1) for rank 0
c,t 2,3
Matrix Multiplication (4, 2), mask 12
Gate 15: [3, ]
Fusing gate 5(0) for rank 0
t 3
Matrix Multiplication (4, 1), mask 8
Gate 16: [2, 3, ]
Fusing gate 6(1) for rank 0
c,t 2,3
Matrix Multiplication (4, 2), mask 12
Start fusing gates...
Reset qubit group map
(3, 3) (4, 4) (5, 5) (6, 6) (7, 7) current Layout: [0,1,2,3,4,5,6,7,8,9,10,11,12,13,14,15,16,17,18,19,20,21,22,23,24,25,26,27,]
Fusing Kernel (20 gates): qubits [3, 4, 5, 6, 7], gates fusion, qubits [3, 4, 5, 6, 7], gates CircuitSeq {
  Q4 = h(Q4)
  Q4 = p(Q4, P4)
  [Q3, Q4] = cx[0](Q3, Q4)
  Q4 = rz(Q4, P31)
  [Q3, Q4] = cx[0](Q3, Q4)
  Q5 = h(Q5)
  Q5 = p(Q5, P5)
  [Q4, Q5] = cx[0](Q4, Q5)
  Q5 = rz(Q5, P32)
  [Q4, Q5] = cx[0](Q4, Q5)
  Q6 = h(Q6)
  Q6 = p(Q6, P6)
  [Q5, Q6] = cx[0](Q5, Q6)
  Q6 = rz(Q6, P33)
  [Q5, Q6] = cx[0](Q5, Q6)
  Q7 = h(Q7)
  Q7 = p(Q7, P7)
  [Q6, Q7] = cx[0](Q6, Q7)
  Q7 = rz(Q7, P34)
  [Q6, Q7] = cx[0](Q6, Q7)
}

Gate 0: [4, ]
Fusing gate 0(0) for rank 0
t 4
Matrix Multiplication (5, 1), mask 2
Gate 1: [4, ]
Fusing gate 17(0) for rank 0
t 4
Matrix Multiplication (5, 1), mask 2
Gate 2: [3, 4, ]
Fusing gate 6(1) for rank 0
c,t 3,4
Matrix Multiplication (5, 2), mask 3
Gate 3: [4, ]
Fusing gate 5(0) for rank 0
t 4
Matrix Multiplication (5, 1), mask 2
Gate 4: [3, 4, ]
Fusing gate 6(1) for rank 0
c,t 3,4
Matrix Multiplication (5, 2), mask 3
Gate 5: [5, ]
Fusing gate 0(0) for rank 0
t 5
Matrix Multiplication (5, 1), mask 4
Gate 6: [5, ]
Fusing gate 17(0) for rank 0
t 5
Matrix Multiplication (5, 1), mask 4
Gate 7: [4, 5, ]
Fusing gate 6(1) for rank 0
c,t 4,5
Matrix Multiplication (5, 2), mask 6
Gate 8: [5, ]
Fusing gate 5(0) for rank 0
t 5
Matrix Multiplication (5, 1), mask 4
Gate 9: [4, 5, ]
Fusing gate 6(1) for rank 0
c,t 4,5
Matrix Multiplication (5, 2), mask 6
Gate 10: [6, ]
Fusing gate 0(0) for rank 0
t 6
Matrix Multiplication (5, 1), mask 8
Gate 11: [6, ]
Fusing gate 17(0) for rank 0
t 6
Matrix Multiplication (5, 1), mask 8
Gate 12: [5, 6, ]
Fusing gate 6(1) for rank 0
c,t 5,6
Matrix Multiplication (5, 2), mask 12
Gate 13: [6, ]
Fusing gate 5(0) for rank 0
t 6
Matrix Multiplication (5, 1), mask 8
Gate 14: [5, 6, ]
Fusing gate 6(1) for rank 0
c,t 5,6
Matrix Multiplication (5, 2), mask 12
Gate 15: [7, ]
Fusing gate 0(0) for rank 0
t 7
Matrix Multiplication (5, 1), mask 16
Gate 16: [7, ]
Fusing gate 17(0) for rank 0
t 7
Matrix Multiplication (5, 1), mask 16
Gate 17: [6, 7, ]
Fusing gate 6(1) for rank 0
c,t 6,7
Matrix Multiplication (5, 2), mask 24
Gate 18: [7, ]
Fusing gate 5(0) for rank 0
t 7
Matrix Multiplication (5, 1), mask 16
Gate 19: [6, 7, ]
Fusing gate 6(1) for rank 0
c,t 6,7
Matrix Multiplication (5, 2), mask 24
Start fusing gates...
Reset qubit group map
(7, 7) (8, 8) (9, 9) (10, 10) (11, 11) current Layout: [0,1,2,3,4,5,6,7,8,9,10,11,12,13,14,15,16,17,18,19,20,21,22,23,24,25,26,27,]
Fusing Kernel (20 gates): qubits [7, 8, 9, 10, 11], gates fusion, qubits [7, 8, 9, 10, 11], gates CircuitSeq {
  Q8 = h(Q8)
  Q8 = p(Q8, P8)
  [Q7, Q8] = cx[0](Q7, Q8)
  Q8 = rz(Q8, P35)
  [Q7, Q8] = cx[0](Q7, Q8)
  Q9 = h(Q9)
  Q9 = p(Q9, P9)
  [Q8, Q9] = cx[0](Q8, Q9)
  Q9 = rz(Q9, P36)
  [Q8, Q9] = cx[0](Q8, Q9)
  Q10 = h(Q10)
  Q10 = p(Q10, P10)
  [Q9, Q10] = cx[0](Q9, Q10)
  Q10 = rz(Q10, P37)
  [Q9, Q10] = cx[0](Q9, Q10)
  Q11 = h(Q11)
  Q11 = p(Q11, P11)
  [Q10, Q11] = cx[0](Q10, Q11)
  Q11 = rz(Q11, P38)
  [Q10, Q11] = cx[0](Q10, Q11)
}

Gate 0: [8, ]
Fusing gate 0(0) for rank 0
t 8
Matrix Multiplication (5, 1), mask 2
Gate 1: [8, ]
Fusing gate 17(0) for rank 0
t 8
Matrix Multiplication (5, 1), mask 2
Gate 2: [7, 8, ]
Fusing gate 6(1) for rank 0
c,t 7,8
Matrix Multiplication (5, 2), mask 3
Gate 3: [8, ]
Fusing gate 5(0) for rank 0
t 8
Matrix Multiplication (5, 1), mask 2
Gate 4: [7, 8, ]
Fusing gate 6(1) for rank 0
c,t 7,8
Matrix Multiplication (5, 2), mask 3
Gate 5: [9, ]
Fusing gate 0(0) for rank 0
t 9
Matrix Multiplication (5, 1), mask 4
Gate 6: [9, ]
Fusing gate 17(0) for rank 0
t 9
Matrix Multiplication (5, 1), mask 4
Gate 7: [8, 9, ]
Fusing gate 6(1) for rank 0
c,t 8,9
Matrix Multiplication (5, 2), mask 6
Gate 8: [9, ]
Fusing gate 5(0) for rank 0
t 9
Matrix Multiplication (5, 1), mask 4
Gate 9: [8, 9, ]
Fusing gate 6(1) for rank 0
c,t 8,9
Matrix Multiplication (5, 2), mask 6
Gate 10: [10, ]
Fusing gate 0(0) for rank 0
t 10
Matrix Multiplication (5, 1), mask 8
Gate 11: [10, ]
Fusing gate 17(0) for rank 0
t 10
Matrix Multiplication (5, 1), mask 8
Gate 12: [9, 10, ]
Fusing gate 6(1) for rank 0
c,t 9,10
Matrix Multiplication (5, 2), mask 12
Gate 13: [10, ]
Fusing gate 5(0) for rank 0
t 10
Matrix Multiplication (5, 1), mask 8
Gate 14: [9, 10, ]
Fusing gate 6(1) for rank 0
c,t 9,10
Matrix Multiplication (5, 2), mask 12
Gate 15: [11, ]
Fusing gate 0(0) for rank 0
t 11
Matrix Multiplication (5, 1), mask 16
Gate 16: [11, ]
Fusing gate 17(0) for rank 0
t 11
Matrix Multiplication (5, 1), mask 16
Gate 17: [10, 11, ]
Fusing gate 6(1) for rank 0
c,t 10,11
Matrix Multiplication (5, 2), mask 24
Gate 18: [11, ]
Fusing gate 5(0) for rank 0
t 11
Matrix Multiplication (5, 1), mask 16
Gate 19: [10, 11, ]
Fusing gate 6(1) for rank 0
c,t 10,11
Matrix Multiplication (5, 2), mask 24
Start fusing gates...
Reset qubit group map
(11, 11) (12, 12) (13, 13) (14, 14) (15, 15) current Layout: [0,1,2,3,4,5,6,7,8,9,10,11,12,13,14,15,16,17,18,19,20,21,22,23,24,25,26,27,]
Fusing Kernel (20 gates): qubits [11, 12, 13, 14, 15], gates fusion, qubits [11, 12, 13, 14, 15], gates CircuitSeq {
  Q12 = h(Q12)
  Q12 = p(Q12, P12)
  [Q11, Q12] = cx[0](Q11, Q12)
  Q12 = rz(Q12, P39)
  [Q11, Q12] = cx[0](Q11, Q12)
  Q13 = h(Q13)
  Q13 = p(Q13, P13)
  [Q12, Q13] = cx[0](Q12, Q13)
  Q13 = rz(Q13, P40)
  [Q12, Q13] = cx[0](Q12, Q13)
  Q14 = h(Q14)
  Q14 = p(Q14, P14)
  [Q13, Q14] = cx[0](Q13, Q14)
  Q14 = rz(Q14, P41)
  [Q13, Q14] = cx[0](Q13, Q14)
  Q15 = h(Q15)
  Q15 = p(Q15, P15)
  [Q14, Q15] = cx[0](Q14, Q15)
  Q15 = rz(Q15, P42)
  [Q14, Q15] = cx[0](Q14, Q15)
}

Gate 0: [12, ]
Fusing gate 0(0) for rank 0
t 12
Matrix Multiplication (5, 1), mask 2
Gate 1: [12, ]
Fusing gate 17(0) for rank 0
t 12
Matrix Multiplication (5, 1), mask 2
Gate 2: [11, 12, ]
Fusing gate 6(1) for rank 0
c,t 11,12
Matrix Multiplication (5, 2), mask 3
Gate 3: [12, ]
Fusing gate 5(0) for rank 0
t 12
Matrix Multiplication (5, 1), mask 2
Gate 4: [11, 12, ]
Fusing gate 6(1) for rank 0
c,t 11,12
Matrix Multiplication (5, 2), mask 3
Gate 5: [13, ]
Fusing gate 0(0) for rank 0
t 13
Matrix Multiplication (5, 1), mask 4
Gate 6: [13, ]
Fusing gate 17(0) for rank 0
t 13
Matrix Multiplication (5, 1), mask 4
Gate 7: [12, 13, ]
Fusing gate 6(1) for rank 0
c,t 12,13
Matrix Multiplication (5, 2), mask 6
Gate 8: [13, ]
Fusing gate 5(0) for rank 0
t 13
Matrix Multiplication (5, 1), mask 4
Gate 9: [12, 13, ]
Fusing gate 6(1) for rank 0
c,t 12,13
Matrix Multiplication (5, 2), mask 6
Gate 10: [14, ]
Fusing gate 0(0) for rank 0
t 14
Matrix Multiplication (5, 1), mask 8
Gate 11: [14, ]
Fusing gate 17(0) for rank 0
t 14
Matrix Multiplication (5, 1), mask 8
Gate 12: [13, 14, ]
Fusing gate 6(1) for rank 0
c,t 13,14
Matrix Multiplication (5, 2), mask 12
Gate 13: [14, ]
Fusing gate 5(0) for rank 0
t 14
Matrix Multiplication (5, 1), mask 8
Gate 14: [13, 14, ]
Fusing gate 6(1) for rank 0
c,t 13,14
Matrix Multiplication (5, 2), mask 12
Gate 15: [15, ]
Fusing gate 0(0) for rank 0
t 15
Matrix Multiplication (5, 1), mask 16
Gate 16: [15, ]
Fusing gate 17(0) for rank 0
t 15
Matrix Multiplication (5, 1), mask 16
Gate 17: [14, 15, ]
Fusing gate 6(1) for rank 0
c,t 14,15
Matrix Multiplication (5, 2), mask 24
Gate 18: [15, ]
Fusing gate 5(0) for rank 0
t 15
Matrix Multiplication (5, 1), mask 16
Gate 19: [14, 15, ]
Fusing gate 6(1) for rank 0
c,t 14,15
Matrix Multiplication (5, 2), mask 24
Start fusing gates...
Reset qubit group map
(15, 15) (16, 16) (17, 17) (18, 18) (19, 19) current Layout: [0,1,2,3,4,5,6,7,8,9,10,11,12,13,14,15,16,17,18,19,20,21,22,23,24,25,26,27,]
Fusing Kernel (20 gates): qubits [15, 16, 17, 18, 19], gates fusion, qubits [15, 16, 17, 18, 19], gates CircuitSeq {
  Q16 = h(Q16)
  Q16 = p(Q16, P16)
  [Q15, Q16] = cx[0](Q15, Q16)
  Q16 = rz(Q16, P43)
  [Q15, Q16] = cx[0](Q15, Q16)
  Q17 = h(Q17)
  Q17 = p(Q17, P17)
  [Q16, Q17] = cx[0](Q16, Q17)
  Q17 = rz(Q17, P44)
  [Q16, Q17] = cx[0](Q16, Q17)
  Q18 = h(Q18)
  Q18 = p(Q18, P18)
  [Q17, Q18] = cx[0](Q17, Q18)
  Q18 = rz(Q18, P45)
  [Q17, Q18] = cx[0](Q17, Q18)
  Q19 = h(Q19)
  Q19 = p(Q19, P19)
  [Q18, Q19] = cx[0](Q18, Q19)
  Q19 = rz(Q19, P46)
  [Q18, Q19] = cx[0](Q18, Q19)
}

Gate 0: [16, ]
Fusing gate 0(0) for rank 0
t 16
Matrix Multiplication (5, 1), mask 2
Gate 1: [16, ]
Fusing gate 17(0) for rank 0
t 16
Matrix Multiplication (5, 1), mask 2
Gate 2: [15, 16, ]
Fusing gate 6(1) for rank 0
c,t 15,16
Matrix Multiplication (5, 2), mask 3
Gate 3: [16, ]
Fusing gate 5(0) for rank 0
t 16
Matrix Multiplication (5, 1), mask 2
Gate 4: [15, 16, ]
Fusing gate 6(1) for rank 0
c,t 15,16
Matrix Multiplication (5, 2), mask 3
Gate 5: [17, ]
Fusing gate 0(0) for rank 0
t 17
Matrix Multiplication (5, 1), mask 4
Gate 6: [17, ]
Fusing gate 17(0) for rank 0
t 17
Matrix Multiplication (5, 1), mask 4
Gate 7: [16, 17, ]
Fusing gate 6(1) for rank 0
c,t 16,17
Matrix Multiplication (5, 2), mask 6
Gate 8: [17, ]
Fusing gate 5(0) for rank 0
t 17
Matrix Multiplication (5, 1), mask 4
Gate 9: [16, 17, ]
Fusing gate 6(1) for rank 0
c,t 16,17
Matrix Multiplication (5, 2), mask 6
Gate 10: [18, ]
Fusing gate 0(0) for rank 0
t 18
Matrix Multiplication (5, 1), mask 8
Gate 11: [18, ]
Fusing gate 17(0) for rank 0
t 18
Matrix Multiplication (5, 1), mask 8
Gate 12: [17, 18, ]
Fusing gate 6(1) for rank 0
c,t 17,18
Matrix Multiplication (5, 2), mask 12
Gate 13: [18, ]
Fusing gate 5(0) for rank 0
t 18
Matrix Multiplication (5, 1), mask 8
Gate 14: [17, 18, ]
Fusing gate 6(1) for rank 0
c,t 17,18
Matrix Multiplication (5, 2), mask 12
Gate 15: [19, ]
Fusing gate 0(0) for rank 0
t 19
Matrix Multiplication (5, 1), mask 16
Gate 16: [19, ]
Fusing gate 17(0) for rank 0
t 19
Matrix Multiplication (5, 1), mask 16
Gate 17: [18, 19, ]
Fusing gate 6(1) for rank 0
c,t 18,19
Matrix Multiplication (5, 2), mask 24
Gate 18: [19, ]
Fusing gate 5(0) for rank 0
t 19
Matrix Multiplication (5, 1), mask 16
Gate 19: [18, 19, ]
Fusing gate 6(1) for rank 0
c,t 18,19
Matrix Multiplication (5, 2), mask 24
Start fusing gates...
Reset qubit group map
(19, 19) (20, 20) (21, 21) (22, 22) (23, 23) current Layout: [0,1,2,3,4,5,6,7,8,9,10,11,12,13,14,15,16,17,18,19,20,21,22,23,24,25,26,27,]
Fusing Kernel (20 gates): qubits [19, 20, 21, 22, 23], gates fusion, qubits [19, 20, 21, 22, 23], gates CircuitSeq {
  Q20 = h(Q20)
  Q20 = p(Q20, P20)
  [Q19, Q20] = cx[0](Q19, Q20)
  Q20 = rz(Q20, P47)
  [Q19, Q20] = cx[0](Q19, Q20)
  Q21 = h(Q21)
  Q21 = p(Q21, P21)
  [Q20, Q21] = cx[0](Q20, Q21)
  Q21 = rz(Q21, P48)
  [Q20, Q21] = cx[0](Q20, Q21)
  Q22 = h(Q22)
  Q22 = p(Q22, P22)
  [Q21, Q22] = cx[0](Q21, Q22)
  Q22 = rz(Q22, P49)
  [Q21, Q22] = cx[0](Q21, Q22)
  Q23 = h(Q23)
  Q23 = p(Q23, P23)
  [Q22, Q23] = cx[0](Q22, Q23)
  Q23 = rz(Q23, P50)
  [Q22, Q23] = cx[0](Q22, Q23)
}

Gate 0: [20, ]
Fusing gate 0(0) for rank 0
t 20
Matrix Multiplication (5, 1), mask 2
Gate 1: [20, ]
Fusing gate 17(0) for rank 0
t 20
Matrix Multiplication (5, 1), mask 2
Gate 2: [19, 20, ]
Fusing gate 6(1) for rank 0
c,t 19,20
Matrix Multiplication (5, 2), mask 3
Gate 3: [20, ]
Fusing gate 5(0) for rank 0
t 20
Matrix Multiplication (5, 1), mask 2
Gate 4: [19, 20, ]
Fusing gate 6(1) for rank 0
c,t 19,20
Matrix Multiplication (5, 2), mask 3
Gate 5: [21, ]
Fusing gate 0(0) for rank 0
t 21
Matrix Multiplication (5, 1), mask 4
Gate 6: [21, ]
Fusing gate 17(0) for rank 0
t 21
Matrix Multiplication (5, 1), mask 4
Gate 7: [20, 21, ]
Fusing gate 6(1) for rank 0
c,t 20,21
Matrix Multiplication (5, 2), mask 6
Gate 8: [21, ]
Fusing gate 5(0) for rank 0
t 21
Matrix Multiplication (5, 1), mask 4
Gate 9: [20, 21, ]
Fusing gate 6(1) for rank 0
c,t 20,21
Matrix Multiplication (5, 2), mask 6
Gate 10: [22, ]
Fusing gate 0(0) for rank 0
t 22
Matrix Multiplication (5, 1), mask 8
Gate 11: [22, ]
Fusing gate 17(0) for rank 0
t 22
Matrix Multiplication (5, 1), mask 8
Gate 12: [21, 22, ]
Fusing gate 6(1) for rank 0
c,t 21,22
Matrix Multiplication (5, 2), mask 12
Gate 13: [22, ]
Fusing gate 5(0) for rank 0
t 22
Matrix Multiplication (5, 1), mask 8
Gate 14: [21, 22, ]
Fusing gate 6(1) for rank 0
c,t 21,22
Matrix Multiplication (5, 2), mask 12
Gate 15: [23, ]
Fusing gate 0(0) for rank 0
t 23
Matrix Multiplication (5, 1), mask 16
Gate 16: [23, ]
Fusing gate 17(0) for rank 0
t 23
Matrix Multiplication (5, 1), mask 16
Gate 17: [22, 23, ]
Fusing gate 6(1) for rank 0
c,t 22,23
Matrix Multiplication (5, 2), mask 24
Gate 18: [23, ]
Fusing gate 5(0) for rank 0
t 23
Matrix Multiplication (5, 1), mask 16
Gate 19: [22, 23, ]
Fusing gate 6(1) for rank 0
c,t 22,23
Matrix Multiplication (5, 2), mask 24
Start fusing gates...
Reset qubit group map
(23, 23) (24, 24) (25, 25) (26, 26) (27, 27) current Layout: [0,1,2,3,4,5,6,7,8,9,10,11,12,13,14,15,16,17,18,19,20,21,22,23,24,25,26,27,]
Fusing Kernel (40 gates): qubits [23, 24, 25, 26, 27], gates fusion, qubits [23, 24, 25, 26, 27], gates CircuitSeq {
  Q24 = h(Q24)
  Q24 = p(Q24, P24)
  [Q23, Q24] = cx[0](Q23, Q24)
  Q24 = rz(Q24, P51)
  [Q23, Q24] = cx[0](Q23, Q24)
  Q25 = h(Q25)
  Q25 = p(Q25, P25)
  [Q24, Q25] = cx[0](Q24, Q25)
  Q25 = rz(Q25, P52)
  [Q24, Q25] = cx[0](Q24, Q25)
  Q26 = h(Q26)
  Q26 = p(Q26, P26)
  [Q25, Q26] = cx[0](Q25, Q26)
  Q26 = rz(Q26, P53)
  [Q25, Q26] = cx[0](Q25, Q26)
  Q27 = h(Q27)
  Q27 = p(Q27, P27)
  [Q26, Q27] = cx[0](Q26, Q27)
  Q27 = rz(Q27, P54)
  [Q26, Q27] = cx[0](Q26, Q27)
  [Q26, Q27] = cx[0](Q26, Q27)
  Q27 = rz(Q27, P55)
  [Q26, Q27] = cx[0](Q26, Q27)
  Q27 = rz(Q27, P109)
  Q27 = h(Q27)
  [Q25, Q26] = cx[0](Q25, Q26)
  Q26 = rz(Q26, P56)
  [Q25, Q26] = cx[0](Q25, Q26)
  Q26 = rz(Q26, P108)
  Q26 = h(Q26)
  [Q24, Q25] = cx[0](Q24, Q25)
  Q25 = rz(Q25, P57)
  [Q24, Q25] = cx[0](Q24, Q25)
  Q25 = rz(Q25, P107)
  Q25 = h(Q25)
  [Q23, Q24] = cx[0](Q23, Q24)
  Q24 = rz(Q24, P58)
  [Q23, Q24] = cx[0](Q23, Q24)
  Q24 = rz(Q24, P106)
  Q24 = h(Q24)
}

Gate 0: [24, ]
Fusing gate 0(0) for rank 0
t 24
Matrix Multiplication (5, 1), mask 2
Gate 1: [24, ]
Fusing gate 17(0) for rank 0
t 24
Matrix Multiplication (5, 1), mask 2
Gate 2: [23, 24, ]
Fusing gate 6(1) for rank 0
c,t 23,24
Matrix Multiplication (5, 2), mask 3
Gate 3: [24, ]
Fusing gate 5(0) for rank 0
t 24
Matrix Multiplication (5, 1), mask 2
Gate 4: [23, 24, ]
Fusing gate 6(1) for rank 0
c,t 23,24
Matrix Multiplication (5, 2), mask 3
Gate 5: [25, ]
Fusing gate 0(0) for rank 0
t 25
Matrix Multiplication (5, 1), mask 4
Gate 6: [25, ]
Fusing gate 17(0) for rank 0
t 25
Matrix Multiplication (5, 1), mask 4
Gate 7: [24, 25, ]
Fusing gate 6(1) for rank 0
c,t 24,25
Matrix Multiplication (5, 2), mask 6
Gate 8: [25, ]
Fusing gate 5(0) for rank 0
t 25
Matrix Multiplication (5, 1), mask 4
Gate 9: [24, 25, ]
Fusing gate 6(1) for rank 0
c,t 24,25
Matrix Multiplication (5, 2), mask 6
Gate 10: [26, ]
Fusing gate 0(0) for rank 0
t 26
Matrix Multiplication (5, 1), mask 8
Gate 11: [26, ]
Fusing gate 17(0) for rank 0
t 26
Matrix Multiplication (5, 1), mask 8
Gate 12: [25, 26, ]
Fusing gate 6(1) for rank 0
c,t 25,26
Matrix Multiplication (5, 2), mask 12
Gate 13: [26, ]
Fusing gate 5(0) for rank 0
t 26
Matrix Multiplication (5, 1), mask 8
Gate 14: [25, 26, ]
Fusing gate 6(1) for rank 0
c,t 25,26
Matrix Multiplication (5, 2), mask 12
Gate 15: [27, ]
Fusing gate 0(0) for rank 0
t 27
Matrix Multiplication (5, 1), mask 16
Gate 16: [27, ]
Fusing gate 17(0) for rank 0
t 27
Matrix Multiplication (5, 1), mask 16
Gate 17: [26, 27, ]
Fusing gate 6(1) for rank 0
c,t 26,27
Matrix Multiplication (5, 2), mask 24
Gate 18: [27, ]
Fusing gate 5(0) for rank 0
t 27
Matrix Multiplication (5, 1), mask 16
Gate 19: [26, 27, ]
Fusing gate 6(1) for rank 0
c,t 26,27
Matrix Multiplication (5, 2), mask 24
Gate 20: [26, 27, ]
Fusing gate 6(1) for rank 0
c,t 26,27
Matrix Multiplication (5, 2), mask 24
Gate 21: [27, ]
Fusing gate 5(0) for rank 0
t 27
Matrix Multiplication (5, 1), mask 16
Gate 22: [26, 27, ]
Fusing gate 6(1) for rank 0
c,t 26,27
Matrix Multiplication (5, 2), mask 24
Gate 23: [27, ]
Fusing gate 5(0) for rank 0
t 27
Matrix Multiplication (5, 1), mask 16
Gate 24: [27, ]
Fusing gate 0(0) for rank 0
t 27
Matrix Multiplication (5, 1), mask 16
Gate 25: [25, 26, ]
Fusing gate 6(1) for rank 0
c,t 25,26
Matrix Multiplication (5, 2), mask 12
Gate 26: [26, ]
Fusing gate 5(0) for rank 0
t 26
Matrix Multiplication (5, 1), mask 8
Gate 27: [25, 26, ]
Fusing gate 6(1) for rank 0
c,t 25,26
Matrix Multiplication (5, 2), mask 12
Gate 28: [26, ]
Fusing gate 5(0) for rank 0
t 26
Matrix Multiplication (5, 1), mask 8
Gate 29: [26, ]
Fusing gate 0(0) for rank 0
t 26
Matrix Multiplication (5, 1), mask 8
Gate 30: [24, 25, ]
Fusing gate 6(1) for rank 0
c,t 24,25
Matrix Multiplication (5, 2), mask 6
Gate 31: [25, ]
Fusing gate 5(0) for rank 0
t 25
Matrix Multiplication (5, 1), mask 4
Gate 32: [24, 25, ]
Fusing gate 6(1) for rank 0
c,t 24,25
Matrix Multiplication (5, 2), mask 6
Gate 33: [25, ]
Fusing gate 5(0) for rank 0
t 25
Matrix Multiplication (5, 1), mask 4
Gate 34: [25, ]
Fusing gate 0(0) for rank 0
t 25
Matrix Multiplication (5, 1), mask 4
Gate 35: [23, 24, ]
Fusing gate 6(1) for rank 0
c,t 23,24
Matrix Multiplication (5, 2), mask 3
Gate 36: [24, ]
Fusing gate 5(0) for rank 0
t 24
Matrix Multiplication (5, 1), mask 2
Gate 37: [23, 24, ]
Fusing gate 6(1) for rank 0
c,t 23,24
Matrix Multiplication (5, 2), mask 3
Gate 38: [24, ]
Fusing gate 5(0) for rank 0
t 24
Matrix Multiplication (5, 1), mask 2
Gate 39: [24, ]
Fusing gate 0(0) for rank 0
t 24
Matrix Multiplication (5, 1), mask 2
Start fusing gates...
Reset qubit group map
(19, 19) (20, 20) (21, 21) (22, 22) (23, 23) current Layout: [0,1,2,3,4,5,6,7,8,9,10,11,12,13,14,15,16,17,18,19,20,21,22,23,24,25,26,27,]
Fusing Kernel (20 gates): qubits [19, 20, 21, 22, 23], gates fusion, qubits [19, 20, 21, 22, 23], gates CircuitSeq {
  [Q22, Q23] = cx[0](Q22, Q23)
  Q23 = rz(Q23, P59)
  [Q22, Q23] = cx[0](Q22, Q23)
  Q23 = rz(Q23, P105)
  Q23 = h(Q23)
  [Q21, Q22] = cx[0](Q21, Q22)
  Q22 = rz(Q22, P60)
  [Q21, Q22] = cx[0](Q21, Q22)
  Q22 = rz(Q22, P104)
  Q22 = h(Q22)
  [Q20, Q21] = cx[0](Q20, Q21)
  Q21 = rz(Q21, P61)
  [Q20, Q21] = cx[0](Q20, Q21)
  Q21 = rz(Q21, P103)
  Q21 = h(Q21)
  [Q19, Q20] = cx[0](Q19, Q20)
  Q20 = rz(Q20, P62)
  [Q19, Q20] = cx[0](Q19, Q20)
  Q20 = rz(Q20, P102)
  Q20 = h(Q20)
}

Gate 0: [22, 23, ]
Fusing gate 6(1) for rank 0
c,t 22,23
Matrix Multiplication (5, 2), mask 24
Gate 1: [23, ]
Fusing gate 5(0) for rank 0
t 23
Matrix Multiplication (5, 1), mask 16
Gate 2: [22, 23, ]
Fusing gate 6(1) for rank 0
c,t 22,23
Matrix Multiplication (5, 2), mask 24
Gate 3: [23, ]
Fusing gate 5(0) for rank 0
t 23
Matrix Multiplication (5, 1), mask 16
Gate 4: [23, ]
Fusing gate 0(0) for rank 0
t 23
Matrix Multiplication (5, 1), mask 16
Gate 5: [21, 22, ]
Fusing gate 6(1) for rank 0
c,t 21,22
Matrix Multiplication (5, 2), mask 12
Gate 6: [22, ]
Fusing gate 5(0) for rank 0
t 22
Matrix Multiplication (5, 1), mask 8
Gate 7: [21, 22, ]
Fusing gate 6(1) for rank 0
c,t 21,22
Matrix Multiplication (5, 2), mask 12
Gate 8: [22, ]
Fusing gate 5(0) for rank 0
t 22
Matrix Multiplication (5, 1), mask 8
Gate 9: [22, ]
Fusing gate 0(0) for rank 0
t 22
Matrix Multiplication (5, 1), mask 8
Gate 10: [20, 21, ]
Fusing gate 6(1) for rank 0
c,t 20,21
Matrix Multiplication (5, 2), mask 6
Gate 11: [21, ]
Fusing gate 5(0) for rank 0
t 21
Matrix Multiplication (5, 1), mask 4
Gate 12: [20, 21, ]
Fusing gate 6(1) for rank 0
c,t 20,21
Matrix Multiplication (5, 2), mask 6
Gate 13: [21, ]
Fusing gate 5(0) for rank 0
t 21
Matrix Multiplication (5, 1), mask 4
Gate 14: [21, ]
Fusing gate 0(0) for rank 0
t 21
Matrix Multiplication (5, 1), mask 4
Gate 15: [19, 20, ]
Fusing gate 6(1) for rank 0
c,t 19,20
Matrix Multiplication (5, 2), mask 3
Gate 16: [20, ]
Fusing gate 5(0) for rank 0
t 20
Matrix Multiplication (5, 1), mask 2
Gate 17: [19, 20, ]
Fusing gate 6(1) for rank 0
c,t 19,20
Matrix Multiplication (5, 2), mask 3
Gate 18: [20, ]
Fusing gate 5(0) for rank 0
t 20
Matrix Multiplication (5, 1), mask 2
Gate 19: [20, ]
Fusing gate 0(0) for rank 0
t 20
Matrix Multiplication (5, 1), mask 2
Start fusing gates...
Reset qubit group map
(16, 16) (17, 17) (18, 18) (19, 19) current Layout: [0,1,2,3,4,5,6,7,8,9,10,11,12,13,14,15,16,17,18,19,20,21,22,23,24,25,26,27,]
Fusing Kernel (15 gates): qubits [16, 17, 18, 19], gates fusion, qubits [16, 17, 18, 19], gates CircuitSeq {
  [Q18, Q19] = cx[0](Q18, Q19)
  Q19 = rz(Q19, P63)
  [Q18, Q19] = cx[0](Q18, Q19)
  Q19 = rz(Q19, P101)
  Q19 = h(Q19)
  [Q17, Q18] = cx[0](Q17, Q18)
  Q18 = rz(Q18, P64)
  [Q17, Q18] = cx[0](Q17, Q18)
  Q18 = rz(Q18, P100)
  Q18 = h(Q18)
  [Q16, Q17] = cx[0](Q16, Q17)
  Q17 = rz(Q17, P65)
  [Q16, Q17] = cx[0](Q16, Q17)
  Q17 = rz(Q17, P99)
  Q17 = h(Q17)
}

Gate 0: [18, 19, ]
Fusing gate 6(1) for rank 0
c,t 18,19
Matrix Multiplication (4, 2), mask 12
Gate 1: [19, ]
Fusing gate 5(0) for rank 0
t 19
Matrix Multiplication (4, 1), mask 8
Gate 2: [18, 19, ]
Fusing gate 6(1) for rank 0
c,t 18,19
Matrix Multiplication (4, 2), mask 12
Gate 3: [19, ]
Fusing gate 5(0) for rank 0
t 19
Matrix Multiplication (4, 1), mask 8
Gate 4: [19, ]
Fusing gate 0(0) for rank 0
t 19
Matrix Multiplication (4, 1), mask 8
Gate 5: [17, 18, ]
Fusing gate 6(1) for rank 0
c,t 17,18
Matrix Multiplication (4, 2), mask 6
Gate 6: [18, ]
Fusing gate 5(0) for rank 0
t 18
Matrix Multiplication (4, 1), mask 4
Gate 7: [17, 18, ]
Fusing gate 6(1) for rank 0
c,t 17,18
Matrix Multiplication (4, 2), mask 6
Gate 8: [18, ]
Fusing gate 5(0) for rank 0
t 18
Matrix Multiplication (4, 1), mask 4
Gate 9: [18, ]
Fusing gate 0(0) for rank 0
t 18
Matrix Multiplication (4, 1), mask 4
Gate 10: [16, 17, ]
Fusing gate 6(1) for rank 0
c,t 16,17
Matrix Multiplication (4, 2), mask 3
Gate 11: [17, ]
Fusing gate 5(0) for rank 0
t 17
Matrix Multiplication (4, 1), mask 2
Gate 12: [16, 17, ]
Fusing gate 6(1) for rank 0
c,t 16,17
Matrix Multiplication (4, 2), mask 3
Gate 13: [17, ]
Fusing gate 5(0) for rank 0
t 17
Matrix Multiplication (4, 1), mask 2
Gate 14: [17, ]
Fusing gate 0(0) for rank 0
t 17
Matrix Multiplication (4, 1), mask 2
Start fusing gates...
Reset qubit group map
(12, 12) (13, 13) (14, 14) (15, 15) (16, 16) current Layout: [0,1,2,3,4,5,6,7,8,9,10,11,12,13,14,15,16,17,18,19,20,21,22,23,24,25,26,27,]
Fusing Kernel (20 gates): qubits [12, 13, 14, 15, 16], gates fusion, qubits [12, 13, 14, 15, 16], gates CircuitSeq {
  [Q15, Q16] = cx[0](Q15, Q16)
  Q16 = rz(Q16, P66)
  [Q15, Q16] = cx[0](Q15, Q16)
  Q16 = rz(Q16, P98)
  Q16 = h(Q16)
  [Q14, Q15] = cx[0](Q14, Q15)
  Q15 = rz(Q15, P67)
  [Q14, Q15] = cx[0](Q14, Q15)
  Q15 = rz(Q15, P97)
  Q15 = h(Q15)
  [Q13, Q14] = cx[0](Q13, Q14)
  Q14 = rz(Q14, P68)
  [Q13, Q14] = cx[0](Q13, Q14)
  Q14 = rz(Q14, P96)
  Q14 = h(Q14)
  [Q12, Q13] = cx[0](Q12, Q13)
  Q13 = rz(Q13, P69)
  [Q12, Q13] = cx[0](Q12, Q13)
  Q13 = rz(Q13, P95)
  Q13 = h(Q13)
}

Gate 0: [15, 16, ]
Fusing gate 6(1) for rank 0
c,t 15,16
Matrix Multiplication (5, 2), mask 24
Gate 1: [16, ]
Fusing gate 5(0) for rank 0
t 16
Matrix Multiplication (5, 1), mask 16
Gate 2: [15, 16, ]
Fusing gate 6(1) for rank 0
c,t 15,16
Matrix Multiplication (5, 2), mask 24
Gate 3: [16, ]
Fusing gate 5(0) for rank 0
t 16
Matrix Multiplication (5, 1), mask 16
Gate 4: [16, ]
Fusing gate 0(0) for rank 0
t 16
Matrix Multiplication (5, 1), mask 16
Gate 5: [14, 15, ]
Fusing gate 6(1) for rank 0
c,t 14,15
Matrix Multiplication (5, 2), mask 12
Gate 6: [15, ]
Fusing gate 5(0) for rank 0
t 15
Matrix Multiplication (5, 1), mask 8
Gate 7: [14, 15, ]
Fusing gate 6(1) for rank 0
c,t 14,15
Matrix Multiplication (5, 2), mask 12
Gate 8: [15, ]
Fusing gate 5(0) for rank 0
t 15
Matrix Multiplication (5, 1), mask 8
Gate 9: [15, ]
Fusing gate 0(0) for rank 0
t 15
Matrix Multiplication (5, 1), mask 8
Gate 10: [13, 14, ]
Fusing gate 6(1) for rank 0
c,t 13,14
Matrix Multiplication (5, 2), mask 6
Gate 11: [14, ]
Fusing gate 5(0) for rank 0
t 14
Matrix Multiplication (5, 1), mask 4
Gate 12: [13, 14, ]
Fusing gate 6(1) for rank 0
c,t 13,14
Matrix Multiplication (5, 2), mask 6
Gate 13: [14, ]
Fusing gate 5(0) for rank 0
t 14
Matrix Multiplication (5, 1), mask 4
Gate 14: [14, ]
Fusing gate 0(0) for rank 0
t 14
Matrix Multiplication (5, 1), mask 4
Gate 15: [12, 13, ]
Fusing gate 6(1) for rank 0
c,t 12,13
Matrix Multiplication (5, 2), mask 3
Gate 16: [13, ]
Fusing gate 5(0) for rank 0
t 13
Matrix Multiplication (5, 1), mask 2
Gate 17: [12, 13, ]
Fusing gate 6(1) for rank 0
c,t 12,13
Matrix Multiplication (5, 2), mask 3
Gate 18: [13, ]
Fusing gate 5(0) for rank 0
t 13
Matrix Multiplication (5, 1), mask 2
Gate 19: [13, ]
Fusing gate 0(0) for rank 0
t 13
Matrix Multiplication (5, 1), mask 2
Start fusing gates...
Reset qubit group map
(8, 8) (9, 9) (10, 10) (11, 11) (12, 12) current Layout: [0,1,2,3,4,5,6,7,8,9,10,11,12,13,14,15,16,17,18,19,20,21,22,23,24,25,26,27,]
Fusing Kernel (20 gates): qubits [8, 9, 10, 11, 12], gates fusion, qubits [8, 9, 10, 11, 12], gates CircuitSeq {
  [Q11, Q12] = cx[0](Q11, Q12)
  Q12 = rz(Q12, P70)
  [Q11, Q12] = cx[0](Q11, Q12)
  Q12 = rz(Q12, P94)
  Q12 = h(Q12)
  [Q10, Q11] = cx[0](Q10, Q11)
  Q11 = rz(Q11, P71)
  [Q10, Q11] = cx[0](Q10, Q11)
  Q11 = rz(Q11, P93)
  Q11 = h(Q11)
  [Q9, Q10] = cx[0](Q9, Q10)
  Q10 = rz(Q10, P72)
  [Q9, Q10] = cx[0](Q9, Q10)
  Q10 = rz(Q10, P92)
  Q10 = h(Q10)
  [Q8, Q9] = cx[0](Q8, Q9)
  Q9 = rz(Q9, P73)
  [Q8, Q9] = cx[0](Q8, Q9)
  Q9 = rz(Q9, P91)
  Q9 = h(Q9)
}

Gate 0: [11, 12, ]
Fusing gate 6(1) for rank 0
c,t 11,12
Matrix Multiplication (5, 2), mask 24
Gate 1: [12, ]
Fusing gate 5(0) for rank 0
t 12
Matrix Multiplication (5, 1), mask 16
Gate 2: [11, 12, ]
Fusing gate 6(1) for rank 0
c,t 11,12
Matrix Multiplication (5, 2), mask 24
Gate 3: [12, ]
Fusing gate 5(0) for rank 0
t 12
Matrix Multiplication (5, 1), mask 16
Gate 4: [12, ]
Fusing gate 0(0) for rank 0
t 12
Matrix Multiplication (5, 1), mask 16
Gate 5: [10, 11, ]
Fusing gate 6(1) for rank 0
c,t 10,11
Matrix Multiplication (5, 2), mask 12
Gate 6: [11, ]
Fusing gate 5(0) for rank 0
t 11
Matrix Multiplication (5, 1), mask 8
Gate 7: [10, 11, ]
Fusing gate 6(1) for rank 0
c,t 10,11
Matrix Multiplication (5, 2), mask 12
Gate 8: [11, ]
Fusing gate 5(0) for rank 0
t 11
Matrix Multiplication (5, 1), mask 8
Gate 9: [11, ]
Fusing gate 0(0) for rank 0
t 11
Matrix Multiplication (5, 1), mask 8
Gate 10: [9, 10, ]
Fusing gate 6(1) for rank 0
c,t 9,10
Matrix Multiplication (5, 2), mask 6
Gate 11: [10, ]
Fusing gate 5(0) for rank 0
t 10
Matrix Multiplication (5, 1), mask 4
Gate 12: [9, 10, ]
Fusing gate 6(1) for rank 0
c,t 9,10
Matrix Multiplication (5, 2), mask 6
Gate 13: [10, ]
Fusing gate 5(0) for rank 0
t 10
Matrix Multiplication (5, 1), mask 4
Gate 14: [10, ]
Fusing gate 0(0) for rank 0
t 10
Matrix Multiplication (5, 1), mask 4
Gate 15: [8, 9, ]
Fusing gate 6(1) for rank 0
c,t 8,9
Matrix Multiplication (5, 2), mask 3
Gate 16: [9, ]
Fusing gate 5(0) for rank 0
t 9
Matrix Multiplication (5, 1), mask 2
Gate 17: [8, 9, ]
Fusing gate 6(1) for rank 0
c,t 8,9
Matrix Multiplication (5, 2), mask 3
Gate 18: [9, ]
Fusing gate 5(0) for rank 0
t 9
Matrix Multiplication (5, 1), mask 2
Gate 19: [9, ]
Fusing gate 0(0) for rank 0
t 9
Matrix Multiplication (5, 1), mask 2
Start fusing gates...
Reset qubit group map
(4, 4) (5, 5) (6, 6) (7, 7) (8, 8) current Layout: [0,1,2,3,4,5,6,7,8,9,10,11,12,13,14,15,16,17,18,19,20,21,22,23,24,25,26,27,]
Fusing Kernel (20 gates): qubits [4, 5, 6, 7, 8], gates fusion, qubits [4, 5, 6, 7, 8], gates CircuitSeq {
  [Q7, Q8] = cx[0](Q7, Q8)
  Q8 = rz(Q8, P74)
  [Q7, Q8] = cx[0](Q7, Q8)
  Q8 = rz(Q8, P90)
  Q8 = h(Q8)
  [Q6, Q7] = cx[0](Q6, Q7)
  Q7 = rz(Q7, P75)
  [Q6, Q7] = cx[0](Q6, Q7)
  Q7 = rz(Q7, P89)
  Q7 = h(Q7)
  [Q5, Q6] = cx[0](Q5, Q6)
  Q6 = rz(Q6, P76)
  [Q5, Q6] = cx[0](Q5, Q6)
  Q6 = rz(Q6, P88)
  Q6 = h(Q6)
  [Q4, Q5] = cx[0](Q4, Q5)
  Q5 = rz(Q5, P77)
  [Q4, Q5] = cx[0](Q4, Q5)
  Q5 = rz(Q5, P87)
  Q5 = h(Q5)
}

Gate 0: [7, 8, ]
Fusing gate 6(1) for rank 0
c,t 7,8
Matrix Multiplication (5, 2), mask 24
Gate 1: [8, ]
Fusing gate 5(0) for rank 0
t 8
Matrix Multiplication (5, 1), mask 16
Gate 2: [7, 8, ]
Fusing gate 6(1) for rank 0
c,t 7,8
Matrix Multiplication (5, 2), mask 24
Gate 3: [8, ]
Fusing gate 5(0) for rank 0
t 8
Matrix Multiplication (5, 1), mask 16
Gate 4: [8, ]
Fusing gate 0(0) for rank 0
t 8
Matrix Multiplication (5, 1), mask 16
Gate 5: [6, 7, ]
Fusing gate 6(1) for rank 0
c,t 6,7
Matrix Multiplication (5, 2), mask 12
Gate 6: [7, ]
Fusing gate 5(0) for rank 0
t 7
Matrix Multiplication (5, 1), mask 8
Gate 7: [6, 7, ]
Fusing gate 6(1) for rank 0
c,t 6,7
Matrix Multiplication (5, 2), mask 12
Gate 8: [7, ]
Fusing gate 5(0) for rank 0
t 7
Matrix Multiplication (5, 1), mask 8
Gate 9: [7, ]
Fusing gate 0(0) for rank 0
t 7
Matrix Multiplication (5, 1), mask 8
Gate 10: [5, 6, ]
Fusing gate 6(1) for rank 0
c,t 5,6
Matrix Multiplication (5, 2), mask 6
Gate 11: [6, ]
Fusing gate 5(0) for rank 0
t 6
Matrix Multiplication (5, 1), mask 4
Gate 12: [5, 6, ]
Fusing gate 6(1) for rank 0
c,t 5,6
Matrix Multiplication (5, 2), mask 6
Gate 13: [6, ]
Fusing gate 5(0) for rank 0
t 6
Matrix Multiplication (5, 1), mask 4
Gate 14: [6, ]
Fusing gate 0(0) for rank 0
t 6
Matrix Multiplication (5, 1), mask 4
Gate 15: [4, 5, ]
Fusing gate 6(1) for rank 0
c,t 4,5
Matrix Multiplication (5, 2), mask 3
Gate 16: [5, ]
Fusing gate 5(0) for rank 0
t 5
Matrix Multiplication (5, 1), mask 2
Gate 17: [4, 5, ]
Fusing gate 6(1) for rank 0
c,t 4,5
Matrix Multiplication (5, 2), mask 3
Gate 18: [5, ]
Fusing gate 5(0) for rank 0
t 5
Matrix Multiplication (5, 1), mask 2
Gate 19: [5, ]
Fusing gate 0(0) for rank 0
t 5
Matrix Multiplication (5, 1), mask 2
Start fusing gates...
Reset qubit group map
(0, 0) (1, 1) (2, 2) (3, 3) (4, 4) current Layout: [0,1,2,3,4,5,6,7,8,9,10,11,12,13,14,15,16,17,18,19,20,21,22,23,24,25,26,27,]
Fusing Kernel (22 gates): qubits [0, 1, 2, 3, 4], gates fusion, qubits [0, 1, 2, 3, 4], gates CircuitSeq {
  [Q3, Q4] = cx[0](Q3, Q4)
  Q4 = rz(Q4, P78)
  [Q3, Q4] = cx[0](Q3, Q4)
  Q4 = rz(Q4, P86)
  Q4 = h(Q4)
  [Q2, Q3] = cx[0](Q2, Q3)
  Q3 = rz(Q3, P79)
  [Q2, Q3] = cx[0](Q2, Q3)
  Q3 = rz(Q3, P85)
  Q3 = h(Q3)
  [Q1, Q2] = cx[0](Q1, Q2)
  Q2 = rz(Q2, P80)
  [Q1, Q2] = cx[0](Q1, Q2)
  Q2 = rz(Q2, P84)
  Q2 = h(Q2)
  [Q0, Q1] = cx(Q0, Q1)
  Q1 = rz(Q1, P81)
  [Q0, Q1] = cx(Q0, Q1)
  Q0 = rz(Q0, P82)
  Q0 = h(Q0)
  Q1 = rz(Q1, P83)
  Q1 = h(Q1)
}

Gate 0: [3, 4, ]
Fusing gate 6(1) for rank 0
c,t 3,4
Matrix Multiplication (5, 2), mask 24
Gate 1: [4, ]
Fusing gate 5(0) for rank 0
t 4
Matrix Multiplication (5, 1), mask 16
Gate 2: [3, 4, ]
Fusing gate 6(1) for rank 0
c,t 3,4
Matrix Multiplication (5, 2), mask 24
Gate 3: [4, ]
Fusing gate 5(0) for rank 0
t 4
Matrix Multiplication (5, 1), mask 16
Gate 4: [4, ]
Fusing gate 0(0) for rank 0
t 4
Matrix Multiplication (5, 1), mask 16
Gate 5: [2, 3, ]
Fusing gate 6(1) for rank 0
c,t 2,3
Matrix Multiplication (5, 2), mask 12
Gate 6: [3, ]
Fusing gate 5(0) for rank 0
t 3
Matrix Multiplication (5, 1), mask 8
Gate 7: [2, 3, ]
Fusing gate 6(1) for rank 0
c,t 2,3
Matrix Multiplication (5, 2), mask 12
Gate 8: [3, ]
Fusing gate 5(0) for rank 0
t 3
Matrix Multiplication (5, 1), mask 8
Gate 9: [3, ]
Fusing gate 0(0) for rank 0
t 3
Matrix Multiplication (5, 1), mask 8
Gate 10: [1, 2, ]
Fusing gate 6(1) for rank 0
c,t 1,2
Matrix Multiplication (5, 2), mask 6
Gate 11: [2, ]
Fusing gate 5(0) for rank 0
t 2
Matrix Multiplication (5, 1), mask 4
Gate 12: [1, 2, ]
Fusing gate 6(1) for rank 0
c,t 1,2
Matrix Multiplication (5, 2), mask 6
Gate 13: [2, ]
Fusing gate 5(0) for rank 0
t 2
Matrix Multiplication (5, 1), mask 4
Gate 14: [2, ]
Fusing gate 0(0) for rank 0
t 2
Matrix Multiplication (5, 1), mask 4
Gate 15: [0, 1, ]
Fusing gate 6(1) for rank 0
c,t 0,1
Matrix Multiplication (5, 2), mask 3
Gate 16: [1, ]
Fusing gate 5(0) for rank 0
t 1
Matrix Multiplication (5, 1), mask 2
Gate 17: [0, 1, ]
Fusing gate 6(1) for rank 0
c,t 0,1
Matrix Multiplication (5, 2), mask 3
Gate 18: [0, ]
Fusing gate 5(0) for rank 0
t 0
Matrix Multiplication (5, 1), mask 1
Gate 19: [0, ]
Fusing gate 0(0) for rank 0
t 0
Matrix Multiplication (5, 1), mask 1
Gate 20: [1, ]
Fusing gate 5(0) for rank 0
t 1
Matrix Multiplication (5, 1), mask 2
Gate 21: [1, ]
Fusing gate 0(0) for rank 0
t 1
Matrix Multiplication (5, 1), mask 2
Compilation Done! 
Num Shuffles: 0
Num FUSION Kernel: 13
Num SHM Kernel: 0
Start Simulating...
[warmup] size total:4294967296
NCCL comm nRanks: 1, i am 0
I am 0, mask 0, I am sending to 0
hello checking all2all
Init State Vectors!
Finish Simulating! Total: 13 FUSE Kernel, 0 SHM Kernel, 0 Shuffles.
[NCCL Rank 0] Total Simulation Time: 85.77ms
[MPI Rank 0]: Destroyed everthing!
Time Cost: 100231 us
Destroyed the simulator
