Num ranks: 16, myrank: 0
Num ranks: 16, myrank: 1
Num ranks: 16, myrank: 7
Num ranks: 16, myrank: 10
Num ranks: 16, myrank: 3
Num ranks: 16, myrank: 2
Num ranks: 16, myrank: 6
Num ranks: 16, myrank: 15
Num ranks: 16, myrank: 4
Num ranks: 16, myrank: 8
Num ranks: 16, myrank: 14
Num ranks: 16, myrank: 5
Num ranks: 16, myrank: 13
Num ranks: 16, myrank: 9
Num ranks: 16, myrank: 11
Num ranks: 16, myrank: 12
Use cached schedule
Use cached schedule
Use cached schedule
Use cached schedule
Use cached schedule
Use cached schedule
Use cached schedule
Use cached schedule
Use cached schedule
Use cached schedule
Compilation Done! 
Num Shuffles: 2
Num FUSION Kernel: 17
Num SHM Kernel: 0
Start Simulating...
Compilation Done! 
Num Shuffles: 2
Num FUSION Kernel: 17
Num SHM Kernel: 0
Start Simulating...
Compilation Done! 
Num Shuffles: 2
Num FUSION Kernel: 17
Num SHM Kernel: 0
Start Simulating...
Compilation Done! 
Num Shuffles: 2
Num FUSION Kernel: 17
Num SHM Kernel: 0
Start Simulating...
Compilation Done! 
Num Shuffles: 2
Num FUSION Kernel: 17
Num SHM Kernel: 0
Start Simulating...
Compilation Done! 
Num Shuffles: 2
Num FUSION Kernel: 17
Num SHM Kernel: 0
Start Simulating...
Compilation Done! 
Num Shuffles: 2
Num FUSION Kernel: 17
Num SHM Kernel: 0
Start Simulating...
Compilation Done! 
Num Shuffles: 2
Num FUSION Kernel: 17
Num SHM Kernel: 0
Start Simulating...
Compilation Done! 
Num Shuffles: 2
Num FUSION Kernel: 17
Num SHM Kernel: 0
Start Simulating...
Compilation Done! 
Num Shuffles: 2
Num FUSION Kernel: 17
Num SHM Kernel: 0
Start Simulating...
Use cached schedule
Compilation Done! 
Num Shuffles: 2
Num FUSION Kernel: 17
Num SHM Kernel: 0
Start Simulating...
Use cached schedule
Use cached schedule
Compilation Done! 
Num Shuffles: 2
Num FUSION Kernel: 17
Num SHM Kernel: 0
Start Simulating...
Compilation Done! 
Num Shuffles: 2
Num FUSION Kernel: 17
Num SHM Kernel: 0
Start Simulating...
Use cached schedule
Compilation Done! 
Num Shuffles: 2
Num FUSION Kernel: 17
Num SHM Kernel: 0
Start Simulating...
Use cached schedule
Use cached schedule
Compilation Done! 
Num Shuffles: 2
Num FUSION Kernel: 17
Num SHM Kernel: 0
Start Simulating...
Compilation Done! 
Num Shuffles: 2
Num FUSION Kernel: 17
Num SHM Kernel: 0
Start Simulating...
[warmup] size total:67108864
[warmup] size total:67108864
[warmup] size total:67108864
[warmup] size total:67108864
[warmup] size total:67108864
[warmup] size total:67108864
[warmup] size total:67108864
[warmup] size total:67108864
[warmup] size total:67108864
[warmup] size total:67108864
[warmup] size total:67108864
[warmup] size total:67108864
[warmup] size total:67108864
[warmup] size total:67108864
[warmup] size total:67108864
[warmup] size total:67108864
Init State Vectors on 4 devices
Init State Vectors on 4 devices
Init State Vectors on 4 devices
Init State Vectors on 4 devices
Init State Vectors on 4 devices
Init State Vectors on 4 devices
Init State Vectors on 4 devices
Init State Vectors on 4 devices
Init State Vectors on 4 devices
Init State Vectors on 4 devices
Init State Vectors on 4 devices
Init State Vectors on 4 devices
Init State Vectors on 4 devices
Init State Vectors on 4 devices
Init State Vectors on 4 devices
Init State Vectors on 4 devices
[NCCL Rank 0] Shuffle Time: 299.64ms
[NCCL Rank 1] Shuffle Time: 299.94ms
[NCCL Rank 2] Shuffle Time: 299.95ms
[NCCL Rank 4] Shuffle Time: 300.44ms
[NCCL Rank 36] Shuffle Time: 301.12ms
[NCCL Rank 37] Shuffle Time: 301.14ms
[NCCL Rank 38] Shuffle Time: 301.15ms
[NCCL Rank 3] Shuffle Time: 299.96ms
[NCCL Rank 5] Shuffle Time: 300.53ms
[NCCL Rank 28] Shuffle Time: 299.15ms
[NCCL Rank 29] Shuffle Time: 299.17ms
[NCCL Rank 30] Shuffle Time: 299.18ms
[NCCL Rank 48] Shuffle Time: 300.04ms
[NCCL Rank 49] Shuffle Time: 300.06ms
[NCCL Rank 50] Shuffle Time: 300.07ms
[NCCL Rank 24] Shuffle Time: 302.11ms
[NCCL Rank 25] Shuffle Time: 302.13ms
[NCCL Rank 26] Shuffle Time: 302.14ms
[NCCL Rank 27] Shuffle Time: 302.15ms
[NCCL Rank 60] Shuffle Time: 299.40ms
[NCCL Rank 61] Shuffle Time: 299.42ms
[NCCL Rank 62] Shuffle Time: 299.43ms
[NCCL Rank 16] Shuffle Time: 300.90ms
[NCCL Rank 17] Shuffle Time: 300.93ms
[NCCL Rank 18] Shuffle Time: 300.94ms
[NCCL Rank 19] Shuffle Time: 300.95ms
[NCCL Rank 56] Shuffle Time: 301.60ms
[NCCL Rank 57] Shuffle Time: 301.62ms
[NCCL Rank 58] Shuffle Time: 301.62ms
[NCCL Rank 39] Shuffle Time: 301.91ms
[NCCL Rank 44] Shuffle Time: 300.99ms
[NCCL Rank 45] Shuffle Time: 301.01ms
[NCCL Rank 46] Shuffle Time: 301.02ms
[NCCL Rank 6] Shuffle Time: 300.63ms
[NCCL Rank 31] Shuffle Time: 299.22ms
[NCCL Rank 40] Shuffle Time: 300.30ms
[NCCL Rank 41] Shuffle Time: 300.33ms
[NCCL Rank 42] Shuffle Time: 300.34ms
[NCCL Rank 12] Shuffle Time: 298.73ms
[NCCL Rank 13] Shuffle Time: 298.75ms
[NCCL Rank 14] Shuffle Time: 298.76ms
[NCCL Rank 15] Shuffle Time: 298.77ms
[NCCL Rank 51] Shuffle Time: 300.08ms
[NCCL Rank 8] Shuffle Time: 299.98ms
[NCCL Rank 9] Shuffle Time: 300.00ms
[NCCL Rank 10] Shuffle Time: 300.01ms
[NCCL Rank 11] Shuffle Time: 300.02ms
[NCCL Rank 63] Shuffle Time: 299.44ms
[NCCL Rank 59] Shuffle Time: 302.08ms
[NCCL Rank 47] Shuffle Time: 301.03ms
[NCCL Rank 7] Shuffle Time: 300.73ms
[NCCL Rank 43] Shuffle Time: 300.35ms
[NCCL Rank 32] Shuffle Time: 300.01ms
[NCCL Rank 20] Shuffle Time: 300.99ms
[NCCL Rank 21] Shuffle Time: 301.01ms
[NCCL Rank 22] Shuffle Time: 301.05ms
[NCCL Rank 23] Shuffle Time: 301.06ms
[NCCL Rank 52] Shuffle Time: 301.12ms
[NCCL Rank 53] Shuffle Time: 301.14ms
[NCCL Rank 54] Shuffle Time: 301.15ms
[NCCL Rank 33] Shuffle Time: 300.63ms
[NCCL Rank 34] Shuffle Time: 300.64ms
[NCCL Rank 35] Shuffle Time: 300.65ms
[NCCL Rank 55] Shuffle Time: 301.15ms
[NCCL Rank 0] Shuffle Time: 297.91ms
[NCCL Rank 1] Shuffle Time: 298.07ms
[NCCL Rank 2] Shuffle Time: 297.87ms
[NCCL Rank 3] Shuffle Time: 297.65ms
[NCCL Rank 32] Shuffle Time: 297.92ms
[NCCL Rank 20] Shuffle Time: 298.57ms
[NCCL Rank 21] Shuffle Time: 298.33ms
[NCCL Rank 22] Shuffle Time: 298.07ms
[NCCL Rank 23] Shuffle Time: 297.85ms
[NCCL Rank 36] Shuffle Time: 299.36ms
[NCCL Rank 60] Shuffle Time: 300.46ms
[NCCL Rank 61] Shuffle Time: 300.22ms
[NCCL Rank 62] Shuffle Time: 300.01ms
[NCCL Rank 44] Shuffle Time: 299.73ms
[NCCL Rank 45] Shuffle Time: 299.55ms
[NCCL Rank 46] Shuffle Time: 299.30ms
[NCCL Rank 28] Shuffle Time: 299.91ms
[NCCL Rank 29] Shuffle Time: 299.68ms
[NCCL Rank 12] Shuffle Time: 299.69ms
[NCCL Rank 13] Shuffle Time: 299.47ms
[NCCL Rank 14] Shuffle Time: 299.20ms
[NCCL Rank 15] Shuffle Time: 299.00ms
[NCCL Rank 63] Shuffle Time: 299.75ms
[NCCL Rank 33] Shuffle Time: 298.89ms
[NCCL Rank 34] Shuffle Time: 298.61ms
[NCCL Rank 35] Shuffle Time: 298.38ms
[NCCL Rank 52] Shuffle Time: 299.27ms
[NCCL Rank 53] Shuffle Time: 299.10ms
[NCCL Rank 54] Shuffle Time: 298.87ms
[NCCL Rank 37] Shuffle Time: 299.80ms
[NCCL Rank 47] Shuffle Time: 299.06ms
[NCCL Rank 4] Shuffle Time: 301.46ms
[NCCL Rank 5] Shuffle Time: 301.22ms
[NCCL Rank 30] Shuffle Time: 299.97ms
[NCCL Rank 40] Shuffle Time: 300.31ms
[NCCL Rank 8] Shuffle Time: 301.03ms
[NCCL Rank 24] Shuffle Time: 301.11ms
[NCCL Rank 25] Shuffle Time: 300.90ms
[NCCL Rank 26] Shuffle Time: 300.68ms
[NCCL Rank 27] Shuffle Time: 300.45ms
[NCCL Rank 56] Shuffle Time: 298.87ms
[NCCL Rank 57] Shuffle Time: 298.66ms
[NCCL Rank 55] Shuffle Time: 298.63ms
[NCCL Rank 38] Shuffle Time: 299.57ms
[NCCL Rank 6] Shuffle Time: 301.03ms
[NCCL Rank 7] Shuffle Time: 300.78ms
[NCCL Rank 41] Shuffle Time: 300.90ms
[NCCL Rank 42] Shuffle Time: 300.62ms
[NCCL Rank 43] Shuffle Time: 300.44ms
[NCCL Rank 9] Shuffle Time: 301.49ms
[NCCL Rank 10] Shuffle Time: 301.26ms
[NCCL Rank 11] Shuffle Time: 301.02ms
[NCCL Rank 58] Shuffle Time: 298.38ms
[NCCL Rank 39] Shuffle Time: 300.14ms
[NCCL Rank 31] Shuffle Time: 301.07ms
[NCCL Rank 48] Shuffle Time: 302.19ms
[NCCL Rank 49] Shuffle Time: 301.98ms
[NCCL Rank 50] Shuffle Time: 301.74ms
[NCCL Rank 16] Shuffle Time: 299.99ms
[NCCL Rank 17] Shuffle Time: 299.79ms
[NCCL Rank 18] Shuffle Time: 299.54ms
[NCCL Rank 19] Shuffle Time: 299.34ms
[NCCL Rank 59] Shuffle Time: 298.29ms
[NCCL Rank 51] Shuffle Time: 301.50ms
Finish Simulating! Total: 17 FUSE Kernel, 0 SHM Kernel, 2 Shuffles.
Finish Simulating! Total: 17 FUSE Kernel, 0 SHM Kernel, 2 Shuffles.
Finish Simulating! Total: 17 FUSE Kernel, 0 SHM Kernel, 2 Shuffles.
Finish Simulating! Total: 17 FUSE Kernel, 0 SHM Kernel, 2 Shuffles.
Finish Simulating! Total: 17 FUSE Kernel, 0 SHM Kernel, 2 Shuffles.
Finish Simulating! Total: 17 FUSE Kernel, 0 SHM Kernel, 2 Shuffles.
Finish Simulating! Total: 17 FUSE Kernel, 0 SHM Kernel, 2 Shuffles.
Finish Simulating! Total: 17 FUSE Kernel, 0 SHM Kernel, 2 Shuffles.
Finish Simulating! Total: 17 FUSE Kernel, 0 SHM Kernel, 2 Shuffles.
Finish Simulating! Total: 17 FUSE Kernel, 0 SHM Kernel, 2 Shuffles.
Finish Simulating! Total: 17 FUSE Kernel, 0 SHM Kernel, 2 Shuffles.
Finish Simulating! Total: 17 FUSE Kernel, 0 SHM Kernel, 2 Shuffles.
Finish Simulating! Total: 17 FUSE Kernel, 0 SHM Kernel, 2 Shuffles.
Finish Simulating! Total: 17 FUSE Kernel, 0 SHM Kernel, 2 Shuffles.
Finish Simulating! Total: 17 FUSE Kernel, 0 SHM Kernel, 2 Shuffles.
Finish Simulating! Total: 17 FUSE Kernel, 0 SHM Kernel, 2 Shuffles.
[NCCL Rank 44] Total Simulation Time: 772.80ms
[NCCL Rank 45] Total Simulation Time: 772.82ms
[NCCL Rank 46] Total Simulation Time: 772.83ms
[NCCL Rank 0] Total Simulation Time: 773.85ms
[NCCL Rank 1] Total Simulation Time: 773.86ms
[NCCL Rank 47] Total Simulation Time: 772.86ms
[NCCL Rank 12] Total Simulation Time: 773.03ms
[NCCL Rank 13] Total Simulation Time: 773.05ms
[NCCL Rank 14] Total Simulation Time: 773.06ms
[NCCL Rank 15] Total Simulation Time: 773.08ms
[NCCL Rank 24] Total Simulation Time: 775.48ms
[NCCL Rank 25] Total Simulation Time: 775.49ms
[NCCL Rank 26] Total Simulation Time: 775.50ms
[NCCL Rank 27] Total Simulation Time: 775.51ms
[NCCL Rank 60] Total Simulation Time: 772.44ms
[NCCL Rank 61] Total Simulation Time: 772.46ms
[NCCL Rank 62] Total Simulation Time: 772.47ms
[NCCL Rank 63] Total Simulation Time: 772.48ms
[NCCL Rank 32] Total Simulation Time: 772.26ms
[NCCL Rank 33] Total Simulation Time: 772.27ms
[NCCL Rank 34] Total Simulation Time: 772.28ms
[NCCL Rank 35] Total Simulation Time: 772.29ms
[NCCL Rank 56] Total Simulation Time: 774.89ms
[NCCL Rank 57] Total Simulation Time: 774.93ms
[NCCL Rank 52] Total Simulation Time: 772.33ms
[NCCL Rank 53] Total Simulation Time: 772.34ms
[NCCL Rank 54] Total Simulation Time: 772.35ms
[NCCL Rank 55] Total Simulation Time: 772.37ms
[NCCL Rank 36] Total Simulation Time: 775.29ms
[NCCL Rank 37] Total Simulation Time: 775.31ms
[NCCL Rank 38] Total Simulation Time: 775.32ms
[NCCL Rank 2] Total Simulation Time: 773.88ms
[NCCL Rank 3] Total Simulation Time: 773.90ms
[MPI Rank 0]: Shuffle 0 cost 299.88ms on average.
[MPI Rank 0]: Shuffle 1 cost 297.87ms on average.
[NCCL Rank 58] Total Simulation Time: 774.93ms
[NCCL Rank 39] Total Simulation Time: 775.33ms
[NCCL Rank 4] Total Simulation Time: 776.66ms
[NCCL Rank 5] Total Simulation Time: 776.68ms
[NCCL Rank 6] Total Simulation Time: 776.69ms
[NCCL Rank 7] Total Simulation Time: 776.70ms
[NCCL Rank 40] Total Simulation Time: 773.70ms
[NCCL Rank 41] Total Simulation Time: 773.72ms
[NCCL Rank 42] Total Simulation Time: 773.73ms
[NCCL Rank 43] Total Simulation Time: 773.75ms
[NCCL Rank 48] Total Simulation Time: 774.38ms
[NCCL Rank 49] Total Simulation Time: 774.41ms
[NCCL Rank 8] Total Simulation Time: 774.01ms
[NCCL Rank 9] Total Simulation Time: 774.03ms
[NCCL Rank 10] Total Simulation Time: 774.04ms
[NCCL Rank 11] Total Simulation Time: 774.05ms
[NCCL Rank 59] Total Simulation Time: 774.95ms
[NCCL Rank 50] Total Simulation Time: 774.42ms
[NCCL Rank 28] Total Simulation Time: 774.32ms
[NCCL Rank 29] Total Simulation Time: 774.34ms
[NCCL Rank 30] Total Simulation Time: 774.35ms
[NCCL Rank 31] Total Simulation Time: 774.36ms
[NCCL Rank 51] Total Simulation Time: 774.43ms
[NCCL Rank 16] Total Simulation Time: 775.48ms
[NCCL Rank 17] Total Simulation Time: 775.52ms
[NCCL Rank 18] Total Simulation Time: 775.53ms
[NCCL Rank 19] Total Simulation Time: 775.54ms
[NCCL Rank 20] Total Simulation Time: 777.50ms
[NCCL Rank 21] Total Simulation Time: 777.51ms
[NCCL Rank 22] Total Simulation Time: 777.52ms
[NCCL Rank 23] Total Simulation Time: 777.54ms
[MPI Rank 15]: Destroyed everything!
Time Cost: 919980 us
Destroyed the simulator
[MPI Rank 7]: Destroyed everything!
Time Cost: 933463 us
Destroyed the simulator
[MPI Rank 12]: Destroyed everything!
Time Cost: 938210 us
Destroyed the simulator
[MPI Rank 1]: Destroyed everything!
Time Cost: 942506 us
Destroyed the simulator
[MPI Rank 5]: Destroyed everything!
Time Cost: 942307 us
Destroyed the simulator
[MPI Rank 2]: Destroyed everything!
Time Cost: 949929 us
Destroyed the simulator
[MPI Rank 14]: Destroyed everything!
Time Cost: 952536 us
Destroyed the simulator
[MPI Rank 3]: Destroyed everything!
Time Cost: 958706 us
Destroyed the simulator
[MPI Rank 4]: Destroyed everything!
Time Cost: 959685 us
Destroyed the simulator
[MPI Rank 9]: Destroyed everything!
Time Cost: 962072 us
Destroyed the simulator
[MPI Rank 11]: Destroyed everything!
Time Cost: 960873 us
Destroyed the simulator
[MPI Rank 0]: Destroyed everything!
Time Cost: 966538 us
Destroyed the simulator
[MPI Rank 6]: Destroyed everything!
Time Cost: 974842 us
Destroyed the simulator
[MPI Rank 13]: Destroyed everything!
Time Cost: 972754 us
Destroyed the simulator
[MPI Rank 10]: Destroyed everything!
Time Cost: 985079 us
Destroyed the simulator
[MPI Rank 8]: Destroyed everything!
Time Cost: 992773 us
Destroyed the simulator
