Num ranks: 2, myrank: 0
Num ranks: 2, myrank: 1
Use cached schedule
Use cached schedule
Compilation Done! 
Num Shuffles: 2
Num FUSION Kernel: 15
Num SHM Kernel: 0
Start Simulating...
Compilation Done! 
Num Shuffles: 2
Num FUSION Kernel: 15
Num SHM Kernel: 0
Start Simulating...
[warmup] size total:536870912
[warmup] size total:536870912
Init State Vectors on 4 devices
Init State Vectors on 4 devices
[NCCL Rank 0] Shuffle Time: 155.05ms
[NCCL Rank 4] Shuffle Time: 156.26ms
[NCCL Rank 5] Shuffle Time: 156.34ms
[NCCL Rank 1] Shuffle Time: 155.72ms
[NCCL Rank 2] Shuffle Time: 155.73ms
[NCCL Rank 3] Shuffle Time: 155.74ms
[NCCL Rank 6] Shuffle Time: 156.35ms
[NCCL Rank 7] Shuffle Time: 156.43ms
[NCCL Rank 0] Shuffle Time: 185.12ms
[NCCL Rank 4] Shuffle Time: 155.13ms
[NCCL Rank 1] Shuffle Time: 187.17ms
[NCCL Rank 2] Shuffle Time: 187.15ms
[NCCL Rank 3] Shuffle Time: 187.17ms
[NCCL Rank 5] Shuffle Time: 155.31ms
[NCCL Rank 6] Shuffle Time: 155.42ms
[NCCL Rank 7] Shuffle Time: 155.43ms
Finish Simulating! Total: 15 FUSE Kernel, 0 SHM Kernel, 2 Shuffles.
Finish Simulating! Total: 15 FUSE Kernel, 0 SHM Kernel, 2 Shuffles.
[NCCL Rank 4] Total Simulation Time: 499.46ms
[NCCL Rank 5] Total Simulation Time: 499.48ms
[NCCL Rank 6] Total Simulation Time: 499.49ms
[NCCL Rank 7] Total Simulation Time: 499.51ms
[NCCL Rank 0] Total Simulation Time: 499.96ms
[NCCL Rank 1] Total Simulation Time: 499.98ms
[NCCL Rank 2] Total Simulation Time: 499.98ms
[NCCL Rank 3] Total Simulation Time: 500.00ms
[MPI Rank 0]: Shuffle 0 cost 155.56ms on average.
[MPI Rank 0]: Shuffle 1 cost 186.65ms on average.
[MPI Rank 0]: Destroyed everything!
Time Cost: 610989 us
Destroyed the simulator
[MPI Rank 1]: Destroyed everything!
Time Cost: 663669 us
Destroyed the simulator
