Num ranks: 1, myrank: 0
Use cached schedule
Compilation Done! 
Num Shuffles: 2
Num FUSION Kernel: 15
Num SHM Kernel: 0
Start Simulating...
[warmup] size total:1073741824
Init State Vectors on 4 devices
[NCCL Rank 0] Shuffle Time: 17.91ms
[NCCL Rank 1] Shuffle Time: 17.92ms
[NCCL Rank 2] Shuffle Time: 17.93ms
[NCCL Rank 3] Shuffle Time: 18.79ms
[NCCL Rank 0] Shuffle Time: 17.97ms
[NCCL Rank 1] Shuffle Time: 17.95ms
[NCCL Rank 2] Shuffle Time: 17.83ms
[NCCL Rank 3] Shuffle Time: 18.48ms
Finish Simulating! Total: 15 FUSE Kernel, 0 SHM Kernel, 2 Shuffles.
[NCCL Rank 0] Total Simulation Time: 186.56ms
[NCCL Rank 1] Total Simulation Time: 186.85ms
[NCCL Rank 2] Total Simulation Time: 187.09ms
[NCCL Rank 3] Total Simulation Time: 187.25ms
[MPI Rank 0]: Shuffle 0 cost 18.14ms on average.
[MPI Rank 0]: Shuffle 1 cost 18.06ms on average.
[MPI Rank 0]: Destroyed everything!
Time Cost: 419959 us
Destroyed the simulator
