Num ranks: 1, myrank: 0
Computed and cached schedule in 3.579 seconds.
Current Layout0: [0, 1, 2, 3, 4, 5, 6, 7, 8, 9, 10, 11, 12, 13, 14, 15, 16, 17, 18, 19, 20, 21, 22, 23, 24, 25, 26, 27, 28, Start fusing gates...
Reset qubit group map
(0, 0) (1, 1) (2, 2) (3, 3) (4, 4) current Layout: [0,1,2,3,4,5,6,7,8,9,10,11,12,13,14,15,16,17,18,19,20,21,22,23,24,25,26,27,28,]
Fusing Kernel (22 gates): qubits [0, 1, 2, 3, 4], gates fusion, qubits [0, 1, 2, 3, 4], gates CircuitSeq {
  Q1 = h(Q1)
  Q1 = p(Q1, P1)
  Q0 = h(Q0)
  Q0 = p(Q0, P0)
  [Q0, Q1] = cx(Q0, Q1)
  Q1 = rz(Q1, P29)
  [Q0, Q1] = cx(Q0, Q1)
  Q2 = h(Q2)
  Q2 = p(Q2, P2)
  [Q1, Q2] = cx[0](Q1, Q2)
  Q2 = rz(Q2, P30)
  [Q1, Q2] = cx[0](Q1, Q2)
  Q3 = h(Q3)
  Q3 = p(Q3, P3)
  [Q2, Q3] = cx[0](Q2, Q3)
  Q3 = rz(Q3, P31)
  [Q2, Q3] = cx[0](Q2, Q3)
  Q4 = h(Q4)
  Q4 = p(Q4, P4)
  [Q3, Q4] = cx[0](Q3, Q4)
  Q4 = rz(Q4, P32)
  [Q3, Q4] = cx[0](Q3, Q4)
}

Gate 0: [1, ]
Fusing gate 0(0) for rank 0
t 1
Matrix Multiplication (5, 1), mask 2
Fusing gate 0(0) for rank 1
t 1
Matrix Multiplication (5, 1), mask 2
Gate 1: [1, ]
Fusing gate 17(0) for rank 0
t 1
Matrix Multiplication (5, 1), mask 2
Fusing gate 17(0) for rank 1
t 1
Matrix Multiplication (5, 1), mask 2
Gate 2: [0, ]
Fusing gate 0(0) for rank 0
t 0
Matrix Multiplication (5, 1), mask 1
Fusing gate 0(0) for rank 1
t 0
Matrix Multiplication (5, 1), mask 1
Gate 3: [0, ]
Fusing gate 17(0) for rank 0
t 0
Matrix Multiplication (5, 1), mask 1
Fusing gate 17(0) for rank 1
t 0
Matrix Multiplication (5, 1), mask 1
Gate 4: [0, 1, ]
Fusing gate 6(1) for rank 0
c,t 0,1
Matrix Multiplication (5, 2), mask 3
Fusing gate 6(1) for rank 1
c,t 0,1
Matrix Multiplication (5, 2), mask 3
Gate 5: [1, ]
Fusing gate 5(0) for rank 0
t 1
Matrix Multiplication (5, 1), mask 2
Fusing gate 5(0) for rank 1
t 1
Matrix Multiplication (5, 1), mask 2
Gate 6: [0, 1, ]
Fusing gate 6(1) for rank 0
c,t 0,1
Matrix Multiplication (5, 2), mask 3
Fusing gate 6(1) for rank 1
c,t 0,1
Matrix Multiplication (5, 2), mask 3
Gate 7: [2, ]
Fusing gate 0(0) for rank 0
t 2
Matrix Multiplication (5, 1), mask 4
Fusing gate 0(0) for rank 1
t 2
Matrix Multiplication (5, 1), mask 4
Gate 8: [2, ]
Fusing gate 17(0) for rank 0
t 2
Matrix Multiplication (5, 1), mask 4
Fusing gate 17(0) for rank 1
t 2
Matrix Multiplication (5, 1), mask 4
Gate 9: [1, 2, ]
Fusing gate 6(1) for rank 0
c,t 1,2
Matrix Multiplication (5, 2), mask 6
Fusing gate 6(1) for rank 1
c,t 1,2
Matrix Multiplication (5, 2), mask 6
Gate 10: [2, ]
Fusing gate 5(0) for rank 0
t 2
Matrix Multiplication (5, 1), mask 4
Fusing gate 5(0) for rank 1
t 2
Matrix Multiplication (5, 1), mask 4
Gate 11: [1, 2, ]
Fusing gate 6(1) for rank 0
c,t 1,2
Matrix Multiplication (5, 2), mask 6
Fusing gate 6(1) for rank 1
c,t 1,2
Matrix Multiplication (5, 2), mask 6
Gate 12: [3, ]
Fusing gate 0(0) for rank 0
t 3
Matrix Multiplication (5, 1), mask 8
Fusing gate 0(0) for rank 1
t 3
Matrix Multiplication (5, 1), mask 8
Gate 13: [3, ]
Fusing gate 17(0) for rank 0
t 3
Matrix Multiplication (5, 1), mask 8
Fusing gate 17(0) for rank 1
t 3
Matrix Multiplication (5, 1), mask 8
Gate 14: [2, 3, ]
Fusing gate 6(1) for rank 0
c,t 2,3
Matrix Multiplication (5, 2), mask 12
Fusing gate 6(1) for rank 1
c,t 2,3
Matrix Multiplication (5, 2), mask 12
Gate 15: [3, ]
Fusing gate 5(0) for rank 0
t 3
Matrix Multiplication (5, 1), mask 8
Fusing gate 5(0) for rank 1
t 3
Matrix Multiplication (5, 1), mask 8
Gate 16: [2, 3, ]
Fusing gate 6(1) for rank 0
c,t 2,3
Matrix Multiplication (5, 2), mask 12
Fusing gate 6(1) for rank 1
c,t 2,3
Matrix Multiplication (5, 2), mask 12
Gate 17: [4, ]
Fusing gate 0(0) for rank 0
t 4
Matrix Multiplication (5, 1), mask 16
Fusing gate 0(0) for rank 1
t 4
Matrix Multiplication (5, 1), mask 16
Gate 18: [4, ]
Fusing gate 17(0) for rank 0
t 4
Matrix Multiplication (5, 1), mask 16
Fusing gate 17(0) for rank 1
t 4
Matrix Multiplication (5, 1), mask 16
Gate 19: [3, 4, ]
Fusing gate 6(1) for rank 0
c,t 3,4
Matrix Multiplication (5, 2), mask 24
Fusing gate 6(1) for rank 1
c,t 3,4
Matrix Multiplication (5, 2), mask 24
Gate 20: [4, ]
Fusing gate 5(0) for rank 0
t 4
Matrix Multiplication (5, 1), mask 16
Fusing gate 5(0) for rank 1
t 4
Matrix Multiplication (5, 1), mask 16
Gate 21: [3, 4, ]
Fusing gate 6(1) for rank 0
c,t 3,4
Matrix Multiplication (5, 2), mask 24
Fusing gate 6(1) for rank 1
c,t 3,4
Matrix Multiplication (5, 2), mask 24
Start fusing gates...
Reset qubit group map
(4, 4) (5, 5) (6, 6) (7, 7) (8, 8) current Layout: [0,1,2,3,4,5,6,7,8,9,10,11,12,13,14,15,16,17,18,19,20,21,22,23,24,25,26,27,28,]
Fusing Kernel (20 gates): qubits [4, 5, 6, 7, 8], gates fusion, qubits [4, 5, 6, 7, 8], gates CircuitSeq {
  Q5 = h(Q5)
  Q5 = p(Q5, P5)
  [Q4, Q5] = cx[0](Q4, Q5)
  Q5 = rz(Q5, P33)
  [Q4, Q5] = cx[0](Q4, Q5)
  Q6 = h(Q6)
  Q6 = p(Q6, P6)
  [Q5, Q6] = cx[0](Q5, Q6)
  Q6 = rz(Q6, P34)
  [Q5, Q6] = cx[0](Q5, Q6)
  Q7 = h(Q7)
  Q7 = p(Q7, P7)
  [Q6, Q7] = cx[0](Q6, Q7)
  Q7 = rz(Q7, P35)
  [Q6, Q7] = cx[0](Q6, Q7)
  Q8 = h(Q8)
  Q8 = p(Q8, P8)
  [Q7, Q8] = cx[0](Q7, Q8)
  Q8 = rz(Q8, P36)
  [Q7, Q8] = cx[0](Q7, Q8)
}

Gate 0: [5, ]
Fusing gate 0(0) for rank 0
t 5
Matrix Multiplication (5, 1), mask 2
Fusing gate 0(0) for rank 1
t 5
Matrix Multiplication (5, 1), mask 2
Gate 1: [5, ]
Fusing gate 17(0) for rank 0
t 5
Matrix Multiplication (5, 1), mask 2
Fusing gate 17(0) for rank 1
t 5
Matrix Multiplication (5, 1), mask 2
Gate 2: [4, 5, ]
Fusing gate 6(1) for rank 0
c,t 4,5
Matrix Multiplication (5, 2), mask 3
Fusing gate 6(1) for rank 1
c,t 4,5
Matrix Multiplication (5, 2), mask 3
Gate 3: [5, ]
Fusing gate 5(0) for rank 0
t 5
Matrix Multiplication (5, 1), mask 2
Fusing gate 5(0) for rank 1
t 5
Matrix Multiplication (5, 1), mask 2
Gate 4: [4, 5, ]
Fusing gate 6(1) for rank 0
c,t 4,5
Matrix Multiplication (5, 2), mask 3
Fusing gate 6(1) for rank 1
c,t 4,5
Matrix Multiplication (5, 2), mask 3
Gate 5: [6, ]
Fusing gate 0(0) for rank 0
t 6
Matrix Multiplication (5, 1), mask 4
Fusing gate 0(0) for rank 1
t 6
Matrix Multiplication (5, 1), mask 4
Gate 6: [6, ]
Fusing gate 17(0) for rank 0
t 6
Matrix Multiplication (5, 1), mask 4
Fusing gate 17(0) for rank 1
t 6
Matrix Multiplication (5, 1), mask 4
Gate 7: [5, 6, ]
Fusing gate 6(1) for rank 0
c,t 5,6
Matrix Multiplication (5, 2), mask 6
Fusing gate 6(1) for rank 1
c,t 5,6
Matrix Multiplication (5, 2), mask 6
Gate 8: [6, ]
Fusing gate 5(0) for rank 0
t 6
Matrix Multiplication (5, 1), mask 4
Fusing gate 5(0) for rank 1
t 6
Matrix Multiplication (5, 1), mask 4
Gate 9: [5, 6, ]
Fusing gate 6(1) for rank 0
c,t 5,6
Matrix Multiplication (5, 2), mask 6
Fusing gate 6(1) for rank 1
c,t 5,6
Matrix Multiplication (5, 2), mask 6
Gate 10: [7, ]
Fusing gate 0(0) for rank 0
t 7
Matrix Multiplication (5, 1), mask 8
Fusing gate 0(0) for rank 1
t 7
Matrix Multiplication (5, 1), mask 8
Gate 11: [7, ]
Fusing gate 17(0) for rank 0
t 7
Matrix Multiplication (5, 1), mask 8
Fusing gate 17(0) for rank 1
t 7
Matrix Multiplication (5, 1), mask 8
Gate 12: [6, 7, ]
Fusing gate 6(1) for rank 0
c,t 6,7
Matrix Multiplication (5, 2), mask 12
Fusing gate 6(1) for rank 1
c,t 6,7
Matrix Multiplication (5, 2), mask 12
Gate 13: [7, ]
Fusing gate 5(0) for rank 0
t 7
Matrix Multiplication (5, 1), mask 8
Fusing gate 5(0) for rank 1
t 7
Matrix Multiplication (5, 1), mask 8
Gate 14: [6, 7, ]
Fusing gate 6(1) for rank 0
c,t 6,7
Matrix Multiplication (5, 2), mask 12
Fusing gate 6(1) for rank 1
c,t 6,7
Matrix Multiplication (5, 2), mask 12
Gate 15: [8, ]
Fusing gate 0(0) for rank 0
t 8
Matrix Multiplication (5, 1), mask 16
Fusing gate 0(0) for rank 1
t 8
Matrix Multiplication (5, 1), mask 16
Gate 16: [8, ]
Fusing gate 17(0) for rank 0
t 8
Matrix Multiplication (5, 1), mask 16
Fusing gate 17(0) for rank 1
t 8
Matrix Multiplication (5, 1), mask 16
Gate 17: [7, 8, ]
Fusing gate 6(1) for rank 0
c,t 7,8
Matrix Multiplication (5, 2), mask 24
Fusing gate 6(1) for rank 1
c,t 7,8
Matrix Multiplication (5, 2), mask 24
Gate 18: [8, ]
Fusing gate 5(0) for rank 0
t 8
Matrix Multiplication (5, 1), mask 16
Fusing gate 5(0) for rank 1
t 8
Matrix Multiplication (5, 1), mask 16
Gate 19: [7, 8, ]
Fusing gate 6(1) for rank 0
c,t 7,8
Matrix Multiplication (5, 2), mask 24
Fusing gate 6(1) for rank 1
c,t 7,8
Matrix Multiplication (5, 2), mask 24
Start fusing gates...
Reset qubit group map
(8, 8) (9, 9) (10, 10) (11, 11) (12, 12) current Layout: [0,1,2,3,4,5,6,7,8,9,10,11,12,13,14,15,16,17,18,19,20,21,22,23,24,25,26,27,28,]
Fusing Kernel (20 gates): qubits [8, 9, 10, 11, 12], gates fusion, qubits [8, 9, 10, 11, 12], gates CircuitSeq {
  Q9 = h(Q9)
  Q9 = p(Q9, P9)
  [Q8, Q9] = cx[0](Q8, Q9)
  Q9 = rz(Q9, P37)
  [Q8, Q9] = cx[0](Q8, Q9)
  Q10 = h(Q10)
  Q10 = p(Q10, P10)
  [Q9, Q10] = cx[0](Q9, Q10)
  Q10 = rz(Q10, P38)
  [Q9, Q10] = cx[0](Q9, Q10)
  Q11 = h(Q11)
  Q11 = p(Q11, P11)
  [Q10, Q11] = cx[0](Q10, Q11)
  Q11 = rz(Q11, P39)
  [Q10, Q11] = cx[0](Q10, Q11)
  Q12 = h(Q12)
  Q12 = p(Q12, P12)
  [Q11, Q12] = cx[0](Q11, Q12)
  Q12 = rz(Q12, P40)
  [Q11, Q12] = cx[0](Q11, Q12)
}

Gate 0: [9, ]
Fusing gate 0(0) for rank 0
t 9
Matrix Multiplication (5, 1), mask 2
Fusing gate 0(0) for rank 1
t 9
Matrix Multiplication (5, 1), mask 2
Gate 1: [9, ]
Fusing gate 17(0) for rank 0
t 9
Matrix Multiplication (5, 1), mask 2
Fusing gate 17(0) for rank 1
t 9
Matrix Multiplication (5, 1), mask 2
Gate 2: [8, 9, ]
Fusing gate 6(1) for rank 0
c,t 8,9
Matrix Multiplication (5, 2), mask 3
Fusing gate 6(1) for rank 1
c,t 8,9
Matrix Multiplication (5, 2), mask 3
Gate 3: [9, ]
Fusing gate 5(0) for rank 0
t 9
Matrix Multiplication (5, 1), mask 2
Fusing gate 5(0) for rank 1
t 9
Matrix Multiplication (5, 1), mask 2
Gate 4: [8, 9, ]
Fusing gate 6(1) for rank 0
c,t 8,9
Matrix Multiplication (5, 2), mask 3
Fusing gate 6(1) for rank 1
c,t 8,9
Matrix Multiplication (5, 2), mask 3
Gate 5: [10, ]
Fusing gate 0(0) for rank 0
t 10
Matrix Multiplication (5, 1), mask 4
Fusing gate 0(0) for rank 1
t 10
Matrix Multiplication (5, 1), mask 4
Gate 6: [10, ]
Fusing gate 17(0) for rank 0
t 10
Matrix Multiplication (5, 1), mask 4
Fusing gate 17(0) for rank 1
t 10
Matrix Multiplication (5, 1), mask 4
Gate 7: [9, 10, ]
Fusing gate 6(1) for rank 0
c,t 9,10
Matrix Multiplication (5, 2), mask 6
Fusing gate 6(1) for rank 1
c,t 9,10
Matrix Multiplication (5, 2), mask 6
Gate 8: [10, ]
Fusing gate 5(0) for rank 0
t 10
Matrix Multiplication (5, 1), mask 4
Fusing gate 5(0) for rank 1
t 10
Matrix Multiplication (5, 1), mask 4
Gate 9: [9, 10, ]
Fusing gate 6(1) for rank 0
c,t 9,10
Matrix Multiplication (5, 2), mask 6
Fusing gate 6(1) for rank 1
c,t 9,10
Matrix Multiplication (5, 2), mask 6
Gate 10: [11, ]
Fusing gate 0(0) for rank 0
t 11
Matrix Multiplication (5, 1), mask 8
Fusing gate 0(0) for rank 1
t 11
Matrix Multiplication (5, 1), mask 8
Gate 11: [11, ]
Fusing gate 17(0) for rank 0
t 11
Matrix Multiplication (5, 1), mask 8
Fusing gate 17(0) for rank 1
t 11
Matrix Multiplication (5, 1), mask 8
Gate 12: [10, 11, ]
Fusing gate 6(1) for rank 0
c,t 10,11
Matrix Multiplication (5, 2), mask 12
Fusing gate 6(1) for rank 1
c,t 10,11
Matrix Multiplication (5, 2), mask 12
Gate 13: [11, ]
Fusing gate 5(0) for rank 0
t 11
Matrix Multiplication (5, 1), mask 8
Fusing gate 5(0) for rank 1
t 11
Matrix Multiplication (5, 1), mask 8
Gate 14: [10, 11, ]
Fusing gate 6(1) for rank 0
c,t 10,11
Matrix Multiplication (5, 2), mask 12
Fusing gate 6(1) for rank 1
c,t 10,11
Matrix Multiplication (5, 2), mask 12
Gate 15: [12, ]
Fusing gate 0(0) for rank 0
t 12
Matrix Multiplication (5, 1), mask 16
Fusing gate 0(0) for rank 1
t 12
Matrix Multiplication (5, 1), mask 16
Gate 16: [12, ]
Fusing gate 17(0) for rank 0
t 12
Matrix Multiplication (5, 1), mask 16
Fusing gate 17(0) for rank 1
t 12
Matrix Multiplication (5, 1), mask 16
Gate 17: [11, 12, ]
Fusing gate 6(1) for rank 0
c,t 11,12
Matrix Multiplication (5, 2), mask 24
Fusing gate 6(1) for rank 1
c,t 11,12
Matrix Multiplication (5, 2), mask 24
Gate 18: [12, ]
Fusing gate 5(0) for rank 0
t 12
Matrix Multiplication (5, 1), mask 16
Fusing gate 5(0) for rank 1
t 12
Matrix Multiplication (5, 1), mask 16
Gate 19: [11, 12, ]
Fusing gate 6(1) for rank 0
c,t 11,12
Matrix Multiplication (5, 2), mask 24
Fusing gate 6(1) for rank 1
c,t 11,12
Matrix Multiplication (5, 2), mask 24
Start fusing gates...
Reset qubit group map
(12, 12) (13, 13) (14, 14) (15, 15) (16, 16) current Layout: [0,1,2,3,4,5,6,7,8,9,10,11,12,13,14,15,16,17,18,19,20,21,22,23,24,25,26,27,28,]
Fusing Kernel (20 gates): qubits [12, 13, 14, 15, 16], gates fusion, qubits [12, 13, 14, 15, 16], gates CircuitSeq {
  Q13 = h(Q13)
  Q13 = p(Q13, P13)
  [Q12, Q13] = cx[0](Q12, Q13)
  Q13 = rz(Q13, P41)
  [Q12, Q13] = cx[0](Q12, Q13)
  Q14 = h(Q14)
  Q14 = p(Q14, P14)
  [Q13, Q14] = cx[0](Q13, Q14)
  Q14 = rz(Q14, P42)
  [Q13, Q14] = cx[0](Q13, Q14)
  Q15 = h(Q15)
  Q15 = p(Q15, P15)
  [Q14, Q15] = cx[0](Q14, Q15)
  Q15 = rz(Q15, P43)
  [Q14, Q15] = cx[0](Q14, Q15)
  Q16 = h(Q16)
  Q16 = p(Q16, P16)
  [Q15, Q16] = cx[0](Q15, Q16)
  Q16 = rz(Q16, P44)
  [Q15, Q16] = cx[0](Q15, Q16)
}

Gate 0: [13, ]
Fusing gate 0(0) for rank 0
t 13
Matrix Multiplication (5, 1), mask 2
Fusing gate 0(0) for rank 1
t 13
Matrix Multiplication (5, 1), mask 2
Gate 1: [13, ]
Fusing gate 17(0) for rank 0
t 13
Matrix Multiplication (5, 1), mask 2
Fusing gate 17(0) for rank 1
t 13
Matrix Multiplication (5, 1), mask 2
Gate 2: [12, 13, ]
Fusing gate 6(1) for rank 0
c,t 12,13
Matrix Multiplication (5, 2), mask 3
Fusing gate 6(1) for rank 1
c,t 12,13
Matrix Multiplication (5, 2), mask 3
Gate 3: [13, ]
Fusing gate 5(0) for rank 0
t 13
Matrix Multiplication (5, 1), mask 2
Fusing gate 5(0) for rank 1
t 13
Matrix Multiplication (5, 1), mask 2
Gate 4: [12, 13, ]
Fusing gate 6(1) for rank 0
c,t 12,13
Matrix Multiplication (5, 2), mask 3
Fusing gate 6(1) for rank 1
c,t 12,13
Matrix Multiplication (5, 2), mask 3
Gate 5: [14, ]
Fusing gate 0(0) for rank 0
t 14
Matrix Multiplication (5, 1), mask 4
Fusing gate 0(0) for rank 1
t 14
Matrix Multiplication (5, 1), mask 4
Gate 6: [14, ]
Fusing gate 17(0) for rank 0
t 14
Matrix Multiplication (5, 1), mask 4
Fusing gate 17(0) for rank 1
t 14
Matrix Multiplication (5, 1), mask 4
Gate 7: [13, 14, ]
Fusing gate 6(1) for rank 0
c,t 13,14
Matrix Multiplication (5, 2), mask 6
Fusing gate 6(1) for rank 1
c,t 13,14
Matrix Multiplication (5, 2), mask 6
Gate 8: [14, ]
Fusing gate 5(0) for rank 0
t 14
Matrix Multiplication (5, 1), mask 4
Fusing gate 5(0) for rank 1
t 14
Matrix Multiplication (5, 1), mask 4
Gate 9: [13, 14, ]
Fusing gate 6(1) for rank 0
c,t 13,14
Matrix Multiplication (5, 2), mask 6
Fusing gate 6(1) for rank 1
c,t 13,14
Matrix Multiplication (5, 2), mask 6
Gate 10: [15, ]
Fusing gate 0(0) for rank 0
t 15
Matrix Multiplication (5, 1), mask 8
Fusing gate 0(0) for rank 1
t 15
Matrix Multiplication (5, 1), mask 8
Gate 11: [15, ]
Fusing gate 17(0) for rank 0
t 15
Matrix Multiplication (5, 1), mask 8
Fusing gate 17(0) for rank 1
t 15
Matrix Multiplication (5, 1), mask 8
Gate 12: [14, 15, ]
Fusing gate 6(1) for rank 0
c,t 14,15
Matrix Multiplication (5, 2), mask 12
Fusing gate 6(1) for rank 1
c,t 14,15
Matrix Multiplication (5, 2), mask 12
Gate 13: [15, ]
Fusing gate 5(0) for rank 0
t 15
Matrix Multiplication (5, 1), mask 8
Fusing gate 5(0) for rank 1
t 15
Matrix Multiplication (5, 1), mask 8
Gate 14: [14, 15, ]
Fusing gate 6(1) for rank 0
c,t 14,15
Matrix Multiplication (5, 2), mask 12
Fusing gate 6(1) for rank 1
c,t 14,15
Matrix Multiplication (5, 2), mask 12
Gate 15: [16, ]
Fusing gate 0(0) for rank 0
t 16
Matrix Multiplication (5, 1), mask 16
Fusing gate 0(0) for rank 1
t 16
Matrix Multiplication (5, 1), mask 16
Gate 16: [16, ]
Fusing gate 17(0) for rank 0
t 16
Matrix Multiplication (5, 1), mask 16
Fusing gate 17(0) for rank 1
t 16
Matrix Multiplication (5, 1), mask 16
Gate 17: [15, 16, ]
Fusing gate 6(1) for rank 0
c,t 15,16
Matrix Multiplication (5, 2), mask 24
Fusing gate 6(1) for rank 1
c,t 15,16
Matrix Multiplication (5, 2), mask 24
Gate 18: [16, ]
Fusing gate 5(0) for rank 0
t 16
Matrix Multiplication (5, 1), mask 16
Fusing gate 5(0) for rank 1
t 16
Matrix Multiplication (5, 1), mask 16
Gate 19: [15, 16, ]
Fusing gate 6(1) for rank 0
c,t 15,16
Matrix Multiplication (5, 2), mask 24
Fusing gate 6(1) for rank 1
c,t 15,16
Matrix Multiplication (5, 2), mask 24
Start fusing gates...
Reset qubit group map
(16, 16) (17, 17) (18, 18) (19, 19) (20, 20) current Layout: [0,1,2,3,4,5,6,7,8,9,10,11,12,13,14,15,16,17,18,19,20,21,22,23,24,25,26,27,28,]
Fusing Kernel (20 gates): qubits [16, 17, 18, 19, 20], gates fusion, qubits [16, 17, 18, 19, 20], gates CircuitSeq {
  Q17 = h(Q17)
  Q17 = p(Q17, P17)
  [Q16, Q17] = cx[0](Q16, Q17)
  Q17 = rz(Q17, P45)
  [Q16, Q17] = cx[0](Q16, Q17)
  Q18 = h(Q18)
  Q18 = p(Q18, P18)
  [Q17, Q18] = cx[0](Q17, Q18)
  Q18 = rz(Q18, P46)
  [Q17, Q18] = cx[0](Q17, Q18)
  Q19 = h(Q19)
  Q19 = p(Q19, P19)
  [Q18, Q19] = cx[0](Q18, Q19)
  Q19 = rz(Q19, P47)
  [Q18, Q19] = cx[0](Q18, Q19)
  Q20 = h(Q20)
  Q20 = p(Q20, P20)
  [Q19, Q20] = cx[0](Q19, Q20)
  Q20 = rz(Q20, P48)
  [Q19, Q20] = cx[0](Q19, Q20)
}

Gate 0: [17, ]
Fusing gate 0(0) for rank 0
t 17
Matrix Multiplication (5, 1), mask 2
Fusing gate 0(0) for rank 1
t 17
Matrix Multiplication (5, 1), mask 2
Gate 1: [17, ]
Fusing gate 17(0) for rank 0
t 17
Matrix Multiplication (5, 1), mask 2
Fusing gate 17(0) for rank 1
t 17
Matrix Multiplication (5, 1), mask 2
Gate 2: [16, 17, ]
Fusing gate 6(1) for rank 0
c,t 16,17
Matrix Multiplication (5, 2), mask 3
Fusing gate 6(1) for rank 1
c,t 16,17
Matrix Multiplication (5, 2), mask 3
Gate 3: [17, ]
Fusing gate 5(0) for rank 0
t 17
Matrix Multiplication (5, 1), mask 2
Fusing gate 5(0) for rank 1
t 17
Matrix Multiplication (5, 1), mask 2
Gate 4: [16, 17, ]
Fusing gate 6(1) for rank 0
c,t 16,17
Matrix Multiplication (5, 2), mask 3
Fusing gate 6(1) for rank 1
c,t 16,17
Matrix Multiplication (5, 2), mask 3
Gate 5: [18, ]
Fusing gate 0(0) for rank 0
t 18
Matrix Multiplication (5, 1), mask 4
Fusing gate 0(0) for rank 1
t 18
Matrix Multiplication (5, 1), mask 4
Gate 6: [18, ]
Fusing gate 17(0) for rank 0
t 18
Matrix Multiplication (5, 1), mask 4
Fusing gate 17(0) for rank 1
t 18
Matrix Multiplication (5, 1), mask 4
Gate 7: [17, 18, ]
Fusing gate 6(1) for rank 0
c,t 17,18
Matrix Multiplication (5, 2), mask 6
Fusing gate 6(1) for rank 1
c,t 17,18
Matrix Multiplication (5, 2), mask 6
Gate 8: [18, ]
Fusing gate 5(0) for rank 0
t 18
Matrix Multiplication (5, 1), mask 4
Fusing gate 5(0) for rank 1
t 18
Matrix Multiplication (5, 1), mask 4
Gate 9: [17, 18, ]
Fusing gate 6(1) for rank 0
c,t 17,18
Matrix Multiplication (5, 2), mask 6
Fusing gate 6(1) for rank 1
c,t 17,18
Matrix Multiplication (5, 2), mask 6
Gate 10: [19, ]
Fusing gate 0(0) for rank 0
t 19
Matrix Multiplication (5, 1), mask 8
Fusing gate 0(0) for rank 1
t 19
Matrix Multiplication (5, 1), mask 8
Gate 11: [19, ]
Fusing gate 17(0) for rank 0
t 19
Matrix Multiplication (5, 1), mask 8
Fusing gate 17(0) for rank 1
t 19
Matrix Multiplication (5, 1), mask 8
Gate 12: [18, 19, ]
Fusing gate 6(1) for rank 0
c,t 18,19
Matrix Multiplication (5, 2), mask 12
Fusing gate 6(1) for rank 1
c,t 18,19
Matrix Multiplication (5, 2), mask 12
Gate 13: [19, ]
Fusing gate 5(0) for rank 0
t 19
Matrix Multiplication (5, 1), mask 8
Fusing gate 5(0) for rank 1
t 19
Matrix Multiplication (5, 1), mask 8
Gate 14: [18, 19, ]
Fusing gate 6(1) for rank 0
c,t 18,19
Matrix Multiplication (5, 2), mask 12
Fusing gate 6(1) for rank 1
c,t 18,19
Matrix Multiplication (5, 2), mask 12
Gate 15: [20, ]
Fusing gate 0(0) for rank 0
t 20
Matrix Multiplication (5, 1), mask 16
Fusing gate 0(0) for rank 1
t 20
Matrix Multiplication (5, 1), mask 16
Gate 16: [20, ]
Fusing gate 17(0) for rank 0
t 20
Matrix Multiplication (5, 1), mask 16
Fusing gate 17(0) for rank 1
t 20
Matrix Multiplication (5, 1), mask 16
Gate 17: [19, 20, ]
Fusing gate 6(1) for rank 0
c,t 19,20
Matrix Multiplication (5, 2), mask 24
Fusing gate 6(1) for rank 1
c,t 19,20
Matrix Multiplication (5, 2), mask 24
Gate 18: [20, ]
Fusing gate 5(0) for rank 0
t 20
Matrix Multiplication (5, 1), mask 16
Fusing gate 5(0) for rank 1
t 20
Matrix Multiplication (5, 1), mask 16
Gate 19: [19, 20, ]
Fusing gate 6(1) for rank 0
c,t 19,20
Matrix Multiplication (5, 2), mask 24
Fusing gate 6(1) for rank 1
c,t 19,20
Matrix Multiplication (5, 2), mask 24
Start fusing gates...
Reset qubit group map
(20, 20) (21, 21) (22, 22) (23, 23) (24, 24) current Layout: [0,1,2,3,4,5,6,7,8,9,10,11,12,13,14,15,16,17,18,19,20,21,22,23,24,25,26,27,28,]
Fusing Kernel (20 gates): qubits [20, 21, 22, 23, 24], gates fusion, qubits [20, 21, 22, 23, 24], gates CircuitSeq {
  Q21 = h(Q21)
  Q21 = p(Q21, P21)
  [Q20, Q21] = cx[0](Q20, Q21)
  Q21 = rz(Q21, P49)
  [Q20, Q21] = cx[0](Q20, Q21)
  Q22 = h(Q22)
  Q22 = p(Q22, P22)
  [Q21, Q22] = cx[0](Q21, Q22)
  Q22 = rz(Q22, P50)
  [Q21, Q22] = cx[0](Q21, Q22)
  Q23 = h(Q23)
  Q23 = p(Q23, P23)
  [Q22, Q23] = cx[0](Q22, Q23)
  Q23 = rz(Q23, P51)
  [Q22, Q23] = cx[0](Q22, Q23)
  Q24 = h(Q24)
  Q24 = p(Q24, P24)
  [Q23, Q24] = cx[0](Q23, Q24)
  Q24 = rz(Q24, P52)
  [Q23, Q24] = cx[0](Q23, Q24)
}

Gate 0: [21, ]
Fusing gate 0(0) for rank 0
t 21
Matrix Multiplication (5, 1), mask 2
Fusing gate 0(0) for rank 1
t 21
Matrix Multiplication (5, 1), mask 2
Gate 1: [21, ]
Fusing gate 17(0) for rank 0
t 21
Matrix Multiplication (5, 1), mask 2
Fusing gate 17(0) for rank 1
t 21
Matrix Multiplication (5, 1), mask 2
Gate 2: [20, 21, ]
Fusing gate 6(1) for rank 0
c,t 20,21
Matrix Multiplication (5, 2), mask 3
Fusing gate 6(1) for rank 1
c,t 20,21
Matrix Multiplication (5, 2), mask 3
Gate 3: [21, ]
Fusing gate 5(0) for rank 0
t 21
Matrix Multiplication (5, 1), mask 2
Fusing gate 5(0) for rank 1
t 21
Matrix Multiplication (5, 1), mask 2
Gate 4: [20, 21, ]
Fusing gate 6(1) for rank 0
c,t 20,21
Matrix Multiplication (5, 2), mask 3
Fusing gate 6(1) for rank 1
c,t 20,21
Matrix Multiplication (5, 2), mask 3
Gate 5: [22, ]
Fusing gate 0(0) for rank 0
t 22
Matrix Multiplication (5, 1), mask 4
Fusing gate 0(0) for rank 1
t 22
Matrix Multiplication (5, 1), mask 4
Gate 6: [22, ]
Fusing gate 17(0) for rank 0
t 22
Matrix Multiplication (5, 1), mask 4
Fusing gate 17(0) for rank 1
t 22
Matrix Multiplication (5, 1), mask 4
Gate 7: [21, 22, ]
Fusing gate 6(1) for rank 0
c,t 21,22
Matrix Multiplication (5, 2), mask 6
Fusing gate 6(1) for rank 1
c,t 21,22
Matrix Multiplication (5, 2), mask 6
Gate 8: [22, ]
Fusing gate 5(0) for rank 0
t 22
Matrix Multiplication (5, 1), mask 4
Fusing gate 5(0) for rank 1
t 22
Matrix Multiplication (5, 1), mask 4
Gate 9: [21, 22, ]
Fusing gate 6(1) for rank 0
c,t 21,22
Matrix Multiplication (5, 2), mask 6
Fusing gate 6(1) for rank 1
c,t 21,22
Matrix Multiplication (5, 2), mask 6
Gate 10: [23, ]
Fusing gate 0(0) for rank 0
t 23
Matrix Multiplication (5, 1), mask 8
Fusing gate 0(0) for rank 1
t 23
Matrix Multiplication (5, 1), mask 8
Gate 11: [23, ]
Fusing gate 17(0) for rank 0
t 23
Matrix Multiplication (5, 1), mask 8
Fusing gate 17(0) for rank 1
t 23
Matrix Multiplication (5, 1), mask 8
Gate 12: [22, 23, ]
Fusing gate 6(1) for rank 0
c,t 22,23
Matrix Multiplication (5, 2), mask 12
Fusing gate 6(1) for rank 1
c,t 22,23
Matrix Multiplication (5, 2), mask 12
Gate 13: [23, ]
Fusing gate 5(0) for rank 0
t 23
Matrix Multiplication (5, 1), mask 8
Fusing gate 5(0) for rank 1
t 23
Matrix Multiplication (5, 1), mask 8
Gate 14: [22, 23, ]
Fusing gate 6(1) for rank 0
c,t 22,23
Matrix Multiplication (5, 2), mask 12
Fusing gate 6(1) for rank 1
c,t 22,23
Matrix Multiplication (5, 2), mask 12
Gate 15: [24, ]
Fusing gate 0(0) for rank 0
t 24
Matrix Multiplication (5, 1), mask 16
Fusing gate 0(0) for rank 1
t 24
Matrix Multiplication (5, 1), mask 16
Gate 16: [24, ]
Fusing gate 17(0) for rank 0
t 24
Matrix Multiplication (5, 1), mask 16
Fusing gate 17(0) for rank 1
t 24
Matrix Multiplication (5, 1), mask 16
Gate 17: [23, 24, ]
Fusing gate 6(1) for rank 0
c,t 23,24
Matrix Multiplication (5, 2), mask 24
Fusing gate 6(1) for rank 1
c,t 23,24
Matrix Multiplication (5, 2), mask 24
Gate 18: [24, ]
Fusing gate 5(0) for rank 0
t 24
Matrix Multiplication (5, 1), mask 16
Fusing gate 5(0) for rank 1
t 24
Matrix Multiplication (5, 1), mask 16
Gate 19: [23, 24, ]
Fusing gate 6(1) for rank 0
c,t 23,24
Matrix Multiplication (5, 2), mask 24
Fusing gate 6(1) for rank 1
c,t 23,24
Matrix Multiplication (5, 2), mask 24
Start fusing gates...
Reset qubit group map
(24, 24) (25, 25) (26, 26) (27, 27) current Layout: [0,1,2,3,4,5,6,7,8,9,10,11,12,13,14,15,16,17,18,19,20,21,22,23,24,25,26,27,28,]
Fusing Kernel (15 gates): qubits [24, 25, 26, 27], gates fusion, qubits [24, 25, 26, 27], gates CircuitSeq {
  Q25 = h(Q25)
  Q25 = p(Q25, P25)
  [Q24, Q25] = cx[0](Q24, Q25)
  Q25 = rz(Q25, P53)
  [Q24, Q25] = cx[0](Q24, Q25)
  Q26 = h(Q26)
  Q26 = p(Q26, P26)
  [Q25, Q26] = cx[0](Q25, Q26)
  Q26 = rz(Q26, P54)
  [Q25, Q26] = cx[0](Q25, Q26)
  Q27 = h(Q27)
  Q27 = p(Q27, P27)
  [Q26, Q27] = cx[0](Q26, Q27)
  Q27 = rz(Q27, P55)
  [Q26, Q27] = cx[0](Q26, Q27)
}

Gate 0: [25, ]
Fusing gate 0(0) for rank 0
t 25
Matrix Multiplication (4, 1), mask 2
Fusing gate 0(0) for rank 1
t 25
Matrix Multiplication (4, 1), mask 2
Gate 1: [25, ]
Fusing gate 17(0) for rank 0
t 25
Matrix Multiplication (4, 1), mask 2
Fusing gate 17(0) for rank 1
t 25
Matrix Multiplication (4, 1), mask 2
Gate 2: [24, 25, ]
Fusing gate 6(1) for rank 0
c,t 24,25
Matrix Multiplication (4, 2), mask 3
Fusing gate 6(1) for rank 1
c,t 24,25
Matrix Multiplication (4, 2), mask 3
Gate 3: [25, ]
Fusing gate 5(0) for rank 0
t 25
Matrix Multiplication (4, 1), mask 2
Fusing gate 5(0) for rank 1
t 25
Matrix Multiplication (4, 1), mask 2
Gate 4: [24, 25, ]
Fusing gate 6(1) for rank 0
c,t 24,25
Matrix Multiplication (4, 2), mask 3
Fusing gate 6(1) for rank 1
c,t 24,25
Matrix Multiplication (4, 2), mask 3
Gate 5: [26, ]
Fusing gate 0(0) for rank 0
t 26
Matrix Multiplication (4, 1), mask 4
Fusing gate 0(0) for rank 1
t 26
Matrix Multiplication (4, 1), mask 4
Gate 6: [26, ]
Fusing gate 17(0) for rank 0
t 26
Matrix Multiplication (4, 1), mask 4
Fusing gate 17(0) for rank 1
t 26
Matrix Multiplication (4, 1), mask 4
Gate 7: [25, 26, ]
Fusing gate 6(1) for rank 0
c,t 25,26
Matrix Multiplication (4, 2), mask 6
Fusing gate 6(1) for rank 1
c,t 25,26
Matrix Multiplication (4, 2), mask 6
Gate 8: [26, ]
Fusing gate 5(0) for rank 0
t 26
Matrix Multiplication (4, 1), mask 4
Fusing gate 5(0) for rank 1
t 26
Matrix Multiplication (4, 1), mask 4
Gate 9: [25, 26, ]
Fusing gate 6(1) for rank 0
c,t 25,26
Matrix Multiplication (4, 2), mask 6
Fusing gate 6(1) for rank 1
c,t 25,26
Matrix Multiplication (4, 2), mask 6
Gate 10: [27, ]
Fusing gate 0(0) for rank 0
t 27
Matrix Multiplication (4, 1), mask 8
Fusing gate 0(0) for rank 1
t 27
Matrix Multiplication (4, 1), mask 8
Gate 11: [27, ]
Fusing gate 17(0) for rank 0
t 27
Matrix Multiplication (4, 1), mask 8
Fusing gate 17(0) for rank 1
t 27
Matrix Multiplication (4, 1), mask 8
Gate 12: [26, 27, ]
Fusing gate 6(1) for rank 0
c,t 26,27
Matrix Multiplication (4, 2), mask 12
Fusing gate 6(1) for rank 1
c,t 26,27
Matrix Multiplication (4, 2), mask 12
Gate 13: [27, ]
Fusing gate 5(0) for rank 0
t 27
Matrix Multiplication (4, 1), mask 8
Fusing gate 5(0) for rank 1
t 27
Matrix Multiplication (4, 1), mask 8
Gate 14: [26, 27, ]
Fusing gate 6(1) for rank 0
c,t 26,27
Matrix Multiplication (4, 2), mask 12
Fusing gate 6(1) for rank 1
c,t 26,27
Matrix Multiplication (4, 2), mask 12
Current Layout0: [27, 1, 2, 3, 4, 5, 6, 7, 8, 9, 10, 11, 12, 13, 14, 15, 16, 17, 18, 19, 20, 21, 22, 23, 24, 25, 26, 28, 0, Start fusing gates...
Reset qubit group map
(0, 27) (24, 24) (25, 25) (26, 26) (27, 28) current Layout: [27,1,2,3,4,5,6,7,8,9,10,11,12,13,14,15,16,17,18,19,20,21,22,23,24,25,26,28,0,]
Fusing Kernel (26 gates): qubits [24, 25, 26, 27, 28], gates fusion, qubits [24, 25, 26, 27, 28], gates CircuitSeq {
  Q28 = h(Q28)
  Q28 = p(Q28, P28)
  [Q27, Q28] = cx[0](Q27, Q28)
  Q28 = rz(Q28, P56)
  [Q27, Q28] = cx[0](Q27, Q28)
  [Q27, Q28] = cx[0](Q27, Q28)
  Q28 = rz(Q28, P57)
  [Q27, Q28] = cx[0](Q27, Q28)
  Q28 = rz(Q28, P113)
  Q28 = h(Q28)
  [Q26, Q27] = cx[0](Q26, Q27)
  Q27 = rz(Q27, P58)
  [Q26, Q27] = cx[0](Q26, Q27)
  Q27 = rz(Q27, P112)
  Q27 = h(Q27)
  [Q25, Q26] = cx[0](Q25, Q26)
  Q26 = rz(Q26, P59)
  [Q25, Q26] = cx[0](Q25, Q26)
  Q26 = rz(Q26, P111)
  Q26 = h(Q26)
  [Q24, Q25] = cx[0](Q24, Q25)
  Q25 = rz(Q25, P60)
  [Q24, Q25] = cx[0](Q24, Q25)
  Q25 = rz(Q25, P110)
  Q25 = h(Q25)
  Q0 = rz(Q0, P85)
}

Gate 0: [28, ]
Fusing gate 0(0) for rank 0
t 28
Matrix Multiplication (5, 1), mask 16
Fusing gate 0(0) for rank 1
t 28
Matrix Multiplication (5, 1), mask 16
Gate 1: [28, ]
Fusing gate 17(0) for rank 0
t 28
Matrix Multiplication (5, 1), mask 16
Fusing gate 17(0) for rank 1
t 28
Matrix Multiplication (5, 1), mask 16
Gate 2: [27, 28, ]
Fusing gate 6(1) for rank 0
c,t 27,28
Matrix Multiplication (5, 2), mask 17
Fusing gate 6(1) for rank 1
c,t 27,28
Matrix Multiplication (5, 2), mask 17
Gate 3: [28, ]
Fusing gate 5(0) for rank 0
t 28
Matrix Multiplication (5, 1), mask 16
Fusing gate 5(0) for rank 1
t 28
Matrix Multiplication (5, 1), mask 16
Gate 4: [27, 28, ]
Fusing gate 6(1) for rank 0
c,t 27,28
Matrix Multiplication (5, 2), mask 17
Fusing gate 6(1) for rank 1
c,t 27,28
Matrix Multiplication (5, 2), mask 17
Gate 5: [27, 28, ]
Fusing gate 6(1) for rank 0
c,t 27,28
Matrix Multiplication (5, 2), mask 17
Fusing gate 6(1) for rank 1
c,t 27,28
Matrix Multiplication (5, 2), mask 17
Gate 6: [28, ]
Fusing gate 5(0) for rank 0
t 28
Matrix Multiplication (5, 1), mask 16
Fusing gate 5(0) for rank 1
t 28
Matrix Multiplication (5, 1), mask 16
Gate 7: [27, 28, ]
Fusing gate 6(1) for rank 0
c,t 27,28
Matrix Multiplication (5, 2), mask 17
Fusing gate 6(1) for rank 1
c,t 27,28
Matrix Multiplication (5, 2), mask 17
Gate 8: [28, ]
Fusing gate 5(0) for rank 0
t 28
Matrix Multiplication (5, 1), mask 16
Fusing gate 5(0) for rank 1
t 28
Matrix Multiplication (5, 1), mask 16
Gate 9: [28, ]
Fusing gate 0(0) for rank 0
t 28
Matrix Multiplication (5, 1), mask 16
Fusing gate 0(0) for rank 1
t 28
Matrix Multiplication (5, 1), mask 16
Gate 10: [26, 27, ]
Fusing gate 6(1) for rank 0
c,t 26,27
Matrix Multiplication (5, 2), mask 9
Fusing gate 6(1) for rank 1
c,t 26,27
Matrix Multiplication (5, 2), mask 9
Gate 11: [27, ]
Fusing gate 5(0) for rank 0
t 27
Matrix Multiplication (5, 1), mask 1
Fusing gate 5(0) for rank 1
t 27
Matrix Multiplication (5, 1), mask 1
Gate 12: [26, 27, ]
Fusing gate 6(1) for rank 0
c,t 26,27
Matrix Multiplication (5, 2), mask 9
Fusing gate 6(1) for rank 1
c,t 26,27
Matrix Multiplication (5, 2), mask 9
Gate 13: [27, ]
Fusing gate 5(0) for rank 0
t 27
Matrix Multiplication (5, 1), mask 1
Fusing gate 5(0) for rank 1
t 27
Matrix Multiplication (5, 1), mask 1
Gate 14: [27, ]
Fusing gate 0(0) for rank 0
t 27
Matrix Multiplication (5, 1), mask 1
Fusing gate 0(0) for rank 1
t 27
Matrix Multiplication (5, 1), mask 1
Gate 15: [25, 26, ]
Fusing gate 6(1) for rank 0
c,t 25,26
Matrix Multiplication (5, 2), mask 12
Fusing gate 6(1) for rank 1
c,t 25,26
Matrix Multiplication (5, 2), mask 12
Gate 16: [26, ]
Fusing gate 5(0) for rank 0
t 26
Matrix Multiplication (5, 1), mask 8
Fusing gate 5(0) for rank 1
t 26
Matrix Multiplication (5, 1), mask 8
Gate 17: [25, 26, ]
Fusing gate 6(1) for rank 0
c,t 25,26
Matrix Multiplication (5, 2), mask 12
Fusing gate 6(1) for rank 1
c,t 25,26
Matrix Multiplication (5, 2), mask 12
Gate 18: [26, ]
Fusing gate 5(0) for rank 0
t 26
Matrix Multiplication (5, 1), mask 8
Fusing gate 5(0) for rank 1
t 26
Matrix Multiplication (5, 1), mask 8
Gate 19: [26, ]
Fusing gate 0(0) for rank 0
t 26
Matrix Multiplication (5, 1), mask 8
Fusing gate 0(0) for rank 1
t 26
Matrix Multiplication (5, 1), mask 8
Gate 20: [24, 25, ]
Fusing gate 6(1) for rank 0
c,t 24,25
Matrix Multiplication (5, 2), mask 6
Fusing gate 6(1) for rank 1
c,t 24,25
Matrix Multiplication (5, 2), mask 6
Gate 21: [25, ]
Fusing gate 5(0) for rank 0
t 25
Matrix Multiplication (5, 1), mask 4
Fusing gate 5(0) for rank 1
t 25
Matrix Multiplication (5, 1), mask 4
Gate 22: [24, 25, ]
Fusing gate 6(1) for rank 0
c,t 24,25
Matrix Multiplication (5, 2), mask 6
Fusing gate 6(1) for rank 1
c,t 24,25
Matrix Multiplication (5, 2), mask 6
Gate 23: [25, ]
Fusing gate 5(0) for rank 0
t 25
Matrix Multiplication (5, 1), mask 4
Fusing gate 5(0) for rank 1
t 25
Matrix Multiplication (5, 1), mask 4
Gate 24: [25, ]
Fusing gate 0(0) for rank 0
t 25
Matrix Multiplication (5, 1), mask 4
Fusing gate 0(0) for rank 1
t 25
Matrix Multiplication (5, 1), mask 4
Gate 25: [0, ]
Fusing gate 5(0) for rank 0
t 0
Fusing gate 5(0) for rank 1
t 0
Start fusing gates...
Reset qubit group map
(20, 20) (21, 21) (22, 22) (23, 23) (24, 24) current Layout: [27,1,2,3,4,5,6,7,8,9,10,11,12,13,14,15,16,17,18,19,20,21,22,23,24,25,26,28,0,]
Fusing Kernel (20 gates): qubits [20, 21, 22, 23, 24], gates fusion, qubits [20, 21, 22, 23, 24], gates CircuitSeq {
  [Q23, Q24] = cx(Q23, Q24)
  Q24 = rz(Q24, P61)
  [Q23, Q24] = cx(Q23, Q24)
  Q24 = rz(Q24, P109)
  Q24 = h(Q24)
  [Q22, Q23] = cx(Q22, Q23)
  Q23 = rz(Q23, P62)
  [Q22, Q23] = cx(Q22, Q23)
  Q23 = rz(Q23, P108)
  Q23 = h(Q23)
  [Q21, Q22] = cx(Q21, Q22)
  Q22 = rz(Q22, P63)
  [Q21, Q22] = cx(Q21, Q22)
  Q22 = rz(Q22, P107)
  Q22 = h(Q22)
  [Q20, Q21] = cx(Q20, Q21)
  Q21 = rz(Q21, P64)
  [Q20, Q21] = cx(Q20, Q21)
  Q21 = rz(Q21, P106)
  Q21 = h(Q21)
}

Gate 0: [23, 24, ]
Fusing gate 6(1) for rank 0
c,t 23,24
Matrix Multiplication (5, 2), mask 24
Fusing gate 6(1) for rank 1
c,t 23,24
Matrix Multiplication (5, 2), mask 24
Gate 1: [24, ]
Fusing gate 5(0) for rank 0
t 24
Matrix Multiplication (5, 1), mask 16
Fusing gate 5(0) for rank 1
t 24
Matrix Multiplication (5, 1), mask 16
Gate 2: [23, 24, ]
Fusing gate 6(1) for rank 0
c,t 23,24
Matrix Multiplication (5, 2), mask 24
Fusing gate 6(1) for rank 1
c,t 23,24
Matrix Multiplication (5, 2), mask 24
Gate 3: [24, ]
Fusing gate 5(0) for rank 0
t 24
Matrix Multiplication (5, 1), mask 16
Fusing gate 5(0) for rank 1
t 24
Matrix Multiplication (5, 1), mask 16
Gate 4: [24, ]
Fusing gate 0(0) for rank 0
t 24
Matrix Multiplication (5, 1), mask 16
Fusing gate 0(0) for rank 1
t 24
Matrix Multiplication (5, 1), mask 16
Gate 5: [22, 23, ]
Fusing gate 6(1) for rank 0
c,t 22,23
Matrix Multiplication (5, 2), mask 12
Fusing gate 6(1) for rank 1
c,t 22,23
Matrix Multiplication (5, 2), mask 12
Gate 6: [23, ]
Fusing gate 5(0) for rank 0
t 23
Matrix Multiplication (5, 1), mask 8
Fusing gate 5(0) for rank 1
t 23
Matrix Multiplication (5, 1), mask 8
Gate 7: [22, 23, ]
Fusing gate 6(1) for rank 0
c,t 22,23
Matrix Multiplication (5, 2), mask 12
Fusing gate 6(1) for rank 1
c,t 22,23
Matrix Multiplication (5, 2), mask 12
Gate 8: [23, ]
Fusing gate 5(0) for rank 0
t 23
Matrix Multiplication (5, 1), mask 8
Fusing gate 5(0) for rank 1
t 23
Matrix Multiplication (5, 1), mask 8
Gate 9: [23, ]
Fusing gate 0(0) for rank 0
t 23
Matrix Multiplication (5, 1), mask 8
Fusing gate 0(0) for rank 1
t 23
Matrix Multiplication (5, 1), mask 8
Gate 10: [21, 22, ]
Fusing gate 6(1) for rank 0
c,t 21,22
Matrix Multiplication (5, 2), mask 6
Fusing gate 6(1) for rank 1
c,t 21,22
Matrix Multiplication (5, 2), mask 6
Gate 11: [22, ]
Fusing gate 5(0) for rank 0
t 22
Matrix Multiplication (5, 1), mask 4
Fusing gate 5(0) for rank 1
t 22
Matrix Multiplication (5, 1), mask 4
Gate 12: [21, 22, ]
Fusing gate 6(1) for rank 0
c,t 21,22
Matrix Multiplication (5, 2), mask 6
Fusing gate 6(1) for rank 1
c,t 21,22
Matrix Multiplication (5, 2), mask 6
Gate 13: [22, ]
Fusing gate 5(0) for rank 0
t 22
Matrix Multiplication (5, 1), mask 4
Fusing gate 5(0) for rank 1
t 22
Matrix Multiplication (5, 1), mask 4
Gate 14: [22, ]
Fusing gate 0(0) for rank 0
t 22
Matrix Multiplication (5, 1), mask 4
Fusing gate 0(0) for rank 1
t 22
Matrix Multiplication (5, 1), mask 4
Gate 15: [20, 21, ]
Fusing gate 6(1) for rank 0
c,t 20,21
Matrix Multiplication (5, 2), mask 3
Fusing gate 6(1) for rank 1
c,t 20,21
Matrix Multiplication (5, 2), mask 3
Gate 16: [21, ]
Fusing gate 5(0) for rank 0
t 21
Matrix Multiplication (5, 1), mask 2
Fusing gate 5(0) for rank 1
t 21
Matrix Multiplication (5, 1), mask 2
Gate 17: [20, 21, ]
Fusing gate 6(1) for rank 0
c,t 20,21
Matrix Multiplication (5, 2), mask 3
Fusing gate 6(1) for rank 1
c,t 20,21
Matrix Multiplication (5, 2), mask 3
Gate 18: [21, ]
Fusing gate 5(0) for rank 0
t 21
Matrix Multiplication (5, 1), mask 2
Fusing gate 5(0) for rank 1
t 21
Matrix Multiplication (5, 1), mask 2
Gate 19: [21, ]
Fusing gate 0(0) for rank 0
t 21
Matrix Multiplication (5, 1), mask 2
Fusing gate 0(0) for rank 1
t 21
Matrix Multiplication (5, 1), mask 2
Start fusing gates...
Reset qubit group map
(16, 16) (17, 17) (18, 18) (19, 19) (20, 20) current Layout: [27,1,2,3,4,5,6,7,8,9,10,11,12,13,14,15,16,17,18,19,20,21,22,23,24,25,26,28,0,]
Fusing Kernel (20 gates): qubits [16, 17, 18, 19, 20], gates fusion, qubits [16, 17, 18, 19, 20], gates CircuitSeq {
  [Q19, Q20] = cx(Q19, Q20)
  Q20 = rz(Q20, P65)
  [Q19, Q20] = cx(Q19, Q20)
  Q20 = rz(Q20, P105)
  Q20 = h(Q20)
  [Q18, Q19] = cx(Q18, Q19)
  Q19 = rz(Q19, P66)
  [Q18, Q19] = cx(Q18, Q19)
  Q19 = rz(Q19, P104)
  Q19 = h(Q19)
  [Q17, Q18] = cx(Q17, Q18)
  Q18 = rz(Q18, P67)
  [Q17, Q18] = cx(Q17, Q18)
  Q18 = rz(Q18, P103)
  Q18 = h(Q18)
  [Q16, Q17] = cx(Q16, Q17)
  Q17 = rz(Q17, P68)
  [Q16, Q17] = cx(Q16, Q17)
  Q17 = rz(Q17, P102)
  Q17 = h(Q17)
}

Gate 0: [19, 20, ]
Fusing gate 6(1) for rank 0
c,t 19,20
Matrix Multiplication (5, 2), mask 24
Fusing gate 6(1) for rank 1
c,t 19,20
Matrix Multiplication (5, 2), mask 24
Gate 1: [20, ]
Fusing gate 5(0) for rank 0
t 20
Matrix Multiplication (5, 1), mask 16
Fusing gate 5(0) for rank 1
t 20
Matrix Multiplication (5, 1), mask 16
Gate 2: [19, 20, ]
Fusing gate 6(1) for rank 0
c,t 19,20
Matrix Multiplication (5, 2), mask 24
Fusing gate 6(1) for rank 1
c,t 19,20
Matrix Multiplication (5, 2), mask 24
Gate 3: [20, ]
Fusing gate 5(0) for rank 0
t 20
Matrix Multiplication (5, 1), mask 16
Fusing gate 5(0) for rank 1
t 20
Matrix Multiplication (5, 1), mask 16
Gate 4: [20, ]
Fusing gate 0(0) for rank 0
t 20
Matrix Multiplication (5, 1), mask 16
Fusing gate 0(0) for rank 1
t 20
Matrix Multiplication (5, 1), mask 16
Gate 5: [18, 19, ]
Fusing gate 6(1) for rank 0
c,t 18,19
Matrix Multiplication (5, 2), mask 12
Fusing gate 6(1) for rank 1
c,t 18,19
Matrix Multiplication (5, 2), mask 12
Gate 6: [19, ]
Fusing gate 5(0) for rank 0
t 19
Matrix Multiplication (5, 1), mask 8
Fusing gate 5(0) for rank 1
t 19
Matrix Multiplication (5, 1), mask 8
Gate 7: [18, 19, ]
Fusing gate 6(1) for rank 0
c,t 18,19
Matrix Multiplication (5, 2), mask 12
Fusing gate 6(1) for rank 1
c,t 18,19
Matrix Multiplication (5, 2), mask 12
Gate 8: [19, ]
Fusing gate 5(0) for rank 0
t 19
Matrix Multiplication (5, 1), mask 8
Fusing gate 5(0) for rank 1
t 19
Matrix Multiplication (5, 1), mask 8
Gate 9: [19, ]
Fusing gate 0(0) for rank 0
t 19
Matrix Multiplication (5, 1), mask 8
Fusing gate 0(0) for rank 1
t 19
Matrix Multiplication (5, 1), mask 8
Gate 10: [17, 18, ]
Fusing gate 6(1) for rank 0
c,t 17,18
Matrix Multiplication (5, 2), mask 6
Fusing gate 6(1) for rank 1
c,t 17,18
Matrix Multiplication (5, 2), mask 6
Gate 11: [18, ]
Fusing gate 5(0) for rank 0
t 18
Matrix Multiplication (5, 1), mask 4
Fusing gate 5(0) for rank 1
t 18
Matrix Multiplication (5, 1), mask 4
Gate 12: [17, 18, ]
Fusing gate 6(1) for rank 0
c,t 17,18
Matrix Multiplication (5, 2), mask 6
Fusing gate 6(1) for rank 1
c,t 17,18
Matrix Multiplication (5, 2), mask 6
Gate 13: [18, ]
Fusing gate 5(0) for rank 0
t 18
Matrix Multiplication (5, 1), mask 4
Fusing gate 5(0) for rank 1
t 18
Matrix Multiplication (5, 1), mask 4
Gate 14: [18, ]
Fusing gate 0(0) for rank 0
t 18
Matrix Multiplication (5, 1), mask 4
Fusing gate 0(0) for rank 1
t 18
Matrix Multiplication (5, 1), mask 4
Gate 15: [16, 17, ]
Fusing gate 6(1) for rank 0
c,t 16,17
Matrix Multiplication (5, 2), mask 3
Fusing gate 6(1) for rank 1
c,t 16,17
Matrix Multiplication (5, 2), mask 3
Gate 16: [17, ]
Fusing gate 5(0) for rank 0
t 17
Matrix Multiplication (5, 1), mask 2
Fusing gate 5(0) for rank 1
t 17
Matrix Multiplication (5, 1), mask 2
Gate 17: [16, 17, ]
Fusing gate 6(1) for rank 0
c,t 16,17
Matrix Multiplication (5, 2), mask 3
Fusing gate 6(1) for rank 1
c,t 16,17
Matrix Multiplication (5, 2), mask 3
Gate 18: [17, ]
Fusing gate 5(0) for rank 0
t 17
Matrix Multiplication (5, 1), mask 2
Fusing gate 5(0) for rank 1
t 17
Matrix Multiplication (5, 1), mask 2
Gate 19: [17, ]
Fusing gate 0(0) for rank 0
t 17
Matrix Multiplication (5, 1), mask 2
Fusing gate 0(0) for rank 1
t 17
Matrix Multiplication (5, 1), mask 2
Start fusing gates...
Reset qubit group map
(12, 12) (13, 13) (14, 14) (15, 15) (16, 16) current Layout: [27,1,2,3,4,5,6,7,8,9,10,11,12,13,14,15,16,17,18,19,20,21,22,23,24,25,26,28,0,]
Fusing Kernel (20 gates): qubits [12, 13, 14, 15, 16], gates fusion, qubits [12, 13, 14, 15, 16], gates CircuitSeq {
  [Q15, Q16] = cx(Q15, Q16)
  Q16 = rz(Q16, P69)
  [Q15, Q16] = cx(Q15, Q16)
  Q16 = rz(Q16, P101)
  Q16 = h(Q16)
  [Q14, Q15] = cx(Q14, Q15)
  Q15 = rz(Q15, P70)
  [Q14, Q15] = cx(Q14, Q15)
  Q15 = rz(Q15, P100)
  Q15 = h(Q15)
  [Q13, Q14] = cx(Q13, Q14)
  Q14 = rz(Q14, P71)
  [Q13, Q14] = cx(Q13, Q14)
  Q14 = rz(Q14, P99)
  Q14 = h(Q14)
  [Q12, Q13] = cx(Q12, Q13)
  Q13 = rz(Q13, P72)
  [Q12, Q13] = cx(Q12, Q13)
  Q13 = rz(Q13, P98)
  Q13 = h(Q13)
}

Gate 0: [15, 16, ]
Fusing gate 6(1) for rank 0
c,t 15,16
Matrix Multiplication (5, 2), mask 24
Fusing gate 6(1) for rank 1
c,t 15,16
Matrix Multiplication (5, 2), mask 24
Gate 1: [16, ]
Fusing gate 5(0) for rank 0
t 16
Matrix Multiplication (5, 1), mask 16
Fusing gate 5(0) for rank 1
t 16
Matrix Multiplication (5, 1), mask 16
Gate 2: [15, 16, ]
Fusing gate 6(1) for rank 0
c,t 15,16
Matrix Multiplication (5, 2), mask 24
Fusing gate 6(1) for rank 1
c,t 15,16
Matrix Multiplication (5, 2), mask 24
Gate 3: [16, ]
Fusing gate 5(0) for rank 0
t 16
Matrix Multiplication (5, 1), mask 16
Fusing gate 5(0) for rank 1
t 16
Matrix Multiplication (5, 1), mask 16
Gate 4: [16, ]
Fusing gate 0(0) for rank 0
t 16
Matrix Multiplication (5, 1), mask 16
Fusing gate 0(0) for rank 1
t 16
Matrix Multiplication (5, 1), mask 16
Gate 5: [14, 15, ]
Fusing gate 6(1) for rank 0
c,t 14,15
Matrix Multiplication (5, 2), mask 12
Fusing gate 6(1) for rank 1
c,t 14,15
Matrix Multiplication (5, 2), mask 12
Gate 6: [15, ]
Fusing gate 5(0) for rank 0
t 15
Matrix Multiplication (5, 1), mask 8
Fusing gate 5(0) for rank 1
t 15
Matrix Multiplication (5, 1), mask 8
Gate 7: [14, 15, ]
Fusing gate 6(1) for rank 0
c,t 14,15
Matrix Multiplication (5, 2), mask 12
Fusing gate 6(1) for rank 1
c,t 14,15
Matrix Multiplication (5, 2), mask 12
Gate 8: [15, ]
Fusing gate 5(0) for rank 0
t 15
Matrix Multiplication (5, 1), mask 8
Fusing gate 5(0) for rank 1
t 15
Matrix Multiplication (5, 1), mask 8
Gate 9: [15, ]
Fusing gate 0(0) for rank 0
t 15
Matrix Multiplication (5, 1), mask 8
Fusing gate 0(0) for rank 1
t 15
Matrix Multiplication (5, 1), mask 8
Gate 10: [13, 14, ]
Fusing gate 6(1) for rank 0
c,t 13,14
Matrix Multiplication (5, 2), mask 6
Fusing gate 6(1) for rank 1
c,t 13,14
Matrix Multiplication (5, 2), mask 6
Gate 11: [14, ]
Fusing gate 5(0) for rank 0
t 14
Matrix Multiplication (5, 1), mask 4
Fusing gate 5(0) for rank 1
t 14
Matrix Multiplication (5, 1), mask 4
Gate 12: [13, 14, ]
Fusing gate 6(1) for rank 0
c,t 13,14
Matrix Multiplication (5, 2), mask 6
Fusing gate 6(1) for rank 1
c,t 13,14
Matrix Multiplication (5, 2), mask 6
Gate 13: [14, ]
Fusing gate 5(0) for rank 0
t 14
Matrix Multiplication (5, 1), mask 4
Fusing gate 5(0) for rank 1
t 14
Matrix Multiplication (5, 1), mask 4
Gate 14: [14, ]
Fusing gate 0(0) for rank 0
t 14
Matrix Multiplication (5, 1), mask 4
Fusing gate 0(0) for rank 1
t 14
Matrix Multiplication (5, 1), mask 4
Gate 15: [12, 13, ]
Fusing gate 6(1) for rank 0
c,t 12,13
Matrix Multiplication (5, 2), mask 3
Fusing gate 6(1) for rank 1
c,t 12,13
Matrix Multiplication (5, 2), mask 3
Gate 16: [13, ]
Fusing gate 5(0) for rank 0
t 13
Matrix Multiplication (5, 1), mask 2
Fusing gate 5(0) for rank 1
t 13
Matrix Multiplication (5, 1), mask 2
Gate 17: [12, 13, ]
Fusing gate 6(1) for rank 0
c,t 12,13
Matrix Multiplication (5, 2), mask 3
Fusing gate 6(1) for rank 1
c,t 12,13
Matrix Multiplication (5, 2), mask 3
Gate 18: [13, ]
Fusing gate 5(0) for rank 0
t 13
Matrix Multiplication (5, 1), mask 2
Fusing gate 5(0) for rank 1
t 13
Matrix Multiplication (5, 1), mask 2
Gate 19: [13, ]
Fusing gate 0(0) for rank 0
t 13
Matrix Multiplication (5, 1), mask 2
Fusing gate 0(0) for rank 1
t 13
Matrix Multiplication (5, 1), mask 2
Start fusing gates...
Reset qubit group map
(8, 8) (9, 9) (10, 10) (11, 11) (12, 12) current Layout: [27,1,2,3,4,5,6,7,8,9,10,11,12,13,14,15,16,17,18,19,20,21,22,23,24,25,26,28,0,]
Fusing Kernel (20 gates): qubits [8, 9, 10, 11, 12], gates fusion, qubits [8, 9, 10, 11, 12], gates CircuitSeq {
  [Q11, Q12] = cx(Q11, Q12)
  Q12 = rz(Q12, P73)
  [Q11, Q12] = cx(Q11, Q12)
  Q12 = rz(Q12, P97)
  Q12 = h(Q12)
  [Q10, Q11] = cx(Q10, Q11)
  Q11 = rz(Q11, P74)
  [Q10, Q11] = cx(Q10, Q11)
  Q11 = rz(Q11, P96)
  Q11 = h(Q11)
  [Q9, Q10] = cx(Q9, Q10)
  Q10 = rz(Q10, P75)
  [Q9, Q10] = cx(Q9, Q10)
  Q10 = rz(Q10, P95)
  Q10 = h(Q10)
  [Q8, Q9] = cx(Q8, Q9)
  Q9 = rz(Q9, P76)
  [Q8, Q9] = cx(Q8, Q9)
  Q9 = rz(Q9, P94)
  Q9 = h(Q9)
}

Gate 0: [11, 12, ]
Fusing gate 6(1) for rank 0
c,t 11,12
Matrix Multiplication (5, 2), mask 24
Fusing gate 6(1) for rank 1
c,t 11,12
Matrix Multiplication (5, 2), mask 24
Gate 1: [12, ]
Fusing gate 5(0) for rank 0
t 12
Matrix Multiplication (5, 1), mask 16
Fusing gate 5(0) for rank 1
t 12
Matrix Multiplication (5, 1), mask 16
Gate 2: [11, 12, ]
Fusing gate 6(1) for rank 0
c,t 11,12
Matrix Multiplication (5, 2), mask 24
Fusing gate 6(1) for rank 1
c,t 11,12
Matrix Multiplication (5, 2), mask 24
Gate 3: [12, ]
Fusing gate 5(0) for rank 0
t 12
Matrix Multiplication (5, 1), mask 16
Fusing gate 5(0) for rank 1
t 12
Matrix Multiplication (5, 1), mask 16
Gate 4: [12, ]
Fusing gate 0(0) for rank 0
t 12
Matrix Multiplication (5, 1), mask 16
Fusing gate 0(0) for rank 1
t 12
Matrix Multiplication (5, 1), mask 16
Gate 5: [10, 11, ]
Fusing gate 6(1) for rank 0
c,t 10,11
Matrix Multiplication (5, 2), mask 12
Fusing gate 6(1) for rank 1
c,t 10,11
Matrix Multiplication (5, 2), mask 12
Gate 6: [11, ]
Fusing gate 5(0) for rank 0
t 11
Matrix Multiplication (5, 1), mask 8
Fusing gate 5(0) for rank 1
t 11
Matrix Multiplication (5, 1), mask 8
Gate 7: [10, 11, ]
Fusing gate 6(1) for rank 0
c,t 10,11
Matrix Multiplication (5, 2), mask 12
Fusing gate 6(1) for rank 1
c,t 10,11
Matrix Multiplication (5, 2), mask 12
Gate 8: [11, ]
Fusing gate 5(0) for rank 0
t 11
Matrix Multiplication (5, 1), mask 8
Fusing gate 5(0) for rank 1
t 11
Matrix Multiplication (5, 1), mask 8
Gate 9: [11, ]
Fusing gate 0(0) for rank 0
t 11
Matrix Multiplication (5, 1), mask 8
Fusing gate 0(0) for rank 1
t 11
Matrix Multiplication (5, 1), mask 8
Gate 10: [9, 10, ]
Fusing gate 6(1) for rank 0
c,t 9,10
Matrix Multiplication (5, 2), mask 6
Fusing gate 6(1) for rank 1
c,t 9,10
Matrix Multiplication (5, 2), mask 6
Gate 11: [10, ]
Fusing gate 5(0) for rank 0
t 10
Matrix Multiplication (5, 1), mask 4
Fusing gate 5(0) for rank 1
t 10
Matrix Multiplication (5, 1), mask 4
Gate 12: [9, 10, ]
Fusing gate 6(1) for rank 0
c,t 9,10
Matrix Multiplication (5, 2), mask 6
Fusing gate 6(1) for rank 1
c,t 9,10
Matrix Multiplication (5, 2), mask 6
Gate 13: [10, ]
Fusing gate 5(0) for rank 0
t 10
Matrix Multiplication (5, 1), mask 4
Fusing gate 5(0) for rank 1
t 10
Matrix Multiplication (5, 1), mask 4
Gate 14: [10, ]
Fusing gate 0(0) for rank 0
t 10
Matrix Multiplication (5, 1), mask 4
Fusing gate 0(0) for rank 1
t 10
Matrix Multiplication (5, 1), mask 4
Gate 15: [8, 9, ]
Fusing gate 6(1) for rank 0
c,t 8,9
Matrix Multiplication (5, 2), mask 3
Fusing gate 6(1) for rank 1
c,t 8,9
Matrix Multiplication (5, 2), mask 3
Gate 16: [9, ]
Fusing gate 5(0) for rank 0
t 9
Matrix Multiplication (5, 1), mask 2
Fusing gate 5(0) for rank 1
t 9
Matrix Multiplication (5, 1), mask 2
Gate 17: [8, 9, ]
Fusing gate 6(1) for rank 0
c,t 8,9
Matrix Multiplication (5, 2), mask 3
Fusing gate 6(1) for rank 1
c,t 8,9
Matrix Multiplication (5, 2), mask 3
Gate 18: [9, ]
Fusing gate 5(0) for rank 0
t 9
Matrix Multiplication (5, 1), mask 2
Fusing gate 5(0) for rank 1
t 9
Matrix Multiplication (5, 1), mask 2
Gate 19: [9, ]
Fusing gate 0(0) for rank 0
t 9
Matrix Multiplication (5, 1), mask 2
Fusing gate 0(0) for rank 1
t 9
Matrix Multiplication (5, 1), mask 2
Start fusing gates...
Reset qubit group map
(4, 4) (5, 5) (6, 6) (7, 7) (8, 8) current Layout: [27,1,2,3,4,5,6,7,8,9,10,11,12,13,14,15,16,17,18,19,20,21,22,23,24,25,26,28,0,]
Fusing Kernel (20 gates): qubits [4, 5, 6, 7, 8], gates fusion, qubits [4, 5, 6, 7, 8], gates CircuitSeq {
  [Q7, Q8] = cx(Q7, Q8)
  Q8 = rz(Q8, P77)
  [Q7, Q8] = cx(Q7, Q8)
  Q8 = rz(Q8, P93)
  Q8 = h(Q8)
  [Q6, Q7] = cx(Q6, Q7)
  Q7 = rz(Q7, P78)
  [Q6, Q7] = cx(Q6, Q7)
  Q7 = rz(Q7, P92)
  Q7 = h(Q7)
  [Q5, Q6] = cx(Q5, Q6)
  Q6 = rz(Q6, P79)
  [Q5, Q6] = cx(Q5, Q6)
  Q6 = rz(Q6, P91)
  Q6 = h(Q6)
  [Q4, Q5] = cx(Q4, Q5)
  Q5 = rz(Q5, P80)
  [Q4, Q5] = cx(Q4, Q5)
  Q5 = rz(Q5, P90)
  Q5 = h(Q5)
}

Gate 0: [7, 8, ]
Fusing gate 6(1) for rank 0
c,t 7,8
Matrix Multiplication (5, 2), mask 24
Fusing gate 6(1) for rank 1
c,t 7,8
Matrix Multiplication (5, 2), mask 24
Gate 1: [8, ]
Fusing gate 5(0) for rank 0
t 8
Matrix Multiplication (5, 1), mask 16
Fusing gate 5(0) for rank 1
t 8
Matrix Multiplication (5, 1), mask 16
Gate 2: [7, 8, ]
Fusing gate 6(1) for rank 0
c,t 7,8
Matrix Multiplication (5, 2), mask 24
Fusing gate 6(1) for rank 1
c,t 7,8
Matrix Multiplication (5, 2), mask 24
Gate 3: [8, ]
Fusing gate 5(0) for rank 0
t 8
Matrix Multiplication (5, 1), mask 16
Fusing gate 5(0) for rank 1
t 8
Matrix Multiplication (5, 1), mask 16
Gate 4: [8, ]
Fusing gate 0(0) for rank 0
t 8
Matrix Multiplication (5, 1), mask 16
Fusing gate 0(0) for rank 1
t 8
Matrix Multiplication (5, 1), mask 16
Gate 5: [6, 7, ]
Fusing gate 6(1) for rank 0
c,t 6,7
Matrix Multiplication (5, 2), mask 12
Fusing gate 6(1) for rank 1
c,t 6,7
Matrix Multiplication (5, 2), mask 12
Gate 6: [7, ]
Fusing gate 5(0) for rank 0
t 7
Matrix Multiplication (5, 1), mask 8
Fusing gate 5(0) for rank 1
t 7
Matrix Multiplication (5, 1), mask 8
Gate 7: [6, 7, ]
Fusing gate 6(1) for rank 0
c,t 6,7
Matrix Multiplication (5, 2), mask 12
Fusing gate 6(1) for rank 1
c,t 6,7
Matrix Multiplication (5, 2), mask 12
Gate 8: [7, ]
Fusing gate 5(0) for rank 0
t 7
Matrix Multiplication (5, 1), mask 8
Fusing gate 5(0) for rank 1
t 7
Matrix Multiplication (5, 1), mask 8
Gate 9: [7, ]
Fusing gate 0(0) for rank 0
t 7
Matrix Multiplication (5, 1), mask 8
Fusing gate 0(0) for rank 1
t 7
Matrix Multiplication (5, 1), mask 8
Gate 10: [5, 6, ]
Fusing gate 6(1) for rank 0
c,t 5,6
Matrix Multiplication (5, 2), mask 6
Fusing gate 6(1) for rank 1
c,t 5,6
Matrix Multiplication (5, 2), mask 6
Gate 11: [6, ]
Fusing gate 5(0) for rank 0
t 6
Matrix Multiplication (5, 1), mask 4
Fusing gate 5(0) for rank 1
t 6
Matrix Multiplication (5, 1), mask 4
Gate 12: [5, 6, ]
Fusing gate 6(1) for rank 0
c,t 5,6
Matrix Multiplication (5, 2), mask 6
Fusing gate 6(1) for rank 1
c,t 5,6
Matrix Multiplication (5, 2), mask 6
Gate 13: [6, ]
Fusing gate 5(0) for rank 0
t 6
Matrix Multiplication (5, 1), mask 4
Fusing gate 5(0) for rank 1
t 6
Matrix Multiplication (5, 1), mask 4
Gate 14: [6, ]
Fusing gate 0(0) for rank 0
t 6
Matrix Multiplication (5, 1), mask 4
Fusing gate 0(0) for rank 1
t 6
Matrix Multiplication (5, 1), mask 4
Gate 15: [4, 5, ]
Fusing gate 6(1) for rank 0
c,t 4,5
Matrix Multiplication (5, 2), mask 3
Fusing gate 6(1) for rank 1
c,t 4,5
Matrix Multiplication (5, 2), mask 3
Gate 16: [5, ]
Fusing gate 5(0) for rank 0
t 5
Matrix Multiplication (5, 1), mask 2
Fusing gate 5(0) for rank 1
t 5
Matrix Multiplication (5, 1), mask 2
Gate 17: [4, 5, ]
Fusing gate 6(1) for rank 0
c,t 4,5
Matrix Multiplication (5, 2), mask 3
Fusing gate 6(1) for rank 1
c,t 4,5
Matrix Multiplication (5, 2), mask 3
Gate 18: [5, ]
Fusing gate 5(0) for rank 0
t 5
Matrix Multiplication (5, 1), mask 2
Fusing gate 5(0) for rank 1
t 5
Matrix Multiplication (5, 1), mask 2
Gate 19: [5, ]
Fusing gate 0(0) for rank 0
t 5
Matrix Multiplication (5, 1), mask 2
Fusing gate 0(0) for rank 1
t 5
Matrix Multiplication (5, 1), mask 2
Start fusing gates...
Reset qubit group map
(1, 1) (2, 2) (3, 3) (4, 4) current Layout: [27,1,2,3,4,5,6,7,8,9,10,11,12,13,14,15,16,17,18,19,20,21,22,23,24,25,26,28,0,]
Fusing Kernel (20 gates): qubits [1, 2, 3, 4], gates fusion, qubits [1, 2, 3, 4], gates CircuitSeq {
  [Q3, Q4] = cx(Q3, Q4)
  Q4 = rz(Q4, P81)
  [Q3, Q4] = cx(Q3, Q4)
  Q4 = rz(Q4, P89)
  Q4 = h(Q4)
  [Q2, Q3] = cx(Q2, Q3)
  Q3 = rz(Q3, P82)
  [Q2, Q3] = cx(Q2, Q3)
  Q3 = rz(Q3, P88)
  Q3 = h(Q3)
  [Q1, Q2] = cx(Q1, Q2)
  Q2 = rz(Q2, P83)
  [Q1, Q2] = cx(Q1, Q2)
  [Q0, Q1] = cx(Q0, Q1)
  Q1 = rz(Q1, P84)
  [Q0, Q1] = cx(Q0, Q1)
  Q1 = rz(Q1, P86)
  Q1 = h(Q1)
  Q2 = rz(Q2, P87)
  Q2 = h(Q2)
}

Gate 0: [3, 4, ]
Fusing gate 6(1) for rank 0
c,t 3,4
Matrix Multiplication (4, 2), mask 12
Fusing gate 6(1) for rank 1
c,t 3,4
Matrix Multiplication (4, 2), mask 12
Gate 1: [4, ]
Fusing gate 5(0) for rank 0
t 4
Matrix Multiplication (4, 1), mask 8
Fusing gate 5(0) for rank 1
t 4
Matrix Multiplication (4, 1), mask 8
Gate 2: [3, 4, ]
Fusing gate 6(1) for rank 0
c,t 3,4
Matrix Multiplication (4, 2), mask 12
Fusing gate 6(1) for rank 1
c,t 3,4
Matrix Multiplication (4, 2), mask 12
Gate 3: [4, ]
Fusing gate 5(0) for rank 0
t 4
Matrix Multiplication (4, 1), mask 8
Fusing gate 5(0) for rank 1
t 4
Matrix Multiplication (4, 1), mask 8
Gate 4: [4, ]
Fusing gate 0(0) for rank 0
t 4
Matrix Multiplication (4, 1), mask 8
Fusing gate 0(0) for rank 1
t 4
Matrix Multiplication (4, 1), mask 8
Gate 5: [2, 3, ]
Fusing gate 6(1) for rank 0
c,t 2,3
Matrix Multiplication (4, 2), mask 6
Fusing gate 6(1) for rank 1
c,t 2,3
Matrix Multiplication (4, 2), mask 6
Gate 6: [3, ]
Fusing gate 5(0) for rank 0
t 3
Matrix Multiplication (4, 1), mask 4
Fusing gate 5(0) for rank 1
t 3
Matrix Multiplication (4, 1), mask 4
Gate 7: [2, 3, ]
Fusing gate 6(1) for rank 0
c,t 2,3
Matrix Multiplication (4, 2), mask 6
Fusing gate 6(1) for rank 1
c,t 2,3
Matrix Multiplication (4, 2), mask 6
Gate 8: [3, ]
Fusing gate 5(0) for rank 0
t 3
Matrix Multiplication (4, 1), mask 4
Fusing gate 5(0) for rank 1
t 3
Matrix Multiplication (4, 1), mask 4
Gate 9: [3, ]
Fusing gate 0(0) for rank 0
t 3
Matrix Multiplication (4, 1), mask 4
Fusing gate 0(0) for rank 1
t 3
Matrix Multiplication (4, 1), mask 4
Gate 10: [1, 2, ]
Fusing gate 6(1) for rank 0
c,t 1,2
Matrix Multiplication (4, 2), mask 3
Fusing gate 6(1) for rank 1
c,t 1,2
Matrix Multiplication (4, 2), mask 3
Gate 11: [2, ]
Fusing gate 5(0) for rank 0
t 2
Matrix Multiplication (4, 1), mask 2
Fusing gate 5(0) for rank 1
t 2
Matrix Multiplication (4, 1), mask 2
Gate 12: [1, 2, ]
Fusing gate 6(1) for rank 0
c,t 1,2
Matrix Multiplication (4, 2), mask 3
Fusing gate 6(1) for rank 1
c,t 1,2
Matrix Multiplication (4, 2), mask 3
Gate 13: [0, 1, ]
Fusing gate 6(1) for rank 0
c,t 0,1
Fusing gate 6(1) for rank 1
c,t 0,1
Matrix Multiplication (4, 1), mask 1
Gate 14: [1, ]
Fusing gate 5(0) for rank 0
t 1
Matrix Multiplication (4, 1), mask 1
Fusing gate 5(0) for rank 1
t 1
Matrix Multiplication (4, 1), mask 1
Gate 15: [0, 1, ]
Fusing gate 6(1) for rank 0
c,t 0,1
Fusing gate 6(1) for rank 1
c,t 0,1
Matrix Multiplication (4, 1), mask 1
Gate 16: [1, ]
Fusing gate 5(0) for rank 0
t 1
Matrix Multiplication (4, 1), mask 1
Fusing gate 5(0) for rank 1
t 1
Matrix Multiplication (4, 1), mask 1
Gate 17: [1, ]
Fusing gate 0(0) for rank 0
t 1
Matrix Multiplication (4, 1), mask 1
Fusing gate 0(0) for rank 1
t 1
Matrix Multiplication (4, 1), mask 1
Gate 18: [2, ]
Fusing gate 5(0) for rank 0
t 2
Matrix Multiplication (4, 1), mask 2
Fusing gate 5(0) for rank 1
t 2
Matrix Multiplication (4, 1), mask 2
Gate 19: [2, ]
Fusing gate 0(0) for rank 0
t 2
Matrix Multiplication (4, 1), mask 2
Fusing gate 0(0) for rank 1
t 2
Matrix Multiplication (4, 1), mask 2
Current Layout0: [27, 1, 2, 3, 4, 5, 6, 7, 8, 9, 10, 11, 12, 13, 14, 15, 16, 17, 18, 19, 20, 21, 22, 23, 24, 25, 26, 0, 28, Start fusing gates...
Reset qubit group map
(27, 0) current Layout: [27,1,2,3,4,5,6,7,8,9,10,11,12,13,14,15,16,17,18,19,20,21,22,23,24,25,26,0,28,]
Fusing Kernel (1 gates): qubits [0], gates fusion, qubits [0], gates CircuitSeq {
  Q0 = h(Q0)
}

Gate 0: [0, ]
Fusing gate 0(0) for rank 0
t 0
Matrix Multiplication (1, 1), mask 1
Fusing gate 0(0) for rank 1
t 0
Matrix Multiplication (1, 1), mask 1
Compilation Done! 
Num Shuffles: 2
Num FUSION Kernel: 15
Num SHM Kernel: 0
Start Simulating...
[warmup] size total:2147483648
NCCL comm nRanks: 2, i am 0
I am 0, mask 1, I am sending to 0
I am 0, mask 1, I am sending to 1
NCCL comm nRanks: 2, i am 1
I am 1, mask 1, I am sending to 0
I am 1, mask 1, I am sending to 1
hello checking all2all
Init State Vectors!
Using NCCL for cross-node shuffle
My physical id:0, 1
NCCL comm nRanks: 2, i am 0
I am 0, mask 1, I am sending to 0
I am 0, mask 1, I am sending to 1
My physical id:1, 1
NCCL comm nRanks: 2, i am 1
I am 1, mask 1, I am sending to 0
I am 1, mask 1, I am sending to 1
[NCCL Rank 0] Shuffle Time: 36.68ms
[NCCL Rank 1] Shuffle Time: 36.68ms
Using NCCL for cross-node shuffle
My physical id:0, 1
NCCL comm nRanks: 2, i am 0
I am 0, mask 1, I am sending to 0
I am 0, mask 1, I am sending to 1
My physical id:1, 1
NCCL comm nRanks: 2, i am 1
I am 1, mask 1, I am sending to 0
I am 1, mask 1, I am sending to 1
[NCCL Rank 0] Shuffle Time: 35.61ms
[NCCL Rank 1] Shuffle Time: 35.60ms
Finish Simulating! Total: 15 FUSE Kernel, 0 SHM Kernel, 2 Shuffles.
[NCCL Rank 0] Total Simulation Time: 201.86ms
[NCCL Rank 1] Total Simulation Time: 201.87ms
[MPI Rank 0]: Shuffle 0 cost 36.68ms on average.
[MPI Rank 0]: Shuffle 1 cost 35.60ms on average.
Solving ILP for num_qubits=29, num_local_qubits=28, num_global_qubits=0, num_iterations=1...
Available solvers: ['PULP_CBC_CMD', 'HiGHS_CMD']
Running HiGHS 1.5.0 [date: 2023-11-09, git hash: 8a114449a]
Copyright (c) 2022 HiGHS under MIT licence terms
Number of BV entries in BOUNDS section is 626
MIP  014bc019d6a94defacb985baabc09e04-pulp has 1787 rows; 627 cols; 3230 nonzeros; 626 integer variables
Presolving model
1189 rows, 29 cols, 199 nonzeros
Presolve: Infeasible

Solving report
  Status            Infeasible
  Primal bound      inf
  Dual bound        -inf
  Gap               inf
  Solution status   -
  Timing            0.00 (total)
                    0.00 (presolve)
                    0.00 (postsolve)
  Nodes             0
  LP iterations     0 (total)
                    0 (strong br.)
                    0 (separation)
                    0 (heuristics)
Writing the solution to /tmp/014bc019d6a94defacb985baabc09e04-pulp.sol
Solving ILP for num_qubits=29, num_local_qubits=28, num_global_qubits=0, num_iterations=2...
Available solvers: ['PULP_CBC_CMD', 'HiGHS_CMD']
Running HiGHS 1.5.0 [date: 2023-11-09, git hash: 8a114449a]
Copyright (c) 2022 HiGHS under MIT licence terms
Number of BV entries in BOUNDS section is 1026
MIP  5a589029a36a45b9b340bc19640b23d2-pulp has 2697 rows; 1026 cols; 5332 nonzeros; 1026 integer variables
Presolving model
2040 rows, 371 cols, 2127 nonzeros
566 rows, 199 cols, 1215 nonzeros
424 rows, 199 cols, 931 nonzeros
Presolve: Infeasible

Solving report
  Status            Infeasible
  Primal bound      inf
  Dual bound        -inf
  Gap               inf
  Solution status   -
  Timing            0.01 (total)
                    0.01 (presolve)
                    0.00 (postsolve)
  Nodes             0
  LP iterations     0 (total)
                    0 (strong br.)
                    0 (separation)
                    0 (heuristics)
Writing the solution to /tmp/5a589029a36a45b9b340bc19640b23d2-pulp.sol
Solving ILP for num_qubits=29, num_local_qubits=28, num_global_qubits=0, num_iterations=3...
Available solvers: ['PULP_CBC_CMD', 'HiGHS_CMD']
Running HiGHS 1.5.0 [date: 2023-11-09, git hash: 8a114449a]
Copyright (c) 2022 HiGHS under MIT licence terms
Number of BV entries in BOUNDS section is 1426
MIP  741a964c279d4aa0841d2ca04f596d38-pulp has 3607 rows; 1426 cols; 7434 nonzeros; 1426 integer variables
Presolving model
2891 rows, 713 cols, 4055 nonzeros
1587 rows, 713 cols, 3483 nonzeros
705 rows, 410 cols, 1542 nonzeros
Objective function is integral with scale 1

Solving MIP model with:
   705 rows
   410 cols (410 binary, 0 integer, 0 implied int., 0 continuous)
   1542 nonzeros

        Nodes      |    B&B Tree     |            Objective Bounds              |  Dynamic Constraints |       Work      
     Proc. InQueue |  Leaves   Expl. | BestBound       BestSol              Gap |   Cuts   InLp Confl. | LpIters     Time

         0       0         0   0.00%   0               inf                  inf        0      0      0         0     0.1s
 R       0       0         0   0.00%   0               2                100.00%        0      0      0       379     0.1s

Solving report
  Status            Optimal
  Primal bound      2
  Dual bound        2
  Gap               0% (tolerance: 0.01%)
  Solution status   feasible
                    2 (objective)
                    0 (bound viol.)
                    0 (int. viol.)
                    0 (row viol.)
  Timing            0.08 (total)
                    0.05 (presolve)
                    0.00 (postsolve)
  Nodes             1
  LP iterations     379 (total)
                    0 (strong br.)
                    0 (separation)
                    0 (heuristics)
Writing the solution to /tmp/741a964c279d4aa0841d2ca04f596d38-pulp.sol
[MPI Rank 0]: Destroyed everthing!
Time Cost: 236748 us
Destroyed the simulator
