Num ranks: 16, myrank: 5
Num ranks: 16, myrank: 4
Num ranks: 16, myrank: 1
Num ranks: 16, myrank: 3
Num ranks: 16, myrank: 2
Num ranks: 16, myrank: 11
Num ranks: 16, myrank: 8
Num ranks: 16, myrank: 0
Num ranks: 16, myrank: 9
Num ranks: 16, myrank: 13
Num ranks: 16, myrank: 7
Num ranks: 16, myrank: 6
Num ranks: 16, myrank: 12
Num ranks: 16, myrank: 10
Num ranks: 16, myrank: 14
Num ranks: 16, myrank: 15
Use cached schedule
Use cached schedule
Use cached schedule
Use cached schedule
Use cached schedule
Use cached schedule
Use cached schedule
Use cached schedule
Use cached schedule
Use cached schedule
Use cached schedule
Use cached schedule
Use cached schedule
Use cached schedule
Use cached schedule
Compilation Done! 
Num Shuffles: 3
Num FUSION Kernel: 14
Num SHM Kernel: 19
Start Simulating...
Compilation Done! 
Num Shuffles: 3
Num FUSION Kernel: 14
Num SHM Kernel: 19
Start Simulating...
Compilation Done! 
Num Shuffles: 3
Num FUSION Kernel: 14
Num SHM Kernel: 19
Start Simulating...
Compilation Done! 
Num Shuffles: 3
Num FUSION Kernel: 14
Num SHM Kernel: 19
Start Simulating...
Compilation Done! 
Num Shuffles: 3
Num FUSION Kernel: 14
Num SHM Kernel: 19
Start Simulating...
Compilation Done! 
Num Shuffles: 3
Num FUSION Kernel: 14
Num SHM Kernel: 19
Start Simulating...
Compilation Done! 
Num Shuffles: 3
Num FUSION Kernel: 14
Num SHM Kernel: 19
Start Simulating...
Compilation Done! 
Num Shuffles: 3
Num FUSION Kernel: 14
Num SHM Kernel: 19
Start Simulating...
Use cached schedule
Compilation Done! 
Num Shuffles: 3
Num FUSION Kernel: 14
Num SHM Kernel: 19
Start Simulating...
Compilation Done! 
Num Shuffles: 3
Num FUSION Kernel: 14
Num SHM Kernel: 19
Start Simulating...
Compilation Done! 
Num Shuffles: 3
Num FUSION Kernel: 14
Num SHM Kernel: 19
Start Simulating...
Compilation Done! 
Num Shuffles: 3
Num FUSION Kernel: 14
Num SHM Kernel: 19
Start Simulating...
Compilation Done! 
Num Shuffles: 3
Num FUSION Kernel: 14
Num SHM Kernel: 19
Start Simulating...
Compilation Done! 
Num Shuffles: 3
Num FUSION Kernel: 14
Num SHM Kernel: 19
Start Simulating...
Compilation Done! 
Num Shuffles: 3
Num FUSION Kernel: 14
Num SHM Kernel: 19
Start Simulating...
Compilation Done! 
Num Shuffles: 3
Num FUSION Kernel: 14
Num SHM Kernel: 19
Start Simulating...
[warmup] size total:67108864
[warmup] size total:67108864
[warmup] size total:67108864
[warmup] size total:67108864
[warmup] size total:67108864
[warmup] size total:67108864
[warmup] size total:67108864
[warmup] size total:67108864
[warmup] size total:67108864
[warmup] size total:67108864
[warmup] size total:67108864
[warmup] size total:67108864
[warmup] size total:67108864
[warmup] size total:67108864
[warmup] size total:67108864
[warmup] size total:67108864
Init State Vectors on 4 devices
Init State Vectors on 4 devices
Init State Vectors on 4 devices
Init State Vectors on 4 devices
Init State Vectors on 4 devices
Init State Vectors on 4 devices
Init State Vectors on 4 devices
Init State Vectors on 4 devices
Init State Vectors on 4 devices
Init State Vectors on 4 devices
Init State Vectors on 4 devices
Init State Vectors on 4 devices
Init State Vectors on 4 devices
Init State Vectors on 4 devices
Init State Vectors on 4 devices
Init State Vectors on 4 devices
[NCCL Rank 20] Shuffle Time: 302.92ms
[NCCL Rank 28] Shuffle Time: 301.51ms
[NCCL Rank 29] Shuffle Time: 301.60ms
[NCCL Rank 16] Shuffle Time: 307.02ms
[NCCL Rank 30] Shuffle Time: 301.61ms
[NCCL Rank 31] Shuffle Time: 301.62ms
[NCCL Rank 21] Shuffle Time: 304.19ms
[NCCL Rank 17] Shuffle Time: 307.36ms
[NCCL Rank 18] Shuffle Time: 307.37ms
[NCCL Rank 19] Shuffle Time: 307.38ms
[NCCL Rank 40] Shuffle Time: 300.62ms
[NCCL Rank 41] Shuffle Time: 300.63ms
[NCCL Rank 42] Shuffle Time: 300.64ms
[NCCL Rank 43] Shuffle Time: 300.65ms
[NCCL Rank 8] Shuffle Time: 302.37ms
[NCCL Rank 9] Shuffle Time: 302.39ms
[NCCL Rank 10] Shuffle Time: 302.40ms
[NCCL Rank 22] Shuffle Time: 304.56ms
[NCCL Rank 23] Shuffle Time: 304.57ms
[NCCL Rank 11] Shuffle Time: 302.40ms
[NCCL Rank 52] Shuffle Time: 309.14ms
[NCCL Rank 53] Shuffle Time: 309.42ms
[NCCL Rank 54] Shuffle Time: 309.43ms
[NCCL Rank 55] Shuffle Time: 309.43ms
[NCCL Rank 56] Shuffle Time: 298.54ms
[NCCL Rank 32] Shuffle Time: 306.00ms
[NCCL Rank 33] Shuffle Time: 306.03ms
[NCCL Rank 57] Shuffle Time: 299.81ms
[NCCL Rank 58] Shuffle Time: 299.82ms
[NCCL Rank 59] Shuffle Time: 299.83ms
[NCCL Rank 34] Shuffle Time: 306.04ms
[NCCL Rank 35] Shuffle Time: 306.05ms
[NCCL Rank 60] Shuffle Time: 309.78ms
[NCCL Rank 61] Shuffle Time: 309.81ms
[NCCL Rank 36] Shuffle Time: 305.25ms
[NCCL Rank 62] Shuffle Time: 309.82ms
[NCCL Rank 37] Shuffle Time: 305.72ms
[NCCL Rank 38] Shuffle Time: 305.72ms
[NCCL Rank 39] Shuffle Time: 305.73ms
[NCCL Rank 63] Shuffle Time: 309.83ms
[NCCL Rank 48] Shuffle Time: 309.24ms
[NCCL Rank 49] Shuffle Time: 309.26ms
[NCCL Rank 50] Shuffle Time: 309.27ms
[NCCL Rank 51] Shuffle Time: 309.28ms
[NCCL Rank 0] Shuffle Time: 311.72ms
[NCCL Rank 4] Shuffle Time: 310.01ms
[NCCL Rank 5] Shuffle Time: 310.03ms
[NCCL Rank 24] Shuffle Time: 302.47ms
[NCCL Rank 1] Shuffle Time: 311.79ms
[NCCL Rank 2] Shuffle Time: 311.80ms
[NCCL Rank 6] Shuffle Time: 310.12ms
[NCCL Rank 3] Shuffle Time: 311.81ms
[NCCL Rank 7] Shuffle Time: 310.12ms
[NCCL Rank 12] Shuffle Time: 311.78ms
[NCCL Rank 13] Shuffle Time: 311.80ms
[NCCL Rank 14] Shuffle Time: 311.81ms
[NCCL Rank 15] Shuffle Time: 311.82ms
[NCCL Rank 25] Shuffle Time: 303.20ms
[NCCL Rank 26] Shuffle Time: 303.21ms
[NCCL Rank 27] Shuffle Time: 303.22ms
[NCCL Rank 44] Shuffle Time: 312.13ms
[NCCL Rank 45] Shuffle Time: 312.15ms
[NCCL Rank 46] Shuffle Time: 312.16ms
[NCCL Rank 47] Shuffle Time: 312.17ms
[NCCL Rank 28] Shuffle Time: 304.82ms
[NCCL Rank 29] Shuffle Time: 302.56ms
[NCCL Rank 30] Shuffle Time: 302.57ms
[NCCL Rank 31] Shuffle Time: 300.23ms
[NCCL Rank 40] Shuffle Time: 307.71ms
[NCCL Rank 41] Shuffle Time: 305.20ms
[NCCL Rank 42] Shuffle Time: 305.24ms
[NCCL Rank 43] Shuffle Time: 302.69ms
[NCCL Rank 20] Shuffle Time: 306.86ms
[NCCL Rank 60] Shuffle Time: 298.20ms
[NCCL Rank 61] Shuffle Time: 295.89ms
[NCCL Rank 21] Shuffle Time: 304.89ms
[NCCL Rank 22] Shuffle Time: 304.90ms
[NCCL Rank 23] Shuffle Time: 302.82ms
[NCCL Rank 8] Shuffle Time: 310.52ms
[NCCL Rank 9] Shuffle Time: 308.37ms
[NCCL Rank 10] Shuffle Time: 308.21ms
[NCCL Rank 4] Shuffle Time: 303.53ms
[NCCL Rank 5] Shuffle Time: 301.20ms
[NCCL Rank 6] Shuffle Time: 301.38ms
[NCCL Rank 7] Shuffle Time: 298.92ms
[NCCL Rank 36] Shuffle Time: 303.46ms
[NCCL Rank 48] Shuffle Time: 302.90ms
[NCCL Rank 49] Shuffle Time: 300.63ms
[NCCL Rank 50] Shuffle Time: 300.66ms
[NCCL Rank 11] Shuffle Time: 306.05ms
[NCCL Rank 16] Shuffle Time: 311.30ms
[NCCL Rank 17] Shuffle Time: 309.18ms
[NCCL Rank 18] Shuffle Time: 309.03ms
[NCCL Rank 62] Shuffle Time: 297.69ms
[NCCL Rank 37] Shuffle Time: 301.38ms
[NCCL Rank 38] Shuffle Time: 301.40ms
[NCCL Rank 19] Shuffle Time: 306.80ms
[NCCL Rank 63] Shuffle Time: 295.54ms
[NCCL Rank 39] Shuffle Time: 298.97ms
[NCCL Rank 52] Shuffle Time: 305.82ms
[NCCL Rank 53] Shuffle Time: 303.56ms
[NCCL Rank 54] Shuffle Time: 303.52ms
[NCCL Rank 12] Shuffle Time: 301.64ms
[NCCL Rank 24] Shuffle Time: 301.86ms
[NCCL Rank 51] Shuffle Time: 298.35ms
[NCCL Rank 44] Shuffle Time: 299.30ms
[NCCL Rank 45] Shuffle Time: 296.92ms
[NCCL Rank 46] Shuffle Time: 296.91ms
[NCCL Rank 56] Shuffle Time: 304.65ms
[NCCL Rank 0] Shuffle Time: 306.15ms
[NCCL Rank 1] Shuffle Time: 303.91ms
[NCCL Rank 55] Shuffle Time: 301.00ms
[NCCL Rank 25] Shuffle Time: 300.03ms
[NCCL Rank 26] Shuffle Time: 300.00ms
[NCCL Rank 27] Shuffle Time: 297.52ms
[NCCL Rank 47] Shuffle Time: 294.67ms
[NCCL Rank 57] Shuffle Time: 302.65ms
[NCCL Rank 58] Shuffle Time: 302.60ms
[NCCL Rank 59] Shuffle Time: 300.21ms
[NCCL Rank 2] Shuffle Time: 304.00ms
[NCCL Rank 13] Shuffle Time: 300.29ms
[NCCL Rank 14] Shuffle Time: 300.35ms
[NCCL Rank 15] Shuffle Time: 298.08ms
[NCCL Rank 32] Shuffle Time: 311.19ms
[NCCL Rank 3] Shuffle Time: 301.75ms
[NCCL Rank 33] Shuffle Time: 308.91ms
[NCCL Rank 34] Shuffle Time: 308.97ms
[NCCL Rank 35] Shuffle Time: 306.61ms
[NCCL Rank 28] Shuffle Time: 302.75ms
[NCCL Rank 29] Shuffle Time: 297.39ms
[NCCL Rank 30] Shuffle Time: 297.22ms
[NCCL Rank 31] Shuffle Time: 291.80ms
[NCCL Rank 36] Shuffle Time: 315.61ms
[NCCL Rank 37] Shuffle Time: 310.24ms
[NCCL Rank 38] Shuffle Time: 310.19ms
[NCCL Rank 52] Shuffle Time: 301.35ms
[NCCL Rank 40] Shuffle Time: 308.04ms
[NCCL Rank 41] Shuffle Time: 302.78ms
[NCCL Rank 42] Shuffle Time: 302.64ms
[NCCL Rank 43] Shuffle Time: 297.02ms
[NCCL Rank 8] Shuffle Time: 320.67ms
[NCCL Rank 9] Shuffle Time: 315.54ms
[NCCL Rank 10] Shuffle Time: 315.22ms
[NCCL Rank 11] Shuffle Time: 309.97ms
[NCCL Rank 20] Shuffle Time: 316.58ms
[NCCL Rank 21] Shuffle Time: 311.45ms
[NCCL Rank 22] Shuffle Time: 311.45ms
[NCCL Rank 23] Shuffle Time: 305.89ms
[NCCL Rank 56] Shuffle Time: 308.97ms
[NCCL Rank 16] Shuffle Time: 305.84ms
[NCCL Rank 17] Shuffle Time: 300.76ms
[NCCL Rank 60] Shuffle Time: 303.73ms
[NCCL Rank 39] Shuffle Time: 304.44ms
[NCCL Rank 53] Shuffle Time: 296.09ms
[NCCL Rank 54] Shuffle Time: 296.15ms
[NCCL Rank 55] Shuffle Time: 290.47ms
[NCCL Rank 57] Shuffle Time: 303.68ms
[NCCL Rank 58] Shuffle Time: 303.69ms
[NCCL Rank 59] Shuffle Time: 298.12ms
[NCCL Rank 18] Shuffle Time: 300.41ms
[NCCL Rank 61] Shuffle Time: 298.91ms
[NCCL Rank 62] Shuffle Time: 298.74ms
[NCCL Rank 63] Shuffle Time: 293.33ms
[NCCL Rank 48] Shuffle Time: 316.71ms
[NCCL Rank 49] Shuffle Time: 311.39ms
[NCCL Rank 50] Shuffle Time: 311.19ms
[NCCL Rank 51] Shuffle Time: 305.59ms
[NCCL Rank 19] Shuffle Time: 295.05ms
[NCCL Rank 32] Shuffle Time: 310.50ms
[NCCL Rank 24] Shuffle Time: 304.40ms
[NCCL Rank 33] Shuffle Time: 305.12ms
[NCCL Rank 0] Shuffle Time: 322.96ms
[NCCL Rank 1] Shuffle Time: 317.98ms
[NCCL Rank 2] Shuffle Time: 317.95ms
[NCCL Rank 3] Shuffle Time: 312.53ms
[NCCL Rank 4] Shuffle Time: 313.86ms
[NCCL Rank 5] Shuffle Time: 308.74ms
[NCCL Rank 6] Shuffle Time: 308.66ms
[NCCL Rank 7] Shuffle Time: 303.05ms
[NCCL Rank 34] Shuffle Time: 304.93ms
[NCCL Rank 25] Shuffle Time: 301.34ms
[NCCL Rank 26] Shuffle Time: 301.33ms
[NCCL Rank 35] Shuffle Time: 299.61ms
[NCCL Rank 12] Shuffle Time: 317.21ms
[NCCL Rank 13] Shuffle Time: 311.85ms
[NCCL Rank 14] Shuffle Time: 311.85ms
[NCCL Rank 15] Shuffle Time: 306.38ms
[NCCL Rank 44] Shuffle Time: 301.76ms
[NCCL Rank 45] Shuffle Time: 296.12ms
[NCCL Rank 46] Shuffle Time: 296.36ms
[NCCL Rank 47] Shuffle Time: 290.80ms
[NCCL Rank 27] Shuffle Time: 295.99ms
Finish Simulating! Total: 14 FUSE Kernel, 19 SHM Kernel, 3 Shuffles.
Finish Simulating! Total: 14 FUSE Kernel, 19 SHM Kernel, 3 Shuffles.
Finish Simulating! Total: 14 FUSE Kernel, 19 SHM Kernel, 3 Shuffles.
Finish Simulating! Total: 14 FUSE Kernel, 19 SHM Kernel, 3 Shuffles.
Finish Simulating! Total: 14 FUSE Kernel, 19 SHM Kernel, 3 Shuffles.
Finish Simulating! Total: 14 FUSE Kernel, 19 SHM Kernel, 3 Shuffles.
Finish Simulating! Total: 14 FUSE Kernel, 19 SHM Kernel, 3 Shuffles.
Finish Simulating! Total: 14 FUSE Kernel, 19 SHM Kernel, 3 Shuffles.
Finish Simulating! Total: 14 FUSE Kernel, 19 SHM Kernel, 3 Shuffles.
Finish Simulating! Total: 14 FUSE Kernel, 19 SHM Kernel, 3 Shuffles.
Finish Simulating! Total: 14 FUSE Kernel, 19 SHM Kernel, 3 Shuffles.
Finish Simulating! Total: 14 FUSE Kernel, 19 SHM Kernel, 3 Shuffles.
Finish Simulating! Total: 14 FUSE Kernel, 19 SHM Kernel, 3 Shuffles.
Finish Simulating! Total: 14 FUSE Kernel, 19 SHM Kernel, 3 Shuffles.
Finish Simulating! Total: 14 FUSE Kernel, 19 SHM Kernel, 3 Shuffles.
Finish Simulating! Total: 14 FUSE Kernel, 19 SHM Kernel, 3 Shuffles.
[NCCL Rank 0] Total Simulation Time: 1609.71ms
[NCCL Rank 4] Total Simulation Time: 1615.11ms
[NCCL Rank 5] Total Simulation Time: 1615.14ms
[NCCL Rank 6] Total Simulation Time: 1615.14ms
[NCCL Rank 36] Total Simulation Time: 1618.39ms
[NCCL Rank 37] Total Simulation Time: 1618.42ms
[NCCL Rank 38] Total Simulation Time: 1618.43ms
[NCCL Rank 52] Total Simulation Time: 1628.91ms
[NCCL Rank 53] Total Simulation Time: 1628.93ms
[NCCL Rank 54] Total Simulation Time: 1628.94ms
[NCCL Rank 12] Total Simulation Time: 1621.63ms
[NCCL Rank 13] Total Simulation Time: 1621.64ms
[NCCL Rank 14] Total Simulation Time: 1621.65ms
[NCCL Rank 28] Total Simulation Time: 1628.65ms
[NCCL Rank 29] Total Simulation Time: 1628.67ms
[NCCL Rank 30] Total Simulation Time: 1628.68ms
[NCCL Rank 24] Total Simulation Time: 1620.91ms
[NCCL Rank 25] Total Simulation Time: 1620.93ms
[NCCL Rank 26] Total Simulation Time: 1620.93ms
[NCCL Rank 48] Total Simulation Time: 1619.26ms
[NCCL Rank 49] Total Simulation Time: 1619.28ms
[NCCL Rank 50] Total Simulation Time: 1619.28ms
[NCCL Rank 40] Total Simulation Time: 1621.36ms
[NCCL Rank 41] Total Simulation Time: 1621.37ms
[NCCL Rank 42] Total Simulation Time: 1621.39ms
[NCCL Rank 8] Total Simulation Time: 1612.77ms
[NCCL Rank 9] Total Simulation Time: 1612.79ms
[NCCL Rank 20] Total Simulation Time: 1618.81ms
[NCCL Rank 21] Total Simulation Time: 1618.82ms
[NCCL Rank 22] Total Simulation Time: 1618.82ms
[NCCL Rank 44] Total Simulation Time: 1628.41ms
[NCCL Rank 45] Total Simulation Time: 1628.43ms
[NCCL Rank 46] Total Simulation Time: 1628.44ms
[NCCL Rank 16] Total Simulation Time: 1615.91ms
[NCCL Rank 60] Total Simulation Time: 1634.14ms
[NCCL Rank 61] Total Simulation Time: 1634.15ms
[NCCL Rank 62] Total Simulation Time: 1634.16ms
[NCCL Rank 32] Total Simulation Time: 1615.14ms
[NCCL Rank 1] Total Simulation Time: 1609.94ms
[NCCL Rank 7] Total Simulation Time: 1621.29ms
[NCCL Rank 39] Total Simulation Time: 1624.56ms
[NCCL Rank 55] Total Simulation Time: 1635.09ms
[NCCL Rank 15] Total Simulation Time: 1627.79ms
[NCCL Rank 31] Total Simulation Time: 1634.81ms
[NCCL Rank 27] Total Simulation Time: 1627.08ms
[NCCL Rank 51] Total Simulation Time: 1625.41ms
[NCCL Rank 43] Total Simulation Time: 1627.52ms
[NCCL Rank 10] Total Simulation Time: 1612.91ms
[NCCL Rank 23] Total Simulation Time: 1624.96ms
[NCCL Rank 17] Total Simulation Time: 1615.99ms
[NCCL Rank 33] Total Simulation Time: 1615.16ms
[NCCL Rank 2] Total Simulation Time: 1610.10ms
[NCCL Rank 11] Total Simulation Time: 1618.94ms
[NCCL Rank 18] Total Simulation Time: 1616.14ms
[NCCL Rank 34] Total Simulation Time: 1615.17ms
[NCCL Rank 3] Total Simulation Time: 1615.88ms
[MPI Rank 0]: Shuffle 0 cost 311.78ms on average.
[MPI Rank 0]: Shuffle 1 cost 303.96ms on average.
[MPI Rank 0]: Shuffle 2 cost 317.86ms on average.
[NCCL Rank 19] Total Simulation Time: 1622.09ms
[NCCL Rank 35] Total Simulation Time: 1621.31ms
[NCCL Rank 47] Total Simulation Time: 1634.58ms
[NCCL Rank 56] Total Simulation Time: 1626.26ms
[NCCL Rank 57] Total Simulation Time: 1626.28ms
[NCCL Rank 58] Total Simulation Time: 1626.28ms
[NCCL Rank 63] Total Simulation Time: 1640.31ms
[NCCL Rank 59] Total Simulation Time: 1632.44ms
[MPI Rank 15]: Destroyed everything!
Time Cost: 1782100 us
Destroyed the simulator
[MPI Rank 9]: Destroyed everything!
Time Cost: 1790875 us
Destroyed the simulator
[MPI Rank 0]: Destroyed everything!
Time Cost: 1802676 us
Destroyed the simulator
[MPI Rank 2]: Destroyed everything!
Time Cost: 1804772 us
Destroyed the simulator
[MPI Rank 12]: Destroyed everything!
Time Cost: 1815962 us
Destroyed the simulator
[MPI Rank 1]: Destroyed everything!
Time Cost: 1817898 us
Destroyed the simulator
[MPI Rank 4]: Destroyed everything!
Time Cost: 1823070 us
Destroyed the simulator
[MPI Rank 10]: Destroyed everything!
Time Cost: 1828195 us
Destroyed the simulator
[MPI Rank 8]: Destroyed everything!
Time Cost: 1839199 us
Destroyed the simulator
[MPI Rank 11]: Destroyed everything!
Time Cost: 1841453 us
Destroyed the simulator
[MPI Rank 7]: Destroyed everything!
Time Cost: 1847339 us
Destroyed the simulator
[MPI Rank 6]: Destroyed everything!
Time Cost: 1841219 us
Destroyed the simulator
[MPI Rank 5]: Destroyed everything!
Time Cost: 1850747 us
Destroyed the simulator
[MPI Rank 14]: Destroyed everything!
Time Cost: 1845586 us
Destroyed the simulator
[MPI Rank 13]: Destroyed everything!
Time Cost: 1861907 us
Destroyed the simulator
[MPI Rank 3]: Destroyed everything!
Time Cost: 1859505 us
Destroyed the simulator
