Num ranks: 2, myrank: 0
Num ranks: 2, myrank: 1
Use cached schedule
Use cached schedule
Compilation Done! 
Num Shuffles: 3
Num FUSION Kernel: 16
Num SHM Kernel: 13
Start Simulating...
Compilation Done! 
Num Shuffles: 3
Num FUSION Kernel: 16
Num SHM Kernel: 13
Start Simulating...
[warmup] size total:536870912
[warmup] size total:536870912
Init State Vectors on 4 devices
Init State Vectors on 4 devices
[NCCL Rank 0] Shuffle Time: 151.97ms
[NCCL Rank 1] Shuffle Time: 151.98ms
[NCCL Rank 2] Shuffle Time: 151.99ms
[NCCL Rank 3] Shuffle Time: 152.00ms
[NCCL Rank 4] Shuffle Time: 163.24ms
[NCCL Rank 5] Shuffle Time: 163.25ms
[NCCL Rank 6] Shuffle Time: 163.26ms
[NCCL Rank 7] Shuffle Time: 163.27ms
[NCCL Rank 4] Shuffle Time: 153.12ms
[NCCL Rank 5] Shuffle Time: 151.82ms
[NCCL Rank 6] Shuffle Time: 152.08ms
[NCCL Rank 0] Shuffle Time: 155.42ms
[NCCL Rank 1] Shuffle Time: 153.74ms
[NCCL Rank 2] Shuffle Time: 153.70ms
[NCCL Rank 3] Shuffle Time: 151.74ms
[NCCL Rank 7] Shuffle Time: 150.50ms
[NCCL Rank 4] Shuffle Time: 162.43ms
[NCCL Rank 5] Shuffle Time: 153.88ms
[NCCL Rank 6] Shuffle Time: 153.91ms
[NCCL Rank 0] Shuffle Time: 172.73ms
[NCCL Rank 1] Shuffle Time: 164.39ms
[NCCL Rank 2] Shuffle Time: 164.37ms
[NCCL Rank 3] Shuffle Time: 156.11ms
[NCCL Rank 7] Shuffle Time: 149.05ms
Finish Simulating! Total: 16 FUSE Kernel, 13 SHM Kernel, 3 Shuffles.
Finish Simulating! Total: 16 FUSE Kernel, 13 SHM Kernel, 3 Shuffles.
[NCCL Rank 4] Total Simulation Time: 1078.85ms
[NCCL Rank 0] Total Simulation Time: 1080.37ms
[NCCL Rank 5] Total Simulation Time: 1081.34ms
[NCCL Rank 1] Total Simulation Time: 1082.33ms
[NCCL Rank 6] Total Simulation Time: 1086.30ms
[NCCL Rank 2] Total Simulation Time: 1087.69ms
[NCCL Rank 7] Total Simulation Time: 1089.02ms
[NCCL Rank 3] Total Simulation Time: 1090.31ms
[MPI Rank 0]: Shuffle 0 cost 151.98ms on average.
[MPI Rank 0]: Shuffle 1 cost 153.65ms on average.
[MPI Rank 0]: Shuffle 2 cost 164.40ms on average.
[MPI Rank 0]: Destroyed everything!
Time Cost: 1205113 us
Destroyed the simulator
[MPI Rank 1]: Destroyed everything!
Time Cost: 1241003 us
Destroyed the simulator
