Num ranks: 1, myrank: 0
Use cached schedule
Compilation Done! 
Num Shuffles: 3
Num FUSION Kernel: 12
Num SHM Kernel: 16
Start Simulating...
[warmup] size total:2147483648
Init State Vectors on 2 devices
[NCCL Rank 0] Shuffle Time: 35.60ms
[NCCL Rank 1] Shuffle Time: 36.07ms
[NCCL Rank 0] Shuffle Time: 30.82ms
[NCCL Rank 1] Shuffle Time: 35.00ms
[NCCL Rank 0] Shuffle Time: 36.85ms
[NCCL Rank 1] Shuffle Time: 30.89ms
Finish Simulating! Total: 12 FUSE Kernel, 16 SHM Kernel, 3 Shuffles.
[NCCL Rank 0] Total Simulation Time: 640.00ms
[NCCL Rank 1] Total Simulation Time: 642.44ms
[MPI Rank 0]: Shuffle 0 cost 35.84ms on average.
[MPI Rank 0]: Shuffle 1 cost 32.91ms on average.
[MPI Rank 0]: Shuffle 2 cost 33.87ms on average.
[MPI Rank 0]: Destroyed everything!
Time Cost: 686411 us
Destroyed the simulator
