Num ranks: 8, myrank: 5
Num ranks: 8, myrank: 4
Num ranks: 8, myrank: 0
Num ranks: 8, myrank: 6
Num ranks: 8, myrank: 3
Num ranks: 8, myrank: 2
Num ranks: 8, myrank: 1
Num ranks: 8, myrank: 7
Use cached schedule
Use cached schedule
Use cached schedule
Use cached schedule
Use cached schedule
Use cached schedule
Use cached schedule
Compilation Done! 
Num Shuffles: 3
Num FUSION Kernel: 14
Num SHM Kernel: 13
Start Simulating...
Compilation Done! 
Num Shuffles: 3
Num FUSION Kernel: 14
Num SHM Kernel: 13
Start Simulating...
Compilation Done! 
Num Shuffles: 3
Num FUSION Kernel: 14
Num SHM Kernel: 13
Start Simulating...
Compilation Done! 
Num Shuffles: 3
Num FUSION Kernel: 14
Num SHM Kernel: 13
Start Simulating...
Compilation Done! 
Num Shuffles: 3
Num FUSION Kernel: 14
Num SHM Kernel: 13
Start Simulating...
Compilation Done! 
Num Shuffles: 3
Num FUSION Kernel: 14
Num SHM Kernel: 13
Start Simulating...
Compilation Done! 
Num Shuffles: 3
Num FUSION Kernel: 14
Num SHM Kernel: 13
Start Simulating...
Use cached schedule
Compilation Done! 
Num Shuffles: 3
Num FUSION Kernel: 14
Num SHM Kernel: 13
Start Simulating...
[warmup] size total:134217728
[warmup] size total:134217728
[warmup] size total:134217728
[warmup] size total:134217728
[warmup] size total:134217728
[warmup] size total:134217728
[warmup] size total:134217728
[warmup] size total:134217728
Init State Vectors on 4 devices
Init State Vectors on 4 devices
Init State Vectors on 4 devices
Init State Vectors on 4 devices
Init State Vectors on 4 devices
Init State Vectors on 4 devices
Init State Vectors on 4 devices
Init State Vectors on 4 devices
[NCCL Rank 28] Shuffle Time: 283.89ms
[NCCL Rank 29] Shuffle Time: 283.91ms
[NCCL Rank 30] Shuffle Time: 283.92ms
[NCCL Rank 0] Shuffle Time: 285.36ms
[NCCL Rank 1] Shuffle Time: 285.38ms
[NCCL Rank 2] Shuffle Time: 285.39ms
[NCCL Rank 3] Shuffle Time: 285.44ms
[NCCL Rank 4] Shuffle Time: 281.67ms
[NCCL Rank 5] Shuffle Time: 281.69ms
[NCCL Rank 6] Shuffle Time: 281.70ms
[NCCL Rank 7] Shuffle Time: 281.70ms
[NCCL Rank 31] Shuffle Time: 286.17ms
[NCCL Rank 20] Shuffle Time: 275.02ms
[NCCL Rank 8] Shuffle Time: 287.12ms
[NCCL Rank 9] Shuffle Time: 287.13ms
[NCCL Rank 16] Shuffle Time: 288.12ms
[NCCL Rank 12] Shuffle Time: 288.46ms
[NCCL Rank 13] Shuffle Time: 288.48ms
[NCCL Rank 14] Shuffle Time: 288.48ms
[NCCL Rank 15] Shuffle Time: 288.49ms
[NCCL Rank 21] Shuffle Time: 275.14ms
[NCCL Rank 10] Shuffle Time: 287.26ms
[NCCL Rank 11] Shuffle Time: 287.27ms
[NCCL Rank 17] Shuffle Time: 288.43ms
[NCCL Rank 18] Shuffle Time: 288.44ms
[NCCL Rank 19] Shuffle Time: 288.45ms
[NCCL Rank 24] Shuffle Time: 275.27ms
[NCCL Rank 25] Shuffle Time: 275.30ms
[NCCL Rank 26] Shuffle Time: 275.30ms
[NCCL Rank 27] Shuffle Time: 275.31ms
[NCCL Rank 22] Shuffle Time: 275.14ms
[NCCL Rank 23] Shuffle Time: 275.15ms
[NCCL Rank 24] Shuffle Time: 277.02ms
[NCCL Rank 25] Shuffle Time: 273.62ms
[NCCL Rank 26] Shuffle Time: 273.83ms
[NCCL Rank 27] Shuffle Time: 270.88ms
[NCCL Rank 16] Shuffle Time: 282.28ms
[NCCL Rank 17] Shuffle Time: 278.84ms
[NCCL Rank 18] Shuffle Time: 278.92ms
[NCCL Rank 19] Shuffle Time: 275.60ms
[NCCL Rank 0] Shuffle Time: 287.51ms
[NCCL Rank 20] Shuffle Time: 279.59ms
[NCCL Rank 21] Shuffle Time: 276.10ms
[NCCL Rank 22] Shuffle Time: 276.10ms
[NCCL Rank 4] Shuffle Time: 284.93ms
[NCCL Rank 5] Shuffle Time: 281.64ms
[NCCL Rank 6] Shuffle Time: 281.70ms
[NCCL Rank 28] Shuffle Time: 276.10ms
[NCCL Rank 1] Shuffle Time: 284.33ms
[NCCL Rank 2] Shuffle Time: 284.40ms
[NCCL Rank 3] Shuffle Time: 280.88ms
[NCCL Rank 29] Shuffle Time: 273.40ms
[NCCL Rank 30] Shuffle Time: 273.30ms
[NCCL Rank 8] Shuffle Time: 284.24ms
[NCCL Rank 9] Shuffle Time: 281.05ms
[NCCL Rank 10] Shuffle Time: 280.92ms
[NCCL Rank 7] Shuffle Time: 278.74ms
[NCCL Rank 31] Shuffle Time: 270.08ms
[NCCL Rank 12] Shuffle Time: 280.32ms
[NCCL Rank 23] Shuffle Time: 274.35ms
[NCCL Rank 11] Shuffle Time: 277.49ms
[NCCL Rank 13] Shuffle Time: 277.04ms
[NCCL Rank 14] Shuffle Time: 276.79ms
[NCCL Rank 15] Shuffle Time: 273.44ms
[NCCL Rank 24] Shuffle Time: 287.69ms
[NCCL Rank 25] Shuffle Time: 280.29ms
[NCCL Rank 26] Shuffle Time: 280.35ms
[NCCL Rank 27] Shuffle Time: 273.81ms
[NCCL Rank 0] Shuffle Time: 298.30ms
[NCCL Rank 1] Shuffle Time: 291.68ms
[NCCL Rank 2] Shuffle Time: 292.57ms
[NCCL Rank 3] Shuffle Time: 285.28ms
[NCCL Rank 8] Shuffle Time: 294.76ms
[NCCL Rank 9] Shuffle Time: 288.09ms
[NCCL Rank 12] Shuffle Time: 287.45ms
[NCCL Rank 13] Shuffle Time: 280.43ms
[NCCL Rank 14] Shuffle Time: 280.56ms
[NCCL Rank 15] Shuffle Time: 273.21ms
[NCCL Rank 10] Shuffle Time: 288.00ms
[NCCL Rank 28] Shuffle Time: 280.97ms
[NCCL Rank 11] Shuffle Time: 280.71ms
[NCCL Rank 29] Shuffle Time: 273.98ms
[NCCL Rank 30] Shuffle Time: 273.78ms
[NCCL Rank 4] Shuffle Time: 295.36ms
[NCCL Rank 5] Shuffle Time: 288.20ms
[NCCL Rank 6] Shuffle Time: 288.57ms
[NCCL Rank 20] Shuffle Time: 288.91ms
[NCCL Rank 21] Shuffle Time: 281.44ms
[NCCL Rank 22] Shuffle Time: 281.77ms
[NCCL Rank 7] Shuffle Time: 281.28ms
[NCCL Rank 16] Shuffle Time: 298.51ms
[NCCL Rank 17] Shuffle Time: 290.94ms
[NCCL Rank 18] Shuffle Time: 291.18ms
[NCCL Rank 19] Shuffle Time: 283.56ms
[NCCL Rank 23] Shuffle Time: 274.56ms
[NCCL Rank 31] Shuffle Time: 268.27ms
Finish Simulating! Total: 14 FUSE Kernel, 13 SHM Kernel, 3 Shuffles.
Finish Simulating! Total: 14 FUSE Kernel, 13 SHM Kernel, 3 Shuffles.
Finish Simulating! Total: 14 FUSE Kernel, 13 SHM Kernel, 3 Shuffles.
Finish Simulating! Total: 14 FUSE Kernel, 13 SHM Kernel, 3 Shuffles.
[NCCL Rank 8] Total Simulation Time: 1478.74ms
[NCCL Rank 9] Total Simulation Time: 1478.91ms
[NCCL Rank 10] Total Simulation Time: 1479.08ms
[NCCL Rank 11] Total Simulation Time: 1479.24ms
[NCCL Rank 4] Total Simulation Time: 1477.23ms
[NCCL Rank 5] Total Simulation Time: 1477.38ms
[NCCL Rank 6] Total Simulation Time: 1477.55ms
[NCCL Rank 16] Total Simulation Time: 1480.87ms
[NCCL Rank 0] Total Simulation Time: 1480.57ms
[NCCL Rank 7] Total Simulation Time: 1477.72ms
[NCCL Rank 1] Total Simulation Time: 1480.80ms
[NCCL Rank 17] Total Simulation Time: 1481.03ms
[NCCL Rank 18] Total Simulation Time: 1481.20ms
[NCCL Rank 19] Total Simulation Time: 1481.35ms
[NCCL Rank 2] Total Simulation Time: 1480.99ms
[NCCL Rank 3] Total Simulation Time: 1481.18ms
[MPI Rank 0]: Shuffle 0 cost 285.39ms on average.
[MPI Rank 0]: Shuffle 1 cost 284.28ms on average.
[MPI Rank 0]: Shuffle 2 cost 291.96ms on average.
Finish Simulating! Total: 14 FUSE Kernel, 13 SHM Kernel, 3 Shuffles.
Finish Simulating! Total: 14 FUSE Kernel, 13 SHM Kernel, 3 Shuffles.
Finish Simulating! Total: 14 FUSE Kernel, 13 SHM Kernel, 3 Shuffles.
[NCCL Rank 24] Total Simulation Time: 1487.07ms
[NCCL Rank 25] Total Simulation Time: 1487.25ms
[NCCL Rank 26] Total Simulation Time: 1487.40ms
[NCCL Rank 27] Total Simulation Time: 1487.56ms
[NCCL Rank 28] Total Simulation Time: 1489.38ms
[NCCL Rank 29] Total Simulation Time: 1489.57ms
[NCCL Rank 20] Total Simulation Time: 1490.23ms
[NCCL Rank 30] Total Simulation Time: 1489.72ms
[NCCL Rank 31] Total Simulation Time: 1489.88ms
[NCCL Rank 21] Total Simulation Time: 1490.40ms
[NCCL Rank 22] Total Simulation Time: 1490.56ms
[NCCL Rank 23] Total Simulation Time: 1490.74ms
Finish Simulating! Total: 14 FUSE Kernel, 13 SHM Kernel, 3 Shuffles.
[NCCL Rank 12] Total Simulation Time: 1500.19ms
[NCCL Rank 13] Total Simulation Time: 1500.38ms
[NCCL Rank 14] Total Simulation Time: 1500.55ms
[NCCL Rank 15] Total Simulation Time: 1500.74ms
[MPI Rank 0]: Destroyed everything!
Time Cost: 1614012 us
Destroyed the simulator
[MPI Rank 7]: Destroyed everything!
Time Cost: 1616901 us
Destroyed the simulator
[MPI Rank 1]: Destroyed everything!
Time Cost: 1624257 us
Destroyed the simulator
[MPI Rank 2]: Destroyed everything!
Time Cost: 1636894 us
Destroyed the simulator
[MPI Rank 5]: Destroyed everything!
Time Cost: 1641652 us
Destroyed the simulator
[MPI Rank 6]: Destroyed everything!
Time Cost: 1653883 us
Destroyed the simulator
[MPI Rank 3]: Destroyed everything!
Time Cost: 1655754 us
Destroyed the simulator
[MPI Rank 4]: Destroyed everything!
Time Cost: 1687792 us
Destroyed the simulator
