Num ranks: 1, myrank: 0
Use cached schedule
Compilation Done! 
Num Shuffles: 3
Num FUSION Kernel: 13
Num SHM Kernel: 14
Start Simulating...
[warmup] size total:1073741824
Init State Vectors on 4 devices
[NCCL Rank 0] Shuffle Time: 18.08ms
[NCCL Rank 1] Shuffle Time: 18.47ms
[NCCL Rank 2] Shuffle Time: 18.79ms
[NCCL Rank 3] Shuffle Time: 19.25ms
[NCCL Rank 0] Shuffle Time: 36.37ms
[NCCL Rank 1] Shuffle Time: 21.83ms
[NCCL Rank 2] Shuffle Time: 16.10ms
[NCCL Rank 3] Shuffle Time: 17.36ms
[NCCL Rank 0] Shuffle Time: 30.62ms
[NCCL Rank 1] Shuffle Time: 22.99ms
[NCCL Rank 2] Shuffle Time: 23.38ms
[NCCL Rank 3] Shuffle Time: 16.15ms
Finish Simulating! Total: 13 FUSE Kernel, 14 SHM Kernel, 3 Shuffles.
[NCCL Rank 0] Total Simulation Time: 655.56ms
[NCCL Rank 1] Total Simulation Time: 657.91ms
[NCCL Rank 2] Total Simulation Time: 658.25ms
[NCCL Rank 3] Total Simulation Time: 660.67ms
[MPI Rank 0]: Shuffle 0 cost 18.65ms on average.
[MPI Rank 0]: Shuffle 1 cost 22.92ms on average.
[MPI Rank 0]: Shuffle 2 cost 23.28ms on average.
[MPI Rank 0]: Destroyed everything!
Time Cost: 893570 us
Destroyed the simulator
