Num ranks: 2, myrank: 0
Num ranks: 2, myrank: 1
Use cached schedule
Use cached schedule
Compilation Done! 
Num Shuffles: 4
Num FUSION Kernel: 30
Num SHM Kernel: 6
Start Simulating...
Compilation Done! 
Num Shuffles: 4
Num FUSION Kernel: 30
Num SHM Kernel: 6
Start Simulating...
[warmup] size total:536870912
[warmup] size total:536870912
Init State Vectors on 4 devices
Init State Vectors on 4 devices
[NCCL Rank 4] Shuffle Time: 152.64ms
[NCCL Rank 5] Shuffle Time: 152.96ms
[NCCL Rank 6] Shuffle Time: 152.97ms
[NCCL Rank 7] Shuffle Time: 152.98ms
[NCCL Rank 0] Shuffle Time: 168.83ms
[NCCL Rank 1] Shuffle Time: 168.85ms
[NCCL Rank 2] Shuffle Time: 168.86ms
[NCCL Rank 3] Shuffle Time: 168.87ms
[NCCL Rank 0] Shuffle Time: 152.91ms
[NCCL Rank 1] Shuffle Time: 150.90ms
[NCCL Rank 2] Shuffle Time: 150.85ms
[NCCL Rank 3] Shuffle Time: 149.92ms
[NCCL Rank 4] Shuffle Time: 155.29ms
[NCCL Rank 5] Shuffle Time: 153.20ms
[NCCL Rank 6] Shuffle Time: 153.27ms
[NCCL Rank 7] Shuffle Time: 150.97ms
[NCCL Rank 0] Shuffle Time: 150.28ms
[NCCL Rank 1] Shuffle Time: 150.33ms
[NCCL Rank 2] Shuffle Time: 150.26ms
[NCCL Rank 4] Shuffle Time: 160.89ms
[NCCL Rank 3] Shuffle Time: 148.66ms
[NCCL Rank 5] Shuffle Time: 158.18ms
[NCCL Rank 6] Shuffle Time: 158.24ms
[NCCL Rank 7] Shuffle Time: 155.51ms
[NCCL Rank 4] Shuffle Time: 155.46ms
[NCCL Rank 5] Shuffle Time: 153.12ms
[NCCL Rank 0] Shuffle Time: 175.43ms
[NCCL Rank 6] Shuffle Time: 154.74ms
[NCCL Rank 7] Shuffle Time: 151.91ms
[NCCL Rank 1] Shuffle Time: 173.37ms
[NCCL Rank 2] Shuffle Time: 173.28ms
[NCCL Rank 3] Shuffle Time: 170.65ms
Finish Simulating! Total: 30 FUSE Kernel, 6 SHM Kernel, 4 Shuffles.
Finish Simulating! Total: 30 FUSE Kernel, 6 SHM Kernel, 4 Shuffles.
[NCCL Rank 0] Total Simulation Time: 1316.10ms
[NCCL Rank 1] Total Simulation Time: 1317.31ms
[NCCL Rank 4] Total Simulation Time: 1317.69ms
[NCCL Rank 5] Total Simulation Time: 1319.11ms
[NCCL Rank 2] Total Simulation Time: 1319.11ms
[NCCL Rank 3] Total Simulation Time: 1320.54ms
[MPI Rank 0]: Shuffle 0 cost 168.85ms on average.
[MPI Rank 0]: Shuffle 1 cost 151.15ms on average.
[MPI Rank 0]: Shuffle 2 cost 149.88ms on average.
[MPI Rank 0]: Shuffle 3 cost 173.18ms on average.
[NCCL Rank 6] Total Simulation Time: 1320.98ms
[NCCL Rank 7] Total Simulation Time: 1322.52ms
[MPI Rank 1]: Destroyed everything!
Time Cost: 1438068 us
Destroyed the simulator
[MPI Rank 0]: Destroyed everything!
Time Cost: 1531261 us
Destroyed the simulator
