Num ranks: 1, myrank: 0
Use cached schedule
Compilation Done! 
Num Shuffles: 4
Num FUSION Kernel: 31
Num SHM Kernel: 6
Start Simulating...
[warmup] size total:1073741824
Init State Vectors on 4 devices
[NCCL Rank 0] Shuffle Time: 18.13ms
[NCCL Rank 1] Shuffle Time: 18.49ms
[NCCL Rank 2] Shuffle Time: 18.80ms
[NCCL Rank 3] Shuffle Time: 19.05ms
[NCCL Rank 0] Shuffle Time: 24.01ms
[NCCL Rank 1] Shuffle Time: 24.32ms
[NCCL Rank 2] Shuffle Time: 17.44ms
[NCCL Rank 3] Shuffle Time: 16.14ms
[NCCL Rank 0] Shuffle Time: 18.56ms
[NCCL Rank 1] Shuffle Time: 18.96ms
[NCCL Rank 2] Shuffle Time: 16.49ms
[NCCL Rank 3] Shuffle Time: 16.56ms
[NCCL Rank 0] Shuffle Time: 21.11ms
[NCCL Rank 1] Shuffle Time: 18.61ms
[NCCL Rank 2] Shuffle Time: 18.95ms
[NCCL Rank 3] Shuffle Time: 16.42ms
Finish Simulating! Total: 31 FUSE Kernel, 6 SHM Kernel, 4 Shuffles.
[NCCL Rank 0] Total Simulation Time: 733.27ms
[NCCL Rank 1] Total Simulation Time: 736.13ms
[NCCL Rank 2] Total Simulation Time: 736.27ms
[NCCL Rank 3] Total Simulation Time: 738.84ms
[MPI Rank 0]: Shuffle 0 cost 18.62ms on average.
[MPI Rank 0]: Shuffle 1 cost 20.48ms on average.
[MPI Rank 0]: Shuffle 2 cost 17.64ms on average.
[MPI Rank 0]: Shuffle 3 cost 18.77ms on average.
[MPI Rank 0]: Destroyed everything!
Time Cost: 958321 us
Destroyed the simulator
