Num ranks: 1, myrank: 0
Use cached schedule
Compilation Done! 
Num Shuffles: 4
Num FUSION Kernel: 28
Num SHM Kernel: 7
Start Simulating...
[warmup] size total:2147483648
Init State Vectors on 2 devices
[NCCL Rank 0] Shuffle Time: 32.36ms
[NCCL Rank 1] Shuffle Time: 32.73ms
[NCCL Rank 0] Shuffle Time: 34.94ms
[NCCL Rank 1] Shuffle Time: 31.39ms
[NCCL Rank 0] Shuffle Time: 30.73ms
[NCCL Rank 1] Shuffle Time: 31.09ms
[NCCL Rank 0] Shuffle Time: 33.38ms
[NCCL Rank 1] Shuffle Time: 31.37ms
Finish Simulating! Total: 28 FUSE Kernel, 7 SHM Kernel, 4 Shuffles.
[NCCL Rank 0] Total Simulation Time: 706.43ms
[NCCL Rank 1] Total Simulation Time: 706.81ms
[MPI Rank 0]: Shuffle 0 cost 32.55ms on average.
[MPI Rank 0]: Shuffle 1 cost 33.16ms on average.
[MPI Rank 0]: Shuffle 2 cost 30.91ms on average.
[MPI Rank 0]: Shuffle 3 cost 32.38ms on average.
[MPI Rank 0]: Destroyed everything!
Time Cost: 782799 us
Destroyed the simulator
