Num ranks: 8, myrank: 7
Num ranks: 8, myrank: 1
Num ranks: 8, myrank: 5
Num ranks: 8, myrank: 0
Num ranks: 8, myrank: 3
Num ranks: 8, myrank: 4
Num ranks: 8, myrank: 6
Num ranks: 8, myrank: 2
Use cached schedule
Use cached schedule
Use cached schedule
Use cached schedule
Use cached schedule
Compilation Done! 
Num Shuffles: 4
Num FUSION Kernel: 35
Num SHM Kernel: 5
Start Simulating...
Compilation Done! 
Num Shuffles: 4
Num FUSION Kernel: 35
Num SHM Kernel: 5
Start Simulating...
Compilation Done! 
Num Shuffles: 4
Num FUSION Kernel: 35
Num SHM Kernel: 5
Start Simulating...
Compilation Done! 
Num Shuffles: 4
Num FUSION Kernel: 35
Num SHM Kernel: 5
Start Simulating...
Compilation Done! 
Num Shuffles: 4
Num FUSION Kernel: 35
Num SHM Kernel: 5
Start Simulating...
Use cached schedule
Compilation Done! 
Num Shuffles: 4
Num FUSION Kernel: 35
Num SHM Kernel: 5
Start Simulating...
Use cached schedule
Use cached schedule
Compilation Done! 
Num Shuffles: 4
Num FUSION Kernel: 35
Num SHM Kernel: 5
Start Simulating...
Compilation Done! 
Num Shuffles: 4
Num FUSION Kernel: 35
Num SHM Kernel: 5
Start Simulating...
[warmup] size total:134217728
[warmup] size total:134217728
[warmup] size total:134217728
[warmup] size total:134217728
[warmup] size total:134217728
[warmup] size total:134217728
[warmup] size total:134217728
[warmup] size total:134217728
Init State Vectors on 4 devices
Init State Vectors on 4 devices
Init State Vectors on 4 devices
Init State Vectors on 4 devices
Init State Vectors on 4 devices
Init State Vectors on 4 devices
Init State Vectors on 4 devices
Init State Vectors on 4 devices
[NCCL Rank 28] Shuffle Time: 277.10ms
[NCCL Rank 29] Shuffle Time: 277.38ms
[NCCL Rank 30] Shuffle Time: 277.39ms
[NCCL Rank 31] Shuffle Time: 277.40ms
[NCCL Rank 16] Shuffle Time: 274.37ms
[NCCL Rank 17] Shuffle Time: 274.64ms
[NCCL Rank 18] Shuffle Time: 274.65ms
[NCCL Rank 19] Shuffle Time: 274.66ms
[NCCL Rank 8] Shuffle Time: 280.08ms
[NCCL Rank 9] Shuffle Time: 280.27ms
[NCCL Rank 10] Shuffle Time: 280.28ms
[NCCL Rank 11] Shuffle Time: 280.29ms
[NCCL Rank 0] Shuffle Time: 282.96ms
[NCCL Rank 1] Shuffle Time: 283.12ms
[NCCL Rank 4] Shuffle Time: 277.85ms
[NCCL Rank 2] Shuffle Time: 283.30ms
[NCCL Rank 24] Shuffle Time: 277.83ms
[NCCL Rank 25] Shuffle Time: 277.86ms
[NCCL Rank 26] Shuffle Time: 277.86ms
[NCCL Rank 27] Shuffle Time: 277.87ms
[NCCL Rank 5] Shuffle Time: 277.96ms
[NCCL Rank 3] Shuffle Time: 283.31ms
[NCCL Rank 6] Shuffle Time: 277.96ms
[NCCL Rank 7] Shuffle Time: 277.98ms
[NCCL Rank 20] Shuffle Time: 277.85ms
[NCCL Rank 21] Shuffle Time: 277.88ms
[NCCL Rank 22] Shuffle Time: 277.88ms
[NCCL Rank 23] Shuffle Time: 279.33ms
[NCCL Rank 12] Shuffle Time: 277.16ms
[NCCL Rank 13] Shuffle Time: 277.18ms
[NCCL Rank 14] Shuffle Time: 277.18ms
[NCCL Rank 15] Shuffle Time: 277.19ms
[NCCL Rank 8] Shuffle Time: 273.79ms
[NCCL Rank 9] Shuffle Time: 273.10ms
[NCCL Rank 10] Shuffle Time: 273.08ms
[NCCL Rank 16] Shuffle Time: 274.23ms
[NCCL Rank 11] Shuffle Time: 272.46ms
[NCCL Rank 17] Shuffle Time: 273.73ms
[NCCL Rank 18] Shuffle Time: 273.70ms
[NCCL Rank 19] Shuffle Time: 272.99ms
[NCCL Rank 28] Shuffle Time: 283.82ms
[NCCL Rank 29] Shuffle Time: 283.10ms
[NCCL Rank 30] Shuffle Time: 283.02ms
[NCCL Rank 31] Shuffle Time: 282.32ms
[NCCL Rank 24] Shuffle Time: 274.59ms
[NCCL Rank 25] Shuffle Time: 273.88ms
[NCCL Rank 26] Shuffle Time: 273.85ms
[NCCL Rank 27] Shuffle Time: 273.15ms
[NCCL Rank 20] Shuffle Time: 280.42ms
[NCCL Rank 21] Shuffle Time: 279.71ms
[NCCL Rank 22] Shuffle Time: 279.65ms
[NCCL Rank 4] Shuffle Time: 274.04ms
[NCCL Rank 23] Shuffle Time: 278.89ms
[NCCL Rank 0] Shuffle Time: 283.13ms
[NCCL Rank 1] Shuffle Time: 282.45ms
[NCCL Rank 2] Shuffle Time: 282.41ms
[NCCL Rank 12] Shuffle Time: 273.37ms
[NCCL Rank 13] Shuffle Time: 272.67ms
[NCCL Rank 14] Shuffle Time: 272.63ms
[NCCL Rank 15] Shuffle Time: 271.88ms
[NCCL Rank 5] Shuffle Time: 273.40ms
[NCCL Rank 3] Shuffle Time: 281.66ms
[NCCL Rank 6] Shuffle Time: 273.35ms
[NCCL Rank 7] Shuffle Time: 272.57ms
[NCCL Rank 16] Shuffle Time: 301.26ms
[NCCL Rank 17] Shuffle Time: 299.00ms
[NCCL Rank 18] Shuffle Time: 298.86ms
[NCCL Rank 19] Shuffle Time: 296.50ms
[NCCL Rank 4] Shuffle Time: 313.36ms
[NCCL Rank 5] Shuffle Time: 312.24ms
[NCCL Rank 24] Shuffle Time: 310.81ms
[NCCL Rank 25] Shuffle Time: 310.83ms
[NCCL Rank 26] Shuffle Time: 310.83ms
[NCCL Rank 6] Shuffle Time: 312.38ms
[NCCL Rank 7] Shuffle Time: 309.86ms
[NCCL Rank 27] Shuffle Time: 309.32ms
[NCCL Rank 0] Shuffle Time: 329.08ms
[NCCL Rank 1] Shuffle Time: 326.85ms
[NCCL Rank 2] Shuffle Time: 326.70ms
[NCCL Rank 3] Shuffle Time: 324.48ms
[NCCL Rank 28] Shuffle Time: 315.86ms
[NCCL Rank 29] Shuffle Time: 313.47ms
[NCCL Rank 30] Shuffle Time: 313.31ms
[NCCL Rank 31] Shuffle Time: 310.56ms
[NCCL Rank 8] Shuffle Time: 336.46ms
[NCCL Rank 9] Shuffle Time: 334.19ms
[NCCL Rank 12] Shuffle Time: 325.16ms
[NCCL Rank 10] Shuffle Time: 334.27ms
[NCCL Rank 11] Shuffle Time: 331.71ms
[NCCL Rank 20] Shuffle Time: 276.32ms
[NCCL Rank 21] Shuffle Time: 276.34ms
[NCCL Rank 22] Shuffle Time: 276.35ms
[NCCL Rank 23] Shuffle Time: 276.35ms
[NCCL Rank 13] Shuffle Time: 322.78ms
[NCCL Rank 14] Shuffle Time: 322.67ms
[NCCL Rank 15] Shuffle Time: 320.09ms
[NCCL Rank 24] Shuffle Time: 288.25ms
[NCCL Rank 25] Shuffle Time: 285.53ms
[NCCL Rank 26] Shuffle Time: 285.82ms
[NCCL Rank 27] Shuffle Time: 283.22ms
[NCCL Rank 16] Shuffle Time: 309.11ms
[NCCL Rank 17] Shuffle Time: 306.66ms
[NCCL Rank 18] Shuffle Time: 307.12ms
[NCCL Rank 19] Shuffle Time: 304.57ms
[NCCL Rank 4] Shuffle Time: 293.75ms
[NCCL Rank 5] Shuffle Time: 291.34ms
[NCCL Rank 6] Shuffle Time: 291.63ms
[NCCL Rank 7] Shuffle Time: 289.11ms
[NCCL Rank 20] Shuffle Time: 275.40ms
[NCCL Rank 0] Shuffle Time: 283.18ms
[NCCL Rank 1] Shuffle Time: 280.88ms
[NCCL Rank 2] Shuffle Time: 281.28ms
[NCCL Rank 28] Shuffle Time: 277.68ms
[NCCL Rank 3] Shuffle Time: 278.60ms
[NCCL Rank 29] Shuffle Time: 275.08ms
[NCCL Rank 30] Shuffle Time: 275.35ms
[NCCL Rank 31] Shuffle Time: 272.36ms
[NCCL Rank 21] Shuffle Time: 273.70ms
[NCCL Rank 22] Shuffle Time: 274.09ms
[NCCL Rank 23] Shuffle Time: 271.27ms
[NCCL Rank 12] Shuffle Time: 276.44ms
[NCCL Rank 13] Shuffle Time: 273.77ms
[NCCL Rank 14] Shuffle Time: 274.10ms
[NCCL Rank 8] Shuffle Time: 279.31ms
[NCCL Rank 9] Shuffle Time: 276.96ms
[NCCL Rank 10] Shuffle Time: 277.16ms
[NCCL Rank 11] Shuffle Time: 274.67ms
[NCCL Rank 15] Shuffle Time: 271.39ms
Finish Simulating! Total: 35 FUSE Kernel, 5 SHM Kernel, 4 Shuffles.
Finish Simulating! Total: 35 FUSE Kernel, 5 SHM Kernel, 4 Shuffles.
Finish Simulating! Total: 35 FUSE Kernel, 5 SHM Kernel, 4 Shuffles.
Finish Simulating! Total: 35 FUSE Kernel, 5 SHM Kernel, 4 Shuffles.
Finish Simulating! Total: 35 FUSE Kernel, 5 SHM Kernel, 4 Shuffles.
Finish Simulating! Total: 35 FUSE Kernel, 5 SHM Kernel, 4 Shuffles.
Finish Simulating! Total: 35 FUSE Kernel, 5 SHM Kernel, 4 Shuffles.
Finish Simulating! Total: 35 FUSE Kernel, 5 SHM Kernel, 4 Shuffles.
[NCCL Rank 16] Total Simulation Time: 1873.47ms
[NCCL Rank 4] Total Simulation Time: 1874.46ms
[NCCL Rank 24] Total Simulation Time: 1873.22ms
[NCCL Rank 17] Total Simulation Time: 1875.99ms
[NCCL Rank 18] Total Simulation Time: 1876.00ms
[NCCL Rank 5] Total Simulation Time: 1876.75ms
[NCCL Rank 6] Total Simulation Time: 1876.77ms
[NCCL Rank 12] Total Simulation Time: 1874.69ms
[NCCL Rank 25] Total Simulation Time: 1875.98ms
[NCCL Rank 26] Total Simulation Time: 1875.98ms
[NCCL Rank 8] Total Simulation Time: 1880.85ms
[NCCL Rank 19] Total Simulation Time: 1878.53ms
[NCCL Rank 7] Total Simulation Time: 1879.29ms
[NCCL Rank 0] Total Simulation Time: 1881.59ms
[NCCL Rank 28] Total Simulation Time: 1881.58ms
[NCCL Rank 13] Total Simulation Time: 1877.17ms
[NCCL Rank 14] Total Simulation Time: 1877.17ms
[NCCL Rank 9] Total Simulation Time: 1883.29ms
[NCCL Rank 10] Total Simulation Time: 1883.30ms
[NCCL Rank 27] Total Simulation Time: 1878.66ms
[NCCL Rank 29] Total Simulation Time: 1883.98ms
[NCCL Rank 30] Total Simulation Time: 1883.98ms
[NCCL Rank 1] Total Simulation Time: 1883.96ms
[NCCL Rank 2] Total Simulation Time: 1883.98ms
[NCCL Rank 15] Total Simulation Time: 1879.88ms
[NCCL Rank 11] Total Simulation Time: 1886.02ms
[NCCL Rank 3] Total Simulation Time: 1886.47ms
[MPI Rank 0]: Shuffle 0 cost 283.17ms on average.
[MPI Rank 0]: Shuffle 1 cost 282.41ms on average.
[MPI Rank 0]: Shuffle 2 cost 326.78ms on average.
[MPI Rank 0]: Shuffle 3 cost 280.98ms on average.
[NCCL Rank 31] Total Simulation Time: 1886.89ms
[NCCL Rank 20] Total Simulation Time: 1887.03ms
[NCCL Rank 21] Total Simulation Time: 1889.58ms
[NCCL Rank 22] Total Simulation Time: 1889.58ms
[NCCL Rank 23] Total Simulation Time: 1892.12ms
[MPI Rank 0]: Destroyed everything!
Time Cost: 2002246 us
Destroyed the simulator
[MPI Rank 7]: Destroyed everything!
Time Cost: 2016109 us
Destroyed the simulator
[MPI Rank 3]: Destroyed everything!
Time Cost: 2027903 us
Destroyed the simulator
[MPI Rank 5]: Destroyed everything!
Time Cost: 2038994 us
Destroyed the simulator
[MPI Rank 2]: Destroyed everything!
Time Cost: 2043778 us
Destroyed the simulator
[MPI Rank 6]: Destroyed everything!
Time Cost: 2065203 us
Destroyed the simulator
[MPI Rank 4]: Destroyed everything!
Time Cost: 2067885 us
Destroyed the simulator
[MPI Rank 1]: Destroyed everything!
Time Cost: 2071163 us
Destroyed the simulator
