Num ranks: 2, myrank: 0
Num ranks: 2, myrank: 1
Use cached schedule
Compilation Done! 
Num Shuffles: 1
Num FUSION Kernel: 8
Num SHM Kernel: 1
Start Simulating...
Use cached schedule
Compilation Done! 
Num Shuffles: 1
Num FUSION Kernel: 8
Num SHM Kernel: 1
Start Simulating...
[warmup] size total:536870912
[warmup] size total:536870912
Init State Vectors on 4 devices
Init State Vectors on 4 devices
[NCCL Rank 4] Shuffle Time: 161.30ms
[NCCL Rank 0] Shuffle Time: 156.18ms
[NCCL Rank 1] Shuffle Time: 156.20ms
[NCCL Rank 2] Shuffle Time: 156.21ms
[NCCL Rank 5] Shuffle Time: 162.63ms
[NCCL Rank 6] Shuffle Time: 162.64ms
[NCCL Rank 3] Shuffle Time: 156.22ms
[NCCL Rank 7] Shuffle Time: 162.65ms
Finish Simulating! Total: 8 FUSE Kernel, 1 SHM Kernel, 1 Shuffles.
Finish Simulating! Total: 8 FUSE Kernel, 1 SHM Kernel, 1 Shuffles.
[NCCL Rank 4] Total Simulation Time: 267.27ms
[NCCL Rank 0] Total Simulation Time: 261.93ms
[NCCL Rank 5] Total Simulation Time: 270.80ms
[NCCL Rank 1] Total Simulation Time: 265.54ms
[NCCL Rank 6] Total Simulation Time: 274.17ms
[NCCL Rank 7] Total Simulation Time: 274.30ms
[NCCL Rank 2] Total Simulation Time: 269.05ms
[NCCL Rank 3] Total Simulation Time: 269.25ms
[MPI Rank 0]: Shuffle 0 cost 156.20ms on average.
[MPI Rank 0]: Destroyed everything!
Time Cost: 431416 us
Destroyed the simulator
[MPI Rank 1]: Destroyed everything!
Time Cost: 445000 us
Destroyed the simulator
