Num ranks: 1, myrank: 0
Computed and cached schedule in 3.402 seconds.
Current Layout0: [0, 2, 3, 4, 5, 6, 7, 8, 9, 10, 11, 12, 13, 14, 15, 16, 17, 18, 19, 20, 21, 22, 23, 24, 25, 26, 27, 28, 1, Start fusing gates...
Reset qubit group map
(23, 24) (24, 25) (25, 26) (26, 27) (27, 28) current Layout: [0,2,3,4,5,6,7,8,9,10,11,12,13,14,15,16,17,18,19,20,21,22,23,24,25,26,27,28,1,]
Fusing Kernel (17 gates): qubits [24, 25, 26, 27, 28], gates fusion, qubits [24, 25, 26, 27, 28], gates CircuitSeq {
  Q28 = x(Q28)
  Q27 = ry(Q27, P27)
  [Q28, Q27] = cz[0](Q28, Q27)
  Q27 = ry(Q27, P28)
  Q26 = ry(Q26, P26)
  [Q27, Q26] = cz(Q27, Q26)
  Q26 = ry(Q26, P29)
  Q25 = ry(Q25, P25)
  [Q26, Q25] = cz(Q26, Q25)
  Q25 = ry(Q25, P30)
  Q24 = ry(Q24, P24)
  [Q25, Q24] = cz(Q25, Q24)
  Q24 = ry(Q24, P31)
  [Q27, Q28] = cx(Q27, Q28)
  [Q26, Q27] = cx(Q26, Q27)
  [Q25, Q26] = cx(Q25, Q26)
  [Q24, Q25] = cx(Q24, Q25)
}

Gate 0: [28, ]
Fusing gate 1(0) for rank 0
t 28
Matrix Multiplication (5, 1), mask 16
Fusing gate 1(0) for rank 1
t 28
Matrix Multiplication (5, 1), mask 16
Gate 1: [27, ]
Fusing gate 4(0) for rank 0
t 27
Matrix Multiplication (5, 1), mask 8
Fusing gate 4(0) for rank 1
t 27
Matrix Multiplication (5, 1), mask 8
Gate 2: [28, 27, ]
Fusing gate 25(1) for rank 0
c,t 28,27
Matrix Multiplication (5, 2), mask 24
Fusing gate 25(1) for rank 1
c,t 28,27
Matrix Multiplication (5, 2), mask 24
Gate 3: [27, ]
Fusing gate 4(0) for rank 0
t 27
Matrix Multiplication (5, 1), mask 8
Fusing gate 4(0) for rank 1
t 27
Matrix Multiplication (5, 1), mask 8
Gate 4: [26, ]
Fusing gate 4(0) for rank 0
t 26
Matrix Multiplication (5, 1), mask 4
Fusing gate 4(0) for rank 1
t 26
Matrix Multiplication (5, 1), mask 4
Gate 5: [27, 26, ]
Fusing gate 25(1) for rank 0
c,t 27,26
Matrix Multiplication (5, 2), mask 12
Fusing gate 25(1) for rank 1
c,t 27,26
Matrix Multiplication (5, 2), mask 12
Gate 6: [26, ]
Fusing gate 4(0) for rank 0
t 26
Matrix Multiplication (5, 1), mask 4
Fusing gate 4(0) for rank 1
t 26
Matrix Multiplication (5, 1), mask 4
Gate 7: [25, ]
Fusing gate 4(0) for rank 0
t 25
Matrix Multiplication (5, 1), mask 2
Fusing gate 4(0) for rank 1
t 25
Matrix Multiplication (5, 1), mask 2
Gate 8: [26, 25, ]
Fusing gate 25(1) for rank 0
c,t 26,25
Matrix Multiplication (5, 2), mask 6
Fusing gate 25(1) for rank 1
c,t 26,25
Matrix Multiplication (5, 2), mask 6
Gate 9: [25, ]
Fusing gate 4(0) for rank 0
t 25
Matrix Multiplication (5, 1), mask 2
Fusing gate 4(0) for rank 1
t 25
Matrix Multiplication (5, 1), mask 2
Gate 10: [24, ]
Fusing gate 4(0) for rank 0
t 24
Matrix Multiplication (5, 1), mask 1
Fusing gate 4(0) for rank 1
t 24
Matrix Multiplication (5, 1), mask 1
Gate 11: [25, 24, ]
Fusing gate 25(1) for rank 0
c,t 25,24
Matrix Multiplication (5, 2), mask 3
Fusing gate 25(1) for rank 1
c,t 25,24
Matrix Multiplication (5, 2), mask 3
Gate 12: [24, ]
Fusing gate 4(0) for rank 0
t 24
Matrix Multiplication (5, 1), mask 1
Fusing gate 4(0) for rank 1
t 24
Matrix Multiplication (5, 1), mask 1
Gate 13: [27, 28, ]
Fusing gate 6(1) for rank 0
c,t 27,28
Matrix Multiplication (5, 2), mask 24
Fusing gate 6(1) for rank 1
c,t 27,28
Matrix Multiplication (5, 2), mask 24
Gate 14: [26, 27, ]
Fusing gate 6(1) for rank 0
c,t 26,27
Matrix Multiplication (5, 2), mask 12
Fusing gate 6(1) for rank 1
c,t 26,27
Matrix Multiplication (5, 2), mask 12
Gate 15: [25, 26, ]
Fusing gate 6(1) for rank 0
c,t 25,26
Matrix Multiplication (5, 2), mask 6
Fusing gate 6(1) for rank 1
c,t 25,26
Matrix Multiplication (5, 2), mask 6
Gate 16: [24, 25, ]
Fusing gate 6(1) for rank 0
c,t 24,25
Matrix Multiplication (5, 2), mask 3
Fusing gate 6(1) for rank 1
c,t 24,25
Matrix Multiplication (5, 2), mask 3
Start fusing gates...
Reset qubit group map
(19, 20) (20, 21) (21, 22) (22, 23) (23, 24) current Layout: [0,2,3,4,5,6,7,8,9,10,11,12,13,14,15,16,17,18,19,20,21,22,23,24,25,26,27,28,1,]
Fusing Kernel (16 gates): qubits [20, 21, 22, 23, 24], gates fusion, qubits [20, 21, 22, 23, 24], gates CircuitSeq {
  Q23 = ry(Q23, P23)
  [Q24, Q23] = cz(Q24, Q23)
  Q23 = ry(Q23, P32)
  Q22 = ry(Q22, P22)
  [Q23, Q22] = cz(Q23, Q22)
  Q22 = ry(Q22, P33)
  Q21 = ry(Q21, P21)
  [Q22, Q21] = cz(Q22, Q21)
  Q21 = ry(Q21, P34)
  Q20 = ry(Q20, P20)
  [Q21, Q20] = cz(Q21, Q20)
  Q20 = ry(Q20, P35)
  [Q23, Q24] = cx(Q23, Q24)
  [Q22, Q23] = cx(Q22, Q23)
  [Q21, Q22] = cx(Q21, Q22)
  [Q20, Q21] = cx(Q20, Q21)
}

Gate 0: [23, ]
Fusing gate 4(0) for rank 0
t 23
Matrix Multiplication (5, 1), mask 8
Fusing gate 4(0) for rank 1
t 23
Matrix Multiplication (5, 1), mask 8
Gate 1: [24, 23, ]
Fusing gate 25(1) for rank 0
c,t 24,23
Matrix Multiplication (5, 2), mask 24
Fusing gate 25(1) for rank 1
c,t 24,23
Matrix Multiplication (5, 2), mask 24
Gate 2: [23, ]
Fusing gate 4(0) for rank 0
t 23
Matrix Multiplication (5, 1), mask 8
Fusing gate 4(0) for rank 1
t 23
Matrix Multiplication (5, 1), mask 8
Gate 3: [22, ]
Fusing gate 4(0) for rank 0
t 22
Matrix Multiplication (5, 1), mask 4
Fusing gate 4(0) for rank 1
t 22
Matrix Multiplication (5, 1), mask 4
Gate 4: [23, 22, ]
Fusing gate 25(1) for rank 0
c,t 23,22
Matrix Multiplication (5, 2), mask 12
Fusing gate 25(1) for rank 1
c,t 23,22
Matrix Multiplication (5, 2), mask 12
Gate 5: [22, ]
Fusing gate 4(0) for rank 0
t 22
Matrix Multiplication (5, 1), mask 4
Fusing gate 4(0) for rank 1
t 22
Matrix Multiplication (5, 1), mask 4
Gate 6: [21, ]
Fusing gate 4(0) for rank 0
t 21
Matrix Multiplication (5, 1), mask 2
Fusing gate 4(0) for rank 1
t 21
Matrix Multiplication (5, 1), mask 2
Gate 7: [22, 21, ]
Fusing gate 25(1) for rank 0
c,t 22,21
Matrix Multiplication (5, 2), mask 6
Fusing gate 25(1) for rank 1
c,t 22,21
Matrix Multiplication (5, 2), mask 6
Gate 8: [21, ]
Fusing gate 4(0) for rank 0
t 21
Matrix Multiplication (5, 1), mask 2
Fusing gate 4(0) for rank 1
t 21
Matrix Multiplication (5, 1), mask 2
Gate 9: [20, ]
Fusing gate 4(0) for rank 0
t 20
Matrix Multiplication (5, 1), mask 1
Fusing gate 4(0) for rank 1
t 20
Matrix Multiplication (5, 1), mask 1
Gate 10: [21, 20, ]
Fusing gate 25(1) for rank 0
c,t 21,20
Matrix Multiplication (5, 2), mask 3
Fusing gate 25(1) for rank 1
c,t 21,20
Matrix Multiplication (5, 2), mask 3
Gate 11: [20, ]
Fusing gate 4(0) for rank 0
t 20
Matrix Multiplication (5, 1), mask 1
Fusing gate 4(0) for rank 1
t 20
Matrix Multiplication (5, 1), mask 1
Gate 12: [23, 24, ]
Fusing gate 6(1) for rank 0
c,t 23,24
Matrix Multiplication (5, 2), mask 24
Fusing gate 6(1) for rank 1
c,t 23,24
Matrix Multiplication (5, 2), mask 24
Gate 13: [22, 23, ]
Fusing gate 6(1) for rank 0
c,t 22,23
Matrix Multiplication (5, 2), mask 12
Fusing gate 6(1) for rank 1
c,t 22,23
Matrix Multiplication (5, 2), mask 12
Gate 14: [21, 22, ]
Fusing gate 6(1) for rank 0
c,t 21,22
Matrix Multiplication (5, 2), mask 6
Fusing gate 6(1) for rank 1
c,t 21,22
Matrix Multiplication (5, 2), mask 6
Gate 15: [20, 21, ]
Fusing gate 6(1) for rank 0
c,t 20,21
Matrix Multiplication (5, 2), mask 3
Fusing gate 6(1) for rank 1
c,t 20,21
Matrix Multiplication (5, 2), mask 3
Start fusing gates...
Reset qubit group map
(15, 16) (16, 17) (17, 18) (18, 19) (19, 20) current Layout: [0,2,3,4,5,6,7,8,9,10,11,12,13,14,15,16,17,18,19,20,21,22,23,24,25,26,27,28,1,]
Fusing Kernel (16 gates): qubits [16, 17, 18, 19, 20], gates fusion, qubits [16, 17, 18, 19, 20], gates CircuitSeq {
  Q19 = ry(Q19, P19)
  [Q20, Q19] = cz(Q20, Q19)
  Q19 = ry(Q19, P36)
  Q18 = ry(Q18, P18)
  [Q19, Q18] = cz(Q19, Q18)
  Q18 = ry(Q18, P37)
  Q17 = ry(Q17, P17)
  [Q18, Q17] = cz(Q18, Q17)
  Q17 = ry(Q17, P38)
  Q16 = ry(Q16, P16)
  [Q17, Q16] = cz(Q17, Q16)
  Q16 = ry(Q16, P39)
  [Q19, Q20] = cx(Q19, Q20)
  [Q18, Q19] = cx(Q18, Q19)
  [Q17, Q18] = cx(Q17, Q18)
  [Q16, Q17] = cx(Q16, Q17)
}

Gate 0: [19, ]
Fusing gate 4(0) for rank 0
t 19
Matrix Multiplication (5, 1), mask 8
Fusing gate 4(0) for rank 1
t 19
Matrix Multiplication (5, 1), mask 8
Gate 1: [20, 19, ]
Fusing gate 25(1) for rank 0
c,t 20,19
Matrix Multiplication (5, 2), mask 24
Fusing gate 25(1) for rank 1
c,t 20,19
Matrix Multiplication (5, 2), mask 24
Gate 2: [19, ]
Fusing gate 4(0) for rank 0
t 19
Matrix Multiplication (5, 1), mask 8
Fusing gate 4(0) for rank 1
t 19
Matrix Multiplication (5, 1), mask 8
Gate 3: [18, ]
Fusing gate 4(0) for rank 0
t 18
Matrix Multiplication (5, 1), mask 4
Fusing gate 4(0) for rank 1
t 18
Matrix Multiplication (5, 1), mask 4
Gate 4: [19, 18, ]
Fusing gate 25(1) for rank 0
c,t 19,18
Matrix Multiplication (5, 2), mask 12
Fusing gate 25(1) for rank 1
c,t 19,18
Matrix Multiplication (5, 2), mask 12
Gate 5: [18, ]
Fusing gate 4(0) for rank 0
t 18
Matrix Multiplication (5, 1), mask 4
Fusing gate 4(0) for rank 1
t 18
Matrix Multiplication (5, 1), mask 4
Gate 6: [17, ]
Fusing gate 4(0) for rank 0
t 17
Matrix Multiplication (5, 1), mask 2
Fusing gate 4(0) for rank 1
t 17
Matrix Multiplication (5, 1), mask 2
Gate 7: [18, 17, ]
Fusing gate 25(1) for rank 0
c,t 18,17
Matrix Multiplication (5, 2), mask 6
Fusing gate 25(1) for rank 1
c,t 18,17
Matrix Multiplication (5, 2), mask 6
Gate 8: [17, ]
Fusing gate 4(0) for rank 0
t 17
Matrix Multiplication (5, 1), mask 2
Fusing gate 4(0) for rank 1
t 17
Matrix Multiplication (5, 1), mask 2
Gate 9: [16, ]
Fusing gate 4(0) for rank 0
t 16
Matrix Multiplication (5, 1), mask 1
Fusing gate 4(0) for rank 1
t 16
Matrix Multiplication (5, 1), mask 1
Gate 10: [17, 16, ]
Fusing gate 25(1) for rank 0
c,t 17,16
Matrix Multiplication (5, 2), mask 3
Fusing gate 25(1) for rank 1
c,t 17,16
Matrix Multiplication (5, 2), mask 3
Gate 11: [16, ]
Fusing gate 4(0) for rank 0
t 16
Matrix Multiplication (5, 1), mask 1
Fusing gate 4(0) for rank 1
t 16
Matrix Multiplication (5, 1), mask 1
Gate 12: [19, 20, ]
Fusing gate 6(1) for rank 0
c,t 19,20
Matrix Multiplication (5, 2), mask 24
Fusing gate 6(1) for rank 1
c,t 19,20
Matrix Multiplication (5, 2), mask 24
Gate 13: [18, 19, ]
Fusing gate 6(1) for rank 0
c,t 18,19
Matrix Multiplication (5, 2), mask 12
Fusing gate 6(1) for rank 1
c,t 18,19
Matrix Multiplication (5, 2), mask 12
Gate 14: [17, 18, ]
Fusing gate 6(1) for rank 0
c,t 17,18
Matrix Multiplication (5, 2), mask 6
Fusing gate 6(1) for rank 1
c,t 17,18
Matrix Multiplication (5, 2), mask 6
Gate 15: [16, 17, ]
Fusing gate 6(1) for rank 0
c,t 16,17
Matrix Multiplication (5, 2), mask 3
Fusing gate 6(1) for rank 1
c,t 16,17
Matrix Multiplication (5, 2), mask 3
Start fusing gates...
Reset qubit group map
(11, 12) (12, 13) (13, 14) (14, 15) (15, 16) current Layout: [0,2,3,4,5,6,7,8,9,10,11,12,13,14,15,16,17,18,19,20,21,22,23,24,25,26,27,28,1,]
Fusing Kernel (16 gates): qubits [12, 13, 14, 15, 16], gates fusion, qubits [12, 13, 14, 15, 16], gates CircuitSeq {
  Q15 = ry(Q15, P15)
  [Q16, Q15] = cz(Q16, Q15)
  Q15 = ry(Q15, P40)
  Q14 = ry(Q14, P14)
  [Q15, Q14] = cz(Q15, Q14)
  Q14 = ry(Q14, P41)
  Q13 = ry(Q13, P13)
  [Q14, Q13] = cz(Q14, Q13)
  Q13 = ry(Q13, P42)
  Q12 = ry(Q12, P12)
  [Q13, Q12] = cz(Q13, Q12)
  Q12 = ry(Q12, P43)
  [Q15, Q16] = cx(Q15, Q16)
  [Q14, Q15] = cx(Q14, Q15)
  [Q13, Q14] = cx(Q13, Q14)
  [Q12, Q13] = cx(Q12, Q13)
}

Gate 0: [15, ]
Fusing gate 4(0) for rank 0
t 15
Matrix Multiplication (5, 1), mask 8
Fusing gate 4(0) for rank 1
t 15
Matrix Multiplication (5, 1), mask 8
Gate 1: [16, 15, ]
Fusing gate 25(1) for rank 0
c,t 16,15
Matrix Multiplication (5, 2), mask 24
Fusing gate 25(1) for rank 1
c,t 16,15
Matrix Multiplication (5, 2), mask 24
Gate 2: [15, ]
Fusing gate 4(0) for rank 0
t 15
Matrix Multiplication (5, 1), mask 8
Fusing gate 4(0) for rank 1
t 15
Matrix Multiplication (5, 1), mask 8
Gate 3: [14, ]
Fusing gate 4(0) for rank 0
t 14
Matrix Multiplication (5, 1), mask 4
Fusing gate 4(0) for rank 1
t 14
Matrix Multiplication (5, 1), mask 4
Gate 4: [15, 14, ]
Fusing gate 25(1) for rank 0
c,t 15,14
Matrix Multiplication (5, 2), mask 12
Fusing gate 25(1) for rank 1
c,t 15,14
Matrix Multiplication (5, 2), mask 12
Gate 5: [14, ]
Fusing gate 4(0) for rank 0
t 14
Matrix Multiplication (5, 1), mask 4
Fusing gate 4(0) for rank 1
t 14
Matrix Multiplication (5, 1), mask 4
Gate 6: [13, ]
Fusing gate 4(0) for rank 0
t 13
Matrix Multiplication (5, 1), mask 2
Fusing gate 4(0) for rank 1
t 13
Matrix Multiplication (5, 1), mask 2
Gate 7: [14, 13, ]
Fusing gate 25(1) for rank 0
c,t 14,13
Matrix Multiplication (5, 2), mask 6
Fusing gate 25(1) for rank 1
c,t 14,13
Matrix Multiplication (5, 2), mask 6
Gate 8: [13, ]
Fusing gate 4(0) for rank 0
t 13
Matrix Multiplication (5, 1), mask 2
Fusing gate 4(0) for rank 1
t 13
Matrix Multiplication (5, 1), mask 2
Gate 9: [12, ]
Fusing gate 4(0) for rank 0
t 12
Matrix Multiplication (5, 1), mask 1
Fusing gate 4(0) for rank 1
t 12
Matrix Multiplication (5, 1), mask 1
Gate 10: [13, 12, ]
Fusing gate 25(1) for rank 0
c,t 13,12
Matrix Multiplication (5, 2), mask 3
Fusing gate 25(1) for rank 1
c,t 13,12
Matrix Multiplication (5, 2), mask 3
Gate 11: [12, ]
Fusing gate 4(0) for rank 0
t 12
Matrix Multiplication (5, 1), mask 1
Fusing gate 4(0) for rank 1
t 12
Matrix Multiplication (5, 1), mask 1
Gate 12: [15, 16, ]
Fusing gate 6(1) for rank 0
c,t 15,16
Matrix Multiplication (5, 2), mask 24
Fusing gate 6(1) for rank 1
c,t 15,16
Matrix Multiplication (5, 2), mask 24
Gate 13: [14, 15, ]
Fusing gate 6(1) for rank 0
c,t 14,15
Matrix Multiplication (5, 2), mask 12
Fusing gate 6(1) for rank 1
c,t 14,15
Matrix Multiplication (5, 2), mask 12
Gate 14: [13, 14, ]
Fusing gate 6(1) for rank 0
c,t 13,14
Matrix Multiplication (5, 2), mask 6
Fusing gate 6(1) for rank 1
c,t 13,14
Matrix Multiplication (5, 2), mask 6
Gate 15: [12, 13, ]
Fusing gate 6(1) for rank 0
c,t 12,13
Matrix Multiplication (5, 2), mask 3
Fusing gate 6(1) for rank 1
c,t 12,13
Matrix Multiplication (5, 2), mask 3
Start fusing gates...
Reset qubit group map
(8, 9) (9, 10) (10, 11) (11, 12) (12, 13) current Layout: [0,2,3,4,5,6,7,8,9,10,11,12,13,14,15,16,17,18,19,20,21,22,23,24,25,26,27,28,1,]
Fusing Kernel (12 gates): qubits [9, 10, 11, 12, 13], gates fusion, qubits [9, 10, 11, 12, 13], gates CircuitSeq {
  Q11 = ry(Q11, P11)
  [Q12, Q11] = cz(Q12, Q11)
  Q11 = ry(Q11, P44)
  Q10 = ry(Q10, P10)
  [Q11, Q10] = cz(Q11, Q10)
  Q10 = ry(Q10, P45)
  Q9 = ry(Q9, P9)
  [Q10, Q9] = cz(Q10, Q9)
  Q9 = ry(Q9, P46)
  [Q11, Q12] = cx(Q11, Q12)
  [Q10, Q11] = cx(Q10, Q11)
  [Q9, Q10] = cx(Q9, Q10)
}

Gate 0: [11, ]
Fusing gate 4(0) for rank 0
t 11
Matrix Multiplication (5, 1), mask 4
Fusing gate 4(0) for rank 1
t 11
Matrix Multiplication (5, 1), mask 4
Gate 1: [12, 11, ]
Fusing gate 25(1) for rank 0
c,t 12,11
Matrix Multiplication (5, 2), mask 12
Fusing gate 25(1) for rank 1
c,t 12,11
Matrix Multiplication (5, 2), mask 12
Gate 2: [11, ]
Fusing gate 4(0) for rank 0
t 11
Matrix Multiplication (5, 1), mask 4
Fusing gate 4(0) for rank 1
t 11
Matrix Multiplication (5, 1), mask 4
Gate 3: [10, ]
Fusing gate 4(0) for rank 0
t 10
Matrix Multiplication (5, 1), mask 2
Fusing gate 4(0) for rank 1
t 10
Matrix Multiplication (5, 1), mask 2
Gate 4: [11, 10, ]
Fusing gate 25(1) for rank 0
c,t 11,10
Matrix Multiplication (5, 2), mask 6
Fusing gate 25(1) for rank 1
c,t 11,10
Matrix Multiplication (5, 2), mask 6
Gate 5: [10, ]
Fusing gate 4(0) for rank 0
t 10
Matrix Multiplication (5, 1), mask 2
Fusing gate 4(0) for rank 1
t 10
Matrix Multiplication (5, 1), mask 2
Gate 6: [9, ]
Fusing gate 4(0) for rank 0
t 9
Matrix Multiplication (5, 1), mask 1
Fusing gate 4(0) for rank 1
t 9
Matrix Multiplication (5, 1), mask 1
Gate 7: [10, 9, ]
Fusing gate 25(1) for rank 0
c,t 10,9
Matrix Multiplication (5, 2), mask 3
Fusing gate 25(1) for rank 1
c,t 10,9
Matrix Multiplication (5, 2), mask 3
Gate 8: [9, ]
Fusing gate 4(0) for rank 0
t 9
Matrix Multiplication (5, 1), mask 1
Fusing gate 4(0) for rank 1
t 9
Matrix Multiplication (5, 1), mask 1
Gate 9: [11, 12, ]
Fusing gate 6(1) for rank 0
c,t 11,12
Matrix Multiplication (5, 2), mask 12
Fusing gate 6(1) for rank 1
c,t 11,12
Matrix Multiplication (5, 2), mask 12
Gate 10: [10, 11, ]
Fusing gate 6(1) for rank 0
c,t 10,11
Matrix Multiplication (5, 2), mask 6
Fusing gate 6(1) for rank 1
c,t 10,11
Matrix Multiplication (5, 2), mask 6
Gate 11: [9, 10, ]
Fusing gate 6(1) for rank 0
c,t 9,10
Matrix Multiplication (5, 2), mask 3
Fusing gate 6(1) for rank 1
c,t 9,10
Matrix Multiplication (5, 2), mask 3
Start fusing gates...
Reset qubit group map
(4, 5) (5, 6) (6, 7) (7, 8) (8, 9) current Layout: [0,2,3,4,5,6,7,8,9,10,11,12,13,14,15,16,17,18,19,20,21,22,23,24,25,26,27,28,1,]
Fusing Kernel (16 gates): qubits [5, 6, 7, 8, 9], gates fusion, qubits [5, 6, 7, 8, 9], gates CircuitSeq {
  Q8 = ry(Q8, P8)
  [Q9, Q8] = cz(Q9, Q8)
  Q8 = ry(Q8, P47)
  Q7 = ry(Q7, P7)
  [Q8, Q7] = cz(Q8, Q7)
  Q7 = ry(Q7, P48)
  Q6 = ry(Q6, P6)
  [Q7, Q6] = cz(Q7, Q6)
  Q6 = ry(Q6, P49)
  Q5 = ry(Q5, P5)
  [Q6, Q5] = cz(Q6, Q5)
  Q5 = ry(Q5, P50)
  [Q8, Q9] = cx(Q8, Q9)
  [Q7, Q8] = cx(Q7, Q8)
  [Q6, Q7] = cx(Q6, Q7)
  [Q5, Q6] = cx(Q5, Q6)
}

Gate 0: [8, ]
Fusing gate 4(0) for rank 0
t 8
Matrix Multiplication (5, 1), mask 8
Fusing gate 4(0) for rank 1
t 8
Matrix Multiplication (5, 1), mask 8
Gate 1: [9, 8, ]
Fusing gate 25(1) for rank 0
c,t 9,8
Matrix Multiplication (5, 2), mask 24
Fusing gate 25(1) for rank 1
c,t 9,8
Matrix Multiplication (5, 2), mask 24
Gate 2: [8, ]
Fusing gate 4(0) for rank 0
t 8
Matrix Multiplication (5, 1), mask 8
Fusing gate 4(0) for rank 1
t 8
Matrix Multiplication (5, 1), mask 8
Gate 3: [7, ]
Fusing gate 4(0) for rank 0
t 7
Matrix Multiplication (5, 1), mask 4
Fusing gate 4(0) for rank 1
t 7
Matrix Multiplication (5, 1), mask 4
Gate 4: [8, 7, ]
Fusing gate 25(1) for rank 0
c,t 8,7
Matrix Multiplication (5, 2), mask 12
Fusing gate 25(1) for rank 1
c,t 8,7
Matrix Multiplication (5, 2), mask 12
Gate 5: [7, ]
Fusing gate 4(0) for rank 0
t 7
Matrix Multiplication (5, 1), mask 4
Fusing gate 4(0) for rank 1
t 7
Matrix Multiplication (5, 1), mask 4
Gate 6: [6, ]
Fusing gate 4(0) for rank 0
t 6
Matrix Multiplication (5, 1), mask 2
Fusing gate 4(0) for rank 1
t 6
Matrix Multiplication (5, 1), mask 2
Gate 7: [7, 6, ]
Fusing gate 25(1) for rank 0
c,t 7,6
Matrix Multiplication (5, 2), mask 6
Fusing gate 25(1) for rank 1
c,t 7,6
Matrix Multiplication (5, 2), mask 6
Gate 8: [6, ]
Fusing gate 4(0) for rank 0
t 6
Matrix Multiplication (5, 1), mask 2
Fusing gate 4(0) for rank 1
t 6
Matrix Multiplication (5, 1), mask 2
Gate 9: [5, ]
Fusing gate 4(0) for rank 0
t 5
Matrix Multiplication (5, 1), mask 1
Fusing gate 4(0) for rank 1
t 5
Matrix Multiplication (5, 1), mask 1
Gate 10: [6, 5, ]
Fusing gate 25(1) for rank 0
c,t 6,5
Matrix Multiplication (5, 2), mask 3
Fusing gate 25(1) for rank 1
c,t 6,5
Matrix Multiplication (5, 2), mask 3
Gate 11: [5, ]
Fusing gate 4(0) for rank 0
t 5
Matrix Multiplication (5, 1), mask 1
Fusing gate 4(0) for rank 1
t 5
Matrix Multiplication (5, 1), mask 1
Gate 12: [8, 9, ]
Fusing gate 6(1) for rank 0
c,t 8,9
Matrix Multiplication (5, 2), mask 24
Fusing gate 6(1) for rank 1
c,t 8,9
Matrix Multiplication (5, 2), mask 24
Gate 13: [7, 8, ]
Fusing gate 6(1) for rank 0
c,t 7,8
Matrix Multiplication (5, 2), mask 12
Fusing gate 6(1) for rank 1
c,t 7,8
Matrix Multiplication (5, 2), mask 12
Gate 14: [6, 7, ]
Fusing gate 6(1) for rank 0
c,t 6,7
Matrix Multiplication (5, 2), mask 6
Fusing gate 6(1) for rank 1
c,t 6,7
Matrix Multiplication (5, 2), mask 6
Gate 15: [5, 6, ]
Fusing gate 6(1) for rank 0
c,t 5,6
Matrix Multiplication (5, 2), mask 3
Fusing gate 6(1) for rank 1
c,t 5,6
Matrix Multiplication (5, 2), mask 3
Start fusing gates...
Reset qubit group map
(1, 2) (2, 3) (3, 4) (4, 5) (5, 6) current Layout: [0,2,3,4,5,6,7,8,9,10,11,12,13,14,15,16,17,18,19,20,21,22,23,24,25,26,27,28,1,]
Fusing Kernel (11 gates): qubits [2, 3, 4, 5, 6], gates fusion, qubits [2, 3, 4, 5, 6], gates CircuitSeq {
  Q4 = ry(Q4, P4)
  [Q5, Q4] = cz(Q5, Q4)
  Q4 = ry(Q4, P51)
  Q3 = ry(Q3, P3)
  [Q4, Q3] = cz(Q4, Q3)
  Q3 = ry(Q3, P52)
  Q2 = ry(Q2, P2)
  [Q3, Q2] = cz(Q3, Q2)
  Q2 = ry(Q2, P53)
  [Q4, Q5] = cx(Q4, Q5)
  [Q3, Q4] = cx(Q3, Q4)
}

Gate 0: [4, ]
Fusing gate 4(0) for rank 0
t 4
Matrix Multiplication (5, 1), mask 4
Fusing gate 4(0) for rank 1
t 4
Matrix Multiplication (5, 1), mask 4
Gate 1: [5, 4, ]
Fusing gate 25(1) for rank 0
c,t 5,4
Matrix Multiplication (5, 2), mask 12
Fusing gate 25(1) for rank 1
c,t 5,4
Matrix Multiplication (5, 2), mask 12
Gate 2: [4, ]
Fusing gate 4(0) for rank 0
t 4
Matrix Multiplication (5, 1), mask 4
Fusing gate 4(0) for rank 1
t 4
Matrix Multiplication (5, 1), mask 4
Gate 3: [3, ]
Fusing gate 4(0) for rank 0
t 3
Matrix Multiplication (5, 1), mask 2
Fusing gate 4(0) for rank 1
t 3
Matrix Multiplication (5, 1), mask 2
Gate 4: [4, 3, ]
Fusing gate 25(1) for rank 0
c,t 4,3
Matrix Multiplication (5, 2), mask 6
Fusing gate 25(1) for rank 1
c,t 4,3
Matrix Multiplication (5, 2), mask 6
Gate 5: [3, ]
Fusing gate 4(0) for rank 0
t 3
Matrix Multiplication (5, 1), mask 2
Fusing gate 4(0) for rank 1
t 3
Matrix Multiplication (5, 1), mask 2
Gate 6: [2, ]
Fusing gate 4(0) for rank 0
t 2
Matrix Multiplication (5, 1), mask 1
Fusing gate 4(0) for rank 1
t 2
Matrix Multiplication (5, 1), mask 1
Gate 7: [3, 2, ]
Fusing gate 25(1) for rank 0
c,t 3,2
Matrix Multiplication (5, 2), mask 3
Fusing gate 25(1) for rank 1
c,t 3,2
Matrix Multiplication (5, 2), mask 3
Gate 8: [2, ]
Fusing gate 4(0) for rank 0
t 2
Matrix Multiplication (5, 1), mask 1
Fusing gate 4(0) for rank 1
t 2
Matrix Multiplication (5, 1), mask 1
Gate 9: [4, 5, ]
Fusing gate 6(1) for rank 0
c,t 4,5
Matrix Multiplication (5, 2), mask 12
Fusing gate 6(1) for rank 1
c,t 4,5
Matrix Multiplication (5, 2), mask 12
Gate 10: [3, 4, ]
Fusing gate 6(1) for rank 0
c,t 3,4
Matrix Multiplication (5, 2), mask 6
Fusing gate 6(1) for rank 1
c,t 3,4
Matrix Multiplication (5, 2), mask 6
Current Layout0: [0, 2, 3, 4, 5, 6, 7, 8, 9, 10, 11, 12, 13, 14, 15, 16, 17, 18, 19, 20, 21, 22, 23, 24, 25, 26, 27, 1, 28, Start fusing gates...
Reset qubit group map
(0, 0) (1, 2) (2, 3) (27, 1) current Layout: [0,2,3,4,5,6,7,8,9,10,11,12,13,14,15,16,17,18,19,20,21,22,23,24,25,26,27,1,28,]
Fusing Kernel (9 gates): qubits [0, 1, 2, 3], gates fusion, qubits [0, 1, 2, 3], gates CircuitSeq {
  Q1 = ry(Q1, P1)
  [Q2, Q1] = cz(Q2, Q1)
  Q1 = ry(Q1, P54)
  Q0 = ry(Q0, P0)
  [Q1, Q0] = cz(Q1, Q0)
  Q0 = ry(Q0, P55)
  [Q2, Q3] = cx(Q2, Q3)
  [Q1, Q2] = cx(Q1, Q2)
  [Q0, Q1] = cx(Q0, Q1)
}

Gate 0: [1, ]
Fusing gate 4(0) for rank 0
t 1
Matrix Multiplication (4, 1), mask 8
Fusing gate 4(0) for rank 1
t 1
Matrix Multiplication (4, 1), mask 8
Gate 1: [2, 1, ]
Fusing gate 25(1) for rank 0
c,t 2,1
Matrix Multiplication (4, 2), mask 10
Fusing gate 25(1) for rank 1
c,t 2,1
Matrix Multiplication (4, 2), mask 10
Gate 2: [1, ]
Fusing gate 4(0) for rank 0
t 1
Matrix Multiplication (4, 1), mask 8
Fusing gate 4(0) for rank 1
t 1
Matrix Multiplication (4, 1), mask 8
Gate 3: [0, ]
Fusing gate 4(0) for rank 0
t 0
Matrix Multiplication (4, 1), mask 1
Fusing gate 4(0) for rank 1
t 0
Matrix Multiplication (4, 1), mask 1
Gate 4: [1, 0, ]
Fusing gate 25(1) for rank 0
c,t 1,0
Matrix Multiplication (4, 2), mask 9
Fusing gate 25(1) for rank 1
c,t 1,0
Matrix Multiplication (4, 2), mask 9
Gate 5: [0, ]
Fusing gate 4(0) for rank 0
t 0
Matrix Multiplication (4, 1), mask 1
Fusing gate 4(0) for rank 1
t 0
Matrix Multiplication (4, 1), mask 1
Gate 6: [2, 3, ]
Fusing gate 6(1) for rank 0
c,t 2,3
Matrix Multiplication (4, 2), mask 6
Fusing gate 6(1) for rank 1
c,t 2,3
Matrix Multiplication (4, 2), mask 6
Gate 7: [1, 2, ]
Fusing gate 6(1) for rank 0
c,t 1,2
Matrix Multiplication (4, 2), mask 10
Fusing gate 6(1) for rank 1
c,t 1,2
Matrix Multiplication (4, 2), mask 10
Gate 8: [0, 1, ]
Fusing gate 6(1) for rank 0
c,t 0,1
Matrix Multiplication (4, 2), mask 9
Fusing gate 6(1) for rank 1
c,t 0,1
Matrix Multiplication (4, 2), mask 9
Compilation Done! 
Num Shuffles: 1
Num FUSION Kernel: 8
Num SHM Kernel: 0
Start Simulating...
[warmup] size total:2147483648
NCCL comm nRanks: 2, i am 0
I am 0, mask 1, I am sending to 0
I am 0, mask 1, I am sending to 1
NCCL comm nRanks: 2, i am 1
I am 1, mask 1, I am sending to 0
I am 1, mask 1, I am sending to 1
hello checking all2all
Init State Vectors!
Using NCCL for cross-node shuffle
My physical id:0, 1
NCCL comm nRanks: 2, i am 0
I am 0, mask 1, I am sending to 0
I am 0, mask 1, I am sending to 1
My physical id:1, 1
NCCL comm nRanks: 2, i am 1
I am 1, mask 1, I am sending to 0
I am 1, mask 1, I am sending to 1
[NCCL Rank 0] Shuffle Time: 36.57ms
[NCCL Rank 1] Shuffle Time: 36.59ms
Finish Simulating! Total: 8 FUSE Kernel, 0 SHM Kernel, 1 Shuffles.
[NCCL Rank 0] Total Simulation Time: 102.97ms
[NCCL Rank 1] Total Simulation Time: 102.98ms
[MPI Rank 0]: Shuffle 0 cost 36.58ms on average.
Solving ILP for num_qubits=29, num_local_qubits=28, num_global_qubits=0, num_iterations=1...
Available solvers: ['PULP_CBC_CMD', 'HiGHS_CMD']
Running HiGHS 1.5.0 [date: 2023-11-09, git hash: 8a114449a]
Copyright (c) 2022 HiGHS under MIT licence terms
Number of BV entries in BOUNDS section is 284
MIP  135b07a9976d48189762b726c9c85237-pulp has 734 rows; 285 cols; 1380 nonzeros; 284 integer variables
Presolving model
478 rows, 29 cols, 113 nonzeros
Presolve: Infeasible

Solving report
  Status            Infeasible
  Primal bound      inf
  Dual bound        -inf
  Gap               inf
  Solution status   -
  Timing            0.00 (total)
                    0.00 (presolve)
                    0.00 (postsolve)
  Nodes             0
  LP iterations     0 (total)
                    0 (strong br.)
                    0 (separation)
                    0 (heuristics)
Writing the solution to /tmp/135b07a9976d48189762b726c9c85237-pulp.sol
Solving ILP for num_qubits=29, num_local_qubits=28, num_global_qubits=0, num_iterations=2...
Available solvers: ['PULP_CBC_CMD', 'HiGHS_CMD']
Running HiGHS 1.5.0 [date: 2023-11-09, git hash: 8a114449a]
Copyright (c) 2022 HiGHS under MIT licence terms
Number of BV entries in BOUNDS section is 513
MIP  b64c23af758244efbc478cc3f905b39d-pulp has 1160 rows; 513 cols; 2428 nonzeros; 513 integer variables
Presolving model
845 rows, 200 cols, 987 nonzeros
309 rows, 170 cols, 701 nonzeros
269 rows, 151 cols, 613 nonzeros
Objective function is integral with scale 1

Solving MIP model with:
   269 rows
   151 cols (151 binary, 0 integer, 0 implied int., 0 continuous)
   613 nonzeros

        Nodes      |    B&B Tree     |            Objective Bounds              |  Dynamic Constraints |       Work      
     Proc. InQueue |  Leaves   Expl. | BestBound       BestSol              Gap |   Cuts   InLp Confl. | LpIters     Time

         0       0         0   0.00%   0               inf                  inf        0      0      0         0     0.0s

Solving report
  Status            Optimal
  Primal bound      1
  Dual bound        1
  Gap               0% (tolerance: 0.01%)
  Solution status   feasible
                    1 (objective)
                    0 (bound viol.)
                    0 (int. viol.)
                    0 (row viol.)
  Timing            0.02 (total)
                    0.01 (presolve)
                    0.00 (postsolve)
  Nodes             1
  LP iterations     138 (total)
                    0 (strong br.)
                    0 (separation)
                    0 (heuristics)
Writing the solution to /tmp/b64c23af758244efbc478cc3f905b39d-pulp.sol
[MPI Rank 0]: Destroyed everthing!
Time Cost: 157738 us
Destroyed the simulator
