Num ranks: 4, myrank: 0
Num ranks: 4, myrank: 1
Num ranks: 4, myrank: 2
Num ranks: 4, myrank: 3
Use cached schedule
Use cached schedule
Compilation Done! 
Num Shuffles: 1
Num FUSION Kernel: 9
Num SHM Kernel: 2
Start Simulating...
Compilation Done! 
Num Shuffles: 1
Num FUSION Kernel: 9
Num SHM Kernel: 2
Start Simulating...
Use cached schedule
Compilation Done! 
Num Shuffles: 1
Num FUSION Kernel: 9
Num SHM Kernel: 2
Start Simulating...
Use cached schedule
Compilation Done! 
Num Shuffles: 1
Num FUSION Kernel: 9
Num SHM Kernel: 2
Start Simulating...
[warmup] size total:268435456
[warmup] size total:268435456
[warmup] size total:268435456
[warmup] size total:268435456
Init State Vectors on 4 devices
Init State Vectors on 4 devices
Init State Vectors on 4 devices
Init State Vectors on 4 devices
[NCCL Rank 0] Shuffle Time: 236.52ms
[NCCL Rank 1] Shuffle Time: 236.71ms
[NCCL Rank 2] Shuffle Time: 236.72ms
[NCCL Rank 3] Shuffle Time: 236.73ms
[NCCL Rank 8] Shuffle Time: 234.82ms
[NCCL Rank 4] Shuffle Time: 237.00ms
[NCCL Rank 5] Shuffle Time: 237.01ms
[NCCL Rank 6] Shuffle Time: 237.02ms
[NCCL Rank 12] Shuffle Time: 235.84ms
[NCCL Rank 7] Shuffle Time: 237.26ms
[NCCL Rank 9] Shuffle Time: 236.05ms
[NCCL Rank 10] Shuffle Time: 236.07ms
[NCCL Rank 11] Shuffle Time: 236.08ms
[NCCL Rank 13] Shuffle Time: 236.16ms
[NCCL Rank 14] Shuffle Time: 236.17ms
[NCCL Rank 15] Shuffle Time: 236.18ms
Finish Simulating! Total: 9 FUSE Kernel, 2 SHM Kernel, 1 Shuffles.
Finish Simulating! Total: 9 FUSE Kernel, 2 SHM Kernel, 1 Shuffles.
Finish Simulating! Total: 9 FUSE Kernel, 2 SHM Kernel, 1 Shuffles.
Finish Simulating! Total: 9 FUSE Kernel, 2 SHM Kernel, 1 Shuffles.
[NCCL Rank 0] Total Simulation Time: 350.78ms
[NCCL Rank 4] Total Simulation Time: 350.01ms
[NCCL Rank 12] Total Simulation Time: 349.05ms
[NCCL Rank 8] Total Simulation Time: 350.99ms
[NCCL Rank 1] Total Simulation Time: 354.00ms
[NCCL Rank 5] Total Simulation Time: 353.20ms
[NCCL Rank 13] Total Simulation Time: 352.18ms
[NCCL Rank 9] Total Simulation Time: 353.58ms
[NCCL Rank 2] Total Simulation Time: 357.37ms
[NCCL Rank 3] Total Simulation Time: 357.55ms
[MPI Rank 0]: Shuffle 0 cost 236.67ms on average.
[NCCL Rank 6] Total Simulation Time: 356.58ms
[NCCL Rank 14] Total Simulation Time: 355.62ms
[NCCL Rank 7] Total Simulation Time: 356.75ms
[NCCL Rank 15] Total Simulation Time: 355.79ms
[NCCL Rank 10] Total Simulation Time: 357.56ms
[NCCL Rank 11] Total Simulation Time: 357.73ms
[MPI Rank 1]: Destroyed everything!
Time Cost: 489803 us
Destroyed the simulator
[MPI Rank 3]: Destroyed everything!
Time Cost: 511382 us
Destroyed the simulator
[MPI Rank 0]: Destroyed everything!
Time Cost: 520307 us
Destroyed the simulator
[MPI Rank 2]: Destroyed everything!
Time Cost: 555186 us
Destroyed the simulator
