Num ranks: 1, myrank: 0
Computed and cached schedule in 2.887 seconds.
Current Layout0: [2, 3, 4, 5, 6, 7, 8, 9, 10, 11, 12, 13, 14, 15, 16, 17, 18, 19, 20, 21, 22, 23, 24, 25, 26, 27, 28, 29, 0, 1, Start fusing gates...
Reset qubit group map
(23, 25) (24, 26) (25, 27) (26, 28) (27, 29) current Layout: [2,3,4,5,6,7,8,9,10,11,12,13,14,15,16,17,18,19,20,21,22,23,24,25,26,27,28,29,0,1,]
Fusing Kernel (17 gates): qubits [25, 26, 27, 28, 29], gates fusion, qubits [25, 26, 27, 28, 29], gates CircuitSeq {
  Q29 = x(Q29)
  Q28 = ry(Q28, P28)
  [Q29, Q28] = cz[0](Q29, Q28)
  Q28 = ry(Q28, P29)
  Q27 = ry(Q27, P27)
  [Q28, Q27] = cz(Q28, Q27)
  Q27 = ry(Q27, P30)
  Q26 = ry(Q26, P26)
  [Q27, Q26] = cz(Q27, Q26)
  Q26 = ry(Q26, P31)
  Q25 = ry(Q25, P25)
  [Q26, Q25] = cz(Q26, Q25)
  Q25 = ry(Q25, P32)
  [Q28, Q29] = cx(Q28, Q29)
  [Q27, Q28] = cx(Q27, Q28)
  [Q26, Q27] = cx(Q26, Q27)
  [Q25, Q26] = cx(Q25, Q26)
}

Gate 0: [29, ]
Fusing gate 1(0) for rank 0
t 29
Matrix Multiplication (5, 1), mask 16
Fusing gate 1(0) for rank 1
t 29
Matrix Multiplication (5, 1), mask 16
Fusing gate 1(0) for rank 2
t 29
Matrix Multiplication (5, 1), mask 16
Fusing gate 1(0) for rank 3
t 29
Matrix Multiplication (5, 1), mask 16
Gate 1: [28, ]
Fusing gate 4(0) for rank 0
t 28
Matrix Multiplication (5, 1), mask 8
Fusing gate 4(0) for rank 1
t 28
Matrix Multiplication (5, 1), mask 8
Fusing gate 4(0) for rank 2
t 28
Matrix Multiplication (5, 1), mask 8
Fusing gate 4(0) for rank 3
t 28
Matrix Multiplication (5, 1), mask 8
Gate 2: [29, 28, ]
Fusing gate 25(1) for rank 0
c,t 29,28
Matrix Multiplication (5, 2), mask 24
Fusing gate 25(1) for rank 1
c,t 29,28
Matrix Multiplication (5, 2), mask 24
Fusing gate 25(1) for rank 2
c,t 29,28
Matrix Multiplication (5, 2), mask 24
Fusing gate 25(1) for rank 3
c,t 29,28
Matrix Multiplication (5, 2), mask 24
Gate 3: [28, ]
Fusing gate 4(0) for rank 0
t 28
Matrix Multiplication (5, 1), mask 8
Fusing gate 4(0) for rank 1
t 28
Matrix Multiplication (5, 1), mask 8
Fusing gate 4(0) for rank 2
t 28
Matrix Multiplication (5, 1), mask 8
Fusing gate 4(0) for rank 3
t 28
Matrix Multiplication (5, 1), mask 8
Gate 4: [27, ]
Fusing gate 4(0) for rank 0
t 27
Matrix Multiplication (5, 1), mask 4
Fusing gate 4(0) for rank 1
t 27
Matrix Multiplication (5, 1), mask 4
Fusing gate 4(0) for rank 2
t 27
Matrix Multiplication (5, 1), mask 4
Fusing gate 4(0) for rank 3
t 27
Matrix Multiplication (5, 1), mask 4
Gate 5: [28, 27, ]
Fusing gate 25(1) for rank 0
c,t 28,27
Matrix Multiplication (5, 2), mask 12
Fusing gate 25(1) for rank 1
c,t 28,27
Matrix Multiplication (5, 2), mask 12
Fusing gate 25(1) for rank 2
c,t 28,27
Matrix Multiplication (5, 2), mask 12
Fusing gate 25(1) for rank 3
c,t 28,27
Matrix Multiplication (5, 2), mask 12
Gate 6: [27, ]
Fusing gate 4(0) for rank 0
t 27
Matrix Multiplication (5, 1), mask 4
Fusing gate 4(0) for rank 1
t 27
Matrix Multiplication (5, 1), mask 4
Fusing gate 4(0) for rank 2
t 27
Matrix Multiplication (5, 1), mask 4
Fusing gate 4(0) for rank 3
t 27
Matrix Multiplication (5, 1), mask 4
Gate 7: [26, ]
Fusing gate 4(0) for rank 0
t 26
Matrix Multiplication (5, 1), mask 2
Fusing gate 4(0) for rank 1
t 26
Matrix Multiplication (5, 1), mask 2
Fusing gate 4(0) for rank 2
t 26
Matrix Multiplication (5, 1), mask 2
Fusing gate 4(0) for rank 3
t 26
Matrix Multiplication (5, 1), mask 2
Gate 8: [27, 26, ]
Fusing gate 25(1) for rank 0
c,t 27,26
Matrix Multiplication (5, 2), mask 6
Fusing gate 25(1) for rank 1
c,t 27,26
Matrix Multiplication (5, 2), mask 6
Fusing gate 25(1) for rank 2
c,t 27,26
Matrix Multiplication (5, 2), mask 6
Fusing gate 25(1) for rank 3
c,t 27,26
Matrix Multiplication (5, 2), mask 6
Gate 9: [26, ]
Fusing gate 4(0) for rank 0
t 26
Matrix Multiplication (5, 1), mask 2
Fusing gate 4(0) for rank 1
t 26
Matrix Multiplication (5, 1), mask 2
Fusing gate 4(0) for rank 2
t 26
Matrix Multiplication (5, 1), mask 2
Fusing gate 4(0) for rank 3
t 26
Matrix Multiplication (5, 1), mask 2
Gate 10: [25, ]
Fusing gate 4(0) for rank 0
t 25
Matrix Multiplication (5, 1), mask 1
Fusing gate 4(0) for rank 1
t 25
Matrix Multiplication (5, 1), mask 1
Fusing gate 4(0) for rank 2
t 25
Matrix Multiplication (5, 1), mask 1
Fusing gate 4(0) for rank 3
t 25
Matrix Multiplication (5, 1), mask 1
Gate 11: [26, 25, ]
Fusing gate 25(1) for rank 0
c,t 26,25
Matrix Multiplication (5, 2), mask 3
Fusing gate 25(1) for rank 1
c,t 26,25
Matrix Multiplication (5, 2), mask 3
Fusing gate 25(1) for rank 2
c,t 26,25
Matrix Multiplication (5, 2), mask 3
Fusing gate 25(1) for rank 3
c,t 26,25
Matrix Multiplication (5, 2), mask 3
Gate 12: [25, ]
Fusing gate 4(0) for rank 0
t 25
Matrix Multiplication (5, 1), mask 1
Fusing gate 4(0) for rank 1
t 25
Matrix Multiplication (5, 1), mask 1
Fusing gate 4(0) for rank 2
t 25
Matrix Multiplication (5, 1), mask 1
Fusing gate 4(0) for rank 3
t 25
Matrix Multiplication (5, 1), mask 1
Gate 13: [28, 29, ]
Fusing gate 6(1) for rank 0
c,t 28,29
Matrix Multiplication (5, 2), mask 24
Fusing gate 6(1) for rank 1
c,t 28,29
Matrix Multiplication (5, 2), mask 24
Fusing gate 6(1) for rank 2
c,t 28,29
Matrix Multiplication (5, 2), mask 24
Fusing gate 6(1) for rank 3
c,t 28,29
Matrix Multiplication (5, 2), mask 24
Gate 14: [27, 28, ]
Fusing gate 6(1) for rank 0
c,t 27,28
Matrix Multiplication (5, 2), mask 12
Fusing gate 6(1) for rank 1
c,t 27,28
Matrix Multiplication (5, 2), mask 12
Fusing gate 6(1) for rank 2
c,t 27,28
Matrix Multiplication (5, 2), mask 12
Fusing gate 6(1) for rank 3
c,t 27,28
Matrix Multiplication (5, 2), mask 12
Gate 15: [26, 27, ]
Fusing gate 6(1) for rank 0
c,t 26,27
Matrix Multiplication (5, 2), mask 6
Fusing gate 6(1) for rank 1
c,t 26,27
Matrix Multiplication (5, 2), mask 6
Fusing gate 6(1) for rank 2
c,t 26,27
Matrix Multiplication (5, 2), mask 6
Fusing gate 6(1) for rank 3
c,t 26,27
Matrix Multiplication (5, 2), mask 6
Gate 16: [25, 26, ]
Fusing gate 6(1) for rank 0
c,t 25,26
Matrix Multiplication (5, 2), mask 3
Fusing gate 6(1) for rank 1
c,t 25,26
Matrix Multiplication (5, 2), mask 3
Fusing gate 6(1) for rank 2
c,t 25,26
Matrix Multiplication (5, 2), mask 3
Fusing gate 6(1) for rank 3
c,t 25,26
Matrix Multiplication (5, 2), mask 3
Start fusing gates...
Reset qubit group map
(19, 21) (20, 22) (21, 23) (22, 24) (23, 25) current Layout: [2,3,4,5,6,7,8,9,10,11,12,13,14,15,16,17,18,19,20,21,22,23,24,25,26,27,28,29,0,1,]
Fusing Kernel (16 gates): qubits [21, 22, 23, 24, 25], gates fusion, qubits [21, 22, 23, 24, 25], gates CircuitSeq {
  Q24 = ry(Q24, P24)
  [Q25, Q24] = cz(Q25, Q24)
  Q24 = ry(Q24, P33)
  Q23 = ry(Q23, P23)
  [Q24, Q23] = cz(Q24, Q23)
  Q23 = ry(Q23, P34)
  Q22 = ry(Q22, P22)
  [Q23, Q22] = cz(Q23, Q22)
  Q22 = ry(Q22, P35)
  Q21 = ry(Q21, P21)
  [Q22, Q21] = cz(Q22, Q21)
  Q21 = ry(Q21, P36)
  [Q24, Q25] = cx(Q24, Q25)
  [Q23, Q24] = cx(Q23, Q24)
  [Q22, Q23] = cx(Q22, Q23)
  [Q21, Q22] = cx(Q21, Q22)
}

Gate 0: [24, ]
Fusing gate 4(0) for rank 0
t 24
Matrix Multiplication (5, 1), mask 8
Fusing gate 4(0) for rank 1
t 24
Matrix Multiplication (5, 1), mask 8
Fusing gate 4(0) for rank 2
t 24
Matrix Multiplication (5, 1), mask 8
Fusing gate 4(0) for rank 3
t 24
Matrix Multiplication (5, 1), mask 8
Gate 1: [25, 24, ]
Fusing gate 25(1) for rank 0
c,t 25,24
Matrix Multiplication (5, 2), mask 24
Fusing gate 25(1) for rank 1
c,t 25,24
Matrix Multiplication (5, 2), mask 24
Fusing gate 25(1) for rank 2
c,t 25,24
Matrix Multiplication (5, 2), mask 24
Fusing gate 25(1) for rank 3
c,t 25,24
Matrix Multiplication (5, 2), mask 24
Gate 2: [24, ]
Fusing gate 4(0) for rank 0
t 24
Matrix Multiplication (5, 1), mask 8
Fusing gate 4(0) for rank 1
t 24
Matrix Multiplication (5, 1), mask 8
Fusing gate 4(0) for rank 2
t 24
Matrix Multiplication (5, 1), mask 8
Fusing gate 4(0) for rank 3
t 24
Matrix Multiplication (5, 1), mask 8
Gate 3: [23, ]
Fusing gate 4(0) for rank 0
t 23
Matrix Multiplication (5, 1), mask 4
Fusing gate 4(0) for rank 1
t 23
Matrix Multiplication (5, 1), mask 4
Fusing gate 4(0) for rank 2
t 23
Matrix Multiplication (5, 1), mask 4
Fusing gate 4(0) for rank 3
t 23
Matrix Multiplication (5, 1), mask 4
Gate 4: [24, 23, ]
Fusing gate 25(1) for rank 0
c,t 24,23
Matrix Multiplication (5, 2), mask 12
Fusing gate 25(1) for rank 1
c,t 24,23
Matrix Multiplication (5, 2), mask 12
Fusing gate 25(1) for rank 2
c,t 24,23
Matrix Multiplication (5, 2), mask 12
Fusing gate 25(1) for rank 3
c,t 24,23
Matrix Multiplication (5, 2), mask 12
Gate 5: [23, ]
Fusing gate 4(0) for rank 0
t 23
Matrix Multiplication (5, 1), mask 4
Fusing gate 4(0) for rank 1
t 23
Matrix Multiplication (5, 1), mask 4
Fusing gate 4(0) for rank 2
t 23
Matrix Multiplication (5, 1), mask 4
Fusing gate 4(0) for rank 3
t 23
Matrix Multiplication (5, 1), mask 4
Gate 6: [22, ]
Fusing gate 4(0) for rank 0
t 22
Matrix Multiplication (5, 1), mask 2
Fusing gate 4(0) for rank 1
t 22
Matrix Multiplication (5, 1), mask 2
Fusing gate 4(0) for rank 2
t 22
Matrix Multiplication (5, 1), mask 2
Fusing gate 4(0) for rank 3
t 22
Matrix Multiplication (5, 1), mask 2
Gate 7: [23, 22, ]
Fusing gate 25(1) for rank 0
c,t 23,22
Matrix Multiplication (5, 2), mask 6
Fusing gate 25(1) for rank 1
c,t 23,22
Matrix Multiplication (5, 2), mask 6
Fusing gate 25(1) for rank 2
c,t 23,22
Matrix Multiplication (5, 2), mask 6
Fusing gate 25(1) for rank 3
c,t 23,22
Matrix Multiplication (5, 2), mask 6
Gate 8: [22, ]
Fusing gate 4(0) for rank 0
t 22
Matrix Multiplication (5, 1), mask 2
Fusing gate 4(0) for rank 1
t 22
Matrix Multiplication (5, 1), mask 2
Fusing gate 4(0) for rank 2
t 22
Matrix Multiplication (5, 1), mask 2
Fusing gate 4(0) for rank 3
t 22
Matrix Multiplication (5, 1), mask 2
Gate 9: [21, ]
Fusing gate 4(0) for rank 0
t 21
Matrix Multiplication (5, 1), mask 1
Fusing gate 4(0) for rank 1
t 21
Matrix Multiplication (5, 1), mask 1
Fusing gate 4(0) for rank 2
t 21
Matrix Multiplication (5, 1), mask 1
Fusing gate 4(0) for rank 3
t 21
Matrix Multiplication (5, 1), mask 1
Gate 10: [22, 21, ]
Fusing gate 25(1) for rank 0
c,t 22,21
Matrix Multiplication (5, 2), mask 3
Fusing gate 25(1) for rank 1
c,t 22,21
Matrix Multiplication (5, 2), mask 3
Fusing gate 25(1) for rank 2
c,t 22,21
Matrix Multiplication (5, 2), mask 3
Fusing gate 25(1) for rank 3
c,t 22,21
Matrix Multiplication (5, 2), mask 3
Gate 11: [21, ]
Fusing gate 4(0) for rank 0
t 21
Matrix Multiplication (5, 1), mask 1
Fusing gate 4(0) for rank 1
t 21
Matrix Multiplication (5, 1), mask 1
Fusing gate 4(0) for rank 2
t 21
Matrix Multiplication (5, 1), mask 1
Fusing gate 4(0) for rank 3
t 21
Matrix Multiplication (5, 1), mask 1
Gate 12: [24, 25, ]
Fusing gate 6(1) for rank 0
c,t 24,25
Matrix Multiplication (5, 2), mask 24
Fusing gate 6(1) for rank 1
c,t 24,25
Matrix Multiplication (5, 2), mask 24
Fusing gate 6(1) for rank 2
c,t 24,25
Matrix Multiplication (5, 2), mask 24
Fusing gate 6(1) for rank 3
c,t 24,25
Matrix Multiplication (5, 2), mask 24
Gate 13: [23, 24, ]
Fusing gate 6(1) for rank 0
c,t 23,24
Matrix Multiplication (5, 2), mask 12
Fusing gate 6(1) for rank 1
c,t 23,24
Matrix Multiplication (5, 2), mask 12
Fusing gate 6(1) for rank 2
c,t 23,24
Matrix Multiplication (5, 2), mask 12
Fusing gate 6(1) for rank 3
c,t 23,24
Matrix Multiplication (5, 2), mask 12
Gate 14: [22, 23, ]
Fusing gate 6(1) for rank 0
c,t 22,23
Matrix Multiplication (5, 2), mask 6
Fusing gate 6(1) for rank 1
c,t 22,23
Matrix Multiplication (5, 2), mask 6
Fusing gate 6(1) for rank 2
c,t 22,23
Matrix Multiplication (5, 2), mask 6
Fusing gate 6(1) for rank 3
c,t 22,23
Matrix Multiplication (5, 2), mask 6
Gate 15: [21, 22, ]
Fusing gate 6(1) for rank 0
c,t 21,22
Matrix Multiplication (5, 2), mask 3
Fusing gate 6(1) for rank 1
c,t 21,22
Matrix Multiplication (5, 2), mask 3
Fusing gate 6(1) for rank 2
c,t 21,22
Matrix Multiplication (5, 2), mask 3
Fusing gate 6(1) for rank 3
c,t 21,22
Matrix Multiplication (5, 2), mask 3
Start fusing gates...
Reset qubit group map
(15, 17) (16, 18) (17, 19) (18, 20) (19, 21) current Layout: [2,3,4,5,6,7,8,9,10,11,12,13,14,15,16,17,18,19,20,21,22,23,24,25,26,27,28,29,0,1,]
Fusing Kernel (16 gates): qubits [17, 18, 19, 20, 21], gates fusion, qubits [17, 18, 19, 20, 21], gates CircuitSeq {
  Q20 = ry(Q20, P20)
  [Q21, Q20] = cz(Q21, Q20)
  Q20 = ry(Q20, P37)
  Q19 = ry(Q19, P19)
  [Q20, Q19] = cz(Q20, Q19)
  Q19 = ry(Q19, P38)
  Q18 = ry(Q18, P18)
  [Q19, Q18] = cz(Q19, Q18)
  Q18 = ry(Q18, P39)
  Q17 = ry(Q17, P17)
  [Q18, Q17] = cz(Q18, Q17)
  Q17 = ry(Q17, P40)
  [Q20, Q21] = cx(Q20, Q21)
  [Q19, Q20] = cx(Q19, Q20)
  [Q18, Q19] = cx(Q18, Q19)
  [Q17, Q18] = cx(Q17, Q18)
}

Gate 0: [20, ]
Fusing gate 4(0) for rank 0
t 20
Matrix Multiplication (5, 1), mask 8
Fusing gate 4(0) for rank 1
t 20
Matrix Multiplication (5, 1), mask 8
Fusing gate 4(0) for rank 2
t 20
Matrix Multiplication (5, 1), mask 8
Fusing gate 4(0) for rank 3
t 20
Matrix Multiplication (5, 1), mask 8
Gate 1: [21, 20, ]
Fusing gate 25(1) for rank 0
c,t 21,20
Matrix Multiplication (5, 2), mask 24
Fusing gate 25(1) for rank 1
c,t 21,20
Matrix Multiplication (5, 2), mask 24
Fusing gate 25(1) for rank 2
c,t 21,20
Matrix Multiplication (5, 2), mask 24
Fusing gate 25(1) for rank 3
c,t 21,20
Matrix Multiplication (5, 2), mask 24
Gate 2: [20, ]
Fusing gate 4(0) for rank 0
t 20
Matrix Multiplication (5, 1), mask 8
Fusing gate 4(0) for rank 1
t 20
Matrix Multiplication (5, 1), mask 8
Fusing gate 4(0) for rank 2
t 20
Matrix Multiplication (5, 1), mask 8
Fusing gate 4(0) for rank 3
t 20
Matrix Multiplication (5, 1), mask 8
Gate 3: [19, ]
Fusing gate 4(0) for rank 0
t 19
Matrix Multiplication (5, 1), mask 4
Fusing gate 4(0) for rank 1
t 19
Matrix Multiplication (5, 1), mask 4
Fusing gate 4(0) for rank 2
t 19
Matrix Multiplication (5, 1), mask 4
Fusing gate 4(0) for rank 3
t 19
Matrix Multiplication (5, 1), mask 4
Gate 4: [20, 19, ]
Fusing gate 25(1) for rank 0
c,t 20,19
Matrix Multiplication (5, 2), mask 12
Fusing gate 25(1) for rank 1
c,t 20,19
Matrix Multiplication (5, 2), mask 12
Fusing gate 25(1) for rank 2
c,t 20,19
Matrix Multiplication (5, 2), mask 12
Fusing gate 25(1) for rank 3
c,t 20,19
Matrix Multiplication (5, 2), mask 12
Gate 5: [19, ]
Fusing gate 4(0) for rank 0
t 19
Matrix Multiplication (5, 1), mask 4
Fusing gate 4(0) for rank 1
t 19
Matrix Multiplication (5, 1), mask 4
Fusing gate 4(0) for rank 2
t 19
Matrix Multiplication (5, 1), mask 4
Fusing gate 4(0) for rank 3
t 19
Matrix Multiplication (5, 1), mask 4
Gate 6: [18, ]
Fusing gate 4(0) for rank 0
t 18
Matrix Multiplication (5, 1), mask 2
Fusing gate 4(0) for rank 1
t 18
Matrix Multiplication (5, 1), mask 2
Fusing gate 4(0) for rank 2
t 18
Matrix Multiplication (5, 1), mask 2
Fusing gate 4(0) for rank 3
t 18
Matrix Multiplication (5, 1), mask 2
Gate 7: [19, 18, ]
Fusing gate 25(1) for rank 0
c,t 19,18
Matrix Multiplication (5, 2), mask 6
Fusing gate 25(1) for rank 1
c,t 19,18
Matrix Multiplication (5, 2), mask 6
Fusing gate 25(1) for rank 2
c,t 19,18
Matrix Multiplication (5, 2), mask 6
Fusing gate 25(1) for rank 3
c,t 19,18
Matrix Multiplication (5, 2), mask 6
Gate 8: [18, ]
Fusing gate 4(0) for rank 0
t 18
Matrix Multiplication (5, 1), mask 2
Fusing gate 4(0) for rank 1
t 18
Matrix Multiplication (5, 1), mask 2
Fusing gate 4(0) for rank 2
t 18
Matrix Multiplication (5, 1), mask 2
Fusing gate 4(0) for rank 3
t 18
Matrix Multiplication (5, 1), mask 2
Gate 9: [17, ]
Fusing gate 4(0) for rank 0
t 17
Matrix Multiplication (5, 1), mask 1
Fusing gate 4(0) for rank 1
t 17
Matrix Multiplication (5, 1), mask 1
Fusing gate 4(0) for rank 2
t 17
Matrix Multiplication (5, 1), mask 1
Fusing gate 4(0) for rank 3
t 17
Matrix Multiplication (5, 1), mask 1
Gate 10: [18, 17, ]
Fusing gate 25(1) for rank 0
c,t 18,17
Matrix Multiplication (5, 2), mask 3
Fusing gate 25(1) for rank 1
c,t 18,17
Matrix Multiplication (5, 2), mask 3
Fusing gate 25(1) for rank 2
c,t 18,17
Matrix Multiplication (5, 2), mask 3
Fusing gate 25(1) for rank 3
c,t 18,17
Matrix Multiplication (5, 2), mask 3
Gate 11: [17, ]
Fusing gate 4(0) for rank 0
t 17
Matrix Multiplication (5, 1), mask 1
Fusing gate 4(0) for rank 1
t 17
Matrix Multiplication (5, 1), mask 1
Fusing gate 4(0) for rank 2
t 17
Matrix Multiplication (5, 1), mask 1
Fusing gate 4(0) for rank 3
t 17
Matrix Multiplication (5, 1), mask 1
Gate 12: [20, 21, ]
Fusing gate 6(1) for rank 0
c,t 20,21
Matrix Multiplication (5, 2), mask 24
Fusing gate 6(1) for rank 1
c,t 20,21
Matrix Multiplication (5, 2), mask 24
Fusing gate 6(1) for rank 2
c,t 20,21
Matrix Multiplication (5, 2), mask 24
Fusing gate 6(1) for rank 3
c,t 20,21
Matrix Multiplication (5, 2), mask 24
Gate 13: [19, 20, ]
Fusing gate 6(1) for rank 0
c,t 19,20
Matrix Multiplication (5, 2), mask 12
Fusing gate 6(1) for rank 1
c,t 19,20
Matrix Multiplication (5, 2), mask 12
Fusing gate 6(1) for rank 2
c,t 19,20
Matrix Multiplication (5, 2), mask 12
Fusing gate 6(1) for rank 3
c,t 19,20
Matrix Multiplication (5, 2), mask 12
Gate 14: [18, 19, ]
Fusing gate 6(1) for rank 0
c,t 18,19
Matrix Multiplication (5, 2), mask 6
Fusing gate 6(1) for rank 1
c,t 18,19
Matrix Multiplication (5, 2), mask 6
Fusing gate 6(1) for rank 2
c,t 18,19
Matrix Multiplication (5, 2), mask 6
Fusing gate 6(1) for rank 3
c,t 18,19
Matrix Multiplication (5, 2), mask 6
Gate 15: [17, 18, ]
Fusing gate 6(1) for rank 0
c,t 17,18
Matrix Multiplication (5, 2), mask 3
Fusing gate 6(1) for rank 1
c,t 17,18
Matrix Multiplication (5, 2), mask 3
Fusing gate 6(1) for rank 2
c,t 17,18
Matrix Multiplication (5, 2), mask 3
Fusing gate 6(1) for rank 3
c,t 17,18
Matrix Multiplication (5, 2), mask 3
Start fusing gates...
Reset qubit group map
(11, 13) (12, 14) (13, 15) (14, 16) (15, 17) current Layout: [2,3,4,5,6,7,8,9,10,11,12,13,14,15,16,17,18,19,20,21,22,23,24,25,26,27,28,29,0,1,]
Fusing Kernel (16 gates): qubits [13, 14, 15, 16, 17], gates fusion, qubits [13, 14, 15, 16, 17], gates CircuitSeq {
  Q16 = ry(Q16, P16)
  [Q17, Q16] = cz(Q17, Q16)
  Q16 = ry(Q16, P41)
  Q15 = ry(Q15, P15)
  [Q16, Q15] = cz(Q16, Q15)
  Q15 = ry(Q15, P42)
  Q14 = ry(Q14, P14)
  [Q15, Q14] = cz(Q15, Q14)
  Q14 = ry(Q14, P43)
  Q13 = ry(Q13, P13)
  [Q14, Q13] = cz(Q14, Q13)
  Q13 = ry(Q13, P44)
  [Q16, Q17] = cx(Q16, Q17)
  [Q15, Q16] = cx(Q15, Q16)
  [Q14, Q15] = cx(Q14, Q15)
  [Q13, Q14] = cx(Q13, Q14)
}

Gate 0: [16, ]
Fusing gate 4(0) for rank 0
t 16
Matrix Multiplication (5, 1), mask 8
Fusing gate 4(0) for rank 1
t 16
Matrix Multiplication (5, 1), mask 8
Fusing gate 4(0) for rank 2
t 16
Matrix Multiplication (5, 1), mask 8
Fusing gate 4(0) for rank 3
t 16
Matrix Multiplication (5, 1), mask 8
Gate 1: [17, 16, ]
Fusing gate 25(1) for rank 0
c,t 17,16
Matrix Multiplication (5, 2), mask 24
Fusing gate 25(1) for rank 1
c,t 17,16
Matrix Multiplication (5, 2), mask 24
Fusing gate 25(1) for rank 2
c,t 17,16
Matrix Multiplication (5, 2), mask 24
Fusing gate 25(1) for rank 3
c,t 17,16
Matrix Multiplication (5, 2), mask 24
Gate 2: [16, ]
Fusing gate 4(0) for rank 0
t 16
Matrix Multiplication (5, 1), mask 8
Fusing gate 4(0) for rank 1
t 16
Matrix Multiplication (5, 1), mask 8
Fusing gate 4(0) for rank 2
t 16
Matrix Multiplication (5, 1), mask 8
Fusing gate 4(0) for rank 3
t 16
Matrix Multiplication (5, 1), mask 8
Gate 3: [15, ]
Fusing gate 4(0) for rank 0
t 15
Matrix Multiplication (5, 1), mask 4
Fusing gate 4(0) for rank 1
t 15
Matrix Multiplication (5, 1), mask 4
Fusing gate 4(0) for rank 2
t 15
Matrix Multiplication (5, 1), mask 4
Fusing gate 4(0) for rank 3
t 15
Matrix Multiplication (5, 1), mask 4
Gate 4: [16, 15, ]
Fusing gate 25(1) for rank 0
c,t 16,15
Matrix Multiplication (5, 2), mask 12
Fusing gate 25(1) for rank 1
c,t 16,15
Matrix Multiplication (5, 2), mask 12
Fusing gate 25(1) for rank 2
c,t 16,15
Matrix Multiplication (5, 2), mask 12
Fusing gate 25(1) for rank 3
c,t 16,15
Matrix Multiplication (5, 2), mask 12
Gate 5: [15, ]
Fusing gate 4(0) for rank 0
t 15
Matrix Multiplication (5, 1), mask 4
Fusing gate 4(0) for rank 1
t 15
Matrix Multiplication (5, 1), mask 4
Fusing gate 4(0) for rank 2
t 15
Matrix Multiplication (5, 1), mask 4
Fusing gate 4(0) for rank 3
t 15
Matrix Multiplication (5, 1), mask 4
Gate 6: [14, ]
Fusing gate 4(0) for rank 0
t 14
Matrix Multiplication (5, 1), mask 2
Fusing gate 4(0) for rank 1
t 14
Matrix Multiplication (5, 1), mask 2
Fusing gate 4(0) for rank 2
t 14
Matrix Multiplication (5, 1), mask 2
Fusing gate 4(0) for rank 3
t 14
Matrix Multiplication (5, 1), mask 2
Gate 7: [15, 14, ]
Fusing gate 25(1) for rank 0
c,t 15,14
Matrix Multiplication (5, 2), mask 6
Fusing gate 25(1) for rank 1
c,t 15,14
Matrix Multiplication (5, 2), mask 6
Fusing gate 25(1) for rank 2
c,t 15,14
Matrix Multiplication (5, 2), mask 6
Fusing gate 25(1) for rank 3
c,t 15,14
Matrix Multiplication (5, 2), mask 6
Gate 8: [14, ]
Fusing gate 4(0) for rank 0
t 14
Matrix Multiplication (5, 1), mask 2
Fusing gate 4(0) for rank 1
t 14
Matrix Multiplication (5, 1), mask 2
Fusing gate 4(0) for rank 2
t 14
Matrix Multiplication (5, 1), mask 2
Fusing gate 4(0) for rank 3
t 14
Matrix Multiplication (5, 1), mask 2
Gate 9: [13, ]
Fusing gate 4(0) for rank 0
t 13
Matrix Multiplication (5, 1), mask 1
Fusing gate 4(0) for rank 1
t 13
Matrix Multiplication (5, 1), mask 1
Fusing gate 4(0) for rank 2
t 13
Matrix Multiplication (5, 1), mask 1
Fusing gate 4(0) for rank 3
t 13
Matrix Multiplication (5, 1), mask 1
Gate 10: [14, 13, ]
Fusing gate 25(1) for rank 0
c,t 14,13
Matrix Multiplication (5, 2), mask 3
Fusing gate 25(1) for rank 1
c,t 14,13
Matrix Multiplication (5, 2), mask 3
Fusing gate 25(1) for rank 2
c,t 14,13
Matrix Multiplication (5, 2), mask 3
Fusing gate 25(1) for rank 3
c,t 14,13
Matrix Multiplication (5, 2), mask 3
Gate 11: [13, ]
Fusing gate 4(0) for rank 0
t 13
Matrix Multiplication (5, 1), mask 1
Fusing gate 4(0) for rank 1
t 13
Matrix Multiplication (5, 1), mask 1
Fusing gate 4(0) for rank 2
t 13
Matrix Multiplication (5, 1), mask 1
Fusing gate 4(0) for rank 3
t 13
Matrix Multiplication (5, 1), mask 1
Gate 12: [16, 17, ]
Fusing gate 6(1) for rank 0
c,t 16,17
Matrix Multiplication (5, 2), mask 24
Fusing gate 6(1) for rank 1
c,t 16,17
Matrix Multiplication (5, 2), mask 24
Fusing gate 6(1) for rank 2
c,t 16,17
Matrix Multiplication (5, 2), mask 24
Fusing gate 6(1) for rank 3
c,t 16,17
Matrix Multiplication (5, 2), mask 24
Gate 13: [15, 16, ]
Fusing gate 6(1) for rank 0
c,t 15,16
Matrix Multiplication (5, 2), mask 12
Fusing gate 6(1) for rank 1
c,t 15,16
Matrix Multiplication (5, 2), mask 12
Fusing gate 6(1) for rank 2
c,t 15,16
Matrix Multiplication (5, 2), mask 12
Fusing gate 6(1) for rank 3
c,t 15,16
Matrix Multiplication (5, 2), mask 12
Gate 14: [14, 15, ]
Fusing gate 6(1) for rank 0
c,t 14,15
Matrix Multiplication (5, 2), mask 6
Fusing gate 6(1) for rank 1
c,t 14,15
Matrix Multiplication (5, 2), mask 6
Fusing gate 6(1) for rank 2
c,t 14,15
Matrix Multiplication (5, 2), mask 6
Fusing gate 6(1) for rank 3
c,t 14,15
Matrix Multiplication (5, 2), mask 6
Gate 15: [13, 14, ]
Fusing gate 6(1) for rank 0
c,t 13,14
Matrix Multiplication (5, 2), mask 3
Fusing gate 6(1) for rank 1
c,t 13,14
Matrix Multiplication (5, 2), mask 3
Fusing gate 6(1) for rank 2
c,t 13,14
Matrix Multiplication (5, 2), mask 3
Fusing gate 6(1) for rank 3
c,t 13,14
Matrix Multiplication (5, 2), mask 3
Start fusing gates...
Reset qubit group map
(7, 9) (8, 10) (9, 11) (10, 12) (11, 13) current Layout: [2,3,4,5,6,7,8,9,10,11,12,13,14,15,16,17,18,19,20,21,22,23,24,25,26,27,28,29,0,1,]
Fusing Kernel (16 gates): qubits [9, 10, 11, 12, 13], gates fusion, qubits [9, 10, 11, 12, 13], gates CircuitSeq {
  Q12 = ry(Q12, P12)
  [Q13, Q12] = cz(Q13, Q12)
  Q12 = ry(Q12, P45)
  Q11 = ry(Q11, P11)
  [Q12, Q11] = cz(Q12, Q11)
  Q11 = ry(Q11, P46)
  Q10 = ry(Q10, P10)
  [Q11, Q10] = cz(Q11, Q10)
  Q10 = ry(Q10, P47)
  Q9 = ry(Q9, P9)
  [Q10, Q9] = cz(Q10, Q9)
  Q9 = ry(Q9, P48)
  [Q12, Q13] = cx(Q12, Q13)
  [Q11, Q12] = cx(Q11, Q12)
  [Q10, Q11] = cx(Q10, Q11)
  [Q9, Q10] = cx(Q9, Q10)
}

Gate 0: [12, ]
Fusing gate 4(0) for rank 0
t 12
Matrix Multiplication (5, 1), mask 8
Fusing gate 4(0) for rank 1
t 12
Matrix Multiplication (5, 1), mask 8
Fusing gate 4(0) for rank 2
t 12
Matrix Multiplication (5, 1), mask 8
Fusing gate 4(0) for rank 3
t 12
Matrix Multiplication (5, 1), mask 8
Gate 1: [13, 12, ]
Fusing gate 25(1) for rank 0
c,t 13,12
Matrix Multiplication (5, 2), mask 24
Fusing gate 25(1) for rank 1
c,t 13,12
Matrix Multiplication (5, 2), mask 24
Fusing gate 25(1) for rank 2
c,t 13,12
Matrix Multiplication (5, 2), mask 24
Fusing gate 25(1) for rank 3
c,t 13,12
Matrix Multiplication (5, 2), mask 24
Gate 2: [12, ]
Fusing gate 4(0) for rank 0
t 12
Matrix Multiplication (5, 1), mask 8
Fusing gate 4(0) for rank 1
t 12
Matrix Multiplication (5, 1), mask 8
Fusing gate 4(0) for rank 2
t 12
Matrix Multiplication (5, 1), mask 8
Fusing gate 4(0) for rank 3
t 12
Matrix Multiplication (5, 1), mask 8
Gate 3: [11, ]
Fusing gate 4(0) for rank 0
t 11
Matrix Multiplication (5, 1), mask 4
Fusing gate 4(0) for rank 1
t 11
Matrix Multiplication (5, 1), mask 4
Fusing gate 4(0) for rank 2
t 11
Matrix Multiplication (5, 1), mask 4
Fusing gate 4(0) for rank 3
t 11
Matrix Multiplication (5, 1), mask 4
Gate 4: [12, 11, ]
Fusing gate 25(1) for rank 0
c,t 12,11
Matrix Multiplication (5, 2), mask 12
Fusing gate 25(1) for rank 1
c,t 12,11
Matrix Multiplication (5, 2), mask 12
Fusing gate 25(1) for rank 2
c,t 12,11
Matrix Multiplication (5, 2), mask 12
Fusing gate 25(1) for rank 3
c,t 12,11
Matrix Multiplication (5, 2), mask 12
Gate 5: [11, ]
Fusing gate 4(0) for rank 0
t 11
Matrix Multiplication (5, 1), mask 4
Fusing gate 4(0) for rank 1
t 11
Matrix Multiplication (5, 1), mask 4
Fusing gate 4(0) for rank 2
t 11
Matrix Multiplication (5, 1), mask 4
Fusing gate 4(0) for rank 3
t 11
Matrix Multiplication (5, 1), mask 4
Gate 6: [10, ]
Fusing gate 4(0) for rank 0
t 10
Matrix Multiplication (5, 1), mask 2
Fusing gate 4(0) for rank 1
t 10
Matrix Multiplication (5, 1), mask 2
Fusing gate 4(0) for rank 2
t 10
Matrix Multiplication (5, 1), mask 2
Fusing gate 4(0) for rank 3
t 10
Matrix Multiplication (5, 1), mask 2
Gate 7: [11, 10, ]
Fusing gate 25(1) for rank 0
c,t 11,10
Matrix Multiplication (5, 2), mask 6
Fusing gate 25(1) for rank 1
c,t 11,10
Matrix Multiplication (5, 2), mask 6
Fusing gate 25(1) for rank 2
c,t 11,10
Matrix Multiplication (5, 2), mask 6
Fusing gate 25(1) for rank 3
c,t 11,10
Matrix Multiplication (5, 2), mask 6
Gate 8: [10, ]
Fusing gate 4(0) for rank 0
t 10
Matrix Multiplication (5, 1), mask 2
Fusing gate 4(0) for rank 1
t 10
Matrix Multiplication (5, 1), mask 2
Fusing gate 4(0) for rank 2
t 10
Matrix Multiplication (5, 1), mask 2
Fusing gate 4(0) for rank 3
t 10
Matrix Multiplication (5, 1), mask 2
Gate 9: [9, ]
Fusing gate 4(0) for rank 0
t 9
Matrix Multiplication (5, 1), mask 1
Fusing gate 4(0) for rank 1
t 9
Matrix Multiplication (5, 1), mask 1
Fusing gate 4(0) for rank 2
t 9
Matrix Multiplication (5, 1), mask 1
Fusing gate 4(0) for rank 3
t 9
Matrix Multiplication (5, 1), mask 1
Gate 10: [10, 9, ]
Fusing gate 25(1) for rank 0
c,t 10,9
Matrix Multiplication (5, 2), mask 3
Fusing gate 25(1) for rank 1
c,t 10,9
Matrix Multiplication (5, 2), mask 3
Fusing gate 25(1) for rank 2
c,t 10,9
Matrix Multiplication (5, 2), mask 3
Fusing gate 25(1) for rank 3
c,t 10,9
Matrix Multiplication (5, 2), mask 3
Gate 11: [9, ]
Fusing gate 4(0) for rank 0
t 9
Matrix Multiplication (5, 1), mask 1
Fusing gate 4(0) for rank 1
t 9
Matrix Multiplication (5, 1), mask 1
Fusing gate 4(0) for rank 2
t 9
Matrix Multiplication (5, 1), mask 1
Fusing gate 4(0) for rank 3
t 9
Matrix Multiplication (5, 1), mask 1
Gate 12: [12, 13, ]
Fusing gate 6(1) for rank 0
c,t 12,13
Matrix Multiplication (5, 2), mask 24
Fusing gate 6(1) for rank 1
c,t 12,13
Matrix Multiplication (5, 2), mask 24
Fusing gate 6(1) for rank 2
c,t 12,13
Matrix Multiplication (5, 2), mask 24
Fusing gate 6(1) for rank 3
c,t 12,13
Matrix Multiplication (5, 2), mask 24
Gate 13: [11, 12, ]
Fusing gate 6(1) for rank 0
c,t 11,12
Matrix Multiplication (5, 2), mask 12
Fusing gate 6(1) for rank 1
c,t 11,12
Matrix Multiplication (5, 2), mask 12
Fusing gate 6(1) for rank 2
c,t 11,12
Matrix Multiplication (5, 2), mask 12
Fusing gate 6(1) for rank 3
c,t 11,12
Matrix Multiplication (5, 2), mask 12
Gate 14: [10, 11, ]
Fusing gate 6(1) for rank 0
c,t 10,11
Matrix Multiplication (5, 2), mask 6
Fusing gate 6(1) for rank 1
c,t 10,11
Matrix Multiplication (5, 2), mask 6
Fusing gate 6(1) for rank 2
c,t 10,11
Matrix Multiplication (5, 2), mask 6
Fusing gate 6(1) for rank 3
c,t 10,11
Matrix Multiplication (5, 2), mask 6
Gate 15: [9, 10, ]
Fusing gate 6(1) for rank 0
c,t 9,10
Matrix Multiplication (5, 2), mask 3
Fusing gate 6(1) for rank 1
c,t 9,10
Matrix Multiplication (5, 2), mask 3
Fusing gate 6(1) for rank 2
c,t 9,10
Matrix Multiplication (5, 2), mask 3
Fusing gate 6(1) for rank 3
c,t 9,10
Matrix Multiplication (5, 2), mask 3
Start fusing gates...
Reset qubit group map
(3, 5) (4, 6) (5, 7) (6, 8) (7, 9) current Layout: [2,3,4,5,6,7,8,9,10,11,12,13,14,15,16,17,18,19,20,21,22,23,24,25,26,27,28,29,0,1,]
Fusing Kernel (16 gates): qubits [5, 6, 7, 8, 9], gates fusion, qubits [5, 6, 7, 8, 9], gates CircuitSeq {
  Q8 = ry(Q8, P8)
  [Q9, Q8] = cz(Q9, Q8)
  Q8 = ry(Q8, P49)
  Q7 = ry(Q7, P7)
  [Q8, Q7] = cz(Q8, Q7)
  Q7 = ry(Q7, P50)
  Q6 = ry(Q6, P6)
  [Q7, Q6] = cz(Q7, Q6)
  Q6 = ry(Q6, P51)
  Q5 = ry(Q5, P5)
  [Q6, Q5] = cz(Q6, Q5)
  Q5 = ry(Q5, P52)
  [Q8, Q9] = cx(Q8, Q9)
  [Q7, Q8] = cx(Q7, Q8)
  [Q6, Q7] = cx(Q6, Q7)
  [Q5, Q6] = cx(Q5, Q6)
}

Gate 0: [8, ]
Fusing gate 4(0) for rank 0
t 8
Matrix Multiplication (5, 1), mask 8
Fusing gate 4(0) for rank 1
t 8
Matrix Multiplication (5, 1), mask 8
Fusing gate 4(0) for rank 2
t 8
Matrix Multiplication (5, 1), mask 8
Fusing gate 4(0) for rank 3
t 8
Matrix Multiplication (5, 1), mask 8
Gate 1: [9, 8, ]
Fusing gate 25(1) for rank 0
c,t 9,8
Matrix Multiplication (5, 2), mask 24
Fusing gate 25(1) for rank 1
c,t 9,8
Matrix Multiplication (5, 2), mask 24
Fusing gate 25(1) for rank 2
c,t 9,8
Matrix Multiplication (5, 2), mask 24
Fusing gate 25(1) for rank 3
c,t 9,8
Matrix Multiplication (5, 2), mask 24
Gate 2: [8, ]
Fusing gate 4(0) for rank 0
t 8
Matrix Multiplication (5, 1), mask 8
Fusing gate 4(0) for rank 1
t 8
Matrix Multiplication (5, 1), mask 8
Fusing gate 4(0) for rank 2
t 8
Matrix Multiplication (5, 1), mask 8
Fusing gate 4(0) for rank 3
t 8
Matrix Multiplication (5, 1), mask 8
Gate 3: [7, ]
Fusing gate 4(0) for rank 0
t 7
Matrix Multiplication (5, 1), mask 4
Fusing gate 4(0) for rank 1
t 7
Matrix Multiplication (5, 1), mask 4
Fusing gate 4(0) for rank 2
t 7
Matrix Multiplication (5, 1), mask 4
Fusing gate 4(0) for rank 3
t 7
Matrix Multiplication (5, 1), mask 4
Gate 4: [8, 7, ]
Fusing gate 25(1) for rank 0
c,t 8,7
Matrix Multiplication (5, 2), mask 12
Fusing gate 25(1) for rank 1
c,t 8,7
Matrix Multiplication (5, 2), mask 12
Fusing gate 25(1) for rank 2
c,t 8,7
Matrix Multiplication (5, 2), mask 12
Fusing gate 25(1) for rank 3
c,t 8,7
Matrix Multiplication (5, 2), mask 12
Gate 5: [7, ]
Fusing gate 4(0) for rank 0
t 7
Matrix Multiplication (5, 1), mask 4
Fusing gate 4(0) for rank 1
t 7
Matrix Multiplication (5, 1), mask 4
Fusing gate 4(0) for rank 2
t 7
Matrix Multiplication (5, 1), mask 4
Fusing gate 4(0) for rank 3
t 7
Matrix Multiplication (5, 1), mask 4
Gate 6: [6, ]
Fusing gate 4(0) for rank 0
t 6
Matrix Multiplication (5, 1), mask 2
Fusing gate 4(0) for rank 1
t 6
Matrix Multiplication (5, 1), mask 2
Fusing gate 4(0) for rank 2
t 6
Matrix Multiplication (5, 1), mask 2
Fusing gate 4(0) for rank 3
t 6
Matrix Multiplication (5, 1), mask 2
Gate 7: [7, 6, ]
Fusing gate 25(1) for rank 0
c,t 7,6
Matrix Multiplication (5, 2), mask 6
Fusing gate 25(1) for rank 1
c,t 7,6
Matrix Multiplication (5, 2), mask 6
Fusing gate 25(1) for rank 2
c,t 7,6
Matrix Multiplication (5, 2), mask 6
Fusing gate 25(1) for rank 3
c,t 7,6
Matrix Multiplication (5, 2), mask 6
Gate 8: [6, ]
Fusing gate 4(0) for rank 0
t 6
Matrix Multiplication (5, 1), mask 2
Fusing gate 4(0) for rank 1
t 6
Matrix Multiplication (5, 1), mask 2
Fusing gate 4(0) for rank 2
t 6
Matrix Multiplication (5, 1), mask 2
Fusing gate 4(0) for rank 3
t 6
Matrix Multiplication (5, 1), mask 2
Gate 9: [5, ]
Fusing gate 4(0) for rank 0
t 5
Matrix Multiplication (5, 1), mask 1
Fusing gate 4(0) for rank 1
t 5
Matrix Multiplication (5, 1), mask 1
Fusing gate 4(0) for rank 2
t 5
Matrix Multiplication (5, 1), mask 1
Fusing gate 4(0) for rank 3
t 5
Matrix Multiplication (5, 1), mask 1
Gate 10: [6, 5, ]
Fusing gate 25(1) for rank 0
c,t 6,5
Matrix Multiplication (5, 2), mask 3
Fusing gate 25(1) for rank 1
c,t 6,5
Matrix Multiplication (5, 2), mask 3
Fusing gate 25(1) for rank 2
c,t 6,5
Matrix Multiplication (5, 2), mask 3
Fusing gate 25(1) for rank 3
c,t 6,5
Matrix Multiplication (5, 2), mask 3
Gate 11: [5, ]
Fusing gate 4(0) for rank 0
t 5
Matrix Multiplication (5, 1), mask 1
Fusing gate 4(0) for rank 1
t 5
Matrix Multiplication (5, 1), mask 1
Fusing gate 4(0) for rank 2
t 5
Matrix Multiplication (5, 1), mask 1
Fusing gate 4(0) for rank 3
t 5
Matrix Multiplication (5, 1), mask 1
Gate 12: [8, 9, ]
Fusing gate 6(1) for rank 0
c,t 8,9
Matrix Multiplication (5, 2), mask 24
Fusing gate 6(1) for rank 1
c,t 8,9
Matrix Multiplication (5, 2), mask 24
Fusing gate 6(1) for rank 2
c,t 8,9
Matrix Multiplication (5, 2), mask 24
Fusing gate 6(1) for rank 3
c,t 8,9
Matrix Multiplication (5, 2), mask 24
Gate 13: [7, 8, ]
Fusing gate 6(1) for rank 0
c,t 7,8
Matrix Multiplication (5, 2), mask 12
Fusing gate 6(1) for rank 1
c,t 7,8
Matrix Multiplication (5, 2), mask 12
Fusing gate 6(1) for rank 2
c,t 7,8
Matrix Multiplication (5, 2), mask 12
Fusing gate 6(1) for rank 3
c,t 7,8
Matrix Multiplication (5, 2), mask 12
Gate 14: [6, 7, ]
Fusing gate 6(1) for rank 0
c,t 6,7
Matrix Multiplication (5, 2), mask 6
Fusing gate 6(1) for rank 1
c,t 6,7
Matrix Multiplication (5, 2), mask 6
Fusing gate 6(1) for rank 2
c,t 6,7
Matrix Multiplication (5, 2), mask 6
Fusing gate 6(1) for rank 3
c,t 6,7
Matrix Multiplication (5, 2), mask 6
Gate 15: [5, 6, ]
Fusing gate 6(1) for rank 0
c,t 5,6
Matrix Multiplication (5, 2), mask 3
Fusing gate 6(1) for rank 1
c,t 5,6
Matrix Multiplication (5, 2), mask 3
Fusing gate 6(1) for rank 2
c,t 5,6
Matrix Multiplication (5, 2), mask 3
Fusing gate 6(1) for rank 3
c,t 5,6
Matrix Multiplication (5, 2), mask 3
Start fusing gates...
Reset qubit group map
(0, 2) (1, 3) (2, 4) (3, 5) (4, 6) current Layout: [2,3,4,5,6,7,8,9,10,11,12,13,14,15,16,17,18,19,20,21,22,23,24,25,26,27,28,29,0,1,]
Fusing Kernel (11 gates): qubits [2, 3, 4, 5, 6], gates fusion, qubits [2, 3, 4, 5, 6], gates CircuitSeq {
  Q4 = ry(Q4, P4)
  [Q5, Q4] = cz(Q5, Q4)
  Q4 = ry(Q4, P53)
  Q3 = ry(Q3, P3)
  [Q4, Q3] = cz(Q4, Q3)
  Q3 = ry(Q3, P54)
  Q2 = ry(Q2, P2)
  [Q3, Q2] = cz(Q3, Q2)
  Q2 = ry(Q2, P55)
  [Q4, Q5] = cx(Q4, Q5)
  [Q3, Q4] = cx(Q3, Q4)
}

Gate 0: [4, ]
Fusing gate 4(0) for rank 0
t 4
Matrix Multiplication (5, 1), mask 4
Fusing gate 4(0) for rank 1
t 4
Matrix Multiplication (5, 1), mask 4
Fusing gate 4(0) for rank 2
t 4
Matrix Multiplication (5, 1), mask 4
Fusing gate 4(0) for rank 3
t 4
Matrix Multiplication (5, 1), mask 4
Gate 1: [5, 4, ]
Fusing gate 25(1) for rank 0
c,t 5,4
Matrix Multiplication (5, 2), mask 12
Fusing gate 25(1) for rank 1
c,t 5,4
Matrix Multiplication (5, 2), mask 12
Fusing gate 25(1) for rank 2
c,t 5,4
Matrix Multiplication (5, 2), mask 12
Fusing gate 25(1) for rank 3
c,t 5,4
Matrix Multiplication (5, 2), mask 12
Gate 2: [4, ]
Fusing gate 4(0) for rank 0
t 4
Matrix Multiplication (5, 1), mask 4
Fusing gate 4(0) for rank 1
t 4
Matrix Multiplication (5, 1), mask 4
Fusing gate 4(0) for rank 2
t 4
Matrix Multiplication (5, 1), mask 4
Fusing gate 4(0) for rank 3
t 4
Matrix Multiplication (5, 1), mask 4
Gate 3: [3, ]
Fusing gate 4(0) for rank 0
t 3
Matrix Multiplication (5, 1), mask 2
Fusing gate 4(0) for rank 1
t 3
Matrix Multiplication (5, 1), mask 2
Fusing gate 4(0) for rank 2
t 3
Matrix Multiplication (5, 1), mask 2
Fusing gate 4(0) for rank 3
t 3
Matrix Multiplication (5, 1), mask 2
Gate 4: [4, 3, ]
Fusing gate 25(1) for rank 0
c,t 4,3
Matrix Multiplication (5, 2), mask 6
Fusing gate 25(1) for rank 1
c,t 4,3
Matrix Multiplication (5, 2), mask 6
Fusing gate 25(1) for rank 2
c,t 4,3
Matrix Multiplication (5, 2), mask 6
Fusing gate 25(1) for rank 3
c,t 4,3
Matrix Multiplication (5, 2), mask 6
Gate 5: [3, ]
Fusing gate 4(0) for rank 0
t 3
Matrix Multiplication (5, 1), mask 2
Fusing gate 4(0) for rank 1
t 3
Matrix Multiplication (5, 1), mask 2
Fusing gate 4(0) for rank 2
t 3
Matrix Multiplication (5, 1), mask 2
Fusing gate 4(0) for rank 3
t 3
Matrix Multiplication (5, 1), mask 2
Gate 6: [2, ]
Fusing gate 4(0) for rank 0
t 2
Matrix Multiplication (5, 1), mask 1
Fusing gate 4(0) for rank 1
t 2
Matrix Multiplication (5, 1), mask 1
Fusing gate 4(0) for rank 2
t 2
Matrix Multiplication (5, 1), mask 1
Fusing gate 4(0) for rank 3
t 2
Matrix Multiplication (5, 1), mask 1
Gate 7: [3, 2, ]
Fusing gate 25(1) for rank 0
c,t 3,2
Matrix Multiplication (5, 2), mask 3
Fusing gate 25(1) for rank 1
c,t 3,2
Matrix Multiplication (5, 2), mask 3
Fusing gate 25(1) for rank 2
c,t 3,2
Matrix Multiplication (5, 2), mask 3
Fusing gate 25(1) for rank 3
c,t 3,2
Matrix Multiplication (5, 2), mask 3
Gate 8: [2, ]
Fusing gate 4(0) for rank 0
t 2
Matrix Multiplication (5, 1), mask 1
Fusing gate 4(0) for rank 1
t 2
Matrix Multiplication (5, 1), mask 1
Fusing gate 4(0) for rank 2
t 2
Matrix Multiplication (5, 1), mask 1
Fusing gate 4(0) for rank 3
t 2
Matrix Multiplication (5, 1), mask 1
Gate 9: [4, 5, ]
Fusing gate 6(1) for rank 0
c,t 4,5
Matrix Multiplication (5, 2), mask 12
Fusing gate 6(1) for rank 1
c,t 4,5
Matrix Multiplication (5, 2), mask 12
Fusing gate 6(1) for rank 2
c,t 4,5
Matrix Multiplication (5, 2), mask 12
Fusing gate 6(1) for rank 3
c,t 4,5
Matrix Multiplication (5, 2), mask 12
Gate 10: [3, 4, ]
Fusing gate 6(1) for rank 0
c,t 3,4
Matrix Multiplication (5, 2), mask 6
Fusing gate 6(1) for rank 1
c,t 3,4
Matrix Multiplication (5, 2), mask 6
Fusing gate 6(1) for rank 2
c,t 3,4
Matrix Multiplication (5, 2), mask 6
Fusing gate 6(1) for rank 3
c,t 3,4
Matrix Multiplication (5, 2), mask 6
Current Layout0: [2, 3, 4, 5, 6, 7, 8, 9, 10, 11, 12, 13, 14, 15, 16, 17, 18, 19, 20, 21, 22, 23, 24, 25, 26, 27, 0, 1, 28, 29, Start fusing gates...
Reset qubit group map
(0, 2) (1, 3) (26, 0) (27, 1) current Layout: [2,3,4,5,6,7,8,9,10,11,12,13,14,15,16,17,18,19,20,21,22,23,24,25,26,27,0,1,28,29,]
Fusing Kernel (9 gates): qubits [0, 1, 2, 3], gates fusion, qubits [0, 1, 2, 3], gates CircuitSeq {
  Q1 = ry(Q1, P1)
  [Q2, Q1] = cz(Q2, Q1)
  Q1 = ry(Q1, P56)
  Q0 = ry(Q0, P0)
  [Q1, Q0] = cz(Q1, Q0)
  Q0 = ry(Q0, P57)
  [Q2, Q3] = cx(Q2, Q3)
  [Q1, Q2] = cx(Q1, Q2)
  [Q0, Q1] = cx(Q0, Q1)
}

Gate 0: [1, ]
Fusing gate 4(0) for rank 0
t 1
Matrix Multiplication (4, 1), mask 8
Fusing gate 4(0) for rank 1
t 1
Matrix Multiplication (4, 1), mask 8
Fusing gate 4(0) for rank 2
t 1
Matrix Multiplication (4, 1), mask 8
Fusing gate 4(0) for rank 3
t 1
Matrix Multiplication (4, 1), mask 8
Gate 1: [2, 1, ]
Fusing gate 25(1) for rank 0
c,t 2,1
Matrix Multiplication (4, 2), mask 9
Fusing gate 25(1) for rank 1
c,t 2,1
Matrix Multiplication (4, 2), mask 9
Fusing gate 25(1) for rank 2
c,t 2,1
Matrix Multiplication (4, 2), mask 9
Fusing gate 25(1) for rank 3
c,t 2,1
Matrix Multiplication (4, 2), mask 9
Gate 2: [1, ]
Fusing gate 4(0) for rank 0
t 1
Matrix Multiplication (4, 1), mask 8
Fusing gate 4(0) for rank 1
t 1
Matrix Multiplication (4, 1), mask 8
Fusing gate 4(0) for rank 2
t 1
Matrix Multiplication (4, 1), mask 8
Fusing gate 4(0) for rank 3
t 1
Matrix Multiplication (4, 1), mask 8
Gate 3: [0, ]
Fusing gate 4(0) for rank 0
t 0
Matrix Multiplication (4, 1), mask 4
Fusing gate 4(0) for rank 1
t 0
Matrix Multiplication (4, 1), mask 4
Fusing gate 4(0) for rank 2
t 0
Matrix Multiplication (4, 1), mask 4
Fusing gate 4(0) for rank 3
t 0
Matrix Multiplication (4, 1), mask 4
Gate 4: [1, 0, ]
Fusing gate 25(1) for rank 0
c,t 1,0
Matrix Multiplication (4, 2), mask 12
Fusing gate 25(1) for rank 1
c,t 1,0
Matrix Multiplication (4, 2), mask 12
Fusing gate 25(1) for rank 2
c,t 1,0
Matrix Multiplication (4, 2), mask 12
Fusing gate 25(1) for rank 3
c,t 1,0
Matrix Multiplication (4, 2), mask 12
Gate 5: [0, ]
Fusing gate 4(0) for rank 0
t 0
Matrix Multiplication (4, 1), mask 4
Fusing gate 4(0) for rank 1
t 0
Matrix Multiplication (4, 1), mask 4
Fusing gate 4(0) for rank 2
t 0
Matrix Multiplication (4, 1), mask 4
Fusing gate 4(0) for rank 3
t 0
Matrix Multiplication (4, 1), mask 4
Gate 6: [2, 3, ]
Fusing gate 6(1) for rank 0
c,t 2,3
Matrix Multiplication (4, 2), mask 3
Fusing gate 6(1) for rank 1
c,t 2,3
Matrix Multiplication (4, 2), mask 3
Fusing gate 6(1) for rank 2
c,t 2,3
Matrix Multiplication (4, 2), mask 3
Fusing gate 6(1) for rank 3
c,t 2,3
Matrix Multiplication (4, 2), mask 3
Gate 7: [1, 2, ]
Fusing gate 6(1) for rank 0
c,t 1,2
Matrix Multiplication (4, 2), mask 9
Fusing gate 6(1) for rank 1
c,t 1,2
Matrix Multiplication (4, 2), mask 9
Fusing gate 6(1) for rank 2
c,t 1,2
Matrix Multiplication (4, 2), mask 9
Fusing gate 6(1) for rank 3
c,t 1,2
Matrix Multiplication (4, 2), mask 9
Gate 8: [0, 1, ]
Fusing gate 6(1) for rank 0
c,t 0,1
Matrix Multiplication (4, 2), mask 12
Fusing gate 6(1) for rank 1
c,t 0,1
Matrix Multiplication (4, 2), mask 12
Fusing gate 6(1) for rank 2
c,t 0,1
Matrix Multiplication (4, 2), mask 12
Fusing gate 6(1) for rank 3
c,t 0,1
Matrix Multiplication (4, 2), mask 12
Compilation Done! 
Num Shuffles: 1
Num FUSION Kernel: 8
Num SHM Kernel: 0
Start Simulating...
[warmup] size total:1073741824
NCCL comm nRanks: 4, i am 0
I am 0, mask 3, I am sending to 0
I am 0, mask 3, I am sending to 1
I am 0, mask 3, I am sending to 2
I am 0, mask 3, I am sending to 3
NCCL comm nRanks: 4, i am 1
I am 1, mask 3, I am sending to 0
I am 1, mask 3, I am sending to 1
I am 1, mask 3, I am sending to 2
I am 1, mask 3, I am sending to 3
NCCL comm nRanks: 4, i am 2
I am 2, mask 3, I am sending to 0
I am 2, mask 3, I am sending to 1
I am 2, mask 3, I am sending to 2
I am 2, mask 3, I am sending to 3
NCCL comm nRanks: 4, i am 3
I am 3, mask 3, I am sending to 0
I am 3, mask 3, I am sending to 1
I am 3, mask 3, I am sending to 2
I am 3, mask 3, I am sending to 3
hello checking all2all
Init State Vectors!
Using NCCL for cross-node shuffle
My physical id:0, 3
NCCL comm nRanks: 4, i am 0
I am 0, mask 3, I am sending to 0
I am 0, mask 3, I am sending to 1
I am 0, mask 3, I am sending to 2
I am 0, mask 3, I am sending to 3
My physical id:1, 3
NCCL comm nRanks: 4, i am 1
I am 1, mask 3, I am sending to 0
I am 1, mask 3, I am sending to 1
I am 1, mask 3, I am sending to 2
I am 1, mask 3, I am sending to 3
My physical id:2, 3
NCCL comm nRanks: 4, i am 2
I am 2, mask 3, I am sending to 0
I am 2, mask 3, I am sending to 1
I am 2, mask 3, I am sending to 2
I am 2, mask 3, I am sending to 3
My physical id:3, 3
NCCL comm nRanks: 4, i am 3
I am 3, mask 3, I am sending to 0
I am 3, mask 3, I am sending to 1
I am 3, mask 3, I am sending to 2
I am 3, mask 3, I am sending to 3
[NCCL Rank 0] Shuffle Time: 18.23ms
[NCCL Rank 1] Shuffle Time: 18.26ms
[NCCL Rank 2] Shuffle Time: 18.27ms
[NCCL Rank 3] Shuffle Time: 18.39ms
Finish Simulating! Total: 8 FUSE Kernel, 0 SHM Kernel, 1 Shuffles.
[NCCL Rank 0] Total Simulation Time: 85.77ms
[NCCL Rank 1] Total Simulation Time: 85.78ms
[NCCL Rank 2] Total Simulation Time: 85.80ms
[NCCL Rank 3] Total Simulation Time: 85.81ms
[MPI Rank 0]: Shuffle 0 cost 18.29ms on average.
Solving ILP for num_qubits=30, num_local_qubits=28, num_global_qubits=0, num_iterations=1...
Available solvers: ['PULP_CBC_CMD', 'HiGHS_CMD']
Running HiGHS 1.5.0 [date: 2023-11-09, git hash: 8a114449a]
Copyright (c) 2022 HiGHS under MIT licence terms
Number of BV entries in BOUNDS section is 294
MIP  bcef80d5fdb8407eaed70e69f190d292-pulp has 760 rows; 295 cols; 1429 nonzeros; 294 integer variables
Presolving model
495 rows, 30 cols, 117 nonzeros
Presolve: Infeasible

Solving report
  Status            Infeasible
  Primal bound      inf
  Dual bound        -inf
  Gap               inf
  Solution status   -
  Timing            0.00 (total)
                    0.00 (presolve)
                    0.00 (postsolve)
  Nodes             0
  LP iterations     0 (total)
                    0 (strong br.)
                    0 (separation)
                    0 (heuristics)
Writing the solution to /tmp/bcef80d5fdb8407eaed70e69f190d292-pulp.sol
Solving ILP for num_qubits=30, num_local_qubits=28, num_global_qubits=0, num_iterations=2...
Available solvers: ['PULP_CBC_CMD', 'HiGHS_CMD']
Running HiGHS 1.5.0 [date: 2023-11-09, git hash: 8a114449a]
Copyright (c) 2022 HiGHS under MIT licence terms
Number of BV entries in BOUNDS section is 531
MIP  0627783afba34df899ca20bd0bdd82bb-pulp has 1201 rows; 531 cols; 2514 nonzeros; 531 integer variables
Presolving model
875 rows, 207 cols, 1022 nonzeros
319 rows, 175 cols, 724 nonzeros
254 rows, 145 cols, 578 nonzeros
249 rows, 142 cols, 567 nonzeros
Objective function is integral with scale 1

Solving MIP model with:
   249 rows
   142 cols (141 binary, 1 integer, 0 implied int., 0 continuous)
   567 nonzeros

        Nodes      |    B&B Tree     |            Objective Bounds              |  Dynamic Constraints |       Work      
     Proc. InQueue |  Leaves   Expl. | BestBound       BestSol              Gap |   Cuts   InLp Confl. | LpIters     Time

         0       0         0   0.00%   0               inf                  inf        0      0      0         0     0.0s
 R       0       0         0   0.00%   0               2                100.00%        0      0      0       124     0.0s

Solving report
  Status            Optimal
  Primal bound      2
  Dual bound        2
  Gap               0% (tolerance: 0.01%)
  Solution status   feasible
                    2 (objective)
                    0 (bound viol.)
                    0 (int. viol.)
                    0 (row viol.)
  Timing            0.02 (total)
                    0.01 (presolve)
                    0.00 (postsolve)
  Nodes             1
  LP iterations     148 (total)
                    0 (strong br.)
                    24 (separation)
                    0 (heuristics)
Writing the solution to /tmp/0627783afba34df899ca20bd0bdd82bb-pulp.sol
[MPI Rank 0]: Destroyed everthing!
Time Cost: 304243 us
Destroyed the simulator
