Num ranks: 8, myrank: 0
Num ranks: 8, myrank: 2
Num ranks: 8, myrank: 3
Num ranks: 8, myrank: 5
Num ranks: 8, myrank: 6
Num ranks: 8, myrank: 4
Num ranks: 8, myrank: 7
Num ranks: 8, myrank: 1
Use cached schedule
Use cached schedule
Use cached schedule
Use cached schedule
Use cached schedule
Use cached schedule
Use cached schedule
Use cached schedule
Compilation Done! 
Num Shuffles: 1
Num FUSION Kernel: 9
Num SHM Kernel: 2
Start Simulating...
Compilation Done! 
Num Shuffles: 1
Num FUSION Kernel: 9
Num SHM Kernel: 2
Start Simulating...
Compilation Done! 
Num Shuffles: 1
Num FUSION Kernel: 9
Num SHM Kernel: 2
Start Simulating...
Compilation Done! 
Num Shuffles: 1
Num FUSION Kernel: 9
Num SHM Kernel: 2
Start Simulating...
Compilation Done! 
Num Shuffles: 1
Num FUSION Kernel: 9
Num SHM Kernel: 2
Start Simulating...
Compilation Done! 
Num Shuffles: 1
Num FUSION Kernel: 9
Num SHM Kernel: 2
Start Simulating...
Compilation Done! 
Num Shuffles: 1
Num FUSION Kernel: 9
Num SHM Kernel: 2
Start Simulating...
Compilation Done! 
Num Shuffles: 1
Num FUSION Kernel: 9
Num SHM Kernel: 2
Start Simulating...
[warmup] size total:134217728
[warmup] size total:134217728
[warmup] size total:134217728
[warmup] size total:134217728
[warmup] size total:134217728
[warmup] size total:134217728
[warmup] size total:134217728
[warmup] size total:134217728
Init State Vectors on 4 devices
Init State Vectors on 4 devices
Init State Vectors on 4 devices
Init State Vectors on 4 devices
Init State Vectors on 4 devices
Init State Vectors on 4 devices
Init State Vectors on 4 devices
Init State Vectors on 4 devices
[NCCL Rank 24] Shuffle Time: 281.77ms
[NCCL Rank 25] Shuffle Time: 282.06ms
[NCCL Rank 26] Shuffle Time: 282.07ms
[NCCL Rank 27] Shuffle Time: 283.45ms
[NCCL Rank 0] Shuffle Time: 286.63ms
[NCCL Rank 1] Shuffle Time: 286.66ms
[NCCL Rank 2] Shuffle Time: 286.70ms
[NCCL Rank 3] Shuffle Time: 286.71ms
[NCCL Rank 12] Shuffle Time: 276.50ms
[NCCL Rank 13] Shuffle Time: 276.52ms
[NCCL Rank 14] Shuffle Time: 276.53ms
[NCCL Rank 15] Shuffle Time: 276.56ms
[NCCL Rank 4] Shuffle Time: 299.08ms
[NCCL Rank 5] Shuffle Time: 299.31ms
[NCCL Rank 6] Shuffle Time: 299.32ms
[NCCL Rank 28] Shuffle Time: 271.26ms
[NCCL Rank 7] Shuffle Time: 299.41ms
[NCCL Rank 8] Shuffle Time: 289.21ms
[NCCL Rank 9] Shuffle Time: 289.23ms
[NCCL Rank 10] Shuffle Time: 289.24ms
[NCCL Rank 11] Shuffle Time: 289.25ms
[NCCL Rank 16] Shuffle Time: 286.11ms
[NCCL Rank 17] Shuffle Time: 286.34ms
[NCCL Rank 18] Shuffle Time: 286.35ms
[NCCL Rank 19] Shuffle Time: 286.37ms
[NCCL Rank 20] Shuffle Time: 287.82ms
[NCCL Rank 21] Shuffle Time: 287.84ms
[NCCL Rank 22] Shuffle Time: 287.85ms
[NCCL Rank 23] Shuffle Time: 287.86ms
[NCCL Rank 29] Shuffle Time: 274.18ms
[NCCL Rank 30] Shuffle Time: 274.19ms
[NCCL Rank 31] Shuffle Time: 274.20ms
Finish Simulating! Total: 9 FUSE Kernel, 2 SHM Kernel, 1 Shuffles.
Finish Simulating! Total: 9 FUSE Kernel, 2 SHM Kernel, 1 Shuffles.
Finish Simulating! Total: 9 FUSE Kernel, 2 SHM Kernel, 1 Shuffles.
Finish Simulating! Total: 9 FUSE Kernel, 2 SHM Kernel, 1 Shuffles.
Finish Simulating! Total: 9 FUSE Kernel, 2 SHM Kernel, 1 Shuffles.
Finish Simulating! Total: 9 FUSE Kernel, 2 SHM Kernel, 1 Shuffles.
Finish Simulating! Total: 9 FUSE Kernel, 2 SHM Kernel, 1 Shuffles.
Finish Simulating! Total: 9 FUSE Kernel, 2 SHM Kernel, 1 Shuffles.
[NCCL Rank 24] Total Simulation Time: 395.77ms
[NCCL Rank 25] Total Simulation Time: 398.77ms
[NCCL Rank 12] Total Simulation Time: 402.44ms
[NCCL Rank 26] Total Simulation Time: 402.34ms
[NCCL Rank 27] Total Simulation Time: 402.52ms
[NCCL Rank 0] Total Simulation Time: 401.94ms
[NCCL Rank 13] Total Simulation Time: 405.32ms
[NCCL Rank 1] Total Simulation Time: 404.84ms
[NCCL Rank 14] Total Simulation Time: 409.02ms
[NCCL Rank 15] Total Simulation Time: 409.23ms
[NCCL Rank 2] Total Simulation Time: 408.55ms
[NCCL Rank 3] Total Simulation Time: 408.65ms
[MPI Rank 0]: Shuffle 0 cost 286.68ms on average.
[NCCL Rank 4] Total Simulation Time: 413.32ms
[NCCL Rank 8] Total Simulation Time: 410.30ms
[NCCL Rank 5] Total Simulation Time: 416.31ms
[NCCL Rank 28] Total Simulation Time: 406.03ms
[NCCL Rank 9] Total Simulation Time: 413.10ms
[NCCL Rank 29] Total Simulation Time: 408.89ms
[NCCL Rank 16] Total Simulation Time: 419.12ms
[NCCL Rank 6] Total Simulation Time: 419.92ms
[NCCL Rank 7] Total Simulation Time: 420.10ms
[NCCL Rank 10] Total Simulation Time: 416.88ms
[NCCL Rank 11] Total Simulation Time: 417.08ms
[NCCL Rank 17] Total Simulation Time: 421.52ms
[NCCL Rank 30] Total Simulation Time: 412.62ms
[NCCL Rank 31] Total Simulation Time: 412.76ms
[NCCL Rank 20] Total Simulation Time: 421.04ms
[NCCL Rank 21] Total Simulation Time: 423.29ms
[NCCL Rank 18] Total Simulation Time: 425.67ms
[NCCL Rank 19] Total Simulation Time: 425.87ms
[NCCL Rank 22] Total Simulation Time: 427.60ms
[NCCL Rank 23] Total Simulation Time: 427.78ms
[MPI Rank 0]: Destroyed everything!
Time Cost: 572804 us
Destroyed the simulator
[MPI Rank 4]: Destroyed everything!
Time Cost: 576476 us
Destroyed the simulator
[MPI Rank 5]: Destroyed everything!
Time Cost: 577261 us
Destroyed the simulator
[MPI Rank 6]: Destroyed everything!
Time Cost: 581241 us
Destroyed the simulator
[MPI Rank 7]: Destroyed everything!
Time Cost: 579027 us
Destroyed the simulator
[MPI Rank 3]: Destroyed everything!
Time Cost: 611979 us
Destroyed the simulator
[MPI Rank 2]: Destroyed everything!
Time Cost: 613900 us
Destroyed the simulator
[MPI Rank 1]: Destroyed everything!
Time Cost: 618707 us
Destroyed the simulator
